============================================================
   Tang Dynasty, V5.6.71036
      Copyright (c) 2012-2023 Anlogic Inc.
   Executable = E:/Anlogic/TD5.6.2/bin/td.exe
   Built at =   20:34:38 Mar 21 2023
   Run by =     10373
   Run Date =   Thu Jun 27 15:39:35 2024

   Run on =     LAPTOP-6R8AHER8
============================================================
ARC-1001 : Device Initialization.
ARC-1001 : ----------------------------------------------------------------------
ARC-1001 :            OPTION            |            IO            |   SETTING   
ARC-1001 : ----------------------------------------------------------------------
ARC-1001 :   cso_b/cclk/mosi/miso/dout  |  P140/P168/P166/P165/S5  |    gpio    
ARC-1001 :             done             |           P10            |    gpio    
ARC-1001 :           program_b          |           P134           |  dedicate  
ARC-1001 :        tdi/tms/tck/tdo       |     P46/P44/P47/P43      |  dedicate  
ARC-1001 : ----------------------------------------------------------------------
ARC-1004 : Device setting, marked 5 dedicate IOs in total.
RUN-1001 : Print Global Property
RUN-1001 : ---------------------------------------------------------------
RUN-1001 :        Parameters        |  Settings  |  Default Values  |  Note  
RUN-1001 : ---------------------------------------------------------------
RUN-1001 :          message         |  standard  |     standard     |        
RUN-1001 :   mixed_pack_place_flow  |     on     |        on        |        
RUN-1001 :        qor_monitor       |    off     |       off        |        
RUN-1001 :        syn_ip_flow       |    off     |       off        |        
RUN-1001 :          thread          |    auto    |       auto       |        
RUN-1001 : ---------------------------------------------------------------
RUN-1001 : Print Design Property
RUN-1001 : --------------------------------------------------------------
RUN-1001 :        Parameters       |  Settings  |  Default Values  |  Note  
RUN-1001 : --------------------------------------------------------------
RUN-1001 :   default_reg_initial   |    auto    |       auto       |        
RUN-1001 :        infer_add        |     on     |        on        |        
RUN-1001 :        infer_fsm        |    off     |       off        |        
RUN-1001 :        infer_mult       |     on     |        on        |        
RUN-1001 :        infer_ram        |     on     |        on        |        
RUN-1001 :        infer_reg        |     on     |        on        |        
RUN-1001 :   infer_reg_init_value  |     on     |        on        |        
RUN-1001 :        infer_rom        |     on     |        on        |        
RUN-1001 :      infer_shifter      |     on     |        on        |        
RUN-1001 : --------------------------------------------------------------
RUN-1001 : Print Rtl Property
RUN-1001 : --------------------------------------------------------------
RUN-1001 :        Parameters       |  Settings  |  Default Values  |  Note  
RUN-1001 : --------------------------------------------------------------
RUN-1001 :       compress_add      |   ripple   |      ripple      |        
RUN-1001 :        elf_sload        |    off     |       off        |        
RUN-1001 :       fix_undriven      |     0      |        0         |        
RUN-1001 :         flatten         |    off     |       off        |        
RUN-1001 :       gate_sharing      |     on     |        on        |        
RUN-1001 :    hdl_warning_level    |   normal   |      normal      |        
RUN-1001 :   impl_internal_tribuf  |     on     |        on        |        
RUN-1001 :      impl_set_reset     |     on     |        on        |        
RUN-1001 :        infer_gsr        |    off     |       off        |        
RUN-1001 :      keep_hierarchy     |    auto    |       auto       |        
RUN-1001 :        max_fanout       |    9999    |       9999       |        
RUN-1001 :      max_oh2bin_len     |     10     |        10        |        
RUN-1001 :       merge_equal       |     on     |        on        |        
RUN-1001 :       merge_equiv       |     on     |        on        |        
RUN-1001 :        merge_mux        |    off     |       off        |        
RUN-1001 :     min_control_set     |     8      |        8         |        
RUN-1001 :      min_ripple_len     |    auto    |       auto       |        
RUN-1001 :       oh2bin_ratio      |    0.08    |       0.08       |        
RUN-1001 :     opt_adder_fanout    |     on     |        on        |        
RUN-1001 :        opt_arith        |     on     |        on        |        
RUN-1001 :       opt_big_gate      |    off     |       off        |        
RUN-1001 :        opt_const        |     on     |        on        |        
RUN-1001 :      opt_const_mult     |     on     |        on        |        
RUN-1001 :       opt_lessthan      |     on     |        on        |        
RUN-1001 :         opt_mux         |    off     |       off        |        
RUN-1001 :         opt_ram         |    high    |       high       |        
RUN-1001 :      rtl_sim_model      |    off     |       off        |        
RUN-1001 :         seq_syn         |     on     |        on        |        
RUN-1001 : --------------------------------------------------------------
HDL-1007 : analyze verilog file ../src/rtl/LED_send.sv
HDL-5007 WARNING: parameter 'DIV_CNT' becomes localparam in 'LED_send' with formal parameter declaration list in ../src/rtl/LED_send.sv(110)
RUN-1001 : launch_runs syn_1 -step opt_gate.
RUN-1001 : reset_run phy_1.
RUN-6001 WARNING: syn_1: run failed.
RUN-1001 : reset_run syn_1.
RUN-1001 : launch_runs syn_1 -step opt_gate.
RUN-1001 : reset_run phy_1.
RUN-6001 WARNING: syn_1: run failed.
HDL-1007 : analyze verilog file ../src/rtl/LED_send.sv
HDL-5007 WARNING: parameter 'DIV_CNT' becomes localparam in 'LED_send' with formal parameter declaration list in ../src/rtl/LED_send.sv(110)
RUN-1001 : reset_run syn_1.
RUN-1001 : launch_runs syn_1 -step opt_gate.
RUN-1001 : reset_run phy_1.
RUN-6001 WARNING: syn_1: run failed.
HDL-1007 : analyze verilog file ../src/rtl/LED_send.sv
HDL-5007 WARNING: parameter 'DIV_CNT' becomes localparam in 'LED_send' with formal parameter declaration list in ../src/rtl/LED_send.sv(110)
RUN-1001 : reset_run syn_1.
RUN-1001 : launch_runs syn_1 -step opt_gate.
RUN-1001 : reset_run phy_1.
RUN-1001 : syn_1: run complete.
RUN-1001 : open_run syn_1.
RUN-1002 : start command "import_db C:/Users/10373/Documents/EDU_lab/EXU/LED_send/td/LED_light_Runs/syn_1/LED_light_gate.db"
RUN-1001 : Importing database generated by Tang Dynasty, V5.6.71036.
RUN-1001 : Database version number 46146.
RUN-1001 : Import flow parameters
RUN-1001 : Import IO constraints
RUN-1001 : Import Inst constraints
RUN-1001 : Import design success TD_VERSION=5.6.71036 , DB_VERSION=46146
HDL-1007 : analyze verilog file ../src/rtl/LED_send.sv
RUN-1001 : reset_run syn_1.
RUN-1001 : launch_runs syn_1 -step opt_gate.
RUN-1001 : reset_run phy_1.
RUN-1001 : syn_1: run complete.
RUN-1001 : open_run syn_1.
RUN-1002 : start command "import_db C:/Users/10373/Documents/EDU_lab/EXU/LED_send/td/LED_light_Runs/syn_1/LED_light_gate.db"
RUN-1001 : Importing database generated by Tang Dynasty, V5.6.71036.
RUN-1001 : Database version number 46146.
RUN-1001 : Import flow parameters
RUN-1001 : Import IO constraints
RUN-1001 : Import Inst constraints
RUN-1001 : Import design success TD_VERSION=5.6.71036 , DB_VERSION=46146
GUI-6001 WARNING: File C:/Users/10373/Documents/EDU_lab/EXU/LED_send/src/rtl/LED_send.sv does not exist!
HDL-5007 WARNING: could not find top-level module/unit; aborting hierarchy tree creation
RUN-1001 : Print Global Property
RUN-1001 : ---------------------------------------------------------------
RUN-1001 :        Parameters        |  Settings  |  Default Values  |  Note  
RUN-1001 : ---------------------------------------------------------------
RUN-1001 :          message         |  standard  |     standard     |        
RUN-1001 :   mixed_pack_place_flow  |     on     |        on        |        
RUN-1001 :        qor_monitor       |    off     |       off        |        
RUN-1001 :        syn_ip_flow       |    off     |       off        |        
RUN-1001 :          thread          |    auto    |       auto       |        
RUN-1001 : ---------------------------------------------------------------
RUN-1001 : Print Design Property
RUN-1001 : --------------------------------------------------------------
RUN-1001 :        Parameters       |  Settings  |  Default Values  |  Note  
RUN-1001 : --------------------------------------------------------------
RUN-1001 :   default_reg_initial   |    auto    |       auto       |        
RUN-1001 :        infer_add        |     on     |        on        |        
RUN-1001 :        infer_fsm        |    off     |       off        |        
RUN-1001 :        infer_mult       |     on     |        on        |        
RUN-1001 :        infer_ram        |     on     |        on        |        
RUN-1001 :        infer_reg        |     on     |        on        |        
RUN-1001 :   infer_reg_init_value  |     on     |        on        |        
RUN-1001 :        infer_rom        |     on     |        on        |        
RUN-1001 :      infer_shifter      |     on     |        on        |        
RUN-1001 : --------------------------------------------------------------
RUN-1001 : Print Rtl Property
RUN-1001 : --------------------------------------------------------------
RUN-1001 :        Parameters       |  Settings  |  Default Values  |  Note  
RUN-1001 : --------------------------------------------------------------
RUN-1001 :       compress_add      |   ripple   |      ripple      |        
RUN-1001 :        elf_sload        |    off     |       off        |        
RUN-1001 :       fix_undriven      |     0      |        0         |        
RUN-1001 :         flatten         |    off     |       off        |        
RUN-1001 :       gate_sharing      |     on     |        on        |        
RUN-1001 :    hdl_warning_level    |   normal   |      normal      |        
RUN-1001 :   impl_internal_tribuf  |     on     |        on        |        
RUN-1001 :      impl_set_reset     |     on     |        on        |        
RUN-1001 :        infer_gsr        |    off     |       off        |        
RUN-1001 :      keep_hierarchy     |    auto    |       auto       |        
RUN-1001 :        max_fanout       |    9999    |       9999       |        
RUN-1001 :      max_oh2bin_len     |     10     |        10        |        
RUN-1001 :       merge_equal       |     on     |        on        |        
RUN-1001 :       merge_equiv       |     on     |        on        |        
RUN-1001 :        merge_mux        |    off     |       off        |        
RUN-1001 :     min_control_set     |     8      |        8         |        
RUN-1001 :      min_ripple_len     |    auto    |       auto       |        
RUN-1001 :       oh2bin_ratio      |    0.08    |       0.08       |        
RUN-1001 :     opt_adder_fanout    |     on     |        on        |        
RUN-1001 :        opt_arith        |     on     |        on        |        
RUN-1001 :       opt_big_gate      |    off     |       off        |        
RUN-1001 :        opt_const        |     on     |        on        |        
RUN-1001 :      opt_const_mult     |     on     |        on        |        
RUN-1001 :       opt_lessthan      |     on     |        on        |        
RUN-1001 :         opt_mux         |    off     |       off        |        
RUN-1001 :         opt_ram         |    high    |       high       |        
RUN-1001 :      rtl_sim_model      |    off     |       off        |        
RUN-1001 :         seq_syn         |     on     |        on        |        
RUN-1001 : --------------------------------------------------------------
HDL-1007 : analyze verilog file al_ip/PLL_150M.v
HDL-1007 : undeclared symbol 'open', assumed default net type 'wire' in al_ip/PLL_150M.v(71)
RUN-1001 : Print Global Property
RUN-1001 : ---------------------------------------------------------------
RUN-1001 :        Parameters        |  Settings  |  Default Values  |  Note  
RUN-1001 : ---------------------------------------------------------------
RUN-1001 :          message         |  standard  |     standard     |        
RUN-1001 :   mixed_pack_place_flow  |     on     |        on        |        
RUN-1001 :        qor_monitor       |    off     |       off        |        
RUN-1001 :        syn_ip_flow       |    off     |       off        |        
RUN-1001 :          thread          |    auto    |       auto       |        
RUN-1001 : ---------------------------------------------------------------
RUN-1001 : Print Design Property
RUN-1001 : --------------------------------------------------------------
RUN-1001 :        Parameters       |  Settings  |  Default Values  |  Note  
RUN-1001 : --------------------------------------------------------------
RUN-1001 :   default_reg_initial   |    auto    |       auto       |        
RUN-1001 :        infer_add        |     on     |        on        |        
RUN-1001 :        infer_fsm        |    off     |       off        |        
RUN-1001 :        infer_mult       |     on     |        on        |        
RUN-1001 :        infer_ram        |     on     |        on        |        
RUN-1001 :        infer_reg        |     on     |        on        |        
RUN-1001 :   infer_reg_init_value  |     on     |        on        |        
RUN-1001 :        infer_rom        |     on     |        on        |        
RUN-1001 :      infer_shifter      |     on     |        on        |        
RUN-1001 : --------------------------------------------------------------
RUN-1001 : Print Rtl Property
RUN-1001 : --------------------------------------------------------------
RUN-1001 :        Parameters       |  Settings  |  Default Values  |  Note  
RUN-1001 : --------------------------------------------------------------
RUN-1001 :       compress_add      |   ripple   |      ripple      |        
RUN-1001 :        elf_sload        |    off     |       off        |        
RUN-1001 :       fix_undriven      |     0      |        0         |        
RUN-1001 :         flatten         |    off     |       off        |        
RUN-1001 :       gate_sharing      |     on     |        on        |        
RUN-1001 :    hdl_warning_level    |   normal   |      normal      |        
RUN-1001 :   impl_internal_tribuf  |     on     |        on        |        
RUN-1001 :      impl_set_reset     |     on     |        on        |        
RUN-1001 :        infer_gsr        |    off     |       off        |        
RUN-1001 :      keep_hierarchy     |    auto    |       auto       |        
RUN-1001 :        max_fanout       |    9999    |       9999       |        
RUN-1001 :      max_oh2bin_len     |     10     |        10        |        
RUN-1001 :       merge_equal       |     on     |        on        |        
RUN-1001 :       merge_equiv       |     on     |        on        |        
RUN-1001 :        merge_mux        |    off     |       off        |        
RUN-1001 :     min_control_set     |     8      |        8         |        
RUN-1001 :      min_ripple_len     |    auto    |       auto       |        
RUN-1001 :       oh2bin_ratio      |    0.08    |       0.08       |        
RUN-1001 :     opt_adder_fanout    |     on     |        on        |        
RUN-1001 :        opt_arith        |     on     |        on        |        
RUN-1001 :       opt_big_gate      |    off     |       off        |        
RUN-1001 :        opt_const        |     on     |        on        |        
RUN-1001 :      opt_const_mult     |     on     |        on        |        
RUN-1001 :       opt_lessthan      |     on     |        on        |        
RUN-1001 :         opt_mux         |    off     |       off        |        
RUN-1001 :         opt_ram         |    high    |       high       |        
RUN-1001 :      rtl_sim_model      |    off     |       off        |        
RUN-1001 :         seq_syn         |     on     |        on        |        
RUN-1001 : --------------------------------------------------------------
HDL-1007 : analyze verilog file al_ip/PLL_150M.v
HDL-1007 : undeclared symbol 'open', assumed default net type 'wire' in al_ip/PLL_150M.v(71)
HDL-1007 : analyze verilog file ../src/rtl/FPGA/fpga_ed4g.sv
HDL-1007 : undeclared symbol 'lock', assumed default net type 'wire' in ../src/rtl/FPGA/fpga_ed4g.sv(34)
HDL-8007 ERROR: syntax error near 'LED_send' in ../src/rtl/FPGA/fpga_ed4g.sv(44)
HDL-8007 ERROR: ignore module module due to previous errors in ../src/rtl/FPGA/fpga_ed4g.sv(3)
HDL-1007 : Verilog file '../src/rtl/FPGA/fpga_ed4g.sv' ignored due to errors
GUI-5005 WARNING: Unknown file icon ...
RUN-1001 : Print Global Property
RUN-1001 : ---------------------------------------------------------------
RUN-1001 :        Parameters        |  Settings  |  Default Values  |  Note  
RUN-1001 : ---------------------------------------------------------------
RUN-1001 :          message         |  standard  |     standard     |        
RUN-1001 :   mixed_pack_place_flow  |     on     |        on        |        
RUN-1001 :        qor_monitor       |    off     |       off        |        
RUN-1001 :        syn_ip_flow       |    off     |       off        |        
RUN-1001 :          thread          |    auto    |       auto       |        
RUN-1001 : ---------------------------------------------------------------
RUN-1001 : Print Design Property
RUN-1001 : --------------------------------------------------------------
RUN-1001 :        Parameters       |  Settings  |  Default Values  |  Note  
RUN-1001 : --------------------------------------------------------------
RUN-1001 :   default_reg_initial   |    auto    |       auto       |        
RUN-1001 :        infer_add        |     on     |        on        |        
RUN-1001 :        infer_fsm        |    off     |       off        |        
RUN-1001 :        infer_mult       |     on     |        on        |        
RUN-1001 :        infer_ram        |     on     |        on        |        
RUN-1001 :        infer_reg        |     on     |        on        |        
RUN-1001 :   infer_reg_init_value  |     on     |        on        |        
RUN-1001 :        infer_rom        |     on     |        on        |        
RUN-1001 :      infer_shifter      |     on     |        on        |        
RUN-1001 : --------------------------------------------------------------
RUN-1001 : Print Rtl Property
RUN-1001 : --------------------------------------------------------------
RUN-1001 :        Parameters       |  Settings  |  Default Values  |  Note  
RUN-1001 : --------------------------------------------------------------
RUN-1001 :       compress_add      |   ripple   |      ripple      |        
RUN-1001 :        elf_sload        |    off     |       off        |        
RUN-1001 :       fix_undriven      |     0      |        0         |        
RUN-1001 :         flatten         |    off     |       off        |        
RUN-1001 :       gate_sharing      |     on     |        on        |        
RUN-1001 :    hdl_warning_level    |   normal   |      normal      |        
RUN-1001 :   impl_internal_tribuf  |     on     |        on        |        
RUN-1001 :      impl_set_reset     |     on     |        on        |        
RUN-1001 :        infer_gsr        |    off     |       off        |        
RUN-1001 :      keep_hierarchy     |    auto    |       auto       |        
RUN-1001 :        max_fanout       |    9999    |       9999       |        
RUN-1001 :      max_oh2bin_len     |     10     |        10        |        
RUN-1001 :       merge_equal       |     on     |        on        |        
RUN-1001 :       merge_equiv       |     on     |        on        |        
RUN-1001 :        merge_mux        |    off     |       off        |        
RUN-1001 :     min_control_set     |     8      |        8         |        
RUN-1001 :      min_ripple_len     |    auto    |       auto       |        
RUN-1001 :       oh2bin_ratio      |    0.08    |       0.08       |        
RUN-1001 :     opt_adder_fanout    |     on     |        on        |        
RUN-1001 :        opt_arith        |     on     |        on        |        
RUN-1001 :       opt_big_gate      |    off     |       off        |        
RUN-1001 :        opt_const        |     on     |        on        |        
RUN-1001 :      opt_const_mult     |     on     |        on        |        
RUN-1001 :       opt_lessthan      |     on     |        on        |        
RUN-1001 :         opt_mux         |    off     |       off        |        
RUN-1001 :         opt_ram         |    high    |       high       |        
RUN-1001 :      rtl_sim_model      |    off     |       off        |        
RUN-1001 :         seq_syn         |     on     |        on        |        
RUN-1001 : --------------------------------------------------------------
HDL-1007 : analyze verilog file al_ip/PLL_150M.v
HDL-1007 : undeclared symbol 'open', assumed default net type 'wire' in al_ip/PLL_150M.v(71)
HDL-1007 : analyze verilog file ../src/rtl/FPGA/fpga_ed4g.sv
HDL-1007 : undeclared symbol 'lock', assumed default net type 'wire' in ../src/rtl/FPGA/fpga_ed4g.sv(34)
HDL-8007 ERROR: syntax error near 'u_LED_send' in ../src/rtl/FPGA/fpga_ed4g.sv(44)
HDL-8007 ERROR: ignore module module due to previous errors in ../src/rtl/FPGA/fpga_ed4g.sv(3)
HDL-1007 : Verilog file '../src/rtl/FPGA/fpga_ed4g.sv' ignored due to errors
RUN-1001 : Print Global Property
RUN-1001 : ---------------------------------------------------------------
RUN-1001 :        Parameters        |  Settings  |  Default Values  |  Note  
RUN-1001 : ---------------------------------------------------------------
RUN-1001 :          message         |  standard  |     standard     |        
RUN-1001 :   mixed_pack_place_flow  |     on     |        on        |        
RUN-1001 :        qor_monitor       |    off     |       off        |        
RUN-1001 :        syn_ip_flow       |    off     |       off        |        
RUN-1001 :          thread          |    auto    |       auto       |        
RUN-1001 : ---------------------------------------------------------------
RUN-1001 : Print Design Property
RUN-1001 : --------------------------------------------------------------
RUN-1001 :        Parameters       |  Settings  |  Default Values  |  Note  
RUN-1001 : --------------------------------------------------------------
RUN-1001 :   default_reg_initial   |    auto    |       auto       |        
RUN-1001 :        infer_add        |     on     |        on        |        
RUN-1001 :        infer_fsm        |    off     |       off        |        
RUN-1001 :        infer_mult       |     on     |        on        |        
RUN-1001 :        infer_ram        |     on     |        on        |        
RUN-1001 :        infer_reg        |     on     |        on        |        
RUN-1001 :   infer_reg_init_value  |     on     |        on        |        
RUN-1001 :        infer_rom        |     on     |        on        |        
RUN-1001 :      infer_shifter      |     on     |        on        |        
RUN-1001 : --------------------------------------------------------------
RUN-1001 : Print Rtl Property
RUN-1001 : --------------------------------------------------------------
RUN-1001 :        Parameters       |  Settings  |  Default Values  |  Note  
RUN-1001 : --------------------------------------------------------------
RUN-1001 :       compress_add      |   ripple   |      ripple      |        
RUN-1001 :        elf_sload        |    off     |       off        |        
RUN-1001 :       fix_undriven      |     0      |        0         |        
RUN-1001 :         flatten         |    off     |       off        |        
RUN-1001 :       gate_sharing      |     on     |        on        |        
RUN-1001 :    hdl_warning_level    |   normal   |      normal      |        
RUN-1001 :   impl_internal_tribuf  |     on     |        on        |        
RUN-1001 :      impl_set_reset     |     on     |        on        |        
RUN-1001 :        infer_gsr        |    off     |       off        |        
RUN-1001 :      keep_hierarchy     |    auto    |       auto       |        
RUN-1001 :        max_fanout       |    9999    |       9999       |        
RUN-1001 :      max_oh2bin_len     |     10     |        10        |        
RUN-1001 :       merge_equal       |     on     |        on        |        
RUN-1001 :       merge_equiv       |     on     |        on        |        
RUN-1001 :        merge_mux        |    off     |       off        |        
RUN-1001 :     min_control_set     |     8      |        8         |        
RUN-1001 :      min_ripple_len     |    auto    |       auto       |        
RUN-1001 :       oh2bin_ratio      |    0.08    |       0.08       |        
RUN-1001 :     opt_adder_fanout    |     on     |        on        |        
RUN-1001 :        opt_arith        |     on     |        on        |        
RUN-1001 :       opt_big_gate      |    off     |       off        |        
RUN-1001 :        opt_const        |     on     |        on        |        
RUN-1001 :      opt_const_mult     |     on     |        on        |        
RUN-1001 :       opt_lessthan      |     on     |        on        |        
RUN-1001 :         opt_mux         |    off     |       off        |        
RUN-1001 :         opt_ram         |    high    |       high       |        
RUN-1001 :      rtl_sim_model      |    off     |       off        |        
RUN-1001 :         seq_syn         |     on     |        on        |        
RUN-1001 : --------------------------------------------------------------
HDL-1007 : analyze verilog file al_ip/PLL_150M.v
HDL-1007 : undeclared symbol 'open', assumed default net type 'wire' in al_ip/PLL_150M.v(71)
HDL-1007 : analyze verilog file ../src/rtl/FPGA/fpga_ed4g.sv
HDL-1007 : undeclared symbol 'lock', assumed default net type 'wire' in ../src/rtl/FPGA/fpga_ed4g.sv(34)
RUN-1001 : reset_run syn_1.
RUN-1001 : launch_runs syn_1 -step opt_gate.
RUN-1001 : reset_run phy_1.
RUN-6001 WARNING: syn_1: run failed.
GUI-5005 WARNING: Unknown file icon ...
RUN-1001 : Print Global Property
RUN-1001 : ---------------------------------------------------------------
RUN-1001 :        Parameters        |  Settings  |  Default Values  |  Note  
RUN-1001 : ---------------------------------------------------------------
RUN-1001 :          message         |  standard  |     standard     |        
RUN-1001 :   mixed_pack_place_flow  |     on     |        on        |        
RUN-1001 :        qor_monitor       |    off     |       off        |        
RUN-1001 :        syn_ip_flow       |    off     |       off        |        
RUN-1001 :          thread          |    auto    |       auto       |        
RUN-1001 : ---------------------------------------------------------------
RUN-1001 : Print Design Property
RUN-1001 : --------------------------------------------------------------
RUN-1001 :        Parameters       |  Settings  |  Default Values  |  Note  
RUN-1001 : --------------------------------------------------------------
RUN-1001 :   default_reg_initial   |    auto    |       auto       |        
RUN-1001 :        infer_add        |     on     |        on        |        
RUN-1001 :        infer_fsm        |    off     |       off        |        
RUN-1001 :        infer_mult       |     on     |        on        |        
RUN-1001 :        infer_ram        |     on     |        on        |        
RUN-1001 :        infer_reg        |     on     |        on        |        
RUN-1001 :   infer_reg_init_value  |     on     |        on        |        
RUN-1001 :        infer_rom        |     on     |        on        |        
RUN-1001 :      infer_shifter      |     on     |        on        |        
RUN-1001 : --------------------------------------------------------------
RUN-1001 : Print Rtl Property
RUN-1001 : --------------------------------------------------------------
RUN-1001 :        Parameters       |  Settings  |  Default Values  |  Note  
RUN-1001 : --------------------------------------------------------------
RUN-1001 :       compress_add      |   ripple   |      ripple      |        
RUN-1001 :        elf_sload        |    off     |       off        |        
RUN-1001 :       fix_undriven      |     0      |        0         |        
RUN-1001 :         flatten         |    off     |       off        |        
RUN-1001 :       gate_sharing      |     on     |        on        |        
RUN-1001 :    hdl_warning_level    |   normal   |      normal      |        
RUN-1001 :   impl_internal_tribuf  |     on     |        on        |        
RUN-1001 :      impl_set_reset     |     on     |        on        |        
RUN-1001 :        infer_gsr        |    off     |       off        |        
RUN-1001 :      keep_hierarchy     |    auto    |       auto       |        
RUN-1001 :        max_fanout       |    9999    |       9999       |        
RUN-1001 :      max_oh2bin_len     |     10     |        10        |        
RUN-1001 :       merge_equal       |     on     |        on        |        
RUN-1001 :       merge_equiv       |     on     |        on        |        
RUN-1001 :        merge_mux        |    off     |       off        |        
RUN-1001 :     min_control_set     |     8      |        8         |        
RUN-1001 :      min_ripple_len     |    auto    |       auto       |        
RUN-1001 :       oh2bin_ratio      |    0.08    |       0.08       |        
RUN-1001 :     opt_adder_fanout    |     on     |        on        |        
RUN-1001 :        opt_arith        |     on     |        on        |        
RUN-1001 :       opt_big_gate      |    off     |       off        |        
RUN-1001 :        opt_const        |     on     |        on        |        
RUN-1001 :      opt_const_mult     |     on     |        on        |        
RUN-1001 :       opt_lessthan      |     on     |        on        |        
RUN-1001 :         opt_mux         |    off     |       off        |        
RUN-1001 :         opt_ram         |    high    |       high       |        
RUN-1001 :      rtl_sim_model      |    off     |       off        |        
RUN-1001 :         seq_syn         |     on     |        on        |        
RUN-1001 : --------------------------------------------------------------
HDL-1007 : analyze verilog file ../src/rtl/led_phy/LED_send.sv
HDL-1007 : analyze verilog file ../src/rtl/led_phy/test_pattern.sv
HDL-8007 ERROR: syntax error near 'logic' in ../src/rtl/led_phy/test_pattern.sv(15)
HDL-8007 ERROR: SystemVerilog 2009 keyword 'logic' used in incorrect context in ../src/rtl/led_phy/test_pattern.sv(15)
HDL-1007 : Verilog file '../src/rtl/led_phy/test_pattern.sv' ignored due to errors
GUI-5005 WARNING: Unknown file icon ...
GUI-5005 WARNING: Unknown file icon ...
RUN-1001 : Print Global Property
RUN-1001 : ---------------------------------------------------------------
RUN-1001 :        Parameters        |  Settings  |  Default Values  |  Note  
RUN-1001 : ---------------------------------------------------------------
RUN-1001 :          message         |  standard  |     standard     |        
RUN-1001 :   mixed_pack_place_flow  |     on     |        on        |        
RUN-1001 :        qor_monitor       |    off     |       off        |        
RUN-1001 :        syn_ip_flow       |    off     |       off        |        
RUN-1001 :          thread          |    auto    |       auto       |        
RUN-1001 : ---------------------------------------------------------------
RUN-1001 : Print Design Property
RUN-1001 : --------------------------------------------------------------
RUN-1001 :        Parameters       |  Settings  |  Default Values  |  Note  
RUN-1001 : --------------------------------------------------------------
RUN-1001 :   default_reg_initial   |    auto    |       auto       |        
RUN-1001 :        infer_add        |     on     |        on        |        
RUN-1001 :        infer_fsm        |    off     |       off        |        
RUN-1001 :        infer_mult       |     on     |        on        |        
RUN-1001 :        infer_ram        |     on     |        on        |        
RUN-1001 :        infer_reg        |     on     |        on        |        
RUN-1001 :   infer_reg_init_value  |     on     |        on        |        
RUN-1001 :        infer_rom        |     on     |        on        |        
RUN-1001 :      infer_shifter      |     on     |        on        |        
RUN-1001 : --------------------------------------------------------------
RUN-1001 : Print Rtl Property
RUN-1001 : --------------------------------------------------------------
RUN-1001 :        Parameters       |  Settings  |  Default Values  |  Note  
RUN-1001 : --------------------------------------------------------------
RUN-1001 :       compress_add      |   ripple   |      ripple      |        
RUN-1001 :        elf_sload        |    off     |       off        |        
RUN-1001 :       fix_undriven      |     0      |        0         |        
RUN-1001 :         flatten         |    off     |       off        |        
RUN-1001 :       gate_sharing      |     on     |        on        |        
RUN-1001 :    hdl_warning_level    |   normal   |      normal      |        
RUN-1001 :   impl_internal_tribuf  |     on     |        on        |        
RUN-1001 :      impl_set_reset     |     on     |        on        |        
RUN-1001 :        infer_gsr        |    off     |       off        |        
RUN-1001 :      keep_hierarchy     |    auto    |       auto       |        
RUN-1001 :        max_fanout       |    9999    |       9999       |        
RUN-1001 :      max_oh2bin_len     |     10     |        10        |        
RUN-1001 :       merge_equal       |     on     |        on        |        
RUN-1001 :       merge_equiv       |     on     |        on        |        
RUN-1001 :        merge_mux        |    off     |       off        |        
RUN-1001 :     min_control_set     |     8      |        8         |        
RUN-1001 :      min_ripple_len     |    auto    |       auto       |        
RUN-1001 :       oh2bin_ratio      |    0.08    |       0.08       |        
RUN-1001 :     opt_adder_fanout    |     on     |        on        |        
RUN-1001 :        opt_arith        |     on     |        on        |        
RUN-1001 :       opt_big_gate      |    off     |       off        |        
RUN-1001 :        opt_const        |     on     |        on        |        
RUN-1001 :      opt_const_mult     |     on     |        on        |        
RUN-1001 :       opt_lessthan      |     on     |        on        |        
RUN-1001 :         opt_mux         |    off     |       off        |        
RUN-1001 :         opt_ram         |    high    |       high       |        
RUN-1001 :      rtl_sim_model      |    off     |       off        |        
RUN-1001 :         seq_syn         |     on     |        on        |        
RUN-1001 : --------------------------------------------------------------
HDL-1007 : analyze verilog file al_ip/PLL_150M.v
HDL-1007 : undeclared symbol 'open', assumed default net type 'wire' in al_ip/PLL_150M.v(71)
HDL-1007 : analyze verilog file ../src/rtl/FPGA/fpga_ed4g.sv
HDL-1007 : undeclared symbol 'lock', assumed default net type 'wire' in ../src/rtl/FPGA/fpga_ed4g.sv(34)
HDL-1007 : analyze verilog file ../src/rtl/led_phy/LED_send.sv
HDL-5007 WARNING: macro 'TEST_PATTERN' is redefined in ../src/rtl/led_phy/LED_send.sv(1)
HDL-1007 : analyze verilog file ../src/rtl/led_phy/test_pattern.sv
HDL-8007 ERROR: syntax error near 'logic' in ../src/rtl/led_phy/test_pattern.sv(9)
HDL-8007 ERROR: SystemVerilog 2009 keyword 'logic' used in incorrect context in ../src/rtl/led_phy/test_pattern.sv(9)
HDL-1007 : Verilog file '../src/rtl/led_phy/test_pattern.sv' ignored due to errors
RUN-1001 : Print Global Property
RUN-1001 : ---------------------------------------------------------------
RUN-1001 :        Parameters        |  Settings  |  Default Values  |  Note  
RUN-1001 : ---------------------------------------------------------------
RUN-1001 :          message         |  standard  |     standard     |        
RUN-1001 :   mixed_pack_place_flow  |     on     |        on        |        
RUN-1001 :        qor_monitor       |    off     |       off        |        
RUN-1001 :        syn_ip_flow       |    off     |       off        |        
RUN-1001 :          thread          |    auto    |       auto       |        
RUN-1001 : ---------------------------------------------------------------
RUN-1001 : Print Design Property
RUN-1001 : --------------------------------------------------------------
RUN-1001 :        Parameters       |  Settings  |  Default Values  |  Note  
RUN-1001 : --------------------------------------------------------------
RUN-1001 :   default_reg_initial   |    auto    |       auto       |        
RUN-1001 :        infer_add        |     on     |        on        |        
RUN-1001 :        infer_fsm        |    off     |       off        |        
RUN-1001 :        infer_mult       |     on     |        on        |        
RUN-1001 :        infer_ram        |     on     |        on        |        
RUN-1001 :        infer_reg        |     on     |        on        |        
RUN-1001 :   infer_reg_init_value  |     on     |        on        |        
RUN-1001 :        infer_rom        |     on     |        on        |        
RUN-1001 :      infer_shifter      |     on     |        on        |        
RUN-1001 : --------------------------------------------------------------
RUN-1001 : Print Rtl Property
RUN-1001 : --------------------------------------------------------------
RUN-1001 :        Parameters       |  Settings  |  Default Values  |  Note  
RUN-1001 : --------------------------------------------------------------
RUN-1001 :       compress_add      |   ripple   |      ripple      |        
RUN-1001 :        elf_sload        |    off     |       off        |        
RUN-1001 :       fix_undriven      |     0      |        0         |        
RUN-1001 :         flatten         |    off     |       off        |        
RUN-1001 :       gate_sharing      |     on     |        on        |        
RUN-1001 :    hdl_warning_level    |   normal   |      normal      |        
RUN-1001 :   impl_internal_tribuf  |     on     |        on        |        
RUN-1001 :      impl_set_reset     |     on     |        on        |        
RUN-1001 :        infer_gsr        |    off     |       off        |        
RUN-1001 :      keep_hierarchy     |    auto    |       auto       |        
RUN-1001 :        max_fanout       |    9999    |       9999       |        
RUN-1001 :      max_oh2bin_len     |     10     |        10        |        
RUN-1001 :       merge_equal       |     on     |        on        |        
RUN-1001 :       merge_equiv       |     on     |        on        |        
RUN-1001 :        merge_mux        |    off     |       off        |        
RUN-1001 :     min_control_set     |     8      |        8         |        
RUN-1001 :      min_ripple_len     |    auto    |       auto       |        
RUN-1001 :       oh2bin_ratio      |    0.08    |       0.08       |        
RUN-1001 :     opt_adder_fanout    |     on     |        on        |        
RUN-1001 :        opt_arith        |     on     |        on        |        
RUN-1001 :       opt_big_gate      |    off     |       off        |        
RUN-1001 :        opt_const        |     on     |        on        |        
RUN-1001 :      opt_const_mult     |     on     |        on        |        
RUN-1001 :       opt_lessthan      |     on     |        on        |        
RUN-1001 :         opt_mux         |    off     |       off        |        
RUN-1001 :         opt_ram         |    high    |       high       |        
RUN-1001 :      rtl_sim_model      |    off     |       off        |        
RUN-1001 :         seq_syn         |     on     |        on        |        
RUN-1001 : --------------------------------------------------------------
HDL-1007 : analyze verilog file al_ip/PLL_150M.v
HDL-1007 : undeclared symbol 'open', assumed default net type 'wire' in al_ip/PLL_150M.v(71)
HDL-1007 : analyze verilog file ../src/rtl/FPGA/fpga_ed4g.sv
HDL-1007 : undeclared symbol 'lock', assumed default net type 'wire' in ../src/rtl/FPGA/fpga_ed4g.sv(34)
HDL-1007 : analyze verilog file ../src/rtl/led_phy/LED_send.sv
HDL-5007 WARNING: macro 'TEST_PATTERN' is redefined in ../src/rtl/led_phy/LED_send.sv(1)
HDL-1007 : analyze verilog file ../src/rtl/led_phy/test_pattern.sv
HDL-5007 WARNING: 'sysclk_i' is not declared in ../src/rtl/led_phy/test_pattern.sv(17)
HDL-5007 WARNING: 'sysclk_i' is not declared in ../src/rtl/led_phy/test_pattern.sv(17)
RUN-1001 : reset_run syn_1.
RUN-1001 : launch_runs syn_1 -step opt_gate.
RUN-1001 : reset_run phy_1.
RUN-1001 : syn_1: run complete.
RUN-1001 : open_run syn_1.
RUN-1002 : start command "import_db C:/Users/10373/Documents/EDU_lab/EXU/LED_send/td/LED_light_Runs/syn_1/LED_light_gate.db"
RUN-1001 : Importing database generated by Tang Dynasty, V5.6.71036.
RUN-1001 : Database version number 46146.
RUN-1001 : Import flow parameters
RUN-1001 : Import IO constraints
RUN-1001 : Import Inst constraints
RUN-1001 : Import design success TD_VERSION=5.6.71036 , DB_VERSION=46146
HDL-1007 : analyze verilog file ../src/rtl/FPGA/fpga_ed4g.sv
HDL-1007 : undeclared symbol 'lock', assumed default net type 'wire' in ../src/rtl/FPGA/fpga_ed4g.sv(34)
HDL-5007 WARNING: 'sysclk_i' is not declared in ../src/rtl/led_phy/test_pattern.sv(17)
HDL-1007 : analyze verilog file ../src/rtl/FPGA/fpga_ed4g.sv
HDL-1007 : undeclared symbol 'lock', assumed default net type 'wire' in ../src/rtl/FPGA/fpga_ed4g.sv(34)
HDL-5007 WARNING: 'sysclk_i' is not declared in ../src/rtl/led_phy/test_pattern.sv(17)
RUN-1001 : reset_run syn_1.
RUN-1001 : launch_runs syn_1 -step opt_gate.
RUN-1001 : reset_run phy_1.
RUN-1001 : syn_1: run complete.
RUN-1001 : open_run syn_1.
RUN-1002 : start command "import_db C:/Users/10373/Documents/EDU_lab/EXU/LED_send/td/LED_light_Runs/syn_1/LED_light_gate.db"
RUN-1001 : Importing database generated by Tang Dynasty, V5.6.71036.
RUN-1001 : Database version number 46146.
RUN-1001 : Import flow parameters
RUN-1001 : Import IO constraints
RUN-1001 : Import Inst constraints
RUN-1001 : Import design success TD_VERSION=5.6.71036 , DB_VERSION=46146
RUN-1001 : reset_run syn_1.
RUN-1001 : launch_runs syn_1 -step opt_gate.
RUN-1001 : reset_run phy_1.
RUN-1001 : syn_1: run complete.
RUN-1001 : open_run syn_1.
RUN-1002 : start command "import_db C:/Users/10373/Documents/EDU_lab/EXU/LED_send/td/LED_light_Runs/syn_1/LED_light_gate.db"
RUN-1001 : Importing database generated by Tang Dynasty, V5.6.71036.
RUN-1001 : Database version number 46146.
RUN-1001 : Import flow parameters
RUN-1001 : Import IO constraints
RUN-1001 : Import Inst constraints
RUN-1001 : Import design success TD_VERSION=5.6.71036 , DB_VERSION=46146
HDL-1007 : analyze verilog file ../src/rtl/led_phy/test_pattern.sv
RUN-1002 : start command "get_ports sysclk_i"
RUN-1002 : start command "get_ports sysclk_i"
RUN-1002 : start command "get_ports sysclk_i"
RUN-1001 : reset_run syn_1 phy_1.
RUN-1001 : launch_runs syn_1 phy_1  -jobs 6.
RUN-6001 WARNING: syn_1: run failed.
RUN-1001 : open_run syn_1.
RUN-1002 : start command "import_db C:/Users/10373/Documents/EDU_lab/EXU/LED_send/td/LED_light_Runs/syn_1/LED_light_rtl.db"
RUN-1001 : Importing database generated by Tang Dynasty, V5.6.71036.
RUN-1001 : Database version number 46146.
RUN-1001 : Import flow parameters
RUN-1001 : Import IO constraints
RUN-1001 : Import Inst constraints
RUN-1001 : Import design success TD_VERSION=5.6.71036 , DB_VERSION=46146
RUN-1002 : start command "clear_sdc"
RUN-1002 : start command "read_sdc LED_light.sdc"
RUN-1002 : start command "get_ports sysclk_i"
RUN-1002 : start command "create_clock -name SYSCLK -period 40 -waveform 0 20  -add"
RUN-1102 : create_clock: clock name: SYSCLK, type: 0, period: 40000, rise: 0, fall: 20000.
RUN-1002 : start command "derive_pll_clocks"
USR-1002 : Gen clock cmd:  create_generated_clock -name {u_PLL_150M/pll_inst.clkc[0]} -source [get_ports {sysclk_i}] -master_clock {SYSCLK} -multiply_by 6.0000 [get_pins {u_PLL_150M/pll_inst.clkc[0]}]
RUN-1002 : start command "get_ports sysclk_i"
RUN-1002 : start command "get_pins u_PLL_150M/pll_inst.clkc[0]"
RUN-1002 : start command "create_generated_clock -name u_PLL_150M/pll_inst.clkc[0] -source  -master_clock SYSCLK -multiply_by 6.0000 "
RUN-1002 : start command "get_pins u_PLL_150M/pll_inst.clkc[0]"
RUN-1002 : start command "rename_clock -name clk_150m -source  -master_clock u_PLL_150M/pll_inst.refclk "
USR-8110 ERROR: Rename_clock: please specify a valid master source for the generated clock.
USR-8159 ERROR: LED_light.sdc Line: 3, rename_clock -name {clk_150m} -source [] -master_clock {u_PLL_150M/pll_inst.refclk} [get_pins {u_PLL_150M/pll_inst.clkc[0]}] fails.
RUN-1002 : start command "get_ports sysclk_i"
RUN-1002 : start command "get_pins u_PLL_150M/pll_inst.clkc[0]"
RUN-1002 : start command "get_ports sysclk_i"
RUN-1002 : start command "get_ports sysclk_i"
RUN-1001 : reset_run syn_1 phy_1.
RUN-1001 : launch_runs syn_1 phy_1  -jobs 6.
RUN-1001 : syn_1: run complete.
RUN-1001 : phy_1: run complete.
RUN-1001 : open_run phy_1.
RUN-1002 : start command "import_db C:/Users/10373/Documents/EDU_lab/EXU/LED_send/td/LED_light_Runs/phy_1/LED_light_pr.db"
RUN-1001 : Importing database generated by Tang Dynasty, V5.6.71036.
RUN-1001 : Database version number 46146.
RUN-1001 : Import flow parameters
PHY-1001 : Generate detailed routing grids ...
PHY-1001 : Generate nets ...
PHY-1001 : net sysclk_i_dup_1 will be routed on clock mesh
PHY-1001 : clock net u_LED_send/clk will be merged with clock u_PLL_150M/clk0_buf
PHY-1001 : eco open net = 0
PHY-1001 : 4 feed throughs used by 4 nets
RUN-1001 : Import timing constraints
RUN-1001 : Import IO constraints
RUN-1001 : Import Inst constraints
RUN-1001 : Import design success TD_VERSION=5.6.71036 , DB_VERSION=46146
RUN-1003 : finish command "import_db C:/Users/10373/Documents/EDU_lab/EXU/LED_send/td/LED_light_Runs/phy_1/LED_light_pr.db" in  3.582037s wall, 3.328125s user + 0.109375s system = 3.437500s CPU (96.0%)

RUN-1004 : used memory is 565 MB, reserved memory is 544 MB, peak memory is 585 MB
HDL-1007 : analyze verilog file ../src/rtl/led_phy/test_pattern.sv
RUN-1001 : reset_run syn_1 phy_1.
RUN-1001 : launch_runs syn_1 phy_1  -jobs 6.
RUN-1001 : syn_1: run complete.
RUN-1001 : phy_1: run complete.
RUN-1001 : open_run phy_1.
RUN-1002 : start command "import_db C:/Users/10373/Documents/EDU_lab/EXU/LED_send/td/LED_light_Runs/phy_1/LED_light_pr.db"
RUN-1001 : Importing database generated by Tang Dynasty, V5.6.71036.
RUN-1001 : Database version number 46146.
RUN-1001 : Import flow parameters
PHY-1001 : Generate detailed routing grids ...
PHY-1001 : Generate nets ...
PHY-1001 : net sysclk_i_dup_1 will be routed on clock mesh
PHY-1001 : clock net u_LED_send/clk will be merged with clock u_PLL_150M/clk0_buf
PHY-1001 : eco open net = 0
PHY-1001 : 4 feed throughs used by 4 nets
RUN-1001 : Import timing constraints
RUN-1001 : Import IO constraints
RUN-1001 : Import Inst constraints
RUN-1001 : Import design success TD_VERSION=5.6.71036 , DB_VERSION=46146
HDL-1007 : analyze verilog file ../src/rtl/led_phy/LED_send.sv
RUN-1001 : reset_run syn_1.
RUN-1001 : launch_runs syn_1 -step opt_gate.
RUN-1001 : reset_run phy_1.
RUN-1001 : syn_1: run complete.
RUN-1001 : open_run syn_1.
RUN-1002 : start command "import_db C:/Users/10373/Documents/EDU_lab/EXU/LED_send/td/LED_light_Runs/syn_1/LED_light_gate.db"
RUN-1001 : Importing database generated by Tang Dynasty, V5.6.71036.
RUN-1001 : Database version number 46146.
RUN-1001 : Import flow parameters
RUN-1001 : Import timing constraints
RUN-1001 : Import IO constraints
RUN-1001 : Import Inst constraints
RUN-1001 : Import design success TD_VERSION=5.6.71036 , DB_VERSION=46146
HDL-1007 : analyze verilog file ../src/rtl/led_phy/test_pattern.sv
RUN-1001 : reset_run syn_1 phy_1.
RUN-1001 : launch_runs syn_1 phy_1  -jobs 6.
RUN-1001 : syn_1: run complete.
RUN-1001 : phy_1: run complete.
RUN-1001 : open_run phy_1.
RUN-1002 : start command "import_db C:/Users/10373/Documents/EDU_lab/EXU/LED_send/td/LED_light_Runs/phy_1/LED_light_pr.db"
RUN-1001 : Importing database generated by Tang Dynasty, V5.6.71036.
RUN-1001 : Database version number 46146.
RUN-1001 : Import flow parameters
PHY-1001 : Generate detailed routing grids ...
PHY-1001 : Generate nets ...
PHY-1001 : net sysclk_i_dup_1 will be routed on clock mesh
PHY-1001 : clock net u_LED_send/clk will be merged with clock u_PLL_150M/clk0_buf
PHY-1001 : eco open net = 0
PHY-1001 : 4 feed throughs used by 4 nets
RUN-1001 : Import timing constraints
RUN-1001 : Import IO constraints
RUN-1001 : Import Inst constraints
RUN-1001 : Import design success TD_VERSION=5.6.71036 , DB_VERSION=46146
RUN-1001 : reset_run syn_1.
RUN-1001 : launch_runs syn_1 -step opt_gate.
RUN-1001 : reset_run phy_1.
RUN-1001 : syn_1: run complete.
RUN-1001 : open_run syn_1.
RUN-1002 : start command "import_db C:/Users/10373/Documents/EDU_lab/EXU/LED_send/td/LED_light_Runs/syn_1/LED_light_gate.db"
RUN-1001 : Importing database generated by Tang Dynasty, V5.6.71036.
RUN-1001 : Database version number 46146.
RUN-1001 : Import flow parameters
RUN-1001 : Import timing constraints
RUN-1001 : Import IO constraints
RUN-1001 : Import Inst constraints
RUN-1001 : Import design success TD_VERSION=5.6.71036 , DB_VERSION=46146
RUN-1001 : launch_runs phy_1 -step bitgen.
RUN-1001 : phy_1: run complete.
RUN-1001 : open_run phy_1.
RUN-1002 : start command "import_db C:/Users/10373/Documents/EDU_lab/EXU/LED_send/td/LED_light_Runs/phy_1/LED_light_pr.db"
RUN-1001 : Importing database generated by Tang Dynasty, V5.6.71036.
RUN-1001 : Database version number 46146.
RUN-1001 : Import flow parameters
PHY-1001 : Generate detailed routing grids ...
PHY-1001 : Generate nets ...
PHY-1001 : net sysclk_i_dup_1 will be routed on clock mesh
PHY-1001 : clock net u_LED_send/clk will be merged with clock u_PLL_150M/clk0_buf
PHY-1001 : eco open net = 0
PHY-1001 : 4 feed throughs used by 4 nets
RUN-1001 : Import timing constraints
RUN-1001 : Import IO constraints
RUN-1001 : Import Inst constraints
RUN-1001 : Import design success TD_VERSION=5.6.71036 , DB_VERSION=46146
GUI-1001 : User opens ChipWatcher ...
GUI-1001 : User closes ChipWatcher ...
GUI-5005 WARNING: Unknown file icon ...
GUI-1001 : User opens ChipWatcher ...
GUI-1001 : User closes ChipWatcher ...
HDL-1007 : analyze verilog file ../src/rtl/FPGA/fpga_ed4g.sv
HDL-1007 : undeclared symbol 'lock', assumed default net type 'wire' in ../src/rtl/FPGA/fpga_ed4g.sv(34)
RUN-1001 : reset_run syn_1.
RUN-1001 : launch_runs syn_1 -step opt_gate.
RUN-1001 : reset_run phy_1.
RUN-1001 : syn_1: run complete.
RUN-1001 : open_run syn_1.
RUN-1002 : start command "import_db C:/Users/10373/Documents/EDU_lab/EXU/LED_send/td/LED_light_Runs/syn_1/LED_light_gate.db"
RUN-1001 : Importing database generated by Tang Dynasty, V5.6.71036.
RUN-1001 : Database version number 46146.
RUN-1001 : Import flow parameters
RUN-1001 : Import timing constraints
RUN-1001 : Import IO constraints
RUN-1001 : Import Inst constraints
RUN-1001 : Import design success TD_VERSION=5.6.71036 , DB_VERSION=46146
GUI-1001 : User opens ChipWatcher ...
PRG-1000 : <!-- HMAC is: 79c9f3bb6c3cddf84fcb42a82db4d392c44c67590ca5dd817b488fa37e660293 -->
GUI-1001 : User closes ChipWatcher ...
RUN-1001 : reset_run syn_1 phy_1.
RUN-1001 : launch_runs syn_1 phy_1  -jobs 6.
RUN-1001 : syn_1: run complete.
RUN-1001 : phy_1: run complete.
RUN-1001 : open_run phy_1.
RUN-1002 : start command "import_db C:/Users/10373/Documents/EDU_lab/EXU/LED_send/td/LED_light_Runs/phy_1/LED_light_pr.db"
RUN-1001 : Importing database generated by Tang Dynasty, V5.6.71036.
RUN-1001 : Database version number 46146.
RUN-1001 : Import flow parameters
PHY-1001 : Generate detailed routing grids ...
PHY-1001 : Generate nets ...
PHY-1001 : clock net clk_150m will be merged with clock u_PLL_150M/clk0_buf
PHY-1001 : net sysclk_i_dup_1 will be routed on clock mesh
PHY-1001 : clock net config_inst_syn_10 will be merged with clock config_inst_syn_9
PHY-1001 : eco open net = 0
PHY-1001 : 11 feed throughs used by 11 nets
RUN-1001 : Import timing constraints
RUN-1001 : Import IO constraints
RUN-1001 : Import Inst constraints
RUN-1001 : Import ChipWatcher
RUN-1001 : Import design success TD_VERSION=5.6.71036 , DB_VERSION=46146
RUN-1003 : finish command "import_db C:/Users/10373/Documents/EDU_lab/EXU/LED_send/td/LED_light_Runs/phy_1/LED_light_pr.db" in  1.262736s wall, 1.125000s user + 0.031250s system = 1.156250s CPU (91.6%)

RUN-1004 : used memory is 651 MB, reserved memory is 631 MB, peak memory is 651 MB
RUN-1002 : start command "config_chipwatcher -sync debug_150m.cwc -dir "
KIT-1004 : ChipWatcher: import watcher inst auto_chipwatcher_0 completed, there are 4 view nodes, 131 trigger nets, 131 data nets.
GUI-1001 : Import debug_150m.cwc success!
GUI-8501 ERROR: Bit file code (0111001110111000) does not match with the ChipWatcher's (0001011001000111).
GUI-1001 : User opens ChipWatcher ...
RUN-1002 : start command "download -bit LED_light_Runs/phy_1/LED_light.bit -mode jtag_burst -spd 7 -cable 0 -total_dev 1 -cur_dev 1"
PRG-2014 : Chip validation success: EAGLE_S20_EG176
RUN-1002 : start command "bit_to_vec -chip EAGLE_S20_EG176 -m jtag_burst -freq 4 -bit LED_light_Runs/phy_1/LED_light.bit"
RUN-1002 : start command "program -cable 0 -mode svf -spd 7 -p"
RUN-1003 : finish command "program -cable 0 -mode svf -spd 7 -p" in  6.483058s wall, 0.000000s user + 0.125000s system = 0.125000s CPU (1.9%)

RUN-1004 : used memory is 661 MB, reserved memory is 642 MB, peak memory is 676 MB
RUN-1003 : finish command "download -bit LED_light_Runs/phy_1/LED_light.bit -mode jtag_burst -spd 7 -cable 0 -total_dev 1 -cur_dev 1" in  6.701658s wall, 0.093750s user + 0.125000s system = 0.218750s CPU (3.3%)

RUN-1004 : used memory is 661 MB, reserved memory is 642 MB, peak memory is 676 MB
GUI-1001 : Downloading succeeded!
KIT-1004 : ChipWatcher: write ctrl reg value: 0000000000000000000000000000000000000000000000000000000000000000000000000000000000000000000000000000000000000000000000000000000000000000000000000000000000000000000000000000000000000000000000000000000000000000000000000000000000000000000000000000000000000000000000000000000000000000000000000000000000000000
KIT-1004 : ChipWatcher: write ctrl reg value: 0110110111111111111111111111111111111111111111111111111111111111111111111111111111111111111111111111111111111111111111111111111111111111110000000000000000000000000000000000000000000000000000000000000000000000000000000000000000000000000000000000000000000000000000000000001101101100000000100000000001010000
KIT-1004 : ChipWatcher: the value of status register = 001111111111111111
KIT-1004 : ChipWatcher: the value of status register = 001111111111111111
KIT-1004 : ChipWatcher: the value of status register = 001111111111111111
KIT-1004 : ChipWatcher: the value of status register = 001111111111111111
KIT-1004 : ChipWatcher: the value of status register = 001111111111111111
KIT-1004 : ChipWatcher: the value of status register = 001111111111111111
KIT-1004 : ChipWatcher: the value of status register = 001111111111111111
KIT-1004 : ChipWatcher: the value of status register = 001111111111111111
KIT-1004 : ChipWatcher: the value of status register = 001111111111111111
KIT-1004 : ChipWatcher: the value of status register = 001111111111111111
KIT-1004 : ChipWatcher: the value of status register = 001111111111111111
KIT-1004 : ChipWatcher: the value of status register = 001111111111111111
KIT-1004 : ChipWatcher: the value of status register = 001111111111111111
KIT-1004 : ChipWatcher: the value of status register = 001111111111111111
KIT-1004 : ChipWatcher: the value of status register = 001111111111111111
KIT-1004 : ChipWatcher: the value of status register = 001111111111111111
KIT-1004 : ChipWatcher: the value of status register = 001111111111111111
KIT-1004 : ChipWatcher: the value of status register = 001111111111111111
KIT-1004 : ChipWatcher: the value of status register = 010000000000011010
KIT-1004 : ChipWatcher: the value of status register = 010000000000110000
KIT-1004 : ChipWatcher: the value of status register = 010000000000111010
KIT-1004 : ChipWatcher: the value of status register = 010000000001010100
KIT-1004 : ChipWatcher: the value of status register = 010000000001110100
KIT-1004 : ChipWatcher: the value of status register = 010000000000001111
KIT-1004 : ChipWatcher: the value of status register = 010000000001001100
KIT-1004 : ChipWatcher: the value of status register = 010000000001011001
KIT-1004 : ChipWatcher: the value of status register = 010000000000000011
KIT-1004 : ChipWatcher: the value of status register = 010000000001110101
KIT-1004 : ChipWatcher: the value of status register = 010000000000100000
KIT-1004 : ChipWatcher: the value of status register = 010000000000100001
KIT-1004 : ChipWatcher: the value of status register = 010000000000000101
KIT-1004 : ChipWatcher: the value of status register = 010000000001101100
KIT-1004 : ChipWatcher: the value of status register = 010000000000111001
KIT-1004 : ChipWatcher: the value of status register = 010000000000010110
KIT-1004 : ChipWatcher: the value of status register = 010000000000000110
KIT-1004 : ChipWatcher: the value of status register = 010000000000001110
KIT-1004 : ChipWatcher: the value of status register = 010000000000000111
KIT-1004 : ChipWatcher: the value of status register = 010000000000001011
KIT-1004 : ChipWatcher: the value of status register = 010000000001100100
KIT-1004 : ChipWatcher: the value of status register = 010000000000001000
KIT-1004 : ChipWatcher: the value of status register = 010000000000101100
KIT-1004 : ChipWatcher: the value of status register = 010000000001000000
KIT-1004 : ChipWatcher: the value of status register = 010000000001101100
KIT-1004 : ChipWatcher: the value of status register = 010000000000001011
KIT-1004 : ChipWatcher: the value of status register = 010000000000111010
KIT-1004 : ChipWatcher: write ctrl reg value: 0110110111111111111111111111111111111111111111111111111111111111111111111111111111111111111111111111111111111111111111111111111111111111110000000000000000000000000000000000000000000000000000000000000000000000000000000000000000000000000000000000000000000000000000000000001101101100000000100000000001110000
KIT-1004 : ChipWatcher: the value of status register = 010000000001010101
KIT-1004 : ChipWatcher: write ctrl reg value: 0000000000000000000000000000000000000000000000000000000000000000000000000000000000000000000000000000000000000000000000000000000000000000000000000000000000000000000000000000000000000000000000000000000000000000000000000000000000000000000000000000000000000000000000000000000000000000000000000000000000000000
KIT-1004 : ChipWatcher: write ctrl reg value: 0101110110111111111111111111111111111111111111111111111111111111111111111111111111111111111111111111111111111111111111111111111111111111110000000000000000000000000000000000000000000000000000000000000000000000000000000000000000000000000000000000000000000000000000000001011101011100000000100000000001010000
KIT-1004 : ChipWatcher: the value of status register = 110000000000001000
RUN-1002 : start command "rdbk_bram -bram 0X0004 -cable 0 -total_dev 1 -cur_dev 1"
KIT-1001 : Read back data from BRAM 0X0004 successfully.
RUN-1002 : start command "rdbk_bram -bram 0X0005 -cable 0 -total_dev 1 -cur_dev 1"
KIT-1001 : Read back data from BRAM 0X0005 successfully.
RUN-1002 : start command "rdbk_bram -bram 0X0006 -cable 0 -total_dev 1 -cur_dev 1"
KIT-1001 : Read back data from BRAM 0X0006 successfully.
RUN-1002 : start command "rdbk_bram -bram 0X0007 -cable 0 -total_dev 1 -cur_dev 1"
KIT-1001 : Read back data from BRAM 0X0007 successfully.
RUN-1002 : start command "rdbk_bram -bram 0X0008 -cable 0 -total_dev 1 -cur_dev 1"
KIT-1001 : Read back data from BRAM 0X0008 successfully.
RUN-1002 : start command "rdbk_bram -bram 0X0009 -cable 0 -total_dev 1 -cur_dev 1"
KIT-1001 : Read back data from BRAM 0X0009 successfully.
RUN-1002 : start command "rdbk_bram -bram 0X000A -cable 0 -total_dev 1 -cur_dev 1"
KIT-1001 : Read back data from BRAM 0X000A successfully.
RUN-1002 : start command "rdbk_bram -bram 0X000B -cable 0 -total_dev 1 -cur_dev 1"
KIT-1001 : Read back data from BRAM 0X000B successfully.
RUN-1002 : start command "rdbk_bram -bram 0X000C -cable 0 -total_dev 1 -cur_dev 1"
KIT-1001 : Read back data from BRAM 0X000C successfully.
RUN-1002 : start command "rdbk_bram -bram 0X000D -cable 0 -total_dev 1 -cur_dev 1"
KIT-1001 : Read back data from BRAM 0X000D successfully.
RUN-1002 : start command "rdbk_bram -bram 0X000E -cable 0 -total_dev 1 -cur_dev 1"
KIT-1001 : Read back data from BRAM 0X000E successfully.
RUN-1002 : start command "rdbk_bram -bram 0X000F -cable 0 -total_dev 1 -cur_dev 1"
KIT-1001 : Read back data from BRAM 0X000F successfully.
RUN-1002 : start command "rdbk_bram -bram 0X0010 -cable 0 -total_dev 1 -cur_dev 1"
KIT-1001 : Read back data from BRAM 0X0010 successfully.
RUN-1002 : start command "rdbk_bram -bram 0X0011 -cable 0 -total_dev 1 -cur_dev 1"
KIT-1001 : Read back data from BRAM 0X0011 successfully.
RUN-1002 : start command "rdbk_bram -bram 0X0012 -cable 0 -total_dev 1 -cur_dev 1"
KIT-1001 : Read back data from BRAM 0X0012 successfully.
SYN-2541 : Attrs-to-init for 15 logic bram(s)
SYN-2541 : Reading sub[0] auto_chipwatcher_0_logicbram_syn_1
SYN-2541 : Reading sub[1] auto_chipwatcher_0_logicbram_syn_11
SYN-2541 : Reading sub[2] auto_chipwatcher_0_logicbram_syn_21
SYN-2541 : Reading sub[3] auto_chipwatcher_0_logicbram_syn_31
SYN-2541 : Reading sub[4] auto_chipwatcher_0_logicbram_syn_41
SYN-2541 : Reading sub[5] auto_chipwatcher_0_logicbram_syn_51
SYN-2541 : Reading sub[6] auto_chipwatcher_0_logicbram_syn_61
SYN-2541 : Reading sub[7] auto_chipwatcher_0_logicbram_syn_71
SYN-2541 : Reading sub[8] auto_chipwatcher_0_logicbram_syn_81
SYN-2541 : Reading sub[9] auto_chipwatcher_0_logicbram_syn_91
SYN-2541 : Reading sub[10] auto_chipwatcher_0_logicbram_syn_101
SYN-2541 : Reading sub[11] auto_chipwatcher_0_logicbram_syn_111
SYN-2541 : Reading sub[12] auto_chipwatcher_0_logicbram_syn_121
SYN-2541 : Reading sub[13] auto_chipwatcher_0_logicbram_syn_131
SYN-2541 : Reading sub[14] auto_chipwatcher_0_logicbram_syn_141
KIT-1004 : ChipWatcher: write ctrl reg value: 0101110110111111111111111111111111111111111111111111111111111111111111111111111111111111111111111111111111111111111111111111111111111111110000000000000000000000000000000000000000000000000000000000000000000000000000000000000000000000000000000000000000000000000000000001011101011100000000100000000001000000
PRG-1000 : <!-- HMAC is: 41aab5eb7a6e12a0716d8273bbc70633ba0aea27e2ad9d14438f95a52be0b56b -->
GUI-1001 : User closes ChipWatcher ...
HDL-1007 : analyze verilog file ../src/rtl/led_phy/LED_send.sv
HDL-1007 : analyze verilog file ../src/rtl/led_phy/LED_send.sv
HDL-1007 : analyze verilog file ../src/rtl/led_phy/LED_send.sv
HDL-1007 : analyze verilog file ../src/rtl/led_phy/LED_send.sv
RUN-1001 : reset_run syn_1.
RUN-1001 : launch_runs syn_1 -step opt_gate.
RUN-1001 : reset_run phy_1.
RUN-1001 : syn_1: run complete.
RUN-1001 : open_run syn_1.
RUN-1002 : start command "import_db C:/Users/10373/Documents/EDU_lab/EXU/LED_send/td/LED_light_Runs/syn_1/LED_light_gate.db"
RUN-1001 : Importing database generated by Tang Dynasty, V5.6.71036.
RUN-1001 : Database version number 46146.
RUN-1001 : Import flow parameters
RUN-1001 : Import timing constraints
RUN-1001 : Import IO constraints
RUN-1001 : Import Inst constraints
RUN-1001 : Import design success TD_VERSION=5.6.71036 , DB_VERSION=46146
RUN-1002 : start command "config_chipwatcher debug_150m.cwc -dir "
KIT-1004 : ChipWatcher: import watcher inst auto_chipwatcher_0 completed, there are 4 view nodes, 131 trigger nets, 131 data nets.
KIT-1004 : Chipwatcher code = 1010110010001100
GUI-1001 : Import debug_150m.cwc success!
GUI-1001 : User opens ChipWatcher ...
PRG-1000 : <!-- HMAC is: 17a9c5463dd21b3aa6d02a17c49444074b753a34a8429af511200a47e86a983d -->
GUI-1001 : User closes ChipWatcher ...
RUN-1001 : reset_run syn_1 phy_1.
RUN-1001 : launch_runs syn_1 phy_1  -jobs 6.
RUN-1001 : syn_1: run complete.
RUN-1001 : phy_1: run complete.
RUN-1001 : open_run phy_1.
RUN-1002 : start command "import_db C:/Users/10373/Documents/EDU_lab/EXU/LED_send/td/LED_light_Runs/phy_1/LED_light_pr.db"
RUN-1001 : Importing database generated by Tang Dynasty, V5.6.71036.
RUN-1001 : Database version number 46146.
RUN-1001 : Import flow parameters
PHY-1001 : Generate detailed routing grids ...
PHY-1001 : Generate nets ...
PHY-1001 : clock net clk_150m will be merged with clock u_PLL_150M/clk0_buf
PHY-1001 : net sysclk_i_dup_1 will be routed on clock mesh
PHY-1001 : clock net config_inst_syn_10 will be merged with clock config_inst_syn_9
PHY-1001 : eco open net = 0
PHY-1001 : 22 feed throughs used by 20 nets
RUN-1001 : Import timing constraints
RUN-1001 : Import IO constraints
RUN-1001 : Import Inst constraints
RUN-1001 : Import ChipWatcher
RUN-1001 : Import design success TD_VERSION=5.6.71036 , DB_VERSION=46146
RUN-1003 : finish command "import_db C:/Users/10373/Documents/EDU_lab/EXU/LED_send/td/LED_light_Runs/phy_1/LED_light_pr.db" in  1.299583s wall, 1.109375s user + 0.078125s system = 1.187500s CPU (91.4%)

RUN-1004 : used memory is 671 MB, reserved memory is 657 MB, peak memory is 676 MB
RUN-1002 : start command "config_chipwatcher -sync debug_150m.cwc -dir "
KIT-1004 : ChipWatcher: import watcher inst auto_chipwatcher_0 completed, there are 7 view nodes, 148 trigger nets, 148 data nets.
GUI-1001 : Import debug_150m.cwc success!
GUI-8501 ERROR: Bit file code (0001011001000111) does not match with the ChipWatcher's (1001010010100110).
GUI-1001 : User opens ChipWatcher ...
RUN-1002 : start command "download -bit LED_light_Runs/phy_1/LED_light.bit -mode jtag_burst -spd 7 -cable 0 -total_dev 1 -cur_dev 1"
PRG-2014 : Chip validation success: EAGLE_S20_EG176
RUN-1002 : start command "bit_to_vec -chip EAGLE_S20_EG176 -m jtag_burst -freq 4 -bit LED_light_Runs/phy_1/LED_light.bit"
RUN-1002 : start command "program -cable 0 -mode svf -spd 7 -p"
RUN-1003 : finish command "program -cable 0 -mode svf -spd 7 -p" in  6.720506s wall, 0.078125s user + 0.031250s system = 0.109375s CPU (1.6%)

RUN-1004 : used memory is 685 MB, reserved memory is 671 MB, peak memory is 704 MB
RUN-1003 : finish command "download -bit LED_light_Runs/phy_1/LED_light.bit -mode jtag_burst -spd 7 -cable 0 -total_dev 1 -cur_dev 1" in  6.935817s wall, 0.156250s user + 0.031250s system = 0.187500s CPU (2.7%)

RUN-1004 : used memory is 685 MB, reserved memory is 671 MB, peak memory is 704 MB
GUI-1001 : Downloading succeeded!
KIT-1004 : ChipWatcher: write ctrl reg value: 0000000000000000000000000000000000000000000000000000000000000000000000000000000000000000000000000000000000000000000000000000000000000000000000000000000000000000000000000000000000000000000000000000000000000000000000000000000000000000000000000000000000000000000000000000000000000000000000000000000000000000000000000000000000000000000000000000000000000000
KIT-1004 : ChipWatcher: write ctrl reg value: 0110110111111111111111111111111111111111111111111111111111111111111111111111111111111111111111111111111111111111111111111111111111111111110000000000000000000000000000000000000000000000000000000000000000000000000000000000000000000000000000000000000000000000000000000001101101101100001101111111111111100000000000011111111000000000100000000000000101000000
KIT-1004 : ChipWatcher: the value of status register = 001111111111111111
KIT-1004 : ChipWatcher: the value of status register = 001111111111111111
KIT-1004 : ChipWatcher: the value of status register = 001111111111111111
KIT-1004 : ChipWatcher: the value of status register = 001111111111111111
KIT-1004 : ChipWatcher: the value of status register = 001111111111111111
KIT-1004 : ChipWatcher: the value of status register = 001111111111111111
KIT-1004 : ChipWatcher: the value of status register = 001111111111111111
KIT-1004 : ChipWatcher: the value of status register = 001111111111111111
KIT-1004 : ChipWatcher: the value of status register = 001111111111111111
KIT-1004 : ChipWatcher: the value of status register = 001111111111111111
KIT-1004 : ChipWatcher: the value of status register = 001111111111111111
KIT-1004 : ChipWatcher: the value of status register = 001111111111111111
KIT-1004 : ChipWatcher: the value of status register = 001111111111111111
KIT-1004 : ChipWatcher: the value of status register = 001111111111111111
KIT-1004 : ChipWatcher: the value of status register = 001111111111111111
KIT-1004 : ChipWatcher: the value of status register = 001111111111111111
KIT-1004 : ChipWatcher: the value of status register = 001111111111111111
KIT-1004 : ChipWatcher: the value of status register = 001111111111111111
KIT-1004 : ChipWatcher: the value of status register = 001111111111111111
KIT-1004 : ChipWatcher: the value of status register = 010000001000000111
KIT-1004 : ChipWatcher: the value of status register = 010000011001011100
KIT-1004 : ChipWatcher: the value of status register = 010000001111010011
KIT-1004 : ChipWatcher: the value of status register = 010000000101001000
KIT-1004 : ChipWatcher: the value of status register = 010000011001100011
KIT-1004 : ChipWatcher: the value of status register = 010000010001110101
KIT-1004 : ChipWatcher: the value of status register = 010000000100100110
KIT-1004 : ChipWatcher: the value of status register = 010000010000110000
KIT-1004 : ChipWatcher: write ctrl reg value: 0110110111111111111111111111111111111111111111111111111111111111111111111111111111111111111111111111111111111111111111111111111111111111110000000000000000000000000000000000000000000000000000000000000000000000000000000000000000000000000000000000000000000000000000000001101101101100001101111111111111100000000000011111111000000000100000000000000111000000
KIT-1004 : ChipWatcher: the value of status register = 010000011011011011
KIT-1004 : ChipWatcher: write ctrl reg value: 0000000000000000000000000000000000000000000000000000000000000000000000000000000000000000000000000000000000000000000000000000000000000000000000000000000000000000000000000000000000000000000000000000000000000000000000000000000000000000000000000000000000000000000000000000000000000000000000000000000000000000000000000000000000000000000000000000000000000000
KIT-1004 : ChipWatcher: write ctrl reg value: 0101110110111111111111111111111111111111111111111111111111111111111111111111111111111111111111111111111111111111111111111111111111111111110000000000000000000000000000000000000000000000000000000000000000000000000000000000000000000000000000000000000000000000000000000001011101011101011101101111111111100000000000011011111000000000100000000000000101000000
KIT-1004 : ChipWatcher: the value of status register = 110000000000001000
RUN-1002 : start command "rdbk_bram -bram 0X0004 -cable 0 -total_dev 1 -cur_dev 1"
KIT-1001 : Read back data from BRAM 0X0004 successfully.
RUN-1002 : start command "rdbk_bram -bram 0X0005 -cable 0 -total_dev 1 -cur_dev 1"
KIT-1001 : Read back data from BRAM 0X0005 successfully.
RUN-1002 : start command "rdbk_bram -bram 0X0006 -cable 0 -total_dev 1 -cur_dev 1"
KIT-1001 : Read back data from BRAM 0X0006 successfully.
RUN-1002 : start command "rdbk_bram -bram 0X0007 -cable 0 -total_dev 1 -cur_dev 1"
KIT-1001 : Read back data from BRAM 0X0007 successfully.
RUN-1002 : start command "rdbk_bram -bram 0X0008 -cable 0 -total_dev 1 -cur_dev 1"
KIT-1001 : Read back data from BRAM 0X0008 successfully.
RUN-1002 : start command "rdbk_bram -bram 0X0009 -cable 0 -total_dev 1 -cur_dev 1"
KIT-1001 : Read back data from BRAM 0X0009 successfully.
RUN-1002 : start command "rdbk_bram -bram 0X000A -cable 0 -total_dev 1 -cur_dev 1"
KIT-1001 : Read back data from BRAM 0X000A successfully.
RUN-1002 : start command "rdbk_bram -bram 0X000B -cable 0 -total_dev 1 -cur_dev 1"
KIT-1001 : Read back data from BRAM 0X000B successfully.
RUN-1002 : start command "rdbk_bram -bram 0X000C -cable 0 -total_dev 1 -cur_dev 1"
KIT-1001 : Read back data from BRAM 0X000C successfully.
RUN-1002 : start command "rdbk_bram -bram 0X000D -cable 0 -total_dev 1 -cur_dev 1"
KIT-1001 : Read back data from BRAM 0X000D successfully.
RUN-1002 : start command "rdbk_bram -bram 0X000E -cable 0 -total_dev 1 -cur_dev 1"
KIT-1001 : Read back data from BRAM 0X000E successfully.
RUN-1002 : start command "rdbk_bram -bram 0X000F -cable 0 -total_dev 1 -cur_dev 1"
KIT-1001 : Read back data from BRAM 0X000F successfully.
RUN-1002 : start command "rdbk_bram -bram 0X0010 -cable 0 -total_dev 1 -cur_dev 1"
KIT-1001 : Read back data from BRAM 0X0010 successfully.
RUN-1002 : start command "rdbk_bram -bram 0X0011 -cable 0 -total_dev 1 -cur_dev 1"
KIT-1001 : Read back data from BRAM 0X0011 successfully.
RUN-1002 : start command "rdbk_bram -bram 0X0012 -cable 0 -total_dev 1 -cur_dev 1"
KIT-1001 : Read back data from BRAM 0X0012 successfully.
RUN-1002 : start command "rdbk_bram -bram 0X0013 -cable 0 -total_dev 1 -cur_dev 1"
KIT-1001 : Read back data from BRAM 0X0013 successfully.
RUN-1002 : start command "rdbk_bram -bram 0X0014 -cable 0 -total_dev 1 -cur_dev 1"
KIT-1001 : Read back data from BRAM 0X0014 successfully.
RUN-1002 : start command "rdbk_bram -bram 0X0015 -cable 0 -total_dev 1 -cur_dev 1"
KIT-1001 : Read back data from BRAM 0X0015 successfully.
RUN-1002 : start command "rdbk_bram -bram 0X0016 -cable 0 -total_dev 1 -cur_dev 1"
KIT-1001 : Read back data from BRAM 0X0016 successfully.
RUN-1002 : start command "rdbk_bram -bram 0X0017 -cable 0 -total_dev 1 -cur_dev 1"
KIT-1001 : Read back data from BRAM 0X0017 successfully.
RUN-1002 : start command "rdbk_bram -bram 0X0018 -cable 0 -total_dev 1 -cur_dev 1"
KIT-1001 : Read back data from BRAM 0X0018 successfully.
RUN-1002 : start command "rdbk_bram -bram 0X0019 -cable 0 -total_dev 1 -cur_dev 1"
KIT-1001 : Read back data from BRAM 0X0019 successfully.
RUN-1002 : start command "rdbk_bram -bram 0X001A -cable 0 -total_dev 1 -cur_dev 1"
KIT-1001 : Read back data from BRAM 0X001A successfully.
RUN-1002 : start command "rdbk_bram -bram 0X001B -cable 0 -total_dev 1 -cur_dev 1"
KIT-1001 : Read back data from BRAM 0X001B successfully.
RUN-1002 : start command "rdbk_bram -bram 0X001C -cable 0 -total_dev 1 -cur_dev 1"
KIT-1001 : Read back data from BRAM 0X001C successfully.
RUN-1002 : start command "rdbk_bram -bram 0X001D -cable 0 -total_dev 1 -cur_dev 1"
KIT-1001 : Read back data from BRAM 0X001D successfully.
RUN-1002 : start command "rdbk_bram -bram 0X001E -cable 0 -total_dev 1 -cur_dev 1"
KIT-1001 : Read back data from BRAM 0X001E successfully.
RUN-1002 : start command "rdbk_bram -bram 0X001F -cable 0 -total_dev 1 -cur_dev 1"
KIT-1001 : Read back data from BRAM 0X001F successfully.
RUN-1002 : start command "rdbk_bram -bram 0X0020 -cable 0 -total_dev 1 -cur_dev 1"
KIT-1001 : Read back data from BRAM 0X0020 successfully.
RUN-1002 : start command "rdbk_bram -bram 0X0021 -cable 0 -total_dev 1 -cur_dev 1"
KIT-1001 : Read back data from BRAM 0X0021 successfully.
RUN-1002 : start command "rdbk_bram -bram 0X0022 -cable 0 -total_dev 1 -cur_dev 1"
KIT-1001 : Read back data from BRAM 0X0022 successfully.
RUN-1002 : start command "rdbk_bram -bram 0X0023 -cable 0 -total_dev 1 -cur_dev 1"
KIT-1001 : Read back data from BRAM 0X0023 successfully.
RUN-1002 : start command "rdbk_bram -bram 0X0024 -cable 0 -total_dev 1 -cur_dev 1"
KIT-1001 : Read back data from BRAM 0X0024 successfully.
SYN-2541 : Attrs-to-init for 33 logic bram(s)
SYN-2541 : Reading sub[0] auto_chipwatcher_0_logicbram_syn_1
SYN-2541 : Reading sub[1] auto_chipwatcher_0_logicbram_syn_11
SYN-2541 : Reading sub[2] auto_chipwatcher_0_logicbram_syn_21
SYN-2541 : Reading sub[3] auto_chipwatcher_0_logicbram_syn_31
SYN-2541 : Reading sub[4] auto_chipwatcher_0_logicbram_syn_41
SYN-2541 : Reading sub[5] auto_chipwatcher_0_logicbram_syn_51
SYN-2541 : Reading sub[6] auto_chipwatcher_0_logicbram_syn_61
SYN-2541 : Reading sub[7] auto_chipwatcher_0_logicbram_syn_71
SYN-2541 : Reading sub[8] auto_chipwatcher_0_logicbram_syn_81
SYN-2541 : Reading sub[9] auto_chipwatcher_0_logicbram_syn_91
SYN-2541 : Reading sub[10] auto_chipwatcher_0_logicbram_syn_101
SYN-2541 : Reading sub[11] auto_chipwatcher_0_logicbram_syn_111
SYN-2541 : Reading sub[12] auto_chipwatcher_0_logicbram_syn_121
SYN-2541 : Reading sub[13] auto_chipwatcher_0_logicbram_syn_131
SYN-2541 : Reading sub[14] auto_chipwatcher_0_logicbram_syn_141
SYN-2541 : Reading sub[15] auto_chipwatcher_0_logicbram_syn_151
SYN-2541 : Reading sub[16] auto_chipwatcher_0_logicbram_syn_161
SYN-2541 : Reading sub[17] auto_chipwatcher_0_logicbram_syn_171
SYN-2541 : Reading sub[18] auto_chipwatcher_0_logicbram_syn_181
SYN-2541 : Reading sub[19] auto_chipwatcher_0_logicbram_syn_191
SYN-2541 : Reading sub[20] auto_chipwatcher_0_logicbram_syn_201
SYN-2541 : Reading sub[21] auto_chipwatcher_0_logicbram_syn_211
SYN-2541 : Reading sub[22] auto_chipwatcher_0_logicbram_syn_221
SYN-2541 : Reading sub[23] auto_chipwatcher_0_logicbram_syn_231
SYN-2541 : Reading sub[24] auto_chipwatcher_0_logicbram_syn_241
SYN-2541 : Reading sub[25] auto_chipwatcher_0_logicbram_syn_251
SYN-2541 : Reading sub[26] auto_chipwatcher_0_logicbram_syn_261
SYN-2541 : Reading sub[27] auto_chipwatcher_0_logicbram_syn_271
SYN-2541 : Reading sub[28] auto_chipwatcher_0_logicbram_syn_281
SYN-2541 : Reading sub[29] auto_chipwatcher_0_logicbram_syn_291
SYN-2541 : Reading sub[30] auto_chipwatcher_0_logicbram_syn_301
SYN-2541 : Reading sub[31] auto_chipwatcher_0_logicbram_syn_311
SYN-2541 : Reading sub[32] auto_chipwatcher_0_logicbram_syn_321
KIT-1004 : ChipWatcher: write ctrl reg value: 0101110110111111111111111111111111111111111111111111111111111111111111111111111111111111111111111111111111111111111111111111111111111111110000000000000000000000000000000000000000000000000000000000000000000000000000000000000000000000000000000000000000000000000000000001011101011101011101101111111111100000000000011011111000000000100000000000000100000000
KIT-1004 : ChipWatcher: write ctrl reg value: 0000000000000000000000000000000000000000000000000000000000000000000000000000000000000000000000000000000000000000000000000000000000000000000000000000000000000000000000000000000000000000000000000000000000000000000000000000000000000000000000000000000000000000000000000000000000000000000000000000000000000000000000000000000000000000000000000000000000000000
KIT-1004 : ChipWatcher: write ctrl reg value: 0101110110111111111111111111111111111111111111111111111111111111111111111111111111111111111111111111111111111111111111111111111111111111110000000000000000000000000000000000000000000000000000000000000000000000000000000000000000000000000000000000000000000000000000000001011101011101011101101111111111100000000000011011111000000000100000000000000101000000
KIT-1004 : ChipWatcher: the value of status register = 110000000000001000
RUN-1002 : start command "rdbk_bram -bram 0X0004 -cable 0 -total_dev 1 -cur_dev 1"
KIT-1001 : Read back data from BRAM 0X0004 successfully.
RUN-1002 : start command "rdbk_bram -bram 0X0005 -cable 0 -total_dev 1 -cur_dev 1"
KIT-1001 : Read back data from BRAM 0X0005 successfully.
RUN-1002 : start command "rdbk_bram -bram 0X0006 -cable 0 -total_dev 1 -cur_dev 1"
KIT-1001 : Read back data from BRAM 0X0006 successfully.
RUN-1002 : start command "rdbk_bram -bram 0X0007 -cable 0 -total_dev 1 -cur_dev 1"
KIT-1001 : Read back data from BRAM 0X0007 successfully.
RUN-1002 : start command "rdbk_bram -bram 0X0008 -cable 0 -total_dev 1 -cur_dev 1"
KIT-1001 : Read back data from BRAM 0X0008 successfully.
RUN-1002 : start command "rdbk_bram -bram 0X0009 -cable 0 -total_dev 1 -cur_dev 1"
KIT-1001 : Read back data from BRAM 0X0009 successfully.
RUN-1002 : start command "rdbk_bram -bram 0X000A -cable 0 -total_dev 1 -cur_dev 1"
KIT-1001 : Read back data from BRAM 0X000A successfully.
RUN-1002 : start command "rdbk_bram -bram 0X000B -cable 0 -total_dev 1 -cur_dev 1"
KIT-1001 : Read back data from BRAM 0X000B successfully.
RUN-1002 : start command "rdbk_bram -bram 0X000C -cable 0 -total_dev 1 -cur_dev 1"
KIT-1001 : Read back data from BRAM 0X000C successfully.
RUN-1002 : start command "rdbk_bram -bram 0X000D -cable 0 -total_dev 1 -cur_dev 1"
KIT-1001 : Read back data from BRAM 0X000D successfully.
RUN-1002 : start command "rdbk_bram -bram 0X000E -cable 0 -total_dev 1 -cur_dev 1"
KIT-1001 : Read back data from BRAM 0X000E successfully.
RUN-1002 : start command "rdbk_bram -bram 0X000F -cable 0 -total_dev 1 -cur_dev 1"
KIT-1001 : Read back data from BRAM 0X000F successfully.
RUN-1002 : start command "rdbk_bram -bram 0X0010 -cable 0 -total_dev 1 -cur_dev 1"
KIT-1001 : Read back data from BRAM 0X0010 successfully.
RUN-1002 : start command "rdbk_bram -bram 0X0011 -cable 0 -total_dev 1 -cur_dev 1"
KIT-1001 : Read back data from BRAM 0X0011 successfully.
RUN-1002 : start command "rdbk_bram -bram 0X0012 -cable 0 -total_dev 1 -cur_dev 1"
KIT-1001 : Read back data from BRAM 0X0012 successfully.
RUN-1002 : start command "rdbk_bram -bram 0X0013 -cable 0 -total_dev 1 -cur_dev 1"
KIT-1001 : Read back data from BRAM 0X0013 successfully.
RUN-1002 : start command "rdbk_bram -bram 0X0014 -cable 0 -total_dev 1 -cur_dev 1"
KIT-1001 : Read back data from BRAM 0X0014 successfully.
RUN-1002 : start command "rdbk_bram -bram 0X0015 -cable 0 -total_dev 1 -cur_dev 1"
KIT-1001 : Read back data from BRAM 0X0015 successfully.
RUN-1002 : start command "rdbk_bram -bram 0X0016 -cable 0 -total_dev 1 -cur_dev 1"
KIT-1001 : Read back data from BRAM 0X0016 successfully.
RUN-1002 : start command "rdbk_bram -bram 0X0017 -cable 0 -total_dev 1 -cur_dev 1"
KIT-1001 : Read back data from BRAM 0X0017 successfully.
RUN-1002 : start command "rdbk_bram -bram 0X0018 -cable 0 -total_dev 1 -cur_dev 1"
KIT-1001 : Read back data from BRAM 0X0018 successfully.
RUN-1002 : start command "rdbk_bram -bram 0X0019 -cable 0 -total_dev 1 -cur_dev 1"
KIT-1001 : Read back data from BRAM 0X0019 successfully.
RUN-1002 : start command "rdbk_bram -bram 0X001A -cable 0 -total_dev 1 -cur_dev 1"
KIT-1001 : Read back data from BRAM 0X001A successfully.
RUN-1002 : start command "rdbk_bram -bram 0X001B -cable 0 -total_dev 1 -cur_dev 1"
KIT-1001 : Read back data from BRAM 0X001B successfully.
RUN-1002 : start command "rdbk_bram -bram 0X001C -cable 0 -total_dev 1 -cur_dev 1"
KIT-1001 : Read back data from BRAM 0X001C successfully.
RUN-1002 : start command "rdbk_bram -bram 0X001D -cable 0 -total_dev 1 -cur_dev 1"
KIT-1001 : Read back data from BRAM 0X001D successfully.
RUN-1002 : start command "rdbk_bram -bram 0X001E -cable 0 -total_dev 1 -cur_dev 1"
KIT-1001 : Read back data from BRAM 0X001E successfully.
RUN-1002 : start command "rdbk_bram -bram 0X001F -cable 0 -total_dev 1 -cur_dev 1"
KIT-1001 : Read back data from BRAM 0X001F successfully.
RUN-1002 : start command "rdbk_bram -bram 0X0020 -cable 0 -total_dev 1 -cur_dev 1"
KIT-1001 : Read back data from BRAM 0X0020 successfully.
RUN-1002 : start command "rdbk_bram -bram 0X0021 -cable 0 -total_dev 1 -cur_dev 1"
KIT-1001 : Read back data from BRAM 0X0021 successfully.
RUN-1002 : start command "rdbk_bram -bram 0X0022 -cable 0 -total_dev 1 -cur_dev 1"
KIT-1001 : Read back data from BRAM 0X0022 successfully.
RUN-1002 : start command "rdbk_bram -bram 0X0023 -cable 0 -total_dev 1 -cur_dev 1"
KIT-1001 : Read back data from BRAM 0X0023 successfully.
RUN-1002 : start command "rdbk_bram -bram 0X0024 -cable 0 -total_dev 1 -cur_dev 1"
KIT-1001 : Read back data from BRAM 0X0024 successfully.
SYN-2541 : Attrs-to-init for 33 logic bram(s)
SYN-2541 : Reading sub[0] auto_chipwatcher_0_logicbram_syn_1
SYN-2541 : Reading sub[1] auto_chipwatcher_0_logicbram_syn_11
SYN-2541 : Reading sub[2] auto_chipwatcher_0_logicbram_syn_21
SYN-2541 : Reading sub[3] auto_chipwatcher_0_logicbram_syn_31
SYN-2541 : Reading sub[4] auto_chipwatcher_0_logicbram_syn_41
SYN-2541 : Reading sub[5] auto_chipwatcher_0_logicbram_syn_51
SYN-2541 : Reading sub[6] auto_chipwatcher_0_logicbram_syn_61
SYN-2541 : Reading sub[7] auto_chipwatcher_0_logicbram_syn_71
SYN-2541 : Reading sub[8] auto_chipwatcher_0_logicbram_syn_81
SYN-2541 : Reading sub[9] auto_chipwatcher_0_logicbram_syn_91
SYN-2541 : Reading sub[10] auto_chipwatcher_0_logicbram_syn_101
SYN-2541 : Reading sub[11] auto_chipwatcher_0_logicbram_syn_111
SYN-2541 : Reading sub[12] auto_chipwatcher_0_logicbram_syn_121
SYN-2541 : Reading sub[13] auto_chipwatcher_0_logicbram_syn_131
SYN-2541 : Reading sub[14] auto_chipwatcher_0_logicbram_syn_141
SYN-2541 : Reading sub[15] auto_chipwatcher_0_logicbram_syn_151
SYN-2541 : Reading sub[16] auto_chipwatcher_0_logicbram_syn_161
SYN-2541 : Reading sub[17] auto_chipwatcher_0_logicbram_syn_171
SYN-2541 : Reading sub[18] auto_chipwatcher_0_logicbram_syn_181
SYN-2541 : Reading sub[19] auto_chipwatcher_0_logicbram_syn_191
SYN-2541 : Reading sub[20] auto_chipwatcher_0_logicbram_syn_201
SYN-2541 : Reading sub[21] auto_chipwatcher_0_logicbram_syn_211
SYN-2541 : Reading sub[22] auto_chipwatcher_0_logicbram_syn_221
SYN-2541 : Reading sub[23] auto_chipwatcher_0_logicbram_syn_231
SYN-2541 : Reading sub[24] auto_chipwatcher_0_logicbram_syn_241
SYN-2541 : Reading sub[25] auto_chipwatcher_0_logicbram_syn_251
SYN-2541 : Reading sub[26] auto_chipwatcher_0_logicbram_syn_261
SYN-2541 : Reading sub[27] auto_chipwatcher_0_logicbram_syn_271
SYN-2541 : Reading sub[28] auto_chipwatcher_0_logicbram_syn_281
SYN-2541 : Reading sub[29] auto_chipwatcher_0_logicbram_syn_291
SYN-2541 : Reading sub[30] auto_chipwatcher_0_logicbram_syn_301
SYN-2541 : Reading sub[31] auto_chipwatcher_0_logicbram_syn_311
SYN-2541 : Reading sub[32] auto_chipwatcher_0_logicbram_syn_321
KIT-1004 : ChipWatcher: write ctrl reg value: 0101110110111111111111111111111111111111111111111111111111111111111111111111111111111111111111111111111111111111111111111111111111111111110000000000000000000000000000000000000000000000000000000000000000000000000000000000000000000000000000000000000000000000000000000001011101011101011101101111111111100000000000011011111000000000100000000000000100000000
TMR-3509 : Import timing summary.
TMR-3509 : Import timing summary.
PRG-1000 : <!-- HMAC is: 6e607f9a98b692b947755fbeb9e354a1c7cc724869891ad9a3cb56a22b4ecf0b -->
GUI-1001 : User closes ChipWatcher ...
RUN-1001 : reset_run syn_1 phy_1.
RUN-1001 : launch_runs syn_1 phy_1  -jobs 6.
RUN-1001 : syn_1: run complete.
RUN-1001 : phy_1: run complete.
RUN-1001 : open_run phy_1.
RUN-1002 : start command "import_db C:/Users/10373/Documents/EDU_lab/EXU/LED_send/td/LED_light_Runs/phy_1/LED_light_pr.db"
RUN-1001 : Importing database generated by Tang Dynasty, V5.6.71036.
RUN-1001 : Database version number 46146.
RUN-1001 : Import flow parameters
PHY-1001 : Generate detailed routing grids ...
PHY-1001 : Generate nets ...
PHY-1001 : clock net clk_150m will be merged with clock u_PLL_150M/clk0_buf
PHY-1001 : net sysclk_i_dup_1 will be routed on clock mesh
PHY-5010 WARNING: Net u_LED_send/busy is skipped due to 0 input or output
PHY-5010 WARNING: Net u_LED_send/busy is skipped due to 0 input or output
PHY-1001 : eco open net = 0
PHY-1001 : 0 feed throughs used by 0 nets
RUN-1001 : Import timing constraints
RUN-1001 : Import IO constraints
RUN-1001 : Import Inst constraints
RUN-1001 : Import design success TD_VERSION=5.6.71036 , DB_VERSION=46146
TMR-3509 : Import timing summary.
TMR-3509 : Import timing summary.
TMR-3509 : Import timing summary.
TMR-3509 : Import timing summary.
HDL-1007 : analyze verilog file ../src/rtl/led_phy/LED_send.sv
HDL-1007 : analyze verilog file ../src/rtl/led_phy/LED_send.sv
RUN-1001 : reset_run syn_1 phy_1.
RUN-1001 : launch_runs syn_1 phy_1  -jobs 6.
RUN-1001 : syn_1: run complete.
RUN-1001 : phy_1: run complete.
RUN-1001 : open_run phy_1.
RUN-1002 : start command "import_db C:/Users/10373/Documents/EDU_lab/EXU/LED_send/td/LED_light_Runs/phy_1/LED_light_pr.db"
RUN-1001 : Importing database generated by Tang Dynasty, V5.6.71036.
RUN-1001 : Database version number 46146.
RUN-1001 : Import flow parameters
PHY-1001 : Generate detailed routing grids ...
PHY-1001 : Generate nets ...
PHY-1001 : clock net clk_150m will be merged with clock u_PLL_150M/clk0_buf
PHY-1001 : net sysclk_i_dup_1 will be routed on clock mesh
PHY-5010 WARNING: Net u_LED_send/busy is skipped due to 0 input or output
PHY-5010 WARNING: Net u_LED_send/busy is skipped due to 0 input or output
PHY-1001 : eco open net = 0
PHY-1001 : 0 feed throughs used by 0 nets
RUN-1001 : Import timing constraints
RUN-1001 : Import IO constraints
RUN-1001 : Import Inst constraints
RUN-1001 : Import design success TD_VERSION=5.6.71036 , DB_VERSION=46146
TMR-3509 : Import timing summary.
TMR-3509 : Import timing summary.
TMR-3509 : Import timing summary.
HDL-1007 : analyze verilog file ../src/rtl/led_phy/LED_send.sv
HDL-1007 : analyze verilog file ../src/rtl/led_phy/LED_send.sv
