============================================================
   Tang Dynasty, V5.6.71036
      Copyright (c) 2012-2023 Anlogic Inc.
   Executable = D:/TD/bin/td.exe
   Built at =   20:34:38 Mar 21 2023
   Run by =     32863
   Run Date =   Wed Jul  3 15:21:47 2024

   Run on =     SUPERIOR-LEGION
============================================================
RUN-1001 : open_run phy_1.
RUN-1002 : start command "import_db //wsl.localhost/Ubuntu-20.04/home/superior/LED/td/LED_light_Runs/phy_1/LED_light_pr.db"
RUN-1001 : Importing database generated by Tang Dynasty, V5.6.71036.
RUN-1001 : Database version number 46146.
RUN-1001 : Import flow parameters
PHY-1001 : Generate detailed routing grids ...
PHY-1001 : Generate nets ...
PHY-1001 : clock net clk_150m will be merged with clock u_PLL_150M/clk0_buf
PHY-1001 : net sysclk_i_dup_1 will be routed on clock mesh
PHY-1001 : eco open net = 0
PHY-1001 : 1 feed throughs used by 1 nets
RUN-1001 : Import timing constraints
RUN-1001 : Import IO constraints
RUN-1001 : Import Inst constraints
RUN-1001 : Import design success TD_VERSION=5.6.71036 , DB_VERSION=46146
RUN-1003 : finish command "import_db //wsl.localhost/Ubuntu-20.04/home/superior/LED/td/LED_light_Runs/phy_1/LED_light_pr.db" in  2.605706s wall, 2.265625s user + 0.109375s system = 2.375000s CPU (91.1%)

RUN-1004 : used memory is 483 MB, reserved memory is 449 MB, peak memory is 511 MB
