============================================================
   Tang Dynasty, V5.6.71036
      Copyright (c) 2012-2023 Anlogic Inc.
   Executable = D:/TD/bin/td.exe
   Built at =   20:34:38 Mar 21 2023
   Run by =     32863
   Run Date =   Thu Jul 11 17:54:47 2024

   Run on =     SUPERIOR-LEGION
============================================================
RUN-1002 : start command "open_project led_4s.prj"
RUN-1001 : Print Global Property
RUN-1001 : ---------------------------------------------------------------
RUN-1001 :        Parameters        |  Settings  |  Default Values  |  Note  
RUN-1001 : ---------------------------------------------------------------
RUN-1001 :          message         |  standard  |     standard     |        
RUN-1001 :   mixed_pack_place_flow  |     on     |        on        |        
RUN-1001 :        qor_monitor       |    off     |       off        |        
RUN-1001 :        syn_ip_flow       |    off     |       off        |        
RUN-1001 :          thread          |    auto    |       auto       |        
RUN-1001 : ---------------------------------------------------------------
RUN-1001 : Print Design Property
RUN-1001 : --------------------------------------------------------------
RUN-1001 :        Parameters       |  Settings  |  Default Values  |  Note  
RUN-1001 : --------------------------------------------------------------
RUN-1001 :   default_reg_initial   |    auto    |       auto       |        
RUN-1001 :        infer_add        |     on     |        on        |        
RUN-1001 :        infer_fsm        |    off     |       off        |        
RUN-1001 :        infer_mult       |     on     |        on        |        
RUN-1001 :        infer_ram        |     on     |        on        |        
RUN-1001 :        infer_reg        |     on     |        on        |        
RUN-1001 :   infer_reg_init_value  |     on     |        on        |        
RUN-1001 :        infer_rom        |     on     |        on        |        
RUN-1001 :      infer_shifter      |     on     |        on        |        
RUN-1001 : --------------------------------------------------------------
RUN-1001 : Print Rtl Property
RUN-1001 : --------------------------------------------------------------
RUN-1001 :        Parameters       |  Settings  |  Default Values  |  Note  
RUN-1001 : --------------------------------------------------------------
RUN-1001 :       compress_add      |   ripple   |      ripple      |        
RUN-1001 :        elf_sload        |    off     |       off        |        
RUN-1001 :       fix_undriven      |     0      |        0         |        
RUN-1001 :         flatten         |    off     |       off        |        
RUN-1001 :       gate_sharing      |     on     |        on        |        
RUN-1001 :    hdl_warning_level    |   normal   |      normal      |        
RUN-1001 :   impl_internal_tribuf  |     on     |        on        |        
RUN-1001 :      impl_set_reset     |     on     |        on        |        
RUN-1001 :        infer_gsr        |    off     |       off        |        
RUN-1001 :      keep_hierarchy     |    auto    |       auto       |        
RUN-1001 :        max_fanout       |    9999    |       9999       |        
RUN-1001 :      max_oh2bin_len     |     10     |        10        |        
RUN-1001 :       merge_equal       |     on     |        on        |        
RUN-1001 :       merge_equiv       |     on     |        on        |        
RUN-1001 :        merge_mux        |    off     |       off        |        
RUN-1001 :     min_control_set     |     8      |        8         |        
RUN-1001 :      min_ripple_len     |    auto    |       auto       |        
RUN-1001 :       oh2bin_ratio      |    0.08    |       0.08       |        
RUN-1001 :     opt_adder_fanout    |     on     |        on        |        
RUN-1001 :        opt_arith        |     on     |        on        |        
RUN-1001 :       opt_big_gate      |    off     |       off        |        
RUN-1001 :        opt_const        |     on     |        on        |        
RUN-1001 :      opt_const_mult     |     on     |        on        |        
RUN-1001 :       opt_lessthan      |     on     |        on        |        
RUN-1001 :         opt_mux         |    off     |       off        |        
RUN-1001 :         opt_ram         |    high    |       high       |        
RUN-1001 :      rtl_sim_model      |    off     |       off        |        
RUN-1001 :         seq_syn         |     on     |        on        |        
RUN-1001 : --------------------------------------------------------------
HDL-1007 : analyze verilog file ../../al_ip/PLL_150M.v
HDL-1007 : undeclared symbol 'open', assumed default net type 'wire' in ../../al_ip/PLL_150M.v(85)
HDL-1007 : analyze verilog file ../../al_ip/hasyncfifo_ahead12to12.v
HDL-1007 : analyze verilog file ../../../../src/rtl/FPGA/fpga_eg4s.sv
HDL-1007 : undeclared symbol 'en', assumed default net type 'wire' in ../../../../src/rtl/FPGA/fpga_eg4s.sv(78)
HDL-1007 : undeclared symbol 'start', assumed default net type 'wire' in ../../../../src/rtl/FPGA/fpga_eg4s.sv(79)
HDL-1007 : analyze verilog file ../../../../src/rtl/LED_CTRL_top/led_ctrl_top.sv
HDL-1007 : analyze verilog file ../../../../src/rtl/led_phy/LED_send.sv
HDL-1007 : analyze verilog file ../../../../src/rtl/led_phy/cdc_sbit_handshake.sv
HDL-1007 : analyze verilog file ../../../../src/rtl/led_phy/fifo_fsm.sv
HDL-1007 : analyze verilog file ../../../../src/rtl/led_phy/hasyncfifo_ahead12to12.v
RUN-1001 : Project manager successfully analyzed 8 source files.
RUN-1002 : start command "import_device eagle_s20.db -package EG4S20BG256"
ARC-1001 : Device Initialization.
ARC-1001 : ------------------------------------------------------------------
ARC-1001 :            OPTION            |          IO          |   SETTING   
ARC-1001 : ------------------------------------------------------------------
ARC-1001 :   cso_b/cclk/mosi/miso/dout  |  T3/R11/T10/P10/S11  |    gpio    
ARC-1001 :             done             |         P13          |    gpio    
ARC-1001 :           program_b          |          T2          |  dedicate  
ARC-1001 :        tdi/tms/tck/tdo       |   C12/A15/C14/E14    |  dedicate  
ARC-1001 : ------------------------------------------------------------------
ARC-1004 : Device setting, marked 5 dedicate IOs in total.
RUN-1002 : start command "import_db ../syn_1/led_4s_gate.db"
RUN-1001 : Importing database generated by Tang Dynasty, V5.6.71036.
RUN-1001 : Database version number 46146.
RUN-1001 : Import flow parameters
RUN-1001 : Import IO constraints
RUN-1001 : Import Inst constraints
RUN-1001 : Import design success TD_VERSION=5.6.71036 , DB_VERSION=46146
RUN-1002 : start command "config_chipwatcher ../../cwc001.cwc -dir "
RUN-1002 : start command "legalize_phy_inst"
SYN-1011 : Flatten model fpga_ed4g
KIT-1004 : ChipWatcher: import watcher inst auto_chipwatcher_0 completed, there are 6 view nodes, 30 trigger nets, 30 data nets.
KIT-1004 : Chipwatcher code = 1100111110010010
RUN-1002 : start command "compile_watcher"
RUN-1002 : start command "read_verilog -no_sch -dir D:/TD/cw/ -file led_4s_watcherInst.sv -lib cw -top CW_TOP_WRAPPER"
HDL-1007 : analyze verilog file D:/TD/cw\bus_det.v
HDL-1007 : analyze verilog file D:/TD/cw\bus_top.sv
HDL-1007 : analyze verilog file D:/TD/cw\cfg_int.v
HDL-1007 : analyze verilog file D:/TD/cw\cwc_cfg_int.v
HDL-1007 : analyze verilog file D:/TD/cw\cwc_top.sv
HDL-1007 : analyze verilog file D:/TD/cw\detect_bus.v
HDL-1007 : analyze verilog file D:/TD/cw\detect_non_bus.v
HDL-1007 : analyze verilog file D:/TD/cw\emb_ctrl.v
HDL-1007 : analyze verilog file D:/TD/cw\register.v
HDL-1007 : analyze verilog file D:/TD/cw\tap.v
HDL-1007 : analyze verilog file D:/TD/cw\trigger.sv
HDL-1007 : analyze verilog file led_4s_watcherInst.sv
HDL-1007 : elaborate module CW_TOP_WRAPPER in led_4s_watcherInst.sv(1)
HDL-1007 : elaborate module cwc_top(BUS_NUM=6,BUS_DIN_NUM=30,BUS_CTRL_NUM=84,BUS_WIDTH='{32'sb01011,32'sb01,32'sb0100,32'sb01100,32'sb01,32'sb01},BUS_DIN_POS='{32'sb0,32'sb01011,32'sb01100,32'sb010000,32'sb011100,32'sb011101},BUS_CTRL_POS='{32'sb0,32'sb011010,32'sb0100000,32'sb0101100,32'sb01001000,32'sb01001110}) in D:/TD/cw\cwc_top.sv(21)
HDL-1007 : elaborate module cwc_cfg_int(CTRL_REG_LEN=106) in D:/TD/cw\cwc_cfg_int.v(21)
HDL-1007 : elaborate module register(CTRL_REG_LEN=106) in D:/TD/cw\register.v(21)
HDL-1007 : elaborate module tap in D:/TD/cw\tap.v(21)
HDL-1007 : elaborate module trigger(BUS_NUM=6,BUS_DIN_NUM=30,BUS_CTRL_NUM=84,BUS_WIDTH='{32'sb01011,32'sb01,32'sb0100,32'sb01100,32'sb01,32'sb01},BUS_DIN_POS='{32'sb0,32'sb01011,32'sb01100,32'sb010000,32'sb011100,32'sb011101},BUS_CTRL_POS='{32'sb0,32'sb011010,32'sb0100000,32'sb0101100,32'sb01001000,32'sb01001110}) in D:/TD/cw\trigger.sv(21)
HDL-1007 : elaborate module bus_top(BUS_NODE_NUM=6,BUS_DIN_NUM=30,BUS_CTRL_NUM=84,BUS_WIDTH='{32'sb01011,32'sb01,32'sb0100,32'sb01100,32'sb01,32'sb01},BUS_DIN_POS='{32'sb0,32'sb01011,32'sb01100,32'sb010000,32'sb011100,32'sb011101},BUS_CTRL_POS='{32'sb0,32'sb011010,32'sb0100000,32'sb0101100,32'sb01001000,32'sb01001110}) in D:/TD/cw\bus_top.sv(22)
HDL-1007 : elaborate module bus_det(BUS_WIDTH=32'sb01011) in D:/TD/cw\bus_det.v(21)
HDL-1007 : elaborate module bus_det(BUS_WIDTH=32'sb01) in D:/TD/cw\bus_det.v(21)
HDL-1007 : elaborate module bus_det(BUS_WIDTH=32'sb0100) in D:/TD/cw\bus_det.v(21)
HDL-1007 : elaborate module bus_det(BUS_WIDTH=32'sb01100) in D:/TD/cw\bus_det.v(21)
HDL-1007 : elaborate module emb_ctrl in D:/TD/cw\emb_ctrl.v(21)
HDL-1200 : Current top model is CW_TOP_WRAPPER
HDL-1100 : Inferred 0 RAMs.
RUN-1002 : start command "force_keep -a auto_chipwatcher_0_logicbram"
RUN-1002 : start command "optimize_rtl -no_sch"
RUN-1001 : Open license file D:/TD/license/Anlogic.lic
RUN-1001 : Print Global Property
RUN-1001 : ---------------------------------------------------------------
RUN-1001 :        Parameters        |  Settings  |  Default Values  |  Note  
RUN-1001 : ---------------------------------------------------------------
RUN-1001 :          message         |  standard  |     standard     |        
RUN-1001 :   mixed_pack_place_flow  |     on     |        on        |        
RUN-1001 :        qor_monitor       |    off     |       off        |        
RUN-1001 :        syn_ip_flow       |    off     |       off        |        
RUN-1001 :          thread          |    auto    |       auto       |        
RUN-1001 : ---------------------------------------------------------------
RUN-1001 : Print Rtl Property
RUN-1001 : --------------------------------------------------------------
RUN-1001 :        Parameters       |  Settings  |  Default Values  |  Note  
RUN-1001 : --------------------------------------------------------------
RUN-1001 :       compress_add      |   ripple   |      ripple      |        
RUN-1001 :        elf_sload        |    off     |       off        |        
RUN-1001 :       fix_undriven      |     0      |        0         |        
RUN-1001 :         flatten         |    off     |       off        |        
RUN-1001 :       gate_sharing      |     on     |        on        |        
RUN-1001 :    hdl_warning_level    |   normal   |      normal      |        
RUN-1001 :   impl_internal_tribuf  |     on     |        on        |        
RUN-1001 :      impl_set_reset     |     on     |        on        |        
RUN-1001 :        infer_gsr        |    off     |       off        |        
RUN-1001 :      keep_hierarchy     |    auto    |       auto       |        
RUN-1001 :        max_fanout       |    9999    |       9999       |        
RUN-1001 :      max_oh2bin_len     |     10     |        10        |        
RUN-1001 :       merge_equal       |     on     |        on        |        
RUN-1001 :       merge_equiv       |     on     |        on        |        
RUN-1001 :        merge_mux        |    off     |       off        |        
RUN-1001 :     min_control_set     |     8      |        8         |        
RUN-1001 :      min_ripple_len     |    auto    |       auto       |        
RUN-1001 :       oh2bin_ratio      |    0.08    |       0.08       |        
RUN-1001 :     opt_adder_fanout    |     on     |        on        |        
RUN-1001 :        opt_arith        |     on     |        on        |        
RUN-1001 :       opt_big_gate      |    off     |       off        |        
RUN-1001 :        opt_const        |     on     |        on        |        
RUN-1001 :      opt_const_mult     |     on     |        on        |        
RUN-1001 :       opt_lessthan      |     on     |        on        |        
RUN-1001 :         opt_mux         |    off     |       off        |        
RUN-1001 :         opt_ram         |    high    |       high       |        
RUN-1001 :      rtl_sim_model      |    off     |       off        |        
RUN-1001 :         seq_syn         |     on     |        on        |        
RUN-1001 : --------------------------------------------------------------
SYN-1012 : SanityCheck: Model "fpga_ed4g"
SYN-1012 : SanityCheck: Model "CW_TOP_WRAPPER"
SYN-1012 : SanityCheck: Model "cwc_top(BUS_NUM=6,BUS_DIN_NUM=30,BUS_CTRL_NUM=84,BUS_WIDTH='{32'sb01011,32'sb01,32'sb0100,32'sb01100,32'sb01,32'sb01},BUS_DIN_POS='{32'sb0,32'sb01011,32'sb01100,32'sb010000,32'sb011100,32'sb011101},BUS_CTRL_POS='{32'sb0,32'sb011010,32'sb0100000,32'sb0101100,32'sb01001000,32'sb01001110})"
SYN-1012 : SanityCheck: Model "cwc_cfg_int(CTRL_REG_LEN=106)"
SYN-1012 : SanityCheck: Model "register(CTRL_REG_LEN=106)"
SYN-1012 : SanityCheck: Model "tap"
SYN-1012 : SanityCheck: Model "trigger(BUS_NUM=6,BUS_DIN_NUM=30,BUS_CTRL_NUM=84,BUS_WIDTH='{32'sb01011,32'sb01,32'sb0100,32'sb01100,32'sb01,32'sb01},BUS_DIN_POS='{32'sb0,32'sb01011,32'sb01100,32'sb010000,32'sb011100,32'sb011101},BUS_CTRL_POS='{32'sb0,32'sb011010,32'sb0100000,32'sb0101100,32'sb01001000,32'sb01001110})"
SYN-1012 : SanityCheck: Model "bus_top(BUS_NODE_NUM=6,BUS_DIN_NUM=30,BUS_CTRL_NUM=84,BUS_WIDTH='{32'sb01011,32'sb01,32'sb0100,32'sb01100,32'sb01,32'sb01},BUS_DIN_POS='{32'sb0,32'sb01011,32'sb01100,32'sb010000,32'sb011100,32'sb011101},BUS_CTRL_POS='{32'sb0,32'sb011010,32'sb0100000,32'sb0101100,32'sb01001000,32'sb01001110})"
SYN-1012 : SanityCheck: Model "bus_det(BUS_WIDTH=32'sb01011)"
SYN-1012 : SanityCheck: Model "bus_det(BUS_WIDTH=32'sb01)"
SYN-1012 : SanityCheck: Model "bus_det(BUS_WIDTH=32'sb0100)"
SYN-1012 : SanityCheck: Model "bus_det(BUS_WIDTH=32'sb01100)"
SYN-1012 : SanityCheck: Model "emb_ctrl"
SYN-1011 : Flatten model fpga_ed4g
SYN-1032 : 2419/26 useful/useless nets, 1528/15 useful/useless insts
SYN-1016 : Merged 32 instances.
SYN-1032 : 2140/6 useful/useless nets, 1911/6 useful/useless insts
SYN-1014 : Optimize round 1
SYN-1032 : 2124/16 useful/useless nets, 1899/12 useful/useless insts
SYN-1021 : Optimized 3 onehot mux instances.
SYN-1020 : Optimized 1 distributor mux.
SYN-1019 : Optimized 3 mux instances.
SYN-1015 : Optimize round 1, 375 better
SYN-1014 : Optimize round 2
SYN-1032 : 1845/45 useful/useless nets, 1620/48 useful/useless insts
SYN-1015 : Optimize round 2, 96 better
SYN-1014 : Optimize round 1
SYN-1015 : Optimize round 1, 0 better
RUN-1002 : start command "optimize_gate -no_sch"
RUN-1001 : Open license file D:/TD/license/Anlogic.lic
RUN-1001 : Print Global Property
RUN-1001 : ---------------------------------------------------------------
RUN-1001 :        Parameters        |  Settings  |  Default Values  |  Note  
RUN-1001 : ---------------------------------------------------------------
RUN-1001 :          message         |  standard  |     standard     |        
RUN-1001 :   mixed_pack_place_flow  |     on     |        on        |        
RUN-1001 :        qor_monitor       |    off     |       off        |        
RUN-1001 :        syn_ip_flow       |    off     |       off        |        
RUN-1001 :          thread          |    auto    |       auto       |        
RUN-1001 : ---------------------------------------------------------------
RUN-1001 : Print Gate Property
RUN-1001 : ------------------------------------------------------------------
RUN-1001 :          Parameters         |  Settings  |  Default Values  |  Note  
RUN-1001 : ------------------------------------------------------------------
RUN-1001 :         cascade_dsp         |    off     |       off        |        
RUN-1001 :         cascade_eram        |    off     |       off        |        
RUN-1001 :        gate_sim_model       |    off     |       off        |        
RUN-1001 :        map_sim_model        |    off     |       off        |        
RUN-1001 :         map_strategy        |     1      |        1         |        
RUN-1001 :           opt_area          |   medium   |      medium      |        
RUN-1001 :          opt_timing         |    auto    |       auto       |        
RUN-1001 :         pack_effort         |   medium   |      medium      |        
RUN-1001 :      pack_lslice_ripple     |     on     |        on        |        
RUN-1001 :   pack_lslice_ripple_ratio  |    0.5     |       0.5        |        
RUN-1001 :        pack_seq_in_io       |    auto    |       auto       |        
RUN-1001 :        ph1_mux_ratio        |    1.0     |       1.0        |        
RUN-1001 :            report           |  standard  |     standard     |        
RUN-1001 :           retiming          |    off     |       off        |        
RUN-1001 : ------------------------------------------------------------------
SYN-2001 : Map 3 IOs to PADs
RUN-1002 : start command "update_pll_param -module fpga_ed4g"
SYN-2501 : Processed 0 LOGIC_BUF instances.
SYN-2512 : LOGIC BRAM "auto_chipwatcher_0_logicbram"
SYN-2571 : Optimize after map_dsp, round 1
SYN-1032 : 1881/224 useful/useless nets, 1682/35 useful/useless insts
SYN-1016 : Merged 33 instances.
SYN-2571 : Optimize after map_dsp, round 1, 292 better
SYN-2571 : Optimize after map_dsp, round 2
SYN-2571 : Optimize after map_dsp, round 2, 0 better
SYN-1001 : Throwback 4 control mux instances
SYN-2501 : Optimize round 1
SYN-1016 : Merged 27 instances.
SYN-2501 : Optimize round 1, 56 better
SYN-2501 : Optimize round 2
SYN-2501 : Optimize round 2, 0 better
SYN-2501 : Map 16 macro adder
SYN-1019 : Optimized 13 mux instances.
SYN-1016 : Merged 11 instances.
SYN-1032 : 2283/5 useful/useless nets, 2084/4 useful/useless insts
SYN-3001 : Running gate level optimization.
SYN-2581 : Mapping with K=5, #lut = 205 (3.63), #lev = 5 (1.91)
SYN-2551 : Post LUT mapping optimization.
SYN-2581 : Mapping with K=5, #lut = 205 (3.63), #lev = 5 (1.91)
SYN-3001 : Logic optimization runtime opt =   0.02 sec, map =   0.00 sec
SYN-3001 : Mapper mapped 495 instances into 205 LUTs, name keeping = 72%.
SYN-1001 : Packing model "fpga_ed4g" ...
SYN-4010 : Pack lib has 58 rtl pack models with 25 top pack blocks
SYN-1014 : Optimize round 1
SYN-1015 : Optimize round 1, 0 better
SYN-4002 : Packing 341 DFF/LATCH to SEQ ...
SYN-4009 : Pack 7 carry chain into lslice
SYN-4007 : Packing 118 adder to BLE ...
SYN-4008 : Packed 118 adder and 0 SEQ to BLE.
SYN-4007 : Packing 0 gate4 to BLE ...
SYN-4008 : Packed 0 gate4 and 0 SEQ to BLE.
SYN-4012 : Packed 0 FxMUX
RUN-1002 : start command "legalize_phy_inst"
SYN-1011 : Flatten model fpga_ed4g
KIT-1004 : Compile Chipwatcher: Clear obsolete physical data.
RUN-1002 : start command "place"
RUN-1001 : Open license file D:/TD/license/Anlogic.lic
RUN-1001 : Print Global Property
RUN-1001 : ---------------------------------------------------------------
RUN-1001 :        Parameters        |  Settings  |  Default Values  |  Note  
RUN-1001 : ---------------------------------------------------------------
RUN-1001 :          message         |  standard  |     standard     |        
RUN-1001 :   mixed_pack_place_flow  |     on     |        on        |        
RUN-1001 :        qor_monitor       |    off     |       off        |        
RUN-1001 :        syn_ip_flow       |    off     |       off        |        
RUN-1001 :          thread          |    auto    |       auto       |        
RUN-1001 : ---------------------------------------------------------------
RUN-1001 : Print Place Property
RUN-1001 : --------------------------------------------------------------
RUN-1001 :        Parameters       |  Settings  |  Default Values  |  Note  
RUN-1001 : --------------------------------------------------------------
RUN-1001 :      detailed_place     |     on     |        on        |        
RUN-1001 :          effort         |   medium   |      medium      |        
RUN-1001 :         fix_hold        |    off     |       off        |        
RUN-1001 :       legalization      |    ori     |       ori        |        
RUN-1001 :      new_spreading      |     on     |        on        |        
RUN-1001 :        opt_timing       |   medium   |      medium      |        
RUN-1001 :   post_clock_route_opt  |    off     |       off        |        
RUN-1001 :       pr_strategy       |     1      |        1         |        
RUN-1001 :        relaxation       |    1.00    |       1.00       |        
RUN-1001 :         retiming        |    off     |       off        |        
RUN-1001 : --------------------------------------------------------------
PHY-3001 : Placer runs in 16 thread(s).
RUN-1002 : start command "legalize_phy_inst"
SYN-1011 : Flatten model fpga_ed4g
SYN-5055 WARNING: The kept net u_PLL_150M/clk1_out will be merged to another kept net clk_10m
SYN-5055 WARNING: The kept net u_ctrl_top/u_LED_send/clk will be merged to another kept net clk_10m
SYN-5055 WARNING: The kept net u_PLL_150M/clk2_out will be merged to another kept net clk_3m
SYN-5055 WARNING: The kept net _al_n1 will be merged to another kept net color_pattern[191]
SYN-5055 WARNING: The kept net color_pattern[191] will be merged to another kept net color_pattern[190]
SYN-5055 WARNING: The kept net color_pattern[190] will be merged to another kept net color_pattern[189]
SYN-5055 WARNING: The kept net color_pattern[189] will be merged to another kept net color_pattern[188]
SYN-5055 WARNING: The kept net color_pattern[188] will be merged to another kept net color_pattern[187]
SYN-5055 WARNING: The kept net color_pattern[187] will be merged to another kept net color_pattern[186]
SYN-5055 WARNING: The kept net color_pattern[186] will be merged to another kept net color_pattern[185]
SYN-5055 Similar messages will be suppressed.
RUN-1002 : start command "phys_opt -simplify_lut"
SYN-1032 : 1382/6 useful/useless nets, 1181/2 useful/useless insts
SYN-4016 : Net clk_150m driven by BUFG (60 clock/control pins, 1 other pins).
SYN-4016 : Net config_inst_syn_10 driven by BUFG (230 clock/control pins, 0 other pins).
SYN-4027 : Net clk_10m is clkc1 of pll u_PLL_150M/pll_inst.
SYN-4027 : Net clk_3m is clkc2 of pll u_PLL_150M/pll_inst.
SYN-4019 : Net sysclk_i_dup_1 is refclk of pll u_PLL_150M/pll_inst.
SYN-4020 : Net sysclk_i_dup_1 is fbclk of pll u_PLL_150M/pll_inst.
SYN-4025 : Tag rtl::Net clk_10m as clock net
SYN-4025 : Tag rtl::Net clk_150m as clock net
SYN-4025 : Tag rtl::Net clk_3m as clock net
SYN-4025 : Tag rtl::Net config_inst_syn_10 as clock net
SYN-4025 : Tag rtl::Net sysclk_i_dup_1 as clock net
SYN-4026 : Tagged 5 rtl::Net as clock net
PHY-1001 : Populate physical database on model fpga_ed4g.
RUN-1001 : There are total 1181 instances
RUN-0007 : 516 luts, 475 seqs, 96 mslices, 57 lslices, 3 pads, 28 brams, 0 dsps
RUN-1001 : There are total 1382 nets
RUN-6004 WARNING: There are 1 nets with only 1 pin.
RUN-1001 : 854 nets have 2 pins
RUN-1001 : 416 nets have [3 - 5] pins
RUN-1001 : 31 nets have [6 - 10] pins
RUN-1001 : 46 nets have [11 - 20] pins
RUN-1001 : 24 nets have [21 - 99] pins
RUN-1001 : 10 nets have 100+ pins
RUN-1001 : Report Control nets information:
RUN-1001 : DFF Distribution
RUN-1001 : ----------------------------------
RUN-1001 :   CE   |  SSR  |  ASR  |  DFF Count  
RUN-1001 : ----------------------------------
RUN-1001 :   No   |  No   |  No   |      2      
RUN-1001 :   No   |  No   |  Yes  |     199     
RUN-1001 :   No   |  Yes  |  No   |      0      
RUN-1001 :   Yes  |  No   |  No   |     26      
RUN-1001 :   Yes  |  No   |  Yes  |     248     
RUN-1001 :   Yes  |  Yes  |  No   |      0      
RUN-1001 : ----------------------------------
RUN-0007 : Control Group Statistic
RUN-0007 : ---------------------------
RUN-0007 :   #CLK  |  #CE  |  #SSR/ASR  
RUN-0007 : ---------------------------
RUN-0007 :    4    |   6   |     5      
RUN-0007 : ---------------------------
RUN-0007 : Control Set = 11
PHY-3001 : Initial placement ...
PHY-3001 : design contains 1179 instances, 516 luts, 475 seqs, 153 slices, 26 macros(153 instances: 96 mslices 57 lslices)
PHY-0007 : Cell area utilization is 4%
PHY-3001 : Global placement ...
PHY-3001 : Initial: Len = 304942
PHY-3001 : Clustering ...
PHY-3001 : Level 0 #clusters 1179.
PHY-3001 : End clustering;  0.000373s wall, 0.000000s user + 0.000000s system = 0.000000s CPU (n/a%)

PHY-3001 : Run with size of 4
PHY-3001 : Cell area utilization is 4%
PHY-3001 : :::0::: Try harder cell spreading with beta_ = 0
PHY-3002 : Step(1): len = 197451, overlap = 63
PHY-3002 : Step(2): len = 143594, overlap = 63
PHY-3002 : Step(3): len = 106928, overlap = 63
PHY-3002 : Step(4): len = 74127.9, overlap = 60.75
PHY-3002 : Step(5): len = 62226.3, overlap = 63
PHY-3002 : Step(6): len = 56120, overlap = 63
PHY-3002 : Step(7): len = 47421.9, overlap = 63
PHY-3002 : Step(8): len = 46359.5, overlap = 63
PHY-3002 : Step(9): len = 41856.7, overlap = 63
PHY-3002 : Step(10): len = 39521.6, overlap = 65.0625
PHY-3002 : Step(11): len = 34977.5, overlap = 65.9688
PHY-3002 : Step(12): len = 34599.2, overlap = 63
PHY-3002 : Step(13): len = 31486.7, overlap = 63
PHY-3002 : Step(14): len = 31614, overlap = 63
PHY-3002 : Step(15): len = 28779.9, overlap = 63
PHY-3001 : :::1::: Try harder cell spreading with beta_ = 8.0131e-07
PHY-3002 : Step(16): len = 28771.8, overlap = 54
PHY-3002 : Step(17): len = 29992.1, overlap = 51.75
PHY-3002 : Step(18): len = 29876.2, overlap = 56.25
PHY-3002 : Step(19): len = 27623.6, overlap = 49.5
PHY-3002 : Step(20): len = 27663.1, overlap = 49.5
PHY-3002 : Step(21): len = 27541.5, overlap = 54
PHY-3002 : Step(22): len = 27246.4, overlap = 54
PHY-3002 : Step(23): len = 27031.5, overlap = 54
PHY-3002 : Step(24): len = 26104.9, overlap = 54
PHY-3002 : Step(25): len = 25910.6, overlap = 54.125
PHY-3002 : Step(26): len = 25893.7, overlap = 59
PHY-3002 : Step(27): len = 25678.9, overlap = 63.75
PHY-3002 : Step(28): len = 25206.1, overlap = 64.25
PHY-3002 : Step(29): len = 24886.1, overlap = 60.7188
PHY-3002 : Step(30): len = 23586, overlap = 57.1562
PHY-3002 : Step(31): len = 23922.8, overlap = 59.4375
PHY-3002 : Step(32): len = 23871.9, overlap = 56.625
PHY-3002 : Step(33): len = 23086, overlap = 56.625
PHY-3002 : Step(34): len = 22695.7, overlap = 56.5625
PHY-3002 : Step(35): len = 22109.2, overlap = 59.7812
PHY-3002 : Step(36): len = 21333.6, overlap = 60.1875
PHY-3002 : Step(37): len = 21008, overlap = 58.25
PHY-3002 : Step(38): len = 20400.5, overlap = 58.8438
PHY-3002 : Step(39): len = 20338.4, overlap = 58.75
PHY-3002 : Step(40): len = 20190.9, overlap = 58.6562
PHY-3001 : :::2::: Try harder cell spreading with beta_ = 1.60262e-06
PHY-3002 : Step(41): len = 20305.1, overlap = 61.0938
PHY-3002 : Step(42): len = 20374.4, overlap = 61.0938
PHY-3002 : Step(43): len = 20473.4, overlap = 61.0938
PHY-3001 : :::3::: Try harder cell spreading with beta_ = 3.20524e-06
PHY-3002 : Step(44): len = 20924.6, overlap = 58.7188
PHY-3002 : Step(45): len = 20996.1, overlap = 58.7188
PHY-3002 : Step(46): len = 20767.6, overlap = 59.0312
PHY-3002 : Step(47): len = 20747, overlap = 59.0312
PHY-3002 : Step(48): len = 20704.9, overlap = 54.5312
PHY-3001 : :::4::: Try harder cell spreading with beta_ = 6.41048e-06
PHY-3002 : Step(49): len = 20931.5, overlap = 54.4062
PHY-3002 : Step(50): len = 20978.5, overlap = 54.4062
PHY-3002 : Step(51): len = 21016.1, overlap = 54.4062
PHY-3001 : :::5::: Try harder cell spreading with beta_ = 1.2821e-05
PHY-3002 : Step(52): len = 21464.8, overlap = 54.4062
PHY-3002 : Step(53): len = 21523.7, overlap = 54.6562
PHY-3002 : Step(54): len = 21723.6, overlap = 54.6562
PHY-3001 : :::6::: Try harder cell spreading with beta_ = 2.56419e-05
PHY-3002 : Step(55): len = 21890.5, overlap = 54.6562
PHY-3002 : Step(56): len = 21903.3, overlap = 54.6562
PHY-3002 : Step(57): len = 22563.8, overlap = 56.9062
PHY-3002 : Step(58): len = 22730.3, overlap = 57.0938
PHY-3002 : Step(59): len = 22769.4, overlap = 57.2188
PHY-3001 : :::7::: Try harder cell spreading with beta_ = 5.12838e-05
PHY-3002 : Step(60): len = 22812.2, overlap = 59.4688
PHY-3002 : Step(61): len = 22816.4, overlap = 59.4688
PHY-3002 : Step(62): len = 22987.2, overlap = 59.4688
PHY-3001 : :::8::: Try harder cell spreading with beta_ = 8.29772e-05
PHY-3002 : Step(63): len = 23045.5, overlap = 59.4688
PHY-3002 : Step(64): len = 23182.7, overlap = 59.4688
PHY-3002 : Step(65): len = 23211, overlap = 59.4688
PHY-3001 : Legalization ...
PHY-3001 : End legalization;  0.007310s wall, 0.000000s user + 0.000000s system = 0.000000s CPU (n/a%)

PHY-3001 : Run with size of 4
PHY-3001 : Cell area utilization is 5%
PHY-3001 : :::0::: Try harder cell spreading with beta_ = 9.13159e-06
PHY-3002 : Step(66): len = 29237.5, overlap = 21.5
PHY-3002 : Step(67): len = 29274, overlap = 21.375
PHY-3002 : Step(68): len = 28964.6, overlap = 20.8438
PHY-3002 : Step(69): len = 29172.7, overlap = 20.0312
PHY-3002 : Step(70): len = 29143.9, overlap = 19.9062
PHY-3001 : :::1::: Try harder cell spreading with beta_ = 1.82632e-05
PHY-3002 : Step(71): len = 28526.1, overlap = 20.4688
PHY-3002 : Step(72): len = 28604.6, overlap = 20.2188
PHY-3002 : Step(73): len = 28515.4, overlap = 20.5312
PHY-3001 : :::2::: Try harder cell spreading with beta_ = 3.65264e-05
PHY-3002 : Step(74): len = 27924.7, overlap = 20.4375
PHY-3002 : Step(75): len = 28061.8, overlap = 20.5
PHY-3002 : Step(76): len = 28147.9, overlap = 20.5
PHY-3001 : Run with size of 2
PHY-3001 : Cell area utilization is 5%
PHY-3001 : :::0::: Try harder cell spreading with beta_ = 1.58772e-05
PHY-3002 : Step(77): len = 28588.6, overlap = 49.0938
PHY-3002 : Step(78): len = 28853.1, overlap = 46.5625
PHY-3002 : Step(79): len = 29713.6, overlap = 40.25
PHY-3001 : :::1::: Try harder cell spreading with beta_ = 3.17544e-05
PHY-3002 : Step(80): len = 28931.3, overlap = 39.6562
PHY-3002 : Step(81): len = 29277.3, overlap = 39.7812
PHY-3002 : Step(82): len = 30252.6, overlap = 36.875
PHY-3001 : :::2::: Try harder cell spreading with beta_ = 6.35087e-05
PHY-3002 : Step(83): len = 29917.2, overlap = 37.1875
PHY-3002 : Step(84): len = 30099.5, overlap = 36.125
PHY-3002 : Step(85): len = 30569, overlap = 30.5
PHY-3001 : :::3::: Try harder cell spreading with beta_ = 0.000127017
PHY-3002 : Step(86): len = 30169.7, overlap = 27.8438
PHY-3002 : Step(87): len = 30458.5, overlap = 27.8125
PHY-3002 : Step(88): len = 31033.9, overlap = 24.625
PHY-3001 : :::4::: Try harder cell spreading with beta_ = 0.000254035
PHY-3002 : Step(89): len = 30682.1, overlap = 25.875
PHY-3002 : Step(90): len = 30690.6, overlap = 25.9375
PHY-3002 : Step(91): len = 30604.5, overlap = 23.4688
PHY-3001 : :::5::: Try harder cell spreading with beta_ = 0.00050807
PHY-3002 : Step(92): len = 30217.2, overlap = 23.375
PHY-3002 : Step(93): len = 30142.5, overlap = 23.375
PHY-3001 : :::6::: Try harder cell spreading with beta_ = 0.00101614
PHY-3002 : Step(94): len = 30364.9, overlap = 22.8125
PHY-3002 : Step(95): len = 30413.4, overlap = 23.2812
OPT-1001 : Start physical optimization ...
OPT-1001 : Total overflow 63.25 peak overflow 3.66
OPT-1001 : Start high-fanout net optimization ...
OPT-1001 : Update timing in global mode
PHY-1001 : Start incremental global routing, caller is place ...
RUN-1001 : Generating global routing grids ...
RUN-1001 : Building simple global routing graph ...
PHY-1001 : Generate routing nets ...
PHY-1001 : Reuse net number 0/1382.
PHY-1001 : Global iterations in 16 thread ...
PHY-1002 : len = 40312, over cnt = 181(0%), over = 559, worst = 15
PHY-1001 : End global iterations;  0.077979s wall, 0.015625s user + 0.015625s system = 0.031250s CPU (40.1%)

PHY-1001 : Congestion index: top1 = 28.86, top5 = 18.10, top10 = 12.19, top15 = 8.70.
PHY-1001 : End incremental global routing;  0.188721s wall, 0.062500s user + 0.031250s system = 0.093750s CPU (49.7%)

RUN-1002 : start command "start_timer -report"
TMR-5001 WARNING: No sdc constraints found while initiating timer.
TMR-2505 : Start building timing graph for model fpga_ed4g.
TMR-2506 : Build timing graph completely. Port num: 3, tpin num: 6061, tnet num: 1380, tinst num: 1179, tnode num: 7910, tedge num: 10065.
TMR-2508 : Levelizing timing graph completed, there are 29 levels in total.
TMR-2501 : Timing graph initialized successfully.
OPT-1001 : End timing update;  0.095499s wall, 0.046875s user + 0.000000s system = 0.046875s CPU (49.1%)

OPT-1001 : 0 high-fanout net processed.
OPT-1001 : End high-fanout net optimization;  0.304240s wall, 0.109375s user + 0.031250s system = 0.140625s CPU (46.2%)

OPT-1001 : Current memory(MB): used = 178, reserve = 141, peak = 178.
OPT-1001 : End physical optimization;  0.322273s wall, 0.109375s user + 0.031250s system = 0.140625s CPU (43.6%)

PHY-3001 : Start packing ...
SYN-4007 : Packing 0 MUX to BLE ...
SYN-4008 : Packed 0 MUX and 0 SEQ to BLE.
SYN-4007 : Packing 516 LUT to BLE ...
SYN-4008 : Packed 516 LUT and 161 SEQ to BLE.
SYN-4003 : Packing 314 remaining SEQ's ...
SYN-4005 : Packed 165 SEQ with LUT/SLICE
SYN-4006 : 213 single LUT's are left
SYN-4006 : 149 single SEQ's are left
SYN-4011 : Packing model "fpga_ed4g" (AL_USER_NORMAL) with 665/931 primitive instances ...
PHY-3001 : End packing;  0.034416s wall, 0.000000s user + 0.000000s system = 0.000000s CPU (n/a%)

PHY-1001 : Populate physical database on model fpga_ed4g.
RUN-1001 : There are total 551 instances
RUN-1001 : 257 mslices, 257 lslices, 3 pads, 28 brams, 0 dsps
RUN-1001 : There are total 1224 nets
RUN-6004 WARNING: There are 1 nets with only 1 pin.
RUN-1001 : 672 nets have 2 pins
RUN-1001 : 437 nets have [3 - 5] pins
RUN-1001 : 35 nets have [6 - 10] pins
RUN-1001 : 47 nets have [11 - 20] pins
RUN-1001 : 26 nets have [21 - 99] pins
RUN-1001 : 6 nets have 100+ pins
PHY-3001 : design contains 549 instances, 514 slices, 26 macros(153 instances: 96 mslices 57 lslices)
PHY-3001 : Cell area utilization is 6%
PHY-3001 : After packing: Len = 31397.4, Over = 35.25
PHY-3001 : Run with size of 2
PHY-3001 : Cell area utilization is 6%
PHY-3001 : :::0::: Try harder cell spreading with beta_ = 2.20772e-05
PHY-3002 : Step(96): len = 30363.1, overlap = 37.5
PHY-3002 : Step(97): len = 30448.5, overlap = 37
PHY-3002 : Step(98): len = 30102.5, overlap = 39.75
PHY-3002 : Step(99): len = 29664.6, overlap = 40.25
PHY-3002 : Step(100): len = 29384.5, overlap = 40
PHY-3002 : Step(101): len = 29367.2, overlap = 41
PHY-3002 : Step(102): len = 28956.2, overlap = 44.25
PHY-3002 : Step(103): len = 28545.4, overlap = 41.5
PHY-3002 : Step(104): len = 28664, overlap = 41.25
PHY-3002 : Step(105): len = 28367.7, overlap = 40.75
PHY-3002 : Step(106): len = 28538.6, overlap = 39
PHY-3002 : Step(107): len = 28123, overlap = 36.25
PHY-3002 : Step(108): len = 28087.1, overlap = 35.5
PHY-3002 : Step(109): len = 27801.8, overlap = 38.75
PHY-3001 : :::1::: Try harder cell spreading with beta_ = 4.41545e-05
PHY-3002 : Step(110): len = 27747.6, overlap = 38.75
PHY-3002 : Step(111): len = 27861.4, overlap = 39.25
PHY-3002 : Step(112): len = 27885.3, overlap = 39
PHY-3001 : :::2::: Try harder cell spreading with beta_ = 8.8309e-05
PHY-3002 : Step(113): len = 28205.6, overlap = 38.75
PHY-3002 : Step(114): len = 28439.1, overlap = 38.75
PHY-3002 : Step(115): len = 28543.1, overlap = 38.5
PHY-3001 : Legalization ...
PHY-3001 : End legalization;  0.084703s wall, 0.000000s user + 0.000000s system = 0.000000s CPU (n/a%)

PHY-3001 : Trial Legalized: Len = 40684.6
PHY-3001 : Run with size of 2
PHY-3001 : Cell area utilization is 6%
PHY-3001 : :::0::: Try harder cell spreading with beta_ = 0.000533375
PHY-3002 : Step(116): len = 35502.1, overlap = 7.25
PHY-3002 : Step(117): len = 33886.6, overlap = 7.75
PHY-3002 : Step(118): len = 32106.4, overlap = 15
PHY-3002 : Step(119): len = 31816.4, overlap = 17.25
PHY-3002 : Step(120): len = 30970.9, overlap = 18.75
PHY-3002 : Step(121): len = 30664, overlap = 20.25
PHY-3002 : Step(122): len = 30413.1, overlap = 22.75
PHY-3001 : :::1::: Try harder cell spreading with beta_ = 0.00106675
PHY-3002 : Step(123): len = 30553, overlap = 22
PHY-3002 : Step(124): len = 30564.6, overlap = 22
PHY-3001 : :::2::: Try harder cell spreading with beta_ = 0.0021335
PHY-3002 : Step(125): len = 30546.5, overlap = 21.5
PHY-3002 : Step(126): len = 30546.5, overlap = 21.5
PHY-3001 : Legalization ...
PHY-3001 : End legalization;  0.008360s wall, 0.015625s user + 0.000000s system = 0.015625s CPU (186.9%)

PHY-3001 : Legalized: Len = 36108.6, Over = 0
PHY-3001 : Spreading special nets. 6 overflows in 2952 tiles.
PHY-3001 : End spreading;  0.009348s wall, 0.000000s user + 0.000000s system = 0.000000s CPU (n/a%)

PHY-3001 : 10 instances has been re-located, deltaX = 0, deltaY = 12, maxDist = 2.
PHY-3001 : Final: Len = 36578.6, Over = 0
OPT-1001 : Start physical optimization ...
OPT-1001 : Total overflow 0.00 peak overflow 0.00
OPT-1001 : Start high-fanout net optimization ...
OPT-1001 : Update timing in global mode
PHY-1001 : Start incremental global routing, caller is place ...
RUN-1001 : Generating global routing grids ...
PHY-1001 : Generate routing nets ...
PHY-1001 : Reuse net number 28/1224.
PHY-1001 : Global iterations in 16 thread ...
PHY-1002 : len = 48576, over cnt = 170(0%), over = 287, worst = 7
PHY-1002 : len = 50040, over cnt = 85(0%), over = 118, worst = 3
PHY-1002 : len = 51184, over cnt = 21(0%), over = 34, worst = 3
PHY-1002 : len = 51456, over cnt = 6(0%), over = 6, worst = 1
PHY-1002 : len = 51504, over cnt = 0(0%), over = 0, worst = 0
PHY-1001 : End global iterations;  0.127368s wall, 0.015625s user + 0.015625s system = 0.031250s CPU (24.5%)

PHY-1001 : Congestion index: top1 = 27.22, top5 = 19.98, top10 = 14.82, top15 = 10.85.
PHY-1001 : End incremental global routing;  0.185564s wall, 0.015625s user + 0.015625s system = 0.031250s CPU (16.8%)

RUN-1002 : start command "start_timer -report"
TMR-5001 WARNING: No sdc constraints found while initiating timer.
TMR-2505 : Start building timing graph for model fpga_ed4g.
TMR-2506 : Build timing graph completely. Port num: 3, tpin num: 5277, tnet num: 1222, tinst num: 549, tnode num: 6605, tedge num: 9024.
TMR-2508 : Levelizing timing graph completed, there are 29 levels in total.
TMR-2501 : Timing graph initialized successfully.
OPT-1001 : End timing update;  0.074790s wall, 0.046875s user + 0.000000s system = 0.046875s CPU (62.7%)

OPT-1001 : 0 high-fanout net processed.
OPT-1001 : End high-fanout net optimization;  0.277753s wall, 0.062500s user + 0.015625s system = 0.078125s CPU (28.1%)

OPT-1001 : Current memory(MB): used = 182, reserve = 145, peak = 182.
OPT-1001 : Update timing in Manhattan mode
OPT-1001 : End timing update;  0.001959s wall, 0.000000s user + 0.000000s system = 0.000000s CPU (n/a%)

OPT-1001 : Start pin optimization...
OPT-1001 : skip pin optimization...
RUN-1001 : Generating global routing grids ...
PHY-1001 : Generate routing nets ...
PHY-1001 : Reuse net number 1027/1224.
PHY-1001 : Global iterations in 16 thread ...
PHY-1002 : len = 51504, over cnt = 0(0%), over = 0, worst = 0
PHY-1001 : End global iterations;  0.004819s wall, 0.000000s user + 0.000000s system = 0.000000s CPU (n/a%)

PHY-1001 : Congestion index: top1 = 27.22, top5 = 19.98, top10 = 14.82, top15 = 10.85.
OPT-1001 : Update timing in Manhattan mode
OPT-1001 : End timing update;  0.001857s wall, 0.000000s user + 0.000000s system = 0.000000s CPU (n/a%)

RUN-1001 : QoR Analysis:
OPT-0007 :   WNS 2147483647 TNS 0 NUM_FEPS 0
RUN-1001 :   No local congestion issue, and most congested 1% tile average routing util is 26.827586
RUN-1001 :   Top critical paths
OPT-1001 : End physical optimization;  0.357128s wall, 0.093750s user + 0.015625s system = 0.109375s CPU (30.6%)

RUN-1003 : finish command "place" in  3.578626s wall, 0.828125s user + 0.812500s system = 1.640625s CPU (45.8%)

RUN-1004 : used memory is 165 MB, reserved memory is 127 MB, peak memory is 183 MB
RUN-1002 : start command "export_db led_4s_place.db"
RUN-1001 : Exported /
RUN-1001 : Exported flow parameters
RUN-1001 : Exported libs
RUN-1001 : Exported entities
RUN-1001 : Exported ports
RUN-1001 : Exported pins
RUN-1001 : Exported instances
RUN-1001 : Exported nets
RUN-1001 : Exported buses
RUN-1001 : Exported models
RUN-1001 : Exported congestions
RUN-1001 : Exported violations
RUN-1001 : Exported IO constraints
RUN-1001 : Exported Inst constraints
RUN-1001 : Exported ChipWatcher
RUN-1002 : start command "route"
RUN-1001 : Open license file D:/TD/license/Anlogic.lic
RUN-1001 : Print Global Property
RUN-1001 : ---------------------------------------------------------------
RUN-1001 :        Parameters        |  Settings  |  Default Values  |  Note  
RUN-1001 : ---------------------------------------------------------------
RUN-1001 :          message         |  standard  |     standard     |        
RUN-1001 :   mixed_pack_place_flow  |     on     |        on        |        
RUN-1001 :        qor_monitor       |    off     |       off        |        
RUN-1001 :        syn_ip_flow       |    off     |       off        |        
RUN-1001 :          thread          |    auto    |       auto       |        
RUN-1001 : ---------------------------------------------------------------
RUN-1001 : Print Route Property
RUN-1001 : -------------------------------------------------------
RUN-1001 :    Parameters    |  Settings  |  Default Values  |  Note  
RUN-1001 : -------------------------------------------------------
RUN-1001 :      effort      |   medium   |      medium      |        
RUN-1001 :     fix_hold     |    off     |       off        |        
RUN-1001 :    opt_timing    |   medium   |      medium      |        
RUN-1001 :   phy_sim_model  |    off     |       off        |        
RUN-1001 :     priority     |   timing   |      timing      |        
RUN-1001 :     swap_pin     |     on     |        on        |        
RUN-1001 : -------------------------------------------------------
PHY-1001 : Route runs in 16 thread(s)
RUN-1001 : There are total 551 instances
RUN-1001 : 257 mslices, 257 lslices, 3 pads, 28 brams, 0 dsps
RUN-1001 : There are total 1224 nets
RUN-6004 WARNING: There are 1 nets with only 1 pin.
RUN-1001 : 672 nets have 2 pins
RUN-1001 : 437 nets have [3 - 5] pins
RUN-1001 : 35 nets have [6 - 10] pins
RUN-1001 : 47 nets have [11 - 20] pins
RUN-1001 : 26 nets have [21 - 99] pins
RUN-1001 : 6 nets have 100+ pins
RUN-1002 : start command "start_timer -report"
TMR-5001 WARNING: No sdc constraints found while initiating timer.
TMR-2505 : Start building timing graph for model fpga_ed4g.
TMR-2506 : Build timing graph completely. Port num: 3, tpin num: 5277, tnet num: 1222, tinst num: 549, tnode num: 6605, tedge num: 9024.
TMR-2508 : Levelizing timing graph completed, there are 29 levels in total.
TMR-2501 : Timing graph initialized successfully.
PHY-1001 : 257 mslices, 257 lslices, 3 pads, 28 brams, 0 dsps
TMR-2503 : Start to update net delay, extr mode = 3.
TMR-2504 : Update delay of 1222 nets completely.
TMR-2502 : Annotate delay completely, extr mode = 3.
TMR-3002 : No user constraint, initiate default constraint.
TMR-1501 : Assign derive clock DeriveClock to 608 clock pins, and constraint 1328 relative nodes.
TMR-3003 : Constraints initiated successfully.
TMR-3501 : Forward propagation: start to calculate arrival time...
TMR-3502 : Backward propagation: start to calculate required time...
TMR-3503 : Timing propagation completes.
PHY-1001 : Start global routing, caller is route ...
RUN-1001 : Generating global routing grids ...
PHY-1001 : Generate routing nets ...
PHY-1001 : Global iterations in 16 thread ...
PHY-1002 : len = 48216, over cnt = 164(0%), over = 276, worst = 7
PHY-1002 : len = 49720, over cnt = 79(0%), over = 112, worst = 4
PHY-1002 : len = 50816, over cnt = 21(0%), over = 30, worst = 3
PHY-1002 : len = 51248, over cnt = 0(0%), over = 0, worst = 0
PHY-1001 : End global iterations;  0.132390s wall, 0.062500s user + 0.000000s system = 0.062500s CPU (47.2%)

PHY-1001 : Congestion index: top1 = 27.35, top5 = 19.76, top10 = 14.59, top15 = 10.67.
PHY-1001 : End global routing;  0.193935s wall, 0.062500s user + 0.031250s system = 0.093750s CPU (48.3%)

PHY-1001 : Start detail routing ...
PHY-1001 : Current memory(MB): used = 213, reserve = 176, peak = 225.
PHY-1001 : Detailed router is running in normal mode.
PHY-1001 : Generate detailed routing grids ...
PHY-1001 : Generate nets ...
PHY-1001 : net clk_10m will be routed on clock mesh
PHY-1001 : clock net clk_150m will be merged with clock u_PLL_150M/clk0_buf
PHY-5010 WARNING: Net clk_3m is skipped due to 0 input or output
PHY-1001 : net sysclk_i_dup_1 will be routed on clock mesh
PHY-1001 : clock net config_inst_syn_10 will be merged with clock config_inst_syn_9
PHY-5010 WARNING: Net clk_3m is skipped due to 0 input or output
PHY-1001 : Current memory(MB): used = 478, reserve = 446, peak = 478.
PHY-1001 : End build detailed router design. 2.440173s wall, 2.093750s user + 0.187500s system = 2.281250s CPU (93.5%)

PHY-1001 : Detail Route ...
PHY-1001 : ===== Detail Route Phase 1 =====
PHY-1001 : Clock net routing.....
PHY-1001 : Routed 0% nets.
PHY-1022 : len = 24648, over cnt = 0(0%), over = 0, worst = 0, crit = 0
PHY-1001 : End initial clock net routed; 0.834787s wall, 0.718750s user + 0.000000s system = 0.718750s CPU (86.1%)

PHY-1001 : Current memory(MB): used = 510, reserve = 479, peak = 510.
PHY-1001 : End phase 1; 0.841850s wall, 0.718750s user + 0.000000s system = 0.718750s CPU (85.4%)

PHY-1001 : ===== Detail Route Phase 2 =====
PHY-1001 : Initial routing.....
PHY-1001 : Routed 34% nets.
PHY-1001 : Routed 41% nets.
PHY-1001 : Routed 50% nets.
PHY-1001 : Routed 64% nets.
PHY-1001 : Routed 88% nets.
PHY-1022 : len = 221816, over cnt = 44(0%), over = 44, worst = 1, crit = 0
PHY-1001 : Current memory(MB): used = 511, reserve = 480, peak = 512.
PHY-1001 : End initial routed; 1.857015s wall, 1.265625s user + 0.046875s system = 1.312500s CPU (70.7%)

PHY-1001 : Current memory(MB): used = 511, reserve = 480, peak = 512.
PHY-1001 : End phase 2; 1.858181s wall, 1.265625s user + 0.046875s system = 1.312500s CPU (70.6%)

PHY-1001 : ===== Detail Route Phase 3 =====
PHY-1001 : Ripup-reroute.....
PHY-1001 : ===== DR Iter 1 =====
PHY-1022 : len = 219160, over cnt = 8(0%), over = 8, worst = 1, crit = 0
PHY-1001 : End DR Iter 1; 0.171086s wall, 0.140625s user + 0.000000s system = 0.140625s CPU (82.2%)

PHY-1001 : ===== DR Iter 2 =====
PHY-1022 : len = 219232, over cnt = 0(0%), over = 0, worst = 0, crit = 0
PHY-1001 : End DR Iter 2; 0.018502s wall, 0.000000s user + 0.000000s system = 0.000000s CPU (n/a%)

PHY-1001 : Commit to database.....
PHY-1001 : 11 feed throughs used by 6 nets
PHY-1001 : End commit to database; 0.104343s wall, 0.093750s user + 0.000000s system = 0.093750s CPU (89.8%)

PHY-1001 : Current memory(MB): used = 525, reserve = 493, peak = 525.
PHY-1001 : End phase 3; 0.383059s wall, 0.281250s user + 0.000000s system = 0.281250s CPU (73.4%)

PHY-1003 : Routed, final wirelength = 219232
PHY-1001 : Current memory(MB): used = 525, reserve = 494, peak = 525.
PHY-1001 : End export database. 0.008133s wall, 0.000000s user + 0.000000s system = 0.000000s CPU (n/a%)

PHY-1001 : End detail routing;  5.722674s wall, 4.468750s user + 0.250000s system = 4.718750s CPU (82.5%)

RUN-1003 : finish command "route" in  6.108764s wall, 4.593750s user + 0.281250s system = 4.875000s CPU (79.8%)

RUN-1004 : used memory is 460 MB, reserved memory is 428 MB, peak memory is 525 MB
RUN-1002 : start command "report_area -io_info -file led_4s_phy.area"
RUN-1001 : standard
***Report Model: fpga_ed4g Device: EG4S20BG256***

IO Statistics
#IO                         3
  #input                    1
  #output                   2
  #inout                    0

Utilization Statistics
#lut                      836   out of  19600    4.27%
#reg                      478   out of  19600    2.44%
#le                       985
  #lut only               507   out of    985   51.47%
  #reg only               149   out of    985   15.13%
  #lut&reg                329   out of    985   33.40%
#dsp                        0   out of     29    0.00%
#bram                      28   out of     64   43.75%
  #bram9k                  27
  #fifo9k                   1
#bram32k                    0   out of     16    0.00%
#pad                        3   out of    188    1.60%
  #ireg                     0
  #oreg                     1
  #treg                     0
#pll                        1   out of      4   25.00%
#gclk                       2   out of     16   12.50%

Clock Resource Statistics
Index     ClockNet               Type               DriverType         Driver                       Fanout
#1        clk_10m                GCLK               pll                u_PLL_150M/pll_inst.clkc1    129
#2        config_inst_syn_9      GCLK               config             config_inst.jtck             125
#3        u_PLL_150M/clk0_buf    GCLK               pll                u_PLL_150M/pll_inst.clkc0    37
#4        sysclk_i_dup_1         GCLK               io                 sysclk_i_syn_2.di            14
#5        clk_3m                 GeneralRouting     pll                u_PLL_150M/pll_inst.clkc2    0


Detailed IO Report

    Name      Direction    Location    IOStandard    DriveStrength    PullType    PackReg  
  sysclk_i      INPUT         R7        LVCMOS33          N/A          PULLUP      NONE    
    cko        OUTPUT        F15        LVCMOS33           8           PULLUP      NONE    
    sdo        OUTPUT        D16        LVCMOS33           8           PULLUP      OREG    

Report Hierarchy Area:
+-----------------------------------------------------------------------------------------------------------------+
|Instance                            |Module                 |le     |lut     |ripple  |seq     |bram    |dsp     |
+-----------------------------------------------------------------------------------------------------------------+
|top                                 |fpga_ed4g              |985    |683     |153     |479     |28      |0       |
|  u_PLL_150M                        |PLL_150M               |1      |1       |0       |0       |0       |0       |
|  u_ctrl_top                        |led_ctrl_top           |324    |300     |20      |74      |1       |0       |
|    u_LED_send                      |LED_send               |116    |102     |12      |49      |0       |0       |
|    u_cdc_sbit_handshake            |cdc_sbit_handshake     |4      |2       |0       |3       |0       |0       |
|    u_fifo_fsm                      |fifo_fsm               |69     |61      |8       |21      |0       |0       |
|    u_hasyncfifo_ahead12to12        |hasyncfifo_ahead12to12 |135    |135     |0       |1       |1       |0       |
|      u_hasyncfifo_12to12           |hasyncfifo_12to12      |2      |2       |0       |0       |1       |0       |
|  cw_top                            |CW_TOP_WRAPPER         |521    |305     |95      |340     |0       |0       |
|    wrapper_cwc_top                 |cwc_top                |521    |305     |95      |340     |0       |0       |
|      cfg_int_inst                  |cwc_cfg_int            |225    |116     |0       |225     |0       |0       |
|        reg_inst                    |register               |222    |113     |0       |222     |0       |0       |
|        tap_inst                    |tap                    |3      |3       |0       |3       |0       |0       |
|      trigger_inst                  |trigger                |296    |189     |95      |115     |0       |0       |
|        bus_inst                    |bus_top                |95     |55      |34      |32      |0       |0       |
|          BUS_DETECTOR[0]$bus_nodes |bus_det                |39     |20      |14      |13      |0       |0       |
|          BUS_DETECTOR[1]$bus_nodes |bus_det                |2      |2       |0       |2       |0       |0       |
|          BUS_DETECTOR[2]$bus_nodes |bus_det                |16     |9       |6       |4       |0       |0       |
|          BUS_DETECTOR[3]$bus_nodes |bus_det                |37     |23      |14      |12      |0       |0       |
|          BUS_DETECTOR[5]$bus_nodes |bus_det                |1      |1       |0       |1       |0       |0       |
|        emb_ctrl_inst               |emb_ctrl               |114    |85      |29      |55      |0       |0       |
+-----------------------------------------------------------------------------------------------------------------+


DataNet Average Fanout:

   Index     Fanout     Nets  
    #1          1       669   
    #2          2       292   
    #3          3       107   
    #4          4        38   
    #5        5-10       52   
    #6        11-50      49   
    #7       51-100      5    
    #8       101-500     2    
  Average     3.09            

RUN-1002 : start command "export_db led_4s_pr.db"
RUN-1001 : Exported /
RUN-1001 : Exported flow parameters
RUN-1001 : Exported libs
RUN-1001 : Exported entities
RUN-1001 : Exported ports
RUN-1001 : Exported pins
RUN-1001 : Exported instances
RUN-1001 : Exported nets
RUN-1001 : Exported buses
RUN-1001 : Exported models
RUN-1001 : Exported congestions
RUN-1001 : Exported violations
RUN-1001 : Exported IO constraints
RUN-1001 : Exported Inst constraints
RUN-1001 : Exported ChipWatcher
RUN-1002 : start command "export_bid led_4s_inst.bid"
PRG-1000 : <!-- HMAC is: 489d4debaadd24d1ecbf3d9e92da4bfde99d0429ae4f23d64cba83f689075432 -->
RUN-1002 : start command "bitgen -bit led_4s.bit"
BIT-1003 : Start to generate bitstream. 
BIT-1002 : Init instances with 16 threads.
BIT-1002 : Init instances completely, inst num: 549
BIT-1002 : Init pips with 16 threads.
BIT-1002 : Init pips completely, net num: 1224, pip num: 13456
BIT-1002 : Init feedthrough with 16 threads.
BIT-1002 : Init feedthrough completely, num: 11
BIT-1003 : Multithreading accelaration with 16 threads.
BIT-1003 : Generate bitstream completely, there are 1348 valid insts, and 35937 bits set as '1'.
BIT-1004 : the usercode register value: 00000000110001001100111110010010
BIT-1004 : PLL setting string = 0010
BIT-1004 : Generate bits file led_4s.bit.
RUN-1003 : finish command "bitgen -bit led_4s.bit" in  1.523086s wall, 5.328125s user + 0.046875s system = 5.375000s CPU (352.9%)

RUN-1004 : used memory is 459 MB, reserved memory is 436 MB, peak memory is 657 MB
RUN-1002 : start command "backup_run_log run.log ../.logs/phy_1/td_20240711_175447.log"
