============================================================
   Tang Dynasty, V5.6.71036
      Copyright (c) 2012-2023 Anlogic Inc.
   Executable = D:/TD/bin/td.exe
   Built at =   20:34:38 Mar 21 2023
   Run by =     32863
   Run Date =   Wed Jul 10 14:46:45 2024

   Run on =     SUPERIOR-LEGION
============================================================
RUN-1002 : start command "open_project led_4s.prj"
RUN-1001 : Print Global Property
RUN-1001 : ---------------------------------------------------------------
RUN-1001 :        Parameters        |  Settings  |  Default Values  |  Note  
RUN-1001 : ---------------------------------------------------------------
RUN-1001 :          message         |  standard  |     standard     |        
RUN-1001 :   mixed_pack_place_flow  |     on     |        on        |        
RUN-1001 :        qor_monitor       |    off     |       off        |        
RUN-1001 :        syn_ip_flow       |    off     |       off        |        
RUN-1001 :          thread          |    auto    |       auto       |        
RUN-1001 : ---------------------------------------------------------------
RUN-1001 : Print Design Property
RUN-1001 : --------------------------------------------------------------
RUN-1001 :        Parameters       |  Settings  |  Default Values  |  Note  
RUN-1001 : --------------------------------------------------------------
RUN-1001 :   default_reg_initial   |    auto    |       auto       |        
RUN-1001 :        infer_add        |     on     |        on        |        
RUN-1001 :        infer_fsm        |    off     |       off        |        
RUN-1001 :        infer_mult       |     on     |        on        |        
RUN-1001 :        infer_ram        |     on     |        on        |        
RUN-1001 :        infer_reg        |     on     |        on        |        
RUN-1001 :   infer_reg_init_value  |     on     |        on        |        
RUN-1001 :        infer_rom        |     on     |        on        |        
RUN-1001 :      infer_shifter      |     on     |        on        |        
RUN-1001 : --------------------------------------------------------------
RUN-1001 : Print Rtl Property
RUN-1001 : --------------------------------------------------------------
RUN-1001 :        Parameters       |  Settings  |  Default Values  |  Note  
RUN-1001 : --------------------------------------------------------------
RUN-1001 :       compress_add      |   ripple   |      ripple      |        
RUN-1001 :        elf_sload        |    off     |       off        |        
RUN-1001 :       fix_undriven      |     0      |        0         |        
RUN-1001 :         flatten         |    off     |       off        |        
RUN-1001 :       gate_sharing      |     on     |        on        |        
RUN-1001 :    hdl_warning_level    |   normal   |      normal      |        
RUN-1001 :   impl_internal_tribuf  |     on     |        on        |        
RUN-1001 :      impl_set_reset     |     on     |        on        |        
RUN-1001 :        infer_gsr        |    off     |       off        |        
RUN-1001 :      keep_hierarchy     |    auto    |       auto       |        
RUN-1001 :        max_fanout       |    9999    |       9999       |        
RUN-1001 :      max_oh2bin_len     |     10     |        10        |        
RUN-1001 :       merge_equal       |     on     |        on        |        
RUN-1001 :       merge_equiv       |     on     |        on        |        
RUN-1001 :        merge_mux        |    off     |       off        |        
RUN-1001 :     min_control_set     |     8      |        8         |        
RUN-1001 :      min_ripple_len     |    auto    |       auto       |        
RUN-1001 :       oh2bin_ratio      |    0.08    |       0.08       |        
RUN-1001 :     opt_adder_fanout    |     on     |        on        |        
RUN-1001 :        opt_arith        |     on     |        on        |        
RUN-1001 :       opt_big_gate      |    off     |       off        |        
RUN-1001 :        opt_const        |     on     |        on        |        
RUN-1001 :      opt_const_mult     |     on     |        on        |        
RUN-1001 :       opt_lessthan      |     on     |        on        |        
RUN-1001 :         opt_mux         |    off     |       off        |        
RUN-1001 :         opt_ram         |    high    |       high       |        
RUN-1001 :      rtl_sim_model      |    off     |       off        |        
RUN-1001 :         seq_syn         |     on     |        on        |        
RUN-1001 : --------------------------------------------------------------
HDL-1007 : analyze verilog file ../../al_ip/PLL_150M.v
HDL-1007 : undeclared symbol 'open', assumed default net type 'wire' in ../../al_ip/PLL_150M.v(85)
HDL-1007 : analyze verilog file ../../al_ip/hasyncfifo_ahead12to12.v
HDL-1007 : analyze verilog file ../../../../src/rtl/FPGA/fpga_eg4s.sv
HDL-1007 : undeclared symbol 'en', assumed default net type 'wire' in ../../../../src/rtl/FPGA/fpga_eg4s.sv(77)
HDL-1007 : undeclared symbol 'start', assumed default net type 'wire' in ../../../../src/rtl/FPGA/fpga_eg4s.sv(78)
HDL-1007 : analyze verilog file ../../../../src/rtl/LED_CTRL_top/led_ctrl_top.sv
HDL-1007 : analyze verilog file ../../../../src/rtl/led_phy/LED_send.sv
HDL-1007 : analyze verilog file ../../../../src/rtl/led_phy/cdc_sbit_handshake.sv
HDL-1007 : analyze verilog file ../../../../src/rtl/led_phy/fifo_fsm.sv
HDL-1007 : analyze verilog file ../../../../src/rtl/led_phy/hasyncfifo_ahead12to12.v
RUN-1001 : Project manager successfully analyzed 8 source files.
RUN-1003 : finish command "open_project led_4s.prj" in  1.231948s wall, 0.000000s user + 0.015625s system = 0.015625s CPU (1.3%)

RUN-1004 : used memory is 49 MB, reserved memory is 20 MB, peak memory is 49 MB
RUN-1002 : start command "import_device eagle_s20.db -package EG4S20BG256"
ARC-1001 : Device Initialization.
ARC-1001 : ------------------------------------------------------------------
ARC-1001 :            OPTION            |          IO          |   SETTING   
ARC-1001 : ------------------------------------------------------------------
ARC-1001 :   cso_b/cclk/mosi/miso/dout  |  T3/R11/T10/P10/S11  |    gpio    
ARC-1001 :             done             |         P13          |    gpio    
ARC-1001 :           program_b          |          T2          |  dedicate  
ARC-1001 :        tdi/tms/tck/tdo       |   C12/A15/C14/E14    |  dedicate  
ARC-1001 : ------------------------------------------------------------------
ARC-1004 : Device setting, marked 5 dedicate IOs in total.
RUN-1002 : start command "import_db ../syn_1/led_4s_gate.db"
RUN-1001 : Importing database generated by Tang Dynasty, V5.6.71036.
RUN-1001 : Database version number 46146.
RUN-1001 : Import flow parameters
RUN-1001 : Import IO constraints
RUN-1001 : Import Inst constraints
RUN-1001 : Import design success TD_VERSION=5.6.71036 , DB_VERSION=46146
RUN-1002 : start command "config_chipwatcher ../../cwc001.cwc -dir "
RUN-1002 : start command "legalize_phy_inst"
SYN-1011 : Flatten model fpga_ed4g
KIT-1004 : ChipWatcher: import watcher inst auto_chipwatcher_0 completed, there are 6 view nodes, 30 trigger nets, 30 data nets.
KIT-1004 : Chipwatcher code = 1100111110010010
RUN-1002 : start command "compile_watcher"
RUN-1002 : start command "read_verilog -no_sch -dir D:/TD/cw/ -file led_4s_watcherInst.sv -lib cw -top CW_TOP_WRAPPER"
HDL-1007 : analyze verilog file D:/TD/cw\bus_det.v
HDL-1007 : analyze verilog file D:/TD/cw\bus_top.sv
HDL-1007 : analyze verilog file D:/TD/cw\cfg_int.v
HDL-1007 : analyze verilog file D:/TD/cw\cwc_cfg_int.v
HDL-1007 : analyze verilog file D:/TD/cw\cwc_top.sv
HDL-1007 : analyze verilog file D:/TD/cw\detect_bus.v
HDL-1007 : analyze verilog file D:/TD/cw\detect_non_bus.v
HDL-1007 : analyze verilog file D:/TD/cw\emb_ctrl.v
HDL-1007 : analyze verilog file D:/TD/cw\register.v
HDL-1007 : analyze verilog file D:/TD/cw\tap.v
HDL-1007 : analyze verilog file D:/TD/cw\trigger.sv
HDL-1007 : analyze verilog file led_4s_watcherInst.sv
HDL-1007 : elaborate module CW_TOP_WRAPPER in led_4s_watcherInst.sv(1)
HDL-1007 : elaborate module cwc_top(BUS_NUM=6,BUS_DIN_NUM=30,BUS_CTRL_NUM=84,BUS_WIDTH='{32'sb01011,32'sb01,32'sb0100,32'sb01100,32'sb01,32'sb01},BUS_DIN_POS='{32'sb0,32'sb01011,32'sb01100,32'sb010000,32'sb011100,32'sb011101},BUS_CTRL_POS='{32'sb0,32'sb011010,32'sb0100000,32'sb0101100,32'sb01001000,32'sb01001110}) in D:/TD/cw\cwc_top.sv(21)
HDL-1007 : elaborate module cwc_cfg_int(CTRL_REG_LEN=106) in D:/TD/cw\cwc_cfg_int.v(21)
HDL-1007 : elaborate module register(CTRL_REG_LEN=106) in D:/TD/cw\register.v(21)
HDL-1007 : elaborate module tap in D:/TD/cw\tap.v(21)
HDL-1007 : elaborate module trigger(BUS_NUM=6,BUS_DIN_NUM=30,BUS_CTRL_NUM=84,BUS_WIDTH='{32'sb01011,32'sb01,32'sb0100,32'sb01100,32'sb01,32'sb01},BUS_DIN_POS='{32'sb0,32'sb01011,32'sb01100,32'sb010000,32'sb011100,32'sb011101},BUS_CTRL_POS='{32'sb0,32'sb011010,32'sb0100000,32'sb0101100,32'sb01001000,32'sb01001110}) in D:/TD/cw\trigger.sv(21)
HDL-1007 : elaborate module bus_top(BUS_NODE_NUM=6,BUS_DIN_NUM=30,BUS_CTRL_NUM=84,BUS_WIDTH='{32'sb01011,32'sb01,32'sb0100,32'sb01100,32'sb01,32'sb01},BUS_DIN_POS='{32'sb0,32'sb01011,32'sb01100,32'sb010000,32'sb011100,32'sb011101},BUS_CTRL_POS='{32'sb0,32'sb011010,32'sb0100000,32'sb0101100,32'sb01001000,32'sb01001110}) in D:/TD/cw\bus_top.sv(22)
HDL-1007 : elaborate module bus_det(BUS_WIDTH=32'sb01011) in D:/TD/cw\bus_det.v(21)
HDL-1007 : elaborate module bus_det(BUS_WIDTH=32'sb01) in D:/TD/cw\bus_det.v(21)
HDL-1007 : elaborate module bus_det(BUS_WIDTH=32'sb0100) in D:/TD/cw\bus_det.v(21)
HDL-1007 : elaborate module bus_det(BUS_WIDTH=32'sb01100) in D:/TD/cw\bus_det.v(21)
HDL-1007 : elaborate module emb_ctrl in D:/TD/cw\emb_ctrl.v(21)
HDL-1200 : Current top model is CW_TOP_WRAPPER
HDL-1100 : Inferred 0 RAMs.
RUN-1002 : start command "force_keep -a auto_chipwatcher_0_logicbram"
RUN-1002 : start command "optimize_rtl -no_sch"
RUN-1001 : Open license file D:/TD/license/Anlogic.lic
RUN-1001 : Print Global Property
RUN-1001 : ---------------------------------------------------------------
RUN-1001 :        Parameters        |  Settings  |  Default Values  |  Note  
RUN-1001 : ---------------------------------------------------------------
RUN-1001 :          message         |  standard  |     standard     |        
RUN-1001 :   mixed_pack_place_flow  |     on     |        on        |        
RUN-1001 :        qor_monitor       |    off     |       off        |        
RUN-1001 :        syn_ip_flow       |    off     |       off        |        
RUN-1001 :          thread          |    auto    |       auto       |        
RUN-1001 : ---------------------------------------------------------------
RUN-1001 : Print Rtl Property
RUN-1001 : --------------------------------------------------------------
RUN-1001 :        Parameters       |  Settings  |  Default Values  |  Note  
RUN-1001 : --------------------------------------------------------------
RUN-1001 :       compress_add      |   ripple   |      ripple      |        
RUN-1001 :        elf_sload        |    off     |       off        |        
RUN-1001 :       fix_undriven      |     0      |        0         |        
RUN-1001 :         flatten         |    off     |       off        |        
RUN-1001 :       gate_sharing      |     on     |        on        |        
RUN-1001 :    hdl_warning_level    |   normal   |      normal      |        
RUN-1001 :   impl_internal_tribuf  |     on     |        on        |        
RUN-1001 :      impl_set_reset     |     on     |        on        |        
RUN-1001 :        infer_gsr        |    off     |       off        |        
RUN-1001 :      keep_hierarchy     |    auto    |       auto       |        
RUN-1001 :        max_fanout       |    9999    |       9999       |        
RUN-1001 :      max_oh2bin_len     |     10     |        10        |        
RUN-1001 :       merge_equal       |     on     |        on        |        
RUN-1001 :       merge_equiv       |     on     |        on        |        
RUN-1001 :        merge_mux        |    off     |       off        |        
RUN-1001 :     min_control_set     |     8      |        8         |        
RUN-1001 :      min_ripple_len     |    auto    |       auto       |        
RUN-1001 :       oh2bin_ratio      |    0.08    |       0.08       |        
RUN-1001 :     opt_adder_fanout    |     on     |        on        |        
RUN-1001 :        opt_arith        |     on     |        on        |        
RUN-1001 :       opt_big_gate      |    off     |       off        |        
RUN-1001 :        opt_const        |     on     |        on        |        
RUN-1001 :      opt_const_mult     |     on     |        on        |        
RUN-1001 :       opt_lessthan      |     on     |        on        |        
RUN-1001 :         opt_mux         |    off     |       off        |        
RUN-1001 :         opt_ram         |    high    |       high       |        
RUN-1001 :      rtl_sim_model      |    off     |       off        |        
RUN-1001 :         seq_syn         |     on     |        on        |        
RUN-1001 : --------------------------------------------------------------
SYN-1012 : SanityCheck: Model "fpga_ed4g"
SYN-1012 : SanityCheck: Model "CW_TOP_WRAPPER"
SYN-1012 : SanityCheck: Model "cwc_top(BUS_NUM=6,BUS_DIN_NUM=30,BUS_CTRL_NUM=84,BUS_WIDTH='{32'sb01011,32'sb01,32'sb0100,32'sb01100,32'sb01,32'sb01},BUS_DIN_POS='{32'sb0,32'sb01011,32'sb01100,32'sb010000,32'sb011100,32'sb011101},BUS_CTRL_POS='{32'sb0,32'sb011010,32'sb0100000,32'sb0101100,32'sb01001000,32'sb01001110})"
SYN-1012 : SanityCheck: Model "cwc_cfg_int(CTRL_REG_LEN=106)"
SYN-1012 : SanityCheck: Model "register(CTRL_REG_LEN=106)"
SYN-1012 : SanityCheck: Model "tap"
SYN-1012 : SanityCheck: Model "trigger(BUS_NUM=6,BUS_DIN_NUM=30,BUS_CTRL_NUM=84,BUS_WIDTH='{32'sb01011,32'sb01,32'sb0100,32'sb01100,32'sb01,32'sb01},BUS_DIN_POS='{32'sb0,32'sb01011,32'sb01100,32'sb010000,32'sb011100,32'sb011101},BUS_CTRL_POS='{32'sb0,32'sb011010,32'sb0100000,32'sb0101100,32'sb01001000,32'sb01001110})"
SYN-1012 : SanityCheck: Model "bus_top(BUS_NODE_NUM=6,BUS_DIN_NUM=30,BUS_CTRL_NUM=84,BUS_WIDTH='{32'sb01011,32'sb01,32'sb0100,32'sb01100,32'sb01,32'sb01},BUS_DIN_POS='{32'sb0,32'sb01011,32'sb01100,32'sb010000,32'sb011100,32'sb011101},BUS_CTRL_POS='{32'sb0,32'sb011010,32'sb0100000,32'sb0101100,32'sb01001000,32'sb01001110})"
SYN-1012 : SanityCheck: Model "bus_det(BUS_WIDTH=32'sb01011)"
SYN-1012 : SanityCheck: Model "bus_det(BUS_WIDTH=32'sb01)"
SYN-1012 : SanityCheck: Model "bus_det(BUS_WIDTH=32'sb0100)"
SYN-1012 : SanityCheck: Model "bus_det(BUS_WIDTH=32'sb01100)"
SYN-1012 : SanityCheck: Model "emb_ctrl"
SYN-1011 : Flatten model fpga_ed4g
SYN-1032 : 2461/26 useful/useless nets, 1543/15 useful/useless insts
SYN-1016 : Merged 32 instances.
SYN-1032 : 2182/6 useful/useless nets, 1926/6 useful/useless insts
SYN-1014 : Optimize round 1
SYN-1032 : 2166/16 useful/useless nets, 1914/12 useful/useless insts
SYN-1021 : Optimized 3 onehot mux instances.
SYN-1020 : Optimized 1 distributor mux.
SYN-1019 : Optimized 3 mux instances.
SYN-1015 : Optimize round 1, 375 better
SYN-1014 : Optimize round 2
SYN-1032 : 1887/45 useful/useless nets, 1635/48 useful/useless insts
SYN-1015 : Optimize round 2, 96 better
SYN-1014 : Optimize round 1
SYN-1015 : Optimize round 1, 0 better
RUN-1002 : start command "optimize_gate -no_sch"
RUN-1001 : Open license file D:/TD/license/Anlogic.lic
RUN-1001 : Print Global Property
RUN-1001 : ---------------------------------------------------------------
RUN-1001 :        Parameters        |  Settings  |  Default Values  |  Note  
RUN-1001 : ---------------------------------------------------------------
RUN-1001 :          message         |  standard  |     standard     |        
RUN-1001 :   mixed_pack_place_flow  |     on     |        on        |        
RUN-1001 :        qor_monitor       |    off     |       off        |        
RUN-1001 :        syn_ip_flow       |    off     |       off        |        
RUN-1001 :          thread          |    auto    |       auto       |        
RUN-1001 : ---------------------------------------------------------------
RUN-1001 : Print Gate Property
RUN-1001 : ------------------------------------------------------------------
RUN-1001 :          Parameters         |  Settings  |  Default Values  |  Note  
RUN-1001 : ------------------------------------------------------------------
RUN-1001 :         cascade_dsp         |    off     |       off        |        
RUN-1001 :         cascade_eram        |    off     |       off        |        
RUN-1001 :        gate_sim_model       |    off     |       off        |        
RUN-1001 :        map_sim_model        |    off     |       off        |        
RUN-1001 :         map_strategy        |     1      |        1         |        
RUN-1001 :           opt_area          |   medium   |      medium      |        
RUN-1001 :          opt_timing         |    auto    |       auto       |        
RUN-1001 :         pack_effort         |   medium   |      medium      |        
RUN-1001 :      pack_lslice_ripple     |     on     |        on        |        
RUN-1001 :   pack_lslice_ripple_ratio  |    0.5     |       0.5        |        
RUN-1001 :        pack_seq_in_io       |    auto    |       auto       |        
RUN-1001 :        ph1_mux_ratio        |    1.0     |       1.0        |        
RUN-1001 :            report           |  standard  |     standard     |        
RUN-1001 :           retiming          |    off     |       off        |        
RUN-1001 : ------------------------------------------------------------------
SYN-2001 : Map 3 IOs to PADs
RUN-1002 : start command "update_pll_param -module fpga_ed4g"
SYN-2501 : Processed 0 LOGIC_BUF instances.
SYN-2512 : LOGIC BRAM "auto_chipwatcher_0_logicbram"
SYN-2571 : Optimize after map_dsp, round 1
SYN-1032 : 1923/224 useful/useless nets, 1697/35 useful/useless insts
SYN-1016 : Merged 33 instances.
SYN-2571 : Optimize after map_dsp, round 1, 292 better
SYN-2571 : Optimize after map_dsp, round 2
SYN-2571 : Optimize after map_dsp, round 2, 0 better
SYN-1001 : Throwback 4 control mux instances
SYN-2501 : Optimize round 1
SYN-1016 : Merged 27 instances.
SYN-2501 : Optimize round 1, 56 better
SYN-2501 : Optimize round 2
SYN-2501 : Optimize round 2, 0 better
SYN-2501 : Map 16 macro adder
SYN-1019 : Optimized 13 mux instances.
SYN-1016 : Merged 11 instances.
SYN-1032 : 2325/5 useful/useless nets, 2099/4 useful/useless insts
SYN-3001 : Running gate level optimization.
SYN-2581 : Mapping with K=5, #lut = 205 (3.63), #lev = 5 (1.91)
SYN-2551 : Post LUT mapping optimization.
SYN-2581 : Mapping with K=5, #lut = 205 (3.63), #lev = 5 (1.91)
SYN-3001 : Logic optimization runtime opt =   0.02 sec, map =   0.00 sec
SYN-3001 : Mapper mapped 495 instances into 205 LUTs, name keeping = 72%.
SYN-1001 : Packing model "fpga_ed4g" ...
SYN-4010 : Pack lib has 58 rtl pack models with 25 top pack blocks
SYN-1014 : Optimize round 1
SYN-1015 : Optimize round 1, 0 better
SYN-4002 : Packing 341 DFF/LATCH to SEQ ...
SYN-4009 : Pack 7 carry chain into lslice
SYN-4007 : Packing 118 adder to BLE ...
SYN-4008 : Packed 118 adder and 0 SEQ to BLE.
SYN-4007 : Packing 0 gate4 to BLE ...
SYN-4008 : Packed 0 gate4 and 0 SEQ to BLE.
SYN-4012 : Packed 0 FxMUX
RUN-1002 : start command "legalize_phy_inst"
SYN-1011 : Flatten model fpga_ed4g
KIT-1004 : Compile Chipwatcher: Clear obsolete physical data.
RUN-1003 : finish command "compile_watcher" in  1.288509s wall, 0.187500s user + 0.000000s system = 0.187500s CPU (14.6%)

RUN-1004 : used memory is 120 MB, reserved memory is 87 MB, peak memory is 125 MB
RUN-1002 : start command "place"
RUN-1001 : Open license file D:/TD/license/Anlogic.lic
RUN-1001 : Print Global Property
RUN-1001 : ---------------------------------------------------------------
RUN-1001 :        Parameters        |  Settings  |  Default Values  |  Note  
RUN-1001 : ---------------------------------------------------------------
RUN-1001 :          message         |  standard  |     standard     |        
RUN-1001 :   mixed_pack_place_flow  |     on     |        on        |        
RUN-1001 :        qor_monitor       |    off     |       off        |        
RUN-1001 :        syn_ip_flow       |    off     |       off        |        
RUN-1001 :          thread          |    auto    |       auto       |        
RUN-1001 : ---------------------------------------------------------------
RUN-1001 : Print Place Property
RUN-1001 : --------------------------------------------------------------
RUN-1001 :        Parameters       |  Settings  |  Default Values  |  Note  
RUN-1001 : --------------------------------------------------------------
RUN-1001 :      detailed_place     |     on     |        on        |        
RUN-1001 :          effort         |   medium   |      medium      |        
RUN-1001 :         fix_hold        |    off     |       off        |        
RUN-1001 :       legalization      |    ori     |       ori        |        
RUN-1001 :      new_spreading      |     on     |        on        |        
RUN-1001 :        opt_timing       |   medium   |      medium      |        
RUN-1001 :   post_clock_route_opt  |    off     |       off        |        
RUN-1001 :       pr_strategy       |     1      |        1         |        
RUN-1001 :        relaxation       |    1.00    |       1.00       |        
RUN-1001 :         retiming        |    off     |       off        |        
RUN-1001 : --------------------------------------------------------------
PHY-3001 : Placer runs in 16 thread(s).
RUN-1002 : start command "legalize_phy_inst"
SYN-1011 : Flatten model fpga_ed4g
SYN-5055 WARNING: The kept net u_PLL_150M/clk1_out will be merged to another kept net clk_10m
SYN-5055 WARNING: The kept net u_ctrl_top/u_LED_send/clk will be merged to another kept net clk_10m
SYN-5055 WARNING: The kept net u_PLL_150M/clk2_out will be merged to another kept net clk_3m
SYN-5055 WARNING: The kept net u_ctrl_top/u_hasyncfifo_ahead12to12/dout[11] will be merged to another kept net u_ctrl_top/fifo_data_out[11]
SYN-5055 WARNING: The kept net u_ctrl_top/u_LED_send/fifo_data_in[23] will be merged to another kept net u_ctrl_top/fifo_data_out[11]
SYN-5055 WARNING: The kept net u_ctrl_top/u_hasyncfifo_ahead12to12/dout[10] will be merged to another kept net u_ctrl_top/fifo_data_out[10]
SYN-5055 WARNING: The kept net u_ctrl_top/u_LED_send/fifo_data_in[22] will be merged to another kept net u_ctrl_top/fifo_data_out[10]
SYN-5055 WARNING: The kept net u_ctrl_top/u_hasyncfifo_ahead12to12/dout[9] will be merged to another kept net u_ctrl_top/fifo_data_out[9]
SYN-5055 WARNING: The kept net u_ctrl_top/u_LED_send/fifo_data_in[21] will be merged to another kept net u_ctrl_top/fifo_data_out[9]
SYN-5055 WARNING: The kept net u_ctrl_top/u_hasyncfifo_ahead12to12/dout[8] will be merged to another kept net u_ctrl_top/fifo_data_out[8]
SYN-5055 Similar messages will be suppressed.
RUN-1002 : start command "phys_opt -simplify_lut"
SYN-1032 : 1620/2 useful/useless nets, 1392/2 useful/useless insts
SYN-4016 : Net clk_150m driven by BUFG (59 clock/control pins, 1 other pins).
SYN-4016 : Net config_inst_syn_10 driven by BUFG (230 clock/control pins, 0 other pins).
SYN-4027 : Net clk_10m is clkc1 of pll u_PLL_150M/pll_inst.
SYN-4027 : Net clk_3m is clkc2 of pll u_PLL_150M/pll_inst.
SYN-4019 : Net sysclk_i_dup_1 is refclk of pll u_PLL_150M/pll_inst.
SYN-4020 : Net sysclk_i_dup_1 is fbclk of pll u_PLL_150M/pll_inst.
SYN-4025 : Tag rtl::Net clk_10m as clock net
SYN-4025 : Tag rtl::Net clk_150m as clock net
SYN-4025 : Tag rtl::Net clk_3m as clock net
SYN-4025 : Tag rtl::Net config_inst_syn_10 as clock net
SYN-4025 : Tag rtl::Net sysclk_i_dup_1 as clock net
SYN-4026 : Tagged 5 rtl::Net as clock net
PHY-1001 : Populate physical database on model fpga_ed4g.
RUN-1001 : There are total 1392 instances
RUN-0007 : 576 luts, 598 seqs, 116 mslices, 65 lslices, 3 pads, 28 brams, 0 dsps
RUN-1001 : There are total 1620 nets
RUN-6004 WARNING: There are 1 nets with only 1 pin.
RUN-1001 : 988 nets have 2 pins
RUN-1001 : 518 nets have [3 - 5] pins
RUN-1001 : 31 nets have [6 - 10] pins
RUN-1001 : 46 nets have [11 - 20] pins
RUN-1001 : 24 nets have [21 - 99] pins
RUN-1001 : 12 nets have 100+ pins
RUN-1001 : Report Control nets information:
RUN-1001 : DFF Distribution
RUN-1001 : ----------------------------------
RUN-1001 :   CE   |  SSR  |  ASR  |  DFF Count  
RUN-1001 : ----------------------------------
RUN-1001 :   No   |  No   |  No   |      2      
RUN-1001 :   No   |  No   |  Yes  |     322     
RUN-1001 :   No   |  Yes  |  No   |      0      
RUN-1001 :   Yes  |  No   |  No   |     26      
RUN-1001 :   Yes  |  No   |  Yes  |     248     
RUN-1001 :   Yes  |  Yes  |  No   |      0      
RUN-1001 : ----------------------------------
RUN-0007 : Control Group Statistic
RUN-0007 : ---------------------------
RUN-0007 :   #CLK  |  #CE  |  #SSR/ASR  
RUN-0007 : ---------------------------
RUN-0007 :    4    |   6   |     5      
RUN-0007 : ---------------------------
RUN-0007 : Control Set = 12
PHY-3001 : Initial placement ...
PHY-3001 : design contains 1390 instances, 576 luts, 598 seqs, 181 slices, 32 macros(181 instances: 116 mslices 65 lslices)
PHY-0007 : Cell area utilization is 4%
PHY-3001 : Global placement ...
PHY-3001 : Initial: Len = 387895
PHY-3001 : Clustering ...
PHY-3001 : Level 0 #clusters 1390.
PHY-3001 : End clustering;  0.000450s wall, 0.000000s user + 0.000000s system = 0.000000s CPU (n/a%)

PHY-3001 : Run with size of 4
PHY-3001 : Cell area utilization is 4%
PHY-3001 : :::0::: Try harder cell spreading with beta_ = 0
PHY-3002 : Step(1): len = 250000, overlap = 63
PHY-3002 : Step(2): len = 190239, overlap = 63
PHY-3002 : Step(3): len = 145548, overlap = 63
PHY-3002 : Step(4): len = 95429.4, overlap = 63
PHY-3002 : Step(5): len = 81624.8, overlap = 60.75
PHY-3002 : Step(6): len = 63948.4, overlap = 58.5
PHY-3002 : Step(7): len = 55571, overlap = 58.5
PHY-3002 : Step(8): len = 45904.7, overlap = 58.5
PHY-3002 : Step(9): len = 42945, overlap = 58.5625
PHY-3002 : Step(10): len = 35979.5, overlap = 58.8125
PHY-3002 : Step(11): len = 34573.2, overlap = 59.0625
PHY-3002 : Step(12): len = 35831, overlap = 58.9375
PHY-3001 : :::1::: Try harder cell spreading with beta_ = 3.46354e-06
PHY-3002 : Step(13): len = 38826.3, overlap = 61.8125
PHY-3002 : Step(14): len = 41946.7, overlap = 61.875
PHY-3002 : Step(15): len = 36617.6, overlap = 59.5
PHY-3002 : Step(16): len = 34912.6, overlap = 59.4375
PHY-3002 : Step(17): len = 34602, overlap = 53.25
PHY-3002 : Step(18): len = 34621.9, overlap = 53.25
PHY-3002 : Step(19): len = 32432.3, overlap = 55.4375
PHY-3002 : Step(20): len = 30630.8, overlap = 55.5
PHY-3002 : Step(21): len = 29152.1, overlap = 55.4375
PHY-3002 : Step(22): len = 28630.6, overlap = 57.875
PHY-3002 : Step(23): len = 28569.4, overlap = 57.875
PHY-3002 : Step(24): len = 28370.1, overlap = 55.625
PHY-3002 : Step(25): len = 28037.9, overlap = 57.8125
PHY-3002 : Step(26): len = 27980, overlap = 57.8125
PHY-3002 : Step(27): len = 27630.5, overlap = 57.6875
PHY-3002 : Step(28): len = 27602.4, overlap = 57.75
PHY-3002 : Step(29): len = 27123.2, overlap = 57.8125
PHY-3002 : Step(30): len = 26830.3, overlap = 57.8125
PHY-3002 : Step(31): len = 26726.6, overlap = 57.8125
PHY-3001 : :::2::: Try harder cell spreading with beta_ = 6.92708e-06
PHY-3002 : Step(32): len = 26772.2, overlap = 57.8125
PHY-3002 : Step(33): len = 26768.9, overlap = 57.8125
PHY-3002 : Step(34): len = 26774.2, overlap = 57.8125
PHY-3001 : :::3::: Try harder cell spreading with beta_ = 1.38542e-05
PHY-3002 : Step(35): len = 26715.7, overlap = 57.9375
PHY-3002 : Step(36): len = 26685, overlap = 57.9375
PHY-3002 : Step(37): len = 26672.7, overlap = 57.9375
PHY-3001 : :::4::: Try harder cell spreading with beta_ = 2.77083e-05
PHY-3002 : Step(38): len = 26751.2, overlap = 58
PHY-3002 : Step(39): len = 26767.2, overlap = 58.0625
PHY-3002 : Step(40): len = 26767.2, overlap = 58.0625
PHY-3001 : :::5::: Try harder cell spreading with beta_ = 5.54166e-05
PHY-3002 : Step(41): len = 26759.8, overlap = 60.3125
PHY-3002 : Step(42): len = 26754.2, overlap = 60.375
PHY-3002 : Step(43): len = 26836.8, overlap = 60.5
PHY-3001 : Legalization ...
PHY-3001 : End legalization;  0.010464s wall, 0.015625s user + 0.000000s system = 0.015625s CPU (149.3%)

PHY-3001 : Run with size of 4
PHY-3001 : Cell area utilization is 6%
PHY-3001 : :::0::: Try harder cell spreading with beta_ = 2.29019e-05
PHY-3002 : Step(44): len = 32517.5, overlap = 21.8438
PHY-3002 : Step(45): len = 32673.2, overlap = 21.6875
PHY-3002 : Step(46): len = 32421.9, overlap = 22.125
PHY-3001 : :::1::: Try harder cell spreading with beta_ = 4.58038e-05
PHY-3002 : Step(47): len = 31768.4, overlap = 22.2812
PHY-3002 : Step(48): len = 31887.9, overlap = 22.2188
PHY-3002 : Step(49): len = 32010.5, overlap = 22.1562
PHY-3001 : :::2::: Try harder cell spreading with beta_ = 9.16077e-05
PHY-3002 : Step(50): len = 31376, overlap = 22.4688
PHY-3002 : Step(51): len = 31376, overlap = 22.4688
PHY-3002 : Step(52): len = 31451.7, overlap = 22.9375
PHY-3001 : Run with size of 2
PHY-3001 : Cell area utilization is 6%
PHY-3001 : :::0::: Try harder cell spreading with beta_ = 1.70704e-05
PHY-3002 : Step(53): len = 31664.6, overlap = 60.2188
PHY-3002 : Step(54): len = 31826, overlap = 60.0938
PHY-3002 : Step(55): len = 32256.5, overlap = 54.3125
PHY-3002 : Step(56): len = 32572.2, overlap = 52.4688
PHY-3002 : Step(57): len = 32013.2, overlap = 44.2188
PHY-3002 : Step(58): len = 32227.5, overlap = 42
PHY-3002 : Step(59): len = 32595.7, overlap = 41.0938
PHY-3001 : :::1::: Try harder cell spreading with beta_ = 3.41409e-05
PHY-3002 : Step(60): len = 31267, overlap = 38.0625
PHY-3002 : Step(61): len = 31422.2, overlap = 38.25
PHY-3002 : Step(62): len = 31901.6, overlap = 33.1875
PHY-3001 : :::2::: Try harder cell spreading with beta_ = 6.82818e-05
PHY-3002 : Step(63): len = 31109.1, overlap = 31.7812
PHY-3002 : Step(64): len = 31253, overlap = 31.7812
PHY-3002 : Step(65): len = 31434, overlap = 31.3125
OPT-1001 : Start physical optimization ...
OPT-1001 : Total overflow 87.12 peak overflow 4.25
OPT-1001 : Start high-fanout net optimization ...
OPT-1001 : Update timing in global mode
PHY-1001 : Start incremental global routing, caller is place ...
RUN-1001 : Generating global routing grids ...
RUN-1001 : Building simple global routing graph ...
PHY-1001 : Generate routing nets ...
PHY-1001 : Reuse net number 0/1620.
PHY-1001 : Global iterations in 16 thread ...
PHY-1002 : len = 39632, over cnt = 180(0%), over = 558, worst = 16
PHY-1001 : End global iterations;  0.079157s wall, 0.000000s user + 0.000000s system = 0.000000s CPU (n/a%)

PHY-1001 : Congestion index: top1 = 29.63, top5 = 18.34, top10 = 11.70, top15 = 8.34.
PHY-1001 : End incremental global routing;  0.141166s wall, 0.000000s user + 0.000000s system = 0.000000s CPU (n/a%)

RUN-1002 : start command "start_timer -report"
TMR-5001 WARNING: No sdc constraints found while initiating timer.
TMR-2505 : Start building timing graph for model fpga_ed4g.
TMR-2506 : Build timing graph completely. Port num: 3, tpin num: 7060, tnet num: 1618, tinst num: 1390, tnode num: 9278, tedge num: 11690.
TMR-2508 : Levelizing timing graph completed, there are 29 levels in total.
TMR-2501 : Timing graph initialized successfully.
OPT-1001 : End timing update;  0.089935s wall, 0.015625s user + 0.000000s system = 0.015625s CPU (17.4%)

OPT-1001 : 0 high-fanout net processed.
OPT-1001 : End high-fanout net optimization;  0.255356s wall, 0.031250s user + 0.000000s system = 0.031250s CPU (12.2%)

OPT-1001 : Current memory(MB): used = 178, reserve = 144, peak = 178.
OPT-1001 : End physical optimization;  0.281974s wall, 0.031250s user + 0.000000s system = 0.031250s CPU (11.1%)

PHY-3001 : Start packing ...
SYN-4007 : Packing 0 MUX to BLE ...
SYN-4008 : Packed 0 MUX and 0 SEQ to BLE.
SYN-4007 : Packing 576 LUT to BLE ...
SYN-4008 : Packed 576 LUT and 284 SEQ to BLE.
SYN-4003 : Packing 314 remaining SEQ's ...
SYN-4005 : Packed 159 SEQ with LUT/SLICE
SYN-4006 : 157 single LUT's are left
SYN-4006 : 155 single SEQ's are left
SYN-4011 : Packing model "fpga_ed4g" (AL_USER_NORMAL) with 731/1217 primitive instances ...
PHY-3001 : End packing;  0.046414s wall, 0.000000s user + 0.000000s system = 0.000000s CPU (n/a%)

PHY-1001 : Populate physical database on model fpga_ed4g.
RUN-1001 : There are total 617 instances
RUN-1001 : 290 mslices, 290 lslices, 3 pads, 28 brams, 0 dsps
RUN-1001 : There are total 1339 nets
RUN-6004 WARNING: There are 1 nets with only 1 pin.
RUN-1001 : 688 nets have 2 pins
RUN-1001 : 537 nets have [3 - 5] pins
RUN-1001 : 32 nets have [6 - 10] pins
RUN-1001 : 44 nets have [11 - 20] pins
RUN-1001 : 29 nets have [21 - 99] pins
RUN-1001 : 8 nets have 100+ pins
PHY-3001 : design contains 615 instances, 580 slices, 32 macros(181 instances: 116 mslices 65 lslices)
PHY-3001 : Cell area utilization is 7%
PHY-3001 : After packing: Len = 32155, Over = 45.25
PHY-3001 : Run with size of 2
PHY-3001 : Cell area utilization is 7%
PHY-3001 : :::0::: Try harder cell spreading with beta_ = 1.23104e-05
PHY-3002 : Step(66): len = 31403, overlap = 49.25
PHY-3002 : Step(67): len = 31403, overlap = 49.25
PHY-3002 : Step(68): len = 31046.7, overlap = 47.25
PHY-3001 : :::1::: Try harder cell spreading with beta_ = 2.46209e-05
PHY-3002 : Step(69): len = 31561.4, overlap = 48.5
PHY-3002 : Step(70): len = 31909.6, overlap = 49.5
PHY-3002 : Step(71): len = 32353.2, overlap = 52.5
PHY-3001 : :::2::: Try harder cell spreading with beta_ = 4.92418e-05
PHY-3002 : Step(72): len = 32086.7, overlap = 51
PHY-3002 : Step(73): len = 32172.1, overlap = 51
PHY-3002 : Step(74): len = 32798.2, overlap = 46.5
PHY-3001 : Legalization ...
PHY-3001 : End legalization;  0.129608s wall, 0.046875s user + 0.015625s system = 0.062500s CPU (48.2%)

PHY-3001 : Trial Legalized: Len = 47911.7
PHY-3001 : Run with size of 2
PHY-3001 : Cell area utilization is 7%
PHY-3001 : :::0::: Try harder cell spreading with beta_ = 0.000919331
PHY-3002 : Step(75): len = 41693.2, overlap = 9.25
PHY-3002 : Step(76): len = 40018.9, overlap = 9.25
PHY-3002 : Step(77): len = 38117.8, overlap = 11.75
PHY-3002 : Step(78): len = 36401.6, overlap = 16
PHY-3002 : Step(79): len = 36099.3, overlap = 16
PHY-3002 : Step(80): len = 35818.1, overlap = 17.5
PHY-3002 : Step(81): len = 35505.2, overlap = 17
PHY-3002 : Step(82): len = 35385.1, overlap = 18.25
PHY-3001 : :::1::: Try harder cell spreading with beta_ = 0.00183866
PHY-3002 : Step(83): len = 35300.6, overlap = 18.75
PHY-3002 : Step(84): len = 35205.1, overlap = 18.75
PHY-3001 : :::2::: Try harder cell spreading with beta_ = 0.00367732
PHY-3002 : Step(85): len = 35214.4, overlap = 19
PHY-3002 : Step(86): len = 35175.7, overlap = 19
PHY-3001 : Legalization ...
PHY-3001 : End legalization;  0.004532s wall, 0.000000s user + 0.000000s system = 0.000000s CPU (n/a%)

PHY-3001 : Legalized: Len = 41891.7, Over = 0
PHY-3001 : Spreading special nets. 6 overflows in 2952 tiles.
PHY-3001 : End spreading;  0.006583s wall, 0.000000s user + 0.000000s system = 0.000000s CPU (n/a%)

PHY-3001 : 9 instances has been re-located, deltaX = 0, deltaY = 9, maxDist = 1.
PHY-3001 : Final: Len = 42079.7, Over = 0
OPT-1001 : Start physical optimization ...
OPT-1001 : Total overflow 0.00 peak overflow 0.00
OPT-1001 : Start high-fanout net optimization ...
OPT-1001 : Update timing in global mode
PHY-1001 : Start incremental global routing, caller is place ...
RUN-1001 : Generating global routing grids ...
PHY-1001 : Generate routing nets ...
PHY-1001 : Reuse net number 60/1339.
PHY-1001 : Global iterations in 16 thread ...
PHY-1002 : len = 53856, over cnt = 196(0%), over = 315, worst = 4
PHY-1002 : len = 54928, over cnt = 115(0%), over = 155, worst = 4
PHY-1002 : len = 56176, over cnt = 38(0%), over = 54, worst = 4
PHY-1002 : len = 56512, over cnt = 12(0%), over = 14, worst = 3
PHY-1002 : len = 56816, over cnt = 0(0%), over = 0, worst = 0
PHY-1001 : End global iterations;  0.191242s wall, 0.015625s user + 0.000000s system = 0.015625s CPU (8.2%)

PHY-1001 : Congestion index: top1 = 27.50, top5 = 20.45, top10 = 15.68, top15 = 11.93.
PHY-1001 : End incremental global routing;  0.256639s wall, 0.031250s user + 0.000000s system = 0.031250s CPU (12.2%)

RUN-1002 : start command "start_timer -report"
TMR-5001 WARNING: No sdc constraints found while initiating timer.
TMR-2505 : Start building timing graph for model fpga_ed4g.
TMR-2506 : Build timing graph completely. Port num: 3, tpin num: 5947, tnet num: 1337, tinst num: 615, tnode num: 7545, tedge num: 10287.
TMR-2508 : Levelizing timing graph completed, there are 29 levels in total.
TMR-2501 : Timing graph initialized successfully.
OPT-1001 : End timing update;  0.094476s wall, 0.031250s user + 0.000000s system = 0.031250s CPU (33.1%)

OPT-1001 : 0 high-fanout net processed.
OPT-1001 : End high-fanout net optimization;  0.382463s wall, 0.062500s user + 0.000000s system = 0.062500s CPU (16.3%)

OPT-1001 : Current memory(MB): used = 181, reserve = 148, peak = 181.
OPT-1001 : Update timing in Manhattan mode
OPT-1001 : End timing update;  0.002440s wall, 0.000000s user + 0.000000s system = 0.000000s CPU (n/a%)

OPT-1001 : Start pin optimization...
OPT-1001 : skip pin optimization...
RUN-1001 : Generating global routing grids ...
PHY-1001 : Generate routing nets ...
PHY-1001 : Reuse net number 1142/1339.
PHY-1001 : Global iterations in 16 thread ...
PHY-1002 : len = 56816, over cnt = 0(0%), over = 0, worst = 0
PHY-1001 : End global iterations;  0.007166s wall, 0.000000s user + 0.000000s system = 0.000000s CPU (n/a%)

PHY-1001 : Congestion index: top1 = 27.50, top5 = 20.45, top10 = 15.68, top15 = 11.93.
OPT-1001 : Update timing in Manhattan mode
OPT-1001 : End timing update;  0.002092s wall, 0.000000s user + 0.000000s system = 0.000000s CPU (n/a%)

RUN-1001 : QoR Analysis:
OPT-0007 :   WNS 2147483647 TNS 0 NUM_FEPS 0
RUN-1001 :   No local congestion issue, and most congested 1% tile average routing util is 27.137931
RUN-1001 :   Top critical paths
OPT-1001 : End physical optimization;  0.472551s wall, 0.078125s user + 0.000000s system = 0.078125s CPU (16.5%)

RUN-1003 : finish command "place" in  3.528530s wall, 0.750000s user + 0.781250s system = 1.531250s CPU (43.4%)

RUN-1004 : used memory is 162 MB, reserved memory is 128 MB, peak memory is 182 MB
RUN-1002 : start command "export_db led_4s_place.db"
RUN-1001 : Exported /
RUN-1001 : Exported flow parameters
RUN-1001 : Exported libs
RUN-1001 : Exported entities
RUN-1001 : Exported ports
RUN-1001 : Exported pins
RUN-1001 : Exported instances
RUN-1001 : Exported nets
RUN-1001 : Exported buses
RUN-1001 : Exported models
RUN-1001 : Exported congestions
RUN-1001 : Exported violations
RUN-1001 : Exported IO constraints
RUN-1001 : Exported Inst constraints
RUN-1001 : Exported ChipWatcher
RUN-1002 : start command "route"
RUN-1001 : Open license file D:/TD/license/Anlogic.lic
RUN-1001 : Print Global Property
RUN-1001 : ---------------------------------------------------------------
RUN-1001 :        Parameters        |  Settings  |  Default Values  |  Note  
RUN-1001 : ---------------------------------------------------------------
RUN-1001 :          message         |  standard  |     standard     |        
RUN-1001 :   mixed_pack_place_flow  |     on     |        on        |        
RUN-1001 :        qor_monitor       |    off     |       off        |        
RUN-1001 :        syn_ip_flow       |    off     |       off        |        
RUN-1001 :          thread          |    auto    |       auto       |        
RUN-1001 : ---------------------------------------------------------------
RUN-1001 : Print Route Property
RUN-1001 : -------------------------------------------------------
RUN-1001 :    Parameters    |  Settings  |  Default Values  |  Note  
RUN-1001 : -------------------------------------------------------
RUN-1001 :      effort      |   medium   |      medium      |        
RUN-1001 :     fix_hold     |    off     |       off        |        
RUN-1001 :    opt_timing    |   medium   |      medium      |        
RUN-1001 :   phy_sim_model  |    off     |       off        |        
RUN-1001 :     priority     |   timing   |      timing      |        
RUN-1001 :     swap_pin     |     on     |        on        |        
RUN-1001 : -------------------------------------------------------
PHY-1001 : Route runs in 16 thread(s)
RUN-1001 : There are total 617 instances
RUN-1001 : 290 mslices, 290 lslices, 3 pads, 28 brams, 0 dsps
RUN-1001 : There are total 1339 nets
RUN-6004 WARNING: There are 1 nets with only 1 pin.
RUN-1001 : 688 nets have 2 pins
RUN-1001 : 537 nets have [3 - 5] pins
RUN-1001 : 32 nets have [6 - 10] pins
RUN-1001 : 44 nets have [11 - 20] pins
RUN-1001 : 29 nets have [21 - 99] pins
RUN-1001 : 8 nets have 100+ pins
RUN-1002 : start command "start_timer -report"
TMR-5001 WARNING: No sdc constraints found while initiating timer.
TMR-2505 : Start building timing graph for model fpga_ed4g.
TMR-2506 : Build timing graph completely. Port num: 3, tpin num: 5947, tnet num: 1337, tinst num: 615, tnode num: 7545, tedge num: 10287.
TMR-2508 : Levelizing timing graph completed, there are 29 levels in total.
TMR-2501 : Timing graph initialized successfully.
PHY-1001 : 290 mslices, 290 lslices, 3 pads, 28 brams, 0 dsps
TMR-2503 : Start to update net delay, extr mode = 3.
TMR-2504 : Update delay of 1337 nets completely.
TMR-2502 : Annotate delay completely, extr mode = 3.
TMR-3002 : No user constraint, initiate default constraint.
TMR-1501 : Assign derive clock DeriveClock to 752 clock pins, and constraint 1598 relative nodes.
TMR-3003 : Constraints initiated successfully.
TMR-3501 : Forward propagation: start to calculate arrival time...
TMR-3502 : Backward propagation: start to calculate required time...
TMR-3503 : Timing propagation completes.
PHY-1001 : Start global routing, caller is route ...
RUN-1001 : Generating global routing grids ...
PHY-1001 : Generate routing nets ...
PHY-1001 : Global iterations in 16 thread ...
PHY-1002 : len = 53088, over cnt = 187(0%), over = 292, worst = 4
PHY-1002 : len = 54208, over cnt = 108(0%), over = 145, worst = 3
PHY-1002 : len = 55808, over cnt = 9(0%), over = 12, worst = 3
PHY-1002 : len = 56008, over cnt = 1(0%), over = 1, worst = 1
PHY-1002 : len = 56040, over cnt = 0(0%), over = 0, worst = 0
PHY-1001 : End global iterations;  0.222640s wall, 0.015625s user + 0.000000s system = 0.015625s CPU (7.0%)

PHY-1001 : Congestion index: top1 = 26.88, top5 = 19.99, top10 = 15.48, top15 = 11.78.
PHY-1001 : End global routing;  0.295048s wall, 0.015625s user + 0.000000s system = 0.015625s CPU (5.3%)

PHY-1001 : Start detail routing ...
PHY-1001 : Current memory(MB): used = 213, reserve = 180, peak = 226.
PHY-1001 : Detailed router is running in normal mode.
PHY-1001 : Generate detailed routing grids ...
PHY-1001 : Generate nets ...
PHY-1001 : net clk_10m will be routed on clock mesh
PHY-1001 : clock net clk_150m will be merged with clock u_PLL_150M/clk0_buf
PHY-5010 WARNING: Net clk_3m is skipped due to 0 input or output
PHY-1001 : net sysclk_i_dup_1 will be routed on clock mesh
PHY-1001 : clock net config_inst_syn_10 will be merged with clock config_inst_syn_9
PHY-5010 WARNING: Net clk_3m is skipped due to 0 input or output
PHY-1001 : Current memory(MB): used = 478, reserve = 450, peak = 478.
PHY-1001 : End build detailed router design. 4.498859s wall, 2.062500s user + 0.109375s system = 2.171875s CPU (48.3%)

PHY-1001 : Detail Route ...
PHY-1001 : ===== Detail Route Phase 1 =====
PHY-1001 : Clock net routing.....
PHY-1001 : Routed 0% nets.
PHY-1022 : len = 25168, over cnt = 0(0%), over = 0, worst = 0, crit = 0
PHY-1001 : End initial clock net routed; 1.296525s wall, 0.500000s user + 0.000000s system = 0.500000s CPU (38.6%)

PHY-1001 : Current memory(MB): used = 510, reserve = 482, peak = 510.
PHY-1001 : End phase 1; 1.302204s wall, 0.500000s user + 0.000000s system = 0.500000s CPU (38.4%)

PHY-1001 : ===== Detail Route Phase 2 =====
PHY-1001 : Initial routing.....
PHY-1001 : Routed 32% nets.
PHY-1001 : Routed 38% nets.
PHY-1001 : Routed 47% nets.
PHY-1001 : Routed 63% nets.
PHY-1001 : Routed 88% nets.
PHY-1022 : len = 255920, over cnt = 36(0%), over = 36, worst = 1, crit = 0
PHY-1001 : Current memory(MB): used = 512, reserve = 484, peak = 512.
PHY-1001 : End initial routed; 3.529272s wall, 1.328125s user + 0.093750s system = 1.421875s CPU (40.3%)

PHY-1001 : Current memory(MB): used = 512, reserve = 484, peak = 512.
PHY-1001 : End phase 2; 3.530388s wall, 1.328125s user + 0.093750s system = 1.421875s CPU (40.3%)

PHY-1001 : ===== Detail Route Phase 3 =====
PHY-1001 : Ripup-reroute.....
PHY-1001 : ===== DR Iter 1 =====
PHY-1022 : len = 255664, over cnt = 5(0%), over = 5, worst = 1, crit = 0
PHY-1001 : End DR Iter 1; 0.159412s wall, 0.015625s user + 0.000000s system = 0.015625s CPU (9.8%)

PHY-1001 : ===== DR Iter 2 =====
PHY-1022 : len = 255688, over cnt = 2(0%), over = 2, worst = 1, crit = 0
PHY-1001 : End DR Iter 2; 0.025015s wall, 0.000000s user + 0.000000s system = 0.000000s CPU (n/a%)

PHY-1001 : ===== DR Iter 3 =====
PHY-1022 : len = 255632, over cnt = 0(0%), over = 0, worst = 0, crit = 0
PHY-1001 : End DR Iter 3; 0.025349s wall, 0.015625s user + 0.000000s system = 0.015625s CPU (61.6%)

PHY-1001 : Commit to database.....
PHY-1001 : 5 feed throughs used by 5 nets
PHY-1001 : End commit to database; 0.278662s wall, 0.031250s user + 0.015625s system = 0.046875s CPU (16.8%)

PHY-1001 : Current memory(MB): used = 526, reserve = 498, peak = 526.
PHY-1001 : End phase 3; 0.668352s wall, 0.093750s user + 0.015625s system = 0.109375s CPU (16.4%)

PHY-1003 : Routed, final wirelength = 255632
PHY-1001 : Current memory(MB): used = 526, reserve = 498, peak = 526.
PHY-1001 : End export database. 0.011120s wall, 0.000000s user + 0.000000s system = 0.000000s CPU (n/a%)

PHY-1001 : End detail routing;  10.317193s wall, 4.078125s user + 0.250000s system = 4.328125s CPU (42.0%)

RUN-1003 : finish command "route" in  10.846105s wall, 4.171875s user + 0.265625s system = 4.437500s CPU (40.9%)

RUN-1004 : used memory is 461 MB, reserved memory is 433 MB, peak memory is 526 MB
RUN-1002 : start command "report_area -io_info -file led_4s_phy.area"
RUN-1001 : standard
***Report Model: fpga_ed4g Device: EG4S20BG256***

IO Statistics
#IO                         3
  #input                    1
  #output                   2
  #inout                    0

Utilization Statistics
#lut                      956   out of  19600    4.88%
#reg                      601   out of  19600    3.07%
#le                      1111
  #lut only               510   out of   1111   45.90%
  #reg only               155   out of   1111   13.95%
  #lut&reg                446   out of   1111   40.14%
#dsp                        0   out of     29    0.00%
#bram                      28   out of     64   43.75%
  #bram9k                  27
  #fifo9k                   1
#bram32k                    0   out of     16    0.00%
#pad                        3   out of    188    1.60%
  #ireg                     0
  #oreg                     1
  #treg                     0
#pll                        1   out of      4   25.00%
#gclk                       2   out of     16   12.50%

Clock Resource Statistics
Index     ClockNet               Type               DriverType         Driver                       Fanout
#1        clk_10m                GCLK               pll                u_PLL_150M/pll_inst.clkc1    130
#2        config_inst_syn_9      GCLK               config             config_inst.jtck             127
#3        sysclk_i_dup_1         GCLK               io                 sysclk_i_syn_2.di            84
#4        u_PLL_150M/clk0_buf    GCLK               pll                u_PLL_150M/pll_inst.clkc0    36
#5        clk_3m                 GeneralRouting     pll                u_PLL_150M/pll_inst.clkc2    0


Detailed IO Report

    Name      Direction    Location    IOStandard    DriveStrength    PullType    PackReg  
  sysclk_i      INPUT         R7        LVCMOS33          N/A          PULLUP      NONE    
    cko        OUTPUT        F15        LVCMOS33           8           PULLUP      NONE    
    sdo        OUTPUT        D16        LVCMOS33           8           PULLUP      OREG    

Report Hierarchy Area:
+-----------------------------------------------------------------------------------------------------------------+
|Instance                            |Module                 |le     |lut     |ripple  |seq     |bram    |dsp     |
+-----------------------------------------------------------------------------------------------------------------+
|top                                 |fpga_ed4g              |1111   |775     |181     |602     |28      |0       |
|  u_PLL_150M                        |PLL_150M               |1      |1       |0       |0       |0       |0       |
|  u_ctrl_top                        |led_ctrl_top           |321    |276     |40      |86      |1       |0       |
|    u_LED_send                      |LED_send               |126    |112     |12      |51      |0       |0       |
|    u_cdc_sbit_handshake            |cdc_sbit_handshake     |4      |1       |0       |4       |0       |0       |
|    u_fifo_fsm                      |fifo_fsm               |103    |75      |28      |16      |0       |0       |
|    u_hasyncfifo_ahead12to12        |hasyncfifo_ahead12to12 |88     |88      |0       |15      |1       |0       |
|      u_hasyncfifo_12to12           |hasyncfifo_12to12      |2      |2       |0       |0       |1       |0       |
|  cw_top                            |CW_TOP_WRAPPER         |523    |299     |95      |339     |0       |0       |
|    wrapper_cwc_top                 |cwc_top                |523    |299     |95      |339     |0       |0       |
|      cfg_int_inst                  |cwc_cfg_int            |216    |101     |0       |216     |0       |0       |
|        reg_inst                    |register               |214    |99      |0       |214     |0       |0       |
|        tap_inst                    |tap                    |2      |2       |0       |2       |0       |0       |
|      trigger_inst                  |trigger                |307    |198     |95      |123     |0       |0       |
|        bus_inst                    |bus_top                |96     |51      |34      |32      |0       |0       |
|          BUS_DETECTOR[0]$bus_nodes |bus_det                |41     |17      |14      |11      |0       |0       |
|          BUS_DETECTOR[1]$bus_nodes |bus_det                |1      |0       |0       |1       |0       |0       |
|          BUS_DETECTOR[2]$bus_nodes |bus_det                |15     |9       |6       |6       |0       |0       |
|          BUS_DETECTOR[3]$bus_nodes |bus_det                |38     |24      |14      |13      |0       |0       |
|          BUS_DETECTOR[5]$bus_nodes |bus_det                |1      |1       |0       |1       |0       |0       |
|        emb_ctrl_inst               |emb_ctrl               |113    |84      |29      |56      |0       |0       |
+-----------------------------------------------------------------------------------------------------------------+


DataNet Average Fanout:

   Index     Fanout     Nets  
    #1          1       685   
    #2          2       288   
    #3          3       210   
    #4          4        39   
    #5        5-10       46   
    #6        11-50      54   
    #7       51-100      3    
    #8       101-500     4    
  Average     3.18            

RUN-1002 : start command "export_db led_4s_pr.db"
RUN-1001 : Exported /
RUN-1001 : Exported flow parameters
RUN-1001 : Exported libs
RUN-1001 : Exported entities
RUN-1001 : Exported ports
RUN-1001 : Exported pins
RUN-1001 : Exported instances
RUN-1001 : Exported nets
RUN-1001 : Exported buses
RUN-1001 : Exported models
RUN-1001 : Exported congestions
RUN-1001 : Exported violations
RUN-1001 : Exported IO constraints
RUN-1001 : Exported Inst constraints
RUN-1001 : Exported ChipWatcher
RUN-1002 : start command "export_bid led_4s_inst.bid"
PRG-1000 : <!-- HMAC is: 489d4debaadd24d1ecbf3d9e92da4bfde99d0429ae4f23d64cba83f689075432 -->
RUN-1002 : start command "bitgen -bit led_4s.bit"
BIT-1003 : Start to generate bitstream. 
BIT-1002 : Init instances with 16 threads.
BIT-1002 : Init instances completely, inst num: 615
BIT-1002 : Init pips with 16 threads.
BIT-1002 : Init pips completely, net num: 1339, pip num: 15410
BIT-1002 : Init feedthrough completely, num: 5
BIT-1003 : Multithreading accelaration with 16 threads.
BIT-1003 : Generate bitstream completely, there are 1499 valid insts, and 41557 bits set as '1'.
BIT-1004 : the usercode register value: 00000000110001001100111110010010
BIT-1004 : PLL setting string = 0010
BIT-1004 : Generate bits file led_4s.bit.
RUN-1003 : finish command "bitgen -bit led_4s.bit" in  3.307650s wall, 12.531250s user + 0.203125s system = 12.734375s CPU (385.0%)

RUN-1004 : used memory is 462 MB, reserved memory is 442 MB, peak memory is 659 MB
RUN-1002 : start command "backup_run_log run.log ../.logs/phy_1/td_20240710_144645.log"
