============================================================
   Tang Dynasty, V5.6.71036
      Copyright (c) 2012-2023 Anlogic Inc.
   Executable = D:/TD/bin/td.exe
   Built at =   20:34:38 Mar 21 2023
   Run by =     32863
   Run Date =   Mon Jul  8 18:01:11 2024

   Run on =     SUPERIOR-LEGION
============================================================
RUN-1002 : start command "open_project led_4s.prj"
RUN-1001 : Print Global Property
RUN-1001 : ---------------------------------------------------------------
RUN-1001 :        Parameters        |  Settings  |  Default Values  |  Note  
RUN-1001 : ---------------------------------------------------------------
RUN-1001 :          message         |  standard  |     standard     |        
RUN-1001 :   mixed_pack_place_flow  |     on     |        on        |        
RUN-1001 :        qor_monitor       |    off     |       off        |        
RUN-1001 :        syn_ip_flow       |    off     |       off        |        
RUN-1001 :          thread          |    auto    |       auto       |        
RUN-1001 : ---------------------------------------------------------------
RUN-1001 : Print Design Property
RUN-1001 : --------------------------------------------------------------
RUN-1001 :        Parameters       |  Settings  |  Default Values  |  Note  
RUN-1001 : --------------------------------------------------------------
RUN-1001 :   default_reg_initial   |    auto    |       auto       |        
RUN-1001 :        infer_add        |     on     |        on        |        
RUN-1001 :        infer_fsm        |    off     |       off        |        
RUN-1001 :        infer_mult       |     on     |        on        |        
RUN-1001 :        infer_ram        |     on     |        on        |        
RUN-1001 :        infer_reg        |     on     |        on        |        
RUN-1001 :   infer_reg_init_value  |     on     |        on        |        
RUN-1001 :        infer_rom        |     on     |        on        |        
RUN-1001 :      infer_shifter      |     on     |        on        |        
RUN-1001 : --------------------------------------------------------------
RUN-1001 : Print Rtl Property
RUN-1001 : --------------------------------------------------------------
RUN-1001 :        Parameters       |  Settings  |  Default Values  |  Note  
RUN-1001 : --------------------------------------------------------------
RUN-1001 :       compress_add      |   ripple   |      ripple      |        
RUN-1001 :        elf_sload        |    off     |       off        |        
RUN-1001 :       fix_undriven      |     0      |        0         |        
RUN-1001 :         flatten         |    off     |       off        |        
RUN-1001 :       gate_sharing      |     on     |        on        |        
RUN-1001 :    hdl_warning_level    |   normal   |      normal      |        
RUN-1001 :   impl_internal_tribuf  |     on     |        on        |        
RUN-1001 :      impl_set_reset     |     on     |        on        |        
RUN-1001 :        infer_gsr        |    off     |       off        |        
RUN-1001 :      keep_hierarchy     |    auto    |       auto       |        
RUN-1001 :        max_fanout       |    9999    |       9999       |        
RUN-1001 :      max_oh2bin_len     |     10     |        10        |        
RUN-1001 :       merge_equal       |     on     |        on        |        
RUN-1001 :       merge_equiv       |     on     |        on        |        
RUN-1001 :        merge_mux        |    off     |       off        |        
RUN-1001 :     min_control_set     |     8      |        8         |        
RUN-1001 :      min_ripple_len     |    auto    |       auto       |        
RUN-1001 :       oh2bin_ratio      |    0.08    |       0.08       |        
RUN-1001 :     opt_adder_fanout    |     on     |        on        |        
RUN-1001 :        opt_arith        |     on     |        on        |        
RUN-1001 :       opt_big_gate      |    off     |       off        |        
RUN-1001 :        opt_const        |     on     |        on        |        
RUN-1001 :      opt_const_mult     |     on     |        on        |        
RUN-1001 :       opt_lessthan      |     on     |        on        |        
RUN-1001 :         opt_mux         |    off     |       off        |        
RUN-1001 :         opt_ram         |    high    |       high       |        
RUN-1001 :      rtl_sim_model      |    off     |       off        |        
RUN-1001 :         seq_syn         |     on     |        on        |        
RUN-1001 : --------------------------------------------------------------
HDL-1007 : analyze verilog file ../../al_ip/PLL_150M.v
HDL-1007 : undeclared symbol 'open', assumed default net type 'wire' in ../../al_ip/PLL_150M.v(78)
HDL-1007 : analyze verilog file ../../al_ip/hasyncfifo_ahead12to12.v
HDL-1007 : analyze verilog file ../../../../src/rtl/FPGA/fpga_eg4s.sv
HDL-1007 : undeclared symbol 'lock', assumed default net type 'wire' in ../../../../src/rtl/FPGA/fpga_eg4s.sv(44)
HDL-1007 : undeclared symbol 'en', assumed default net type 'wire' in ../../../../src/rtl/FPGA/fpga_eg4s.sv(55)
HDL-1007 : undeclared symbol 'start', assumed default net type 'wire' in ../../../../src/rtl/FPGA/fpga_eg4s.sv(56)
HDL-1007 : analyze verilog file ../../../../src/rtl/LED_CTRL_top/led_ctrl_top.sv
HDL-1007 : analyze verilog file ../../../../src/rtl/led_phy/LED_send.sv
HDL-1007 : analyze verilog file ../../../../src/rtl/led_phy/cdc_sbit_handshake.sv
HDL-1007 : analyze verilog file ../../../../src/rtl/led_phy/fifo_fsm.sv
HDL-1007 : analyze verilog file ../../../../src/rtl/led_phy/hasyncfifo_ahead12to12.v
RUN-1001 : Project manager successfully analyzed 8 source files.
RUN-1002 : start command "import_device eagle_s20.db -package EG4S20BG256"
ARC-1001 : Device Initialization.
ARC-1001 : ------------------------------------------------------------------
ARC-1001 :            OPTION            |          IO          |   SETTING   
ARC-1001 : ------------------------------------------------------------------
ARC-1001 :   cso_b/cclk/mosi/miso/dout  |  T3/R11/T10/P10/S11  |    gpio    
ARC-1001 :             done             |         P13          |    gpio    
ARC-1001 :           program_b          |          T2          |  dedicate  
ARC-1001 :        tdi/tms/tck/tdo       |   C12/A15/C14/E14    |  dedicate  
ARC-1001 : ------------------------------------------------------------------
ARC-1004 : Device setting, marked 5 dedicate IOs in total.
RUN-1002 : start command "import_db ../syn_1/led_4s_gate.db"
RUN-1001 : Importing database generated by Tang Dynasty, V5.6.71036.
RUN-1001 : Database version number 46146.
RUN-1001 : Import flow parameters
RUN-1001 : Import IO constraints
RUN-1001 : Import Inst constraints
RUN-1001 : Import design success TD_VERSION=5.6.71036 , DB_VERSION=46146
RUN-1002 : start command "place"
RUN-1001 : Open license file D:/TD/license/Anlogic.lic
RUN-1001 : Print Global Property
RUN-1001 : ---------------------------------------------------------------
RUN-1001 :        Parameters        |  Settings  |  Default Values  |  Note  
RUN-1001 : ---------------------------------------------------------------
RUN-1001 :          message         |  standard  |     standard     |        
RUN-1001 :   mixed_pack_place_flow  |     on     |        on        |        
RUN-1001 :        qor_monitor       |    off     |       off        |        
RUN-1001 :        syn_ip_flow       |    off     |       off        |        
RUN-1001 :          thread          |    auto    |       auto       |        
RUN-1001 : ---------------------------------------------------------------
RUN-1001 : Print Place Property
RUN-1001 : --------------------------------------------------------------
RUN-1001 :        Parameters       |  Settings  |  Default Values  |  Note  
RUN-1001 : --------------------------------------------------------------
RUN-1001 :      detailed_place     |     on     |        on        |        
RUN-1001 :          effort         |   medium   |      medium      |        
RUN-1001 :         fix_hold        |    off     |       off        |        
RUN-1001 :       legalization      |    ori     |       ori        |        
RUN-1001 :      new_spreading      |     on     |        on        |        
RUN-1001 :        opt_timing       |   medium   |      medium      |        
RUN-1001 :   post_clock_route_opt  |    off     |       off        |        
RUN-1001 :       pr_strategy       |     1      |        1         |        
RUN-1001 :        relaxation       |    1.00    |       1.00       |        
RUN-1001 :         retiming        |    off     |       off        |        
RUN-1001 : --------------------------------------------------------------
PHY-3001 : Placer runs in 16 thread(s).
RUN-1002 : start command "legalize_phy_inst"
SYN-1011 : Flatten model fpga_ed4g
SYN-5055 WARNING: The kept net _al_n0 will be merged to another kept net u_ctrl_top/u_LED_send/n_state[3]
SYN-5055 WARNING: The kept net u_ctrl_top/u_LED_send/n_state[3] will be merged to another kept net u_ctrl_top/u_LED_send/n_state[2]
RUN-1002 : start command "phys_opt -simplify_lut"
SYN-1032 : 509/3 useful/useless nets, 405/3 useful/useless insts
SYN-4016 : Net clk_150m driven by BUFG (59 clock/control pins, 1 other pins).
SYN-4027 : Net u_ctrl_top/u_LED_send/clk is clkc1 of pll u_PLL_150M/pll_inst.
SYN-4019 : Net sysclk_i_dup_1 is refclk of pll u_PLL_150M/pll_inst.
SYN-4020 : Net sysclk_i_dup_1 is fbclk of pll u_PLL_150M/pll_inst.
SYN-4025 : Tag rtl::Net clk_150m as clock net
SYN-4025 : Tag rtl::Net sysclk_i_dup_1 as clock net
SYN-4025 : Tag rtl::Net u_ctrl_top/u_LED_send/clk as clock net
SYN-4026 : Tagged 3 rtl::Net as clock net
PHY-1001 : Populate physical database on model fpga_ed4g.
RUN-1001 : There are total 405 instances
RUN-0007 : 181 luts, 136 seqs, 56 mslices, 23 lslices, 3 pads, 1 brams, 0 dsps
RUN-1001 : There are total 509 nets
RUN-1001 : 363 nets have 2 pins
RUN-1001 : 105 nets have [3 - 5] pins
RUN-1001 : 18 nets have [6 - 10] pins
RUN-1001 : 14 nets have [11 - 20] pins
RUN-1001 : 7 nets have [21 - 99] pins
RUN-1001 : 2 nets have 100+ pins
RUN-1001 : Report Control nets information:
RUN-1001 : DFF Distribution
RUN-1001 : ----------------------------------
RUN-1001 :   CE   |  SSR  |  ASR  |  DFF Count  
RUN-1001 : ----------------------------------
RUN-1001 :   No   |  No   |  No   |      0      
RUN-1001 :   No   |  No   |  Yes  |     85      
RUN-1001 :   No   |  Yes  |  No   |      0      
RUN-1001 :   Yes  |  No   |  No   |     29      
RUN-1001 :   Yes  |  No   |  Yes  |     22      
RUN-1001 :   Yes  |  Yes  |  No   |      0      
RUN-1001 : ----------------------------------
RUN-0007 : Control Group Statistic
RUN-0007 : ---------------------------
RUN-0007 :   #CLK  |  #CE  |  #SSR/ASR  
RUN-0007 : ---------------------------
RUN-0007 :    3    |   3   |     2      
RUN-0007 : ---------------------------
RUN-0007 : Control Set = 4
PHY-3001 : Initial placement ...
PHY-3001 : design contains 403 instances, 181 luts, 136 seqs, 79 slices, 15 macros(79 instances: 56 mslices 23 lslices)
PHY-0007 : Cell area utilization is 1%
PHY-3001 : Global placement ...
PHY-3001 : Initial: Len = 138781
PHY-3001 : Clustering ...
PHY-3001 : Level 0 #clusters 403.
PHY-3001 : End clustering;  0.000757s wall, 0.000000s user + 0.000000s system = 0.000000s CPU (n/a%)

PHY-3001 : Run with size of 4
PHY-3001 : Cell area utilization is 1%
PHY-3001 : :::0::: Try harder cell spreading with beta_ = 0
PHY-3002 : Step(1): len = 83578.4, overlap = 2.25
PHY-3002 : Step(2): len = 56874.3, overlap = 2.25
PHY-3002 : Step(3): len = 38422.1, overlap = 2.25
PHY-3002 : Step(4): len = 30034.4, overlap = 2.25
PHY-3002 : Step(5): len = 22207.7, overlap = 2.25
PHY-3002 : Step(6): len = 16778, overlap = 2.25
PHY-3002 : Step(7): len = 15557.9, overlap = 2.25
PHY-3002 : Step(8): len = 12299.4, overlap = 2.25
PHY-3002 : Step(9): len = 11763.1, overlap = 2.25
PHY-3002 : Step(10): len = 11807.2, overlap = 2.25
PHY-3001 : :::1::: Try harder cell spreading with beta_ = 0.000493283
PHY-3002 : Step(11): len = 11864.2, overlap = 2.25
PHY-3002 : Step(12): len = 10641.4, overlap = 0
PHY-3002 : Step(13): len = 10105.6, overlap = 0
PHY-3002 : Step(14): len = 9450.1, overlap = 2.25
PHY-3002 : Step(15): len = 9411.4, overlap = 2.25
PHY-3002 : Step(16): len = 9175.3, overlap = 2.25
PHY-3002 : Step(17): len = 9176, overlap = 2.25
PHY-3002 : Step(18): len = 9177.9, overlap = 2.25
PHY-3002 : Step(19): len = 9135, overlap = 2.25
PHY-3002 : Step(20): len = 9105.8, overlap = 2.25
PHY-3001 : Legalization ...
PHY-3001 : End legalization;  0.003879s wall, 0.000000s user + 0.000000s system = 0.000000s CPU (n/a%)

PHY-3001 : Run with size of 4
PHY-3001 : Cell area utilization is 2%
PHY-3001 : :::0::: Try harder cell spreading with beta_ = 0
PHY-3002 : Step(21): len = 10685.9, overlap = 0
PHY-3002 : Step(22): len = 10864.3, overlap = 0
PHY-3002 : Step(23): len = 9464.3, overlap = 0
PHY-3002 : Step(24): len = 9726.4, overlap = 0
PHY-3002 : Step(25): len = 8440.1, overlap = 0.25
PHY-3002 : Step(26): len = 8022, overlap = 0.0625
PHY-3002 : Step(27): len = 7705.6, overlap = 0.4375
PHY-3002 : Step(28): len = 7609.3, overlap = 0.5625
PHY-3002 : Step(29): len = 7518.5, overlap = 2.4375
PHY-3002 : Step(30): len = 7516.7, overlap = 2.8125
PHY-3002 : Step(31): len = 7404.3, overlap = 3.5625
PHY-3002 : Step(32): len = 7500.1, overlap = 3.8125
PHY-3002 : Step(33): len = 7340.6, overlap = 5.0625
PHY-3002 : Step(34): len = 7484.7, overlap = 3.8125
PHY-3002 : Step(35): len = 6868.1, overlap = 1.875
PHY-3002 : Step(36): len = 6509.2, overlap = 1.9375
PHY-3002 : Step(37): len = 6543.6, overlap = 1.875
PHY-3002 : Step(38): len = 6546.5, overlap = 1.625
PHY-3002 : Step(39): len = 6313.7, overlap = 2.125
PHY-3002 : Step(40): len = 6168, overlap = 1.8125
PHY-3002 : Step(41): len = 5928.9, overlap = 4.03125
PHY-3002 : Step(42): len = 5926.1, overlap = 4.53125
PHY-3002 : Step(43): len = 5738.8, overlap = 5.25
PHY-3002 : Step(44): len = 5746, overlap = 5.375
PHY-3002 : Step(45): len = 5672.9, overlap = 6.21875
PHY-3002 : Step(46): len = 5754.7, overlap = 6.65625
PHY-3002 : Step(47): len = 5586.4, overlap = 6.53125
PHY-3002 : Step(48): len = 5632.9, overlap = 6.3125
PHY-3002 : Step(49): len = 5588, overlap = 7.15625
PHY-3002 : Step(50): len = 5645.4, overlap = 7.84375
PHY-3002 : Step(51): len = 5524.4, overlap = 10.0938
PHY-3002 : Step(52): len = 5457.7, overlap = 10.125
PHY-3002 : Step(53): len = 5398.8, overlap = 9.28125
PHY-3002 : Step(54): len = 5382.4, overlap = 10
PHY-3002 : Step(55): len = 5280.8, overlap = 9.65625
PHY-3002 : Step(56): len = 5272.8, overlap = 9.5625
PHY-3002 : Step(57): len = 5213.3, overlap = 7.59375
PHY-3002 : Step(58): len = 5284.3, overlap = 5.4375
PHY-3002 : Step(59): len = 5297.4, overlap = 4.375
PHY-3002 : Step(60): len = 5208.9, overlap = 4.03125
PHY-3002 : Step(61): len = 5179.1, overlap = 6
PHY-3002 : Step(62): len = 5144, overlap = 6.09375
PHY-3002 : Step(63): len = 5065.3, overlap = 7.65625
PHY-3002 : Step(64): len = 5028, overlap = 9.875
PHY-3002 : Step(65): len = 4889.6, overlap = 9.5
PHY-3002 : Step(66): len = 4889.6, overlap = 9.5
PHY-3002 : Step(67): len = 4829.6, overlap = 10.375
PHY-3002 : Step(68): len = 4829.6, overlap = 10.375
PHY-3002 : Step(69): len = 4826.9, overlap = 10.4688
PHY-3002 : Step(70): len = 4826.9, overlap = 10.4688
PHY-3002 : Step(71): len = 4782.5, overlap = 10.5625
PHY-3001 : Run with size of 2
PHY-3001 : Cell area utilization is 2%
PHY-3001 : :::0::: Try harder cell spreading with beta_ = 6.10252e-06
PHY-3002 : Step(72): len = 4935.9, overlap = 26.3438
PHY-3002 : Step(73): len = 4935.9, overlap = 26.3438
PHY-3001 : :::1::: Try harder cell spreading with beta_ = 1.2205e-05
PHY-3002 : Step(74): len = 5077.1, overlap = 25.375
PHY-3002 : Step(75): len = 5077.1, overlap = 25.375
PHY-3001 : :::2::: Try harder cell spreading with beta_ = 2.44101e-05
PHY-3002 : Step(76): len = 5694, overlap = 21.5625
PHY-3002 : Step(77): len = 5694, overlap = 21.5625
PHY-3002 : Step(78): len = 5366.2, overlap = 20.0938
PHY-3002 : Step(79): len = 5449.8, overlap = 20.3438
PHY-3002 : Step(80): len = 5596.5, overlap = 20.4688
PHY-3001 : :::3::: Try harder cell spreading with beta_ = 4.88202e-05
PHY-3002 : Step(81): len = 5654.3, overlap = 19.5
PHY-3002 : Step(82): len = 5772.4, overlap = 17.1562
PHY-3002 : Step(83): len = 5845.3, overlap = 16.0625
PHY-3002 : Step(84): len = 5807.6, overlap = 16.1875
PHY-3002 : Step(85): len = 5796.6, overlap = 15.5938
PHY-3001 : :::4::: Try harder cell spreading with beta_ = 9.76403e-05
PHY-3002 : Step(86): len = 5773.7, overlap = 14.4062
PHY-3002 : Step(87): len = 5773.7, overlap = 14.4062
PHY-3002 : Step(88): len = 5825.6, overlap = 12.6875
OPT-1001 : Start physical optimization ...
OPT-1001 : Total overflow 30.81 peak overflow 3.34
OPT-1001 : Start high-fanout net optimization ...
OPT-1001 : Update timing in global mode
PHY-1001 : Start incremental global routing, caller is place ...
RUN-1001 : Generating global routing grids ...
RUN-1001 : Building simple global routing graph ...
PHY-1001 : Generate routing nets ...
PHY-1001 : Reuse net number 0/509.
PHY-1001 : Global iterations in 16 thread ...
PHY-1002 : len = 6608, over cnt = 33(0%), over = 108, worst = 10
PHY-1001 : End global iterations;  0.015033s wall, 0.015625s user + 0.000000s system = 0.015625s CPU (103.9%)

PHY-1001 : Congestion index: top1 = 15.78, top5 = 4.97, top10 = 2.48, top15 = 1.65.
PHY-1001 : End incremental global routing;  0.076001s wall, 0.031250s user + 0.015625s system = 0.046875s CPU (61.7%)

RUN-1002 : start command "start_timer -report"
TMR-5001 WARNING: No sdc constraints found while initiating timer.
TMR-2505 : Start building timing graph for model fpga_ed4g.
TMR-2506 : Build timing graph completely. Port num: 3, tpin num: 1833, tnet num: 507, tinst num: 403, tnode num: 2284, tedge num: 2970.
TMR-2508 : Levelizing timing graph completed, there are 25 levels in total.
TMR-2501 : Timing graph initialized successfully.
OPT-1001 : End timing update;  0.051645s wall, 0.046875s user + 0.000000s system = 0.046875s CPU (90.8%)

OPT-1001 : 0 high-fanout net processed.
OPT-1001 : End high-fanout net optimization;  0.132730s wall, 0.093750s user + 0.015625s system = 0.109375s CPU (82.4%)

OPT-1001 : Current memory(MB): used = 147, reserve = 118, peak = 147.
OPT-1001 : End physical optimization;  0.139028s wall, 0.093750s user + 0.015625s system = 0.109375s CPU (78.7%)

PHY-3001 : Start packing ...
SYN-4007 : Packing 0 MUX to BLE ...
SYN-4008 : Packed 0 MUX and 0 SEQ to BLE.
SYN-4007 : Packing 181 LUT to BLE ...
SYN-4008 : Packed 181 LUT and 98 SEQ to BLE.
SYN-4003 : Packing 38 remaining SEQ's ...
SYN-4005 : Packed 11 SEQ with LUT/SLICE
SYN-4006 : 75 single LUT's are left
SYN-4006 : 27 single SEQ's are left
SYN-4011 : Packing model "fpga_ed4g" (AL_USER_NORMAL) with 208/342 primitive instances ...
PHY-3001 : End packing;  0.012153s wall, 0.000000s user + 0.000000s system = 0.000000s CPU (n/a%)

PHY-1001 : Populate physical database on model fpga_ed4g.
RUN-1001 : There are total 196 instances
RUN-1001 : 94 mslices, 93 lslices, 3 pads, 1 brams, 0 dsps
RUN-1001 : There are total 412 nets
RUN-1001 : 266 nets have 2 pins
RUN-1001 : 105 nets have [3 - 5] pins
RUN-1001 : 18 nets have [6 - 10] pins
RUN-1001 : 16 nets have [11 - 20] pins
RUN-1001 : 6 nets have [21 - 99] pins
RUN-1001 : 1 nets have 100+ pins
PHY-3001 : design contains 194 instances, 187 slices, 15 macros(79 instances: 56 mslices 23 lslices)
PHY-3001 : Cell area utilization is 2%
PHY-3001 : After packing: Len = 5755, Over = 15
PHY-3001 : Run with size of 2
PHY-3001 : Cell area utilization is 2%
PHY-3001 : :::0::: Try harder cell spreading with beta_ = 3.29323e-05
PHY-3002 : Step(89): len = 5488.6, overlap = 15.25
PHY-3002 : Step(90): len = 5522.6, overlap = 14.25
PHY-3002 : Step(91): len = 5529.8, overlap = 14.25
PHY-3001 : :::1::: Try harder cell spreading with beta_ = 6.58646e-05
PHY-3002 : Step(92): len = 5592.7, overlap = 14.25
PHY-3002 : Step(93): len = 5675.5, overlap = 14
PHY-3002 : Step(94): len = 5829.6, overlap = 13.5
PHY-3001 : :::2::: Try harder cell spreading with beta_ = 0.000131729
PHY-3002 : Step(95): len = 5684, overlap = 14.5
PHY-3002 : Step(96): len = 5752, overlap = 14
PHY-3002 : Step(97): len = 5828, overlap = 13.5
PHY-3001 : Legalization ...
PHY-3001 : End legalization;  0.037187s wall, 0.000000s user + 0.015625s system = 0.015625s CPU (42.0%)

PHY-3001 : Trial Legalized: Len = 10803
PHY-3001 : Run with size of 2
PHY-3001 : Cell area utilization is 2%
PHY-3001 : :::0::: Try harder cell spreading with beta_ = 0
PHY-3002 : Step(98): len = 7045.2, overlap = 5.75
PHY-3002 : Step(99): len = 6008.7, overlap = 8
PHY-3002 : Step(100): len = 5771.2, overlap = 8
PHY-3002 : Step(101): len = 5790.9, overlap = 8.5
PHY-3002 : Step(102): len = 5790.9, overlap = 8.5
PHY-3001 : :::1::: Try harder cell spreading with beta_ = 5.04382e-05
PHY-3002 : Step(103): len = 5688.8, overlap = 8.5
PHY-3002 : Step(104): len = 5688.8, overlap = 8.5
PHY-3001 : :::2::: Try harder cell spreading with beta_ = 0.000100876
PHY-3002 : Step(105): len = 5729.6, overlap = 8.5
PHY-3002 : Step(106): len = 5729.6, overlap = 8.5
PHY-3001 : Legalization ...
PHY-3001 : End legalization;  0.003383s wall, 0.000000s user + 0.000000s system = 0.000000s CPU (n/a%)

PHY-3001 : Legalized: Len = 8155, Over = 0
PHY-3001 : End spreading;  0.001819s wall, 0.000000s user + 0.000000s system = 0.000000s CPU (n/a%)

PHY-3001 : Final: Len = 8155, Over = 0
OPT-1001 : Start physical optimization ...
OPT-1001 : Total overflow 0.00 peak overflow 0.00
OPT-1001 : Start high-fanout net optimization ...
OPT-1001 : Update timing in global mode
PHY-1001 : Start incremental global routing, caller is place ...
RUN-1001 : Generating global routing grids ...
PHY-1001 : Generate routing nets ...
PHY-1001 : Reuse net number 38/412.
PHY-1001 : Global iterations in 16 thread ...
PHY-1002 : len = 9472, over cnt = 25(0%), over = 36, worst = 3
PHY-1002 : len = 9624, over cnt = 16(0%), over = 20, worst = 3
PHY-1002 : len = 9784, over cnt = 3(0%), over = 4, worst = 2
PHY-1002 : len = 9840, over cnt = 0(0%), over = 0, worst = 0
PHY-1001 : End global iterations;  0.041270s wall, 0.015625s user + 0.000000s system = 0.015625s CPU (37.9%)

PHY-1001 : Congestion index: top1 = 15.43, top5 = 7.00, top10 = 3.59, top15 = 2.40.
PHY-1001 : End incremental global routing;  0.099048s wall, 0.062500s user + 0.000000s system = 0.062500s CPU (63.1%)

RUN-1002 : start command "start_timer -report"
TMR-5001 WARNING: No sdc constraints found while initiating timer.
TMR-2505 : Start building timing graph for model fpga_ed4g.
TMR-2506 : Build timing graph completely. Port num: 3, tpin num: 1520, tnet num: 410, tinst num: 194, tnode num: 1853, tedge num: 2595.
TMR-2508 : Levelizing timing graph completed, there are 23 levels in total.
TMR-2501 : Timing graph initialized successfully.
OPT-1001 : End timing update;  0.029607s wall, 0.000000s user + 0.000000s system = 0.000000s CPU (n/a%)

OPT-1001 : 0 high-fanout net processed.
OPT-1001 : End high-fanout net optimization;  0.134100s wall, 0.062500s user + 0.000000s system = 0.062500s CPU (46.6%)

OPT-1001 : Current memory(MB): used = 149, reserve = 120, peak = 149.
OPT-1001 : Update timing in Manhattan mode
OPT-1001 : End timing update;  0.000401s wall, 0.000000s user + 0.000000s system = 0.000000s CPU (n/a%)

OPT-1001 : Start pin optimization...
OPT-1001 : skip pin optimization...
RUN-1001 : Generating global routing grids ...
PHY-1001 : Generate routing nets ...
PHY-1001 : Reuse net number 335/412.
PHY-1001 : Global iterations in 16 thread ...
PHY-1002 : len = 9840, over cnt = 0(0%), over = 0, worst = 0
PHY-1001 : End global iterations;  0.002098s wall, 0.000000s user + 0.000000s system = 0.000000s CPU (n/a%)

PHY-1001 : Congestion index: top1 = 15.43, top5 = 7.00, top10 = 3.59, top15 = 2.40.
OPT-1001 : Update timing in Manhattan mode
OPT-1001 : End timing update;  0.000685s wall, 0.000000s user + 0.000000s system = 0.000000s CPU (n/a%)

RUN-1001 : QoR Analysis:
OPT-0007 :   WNS 2147483647 TNS 0 NUM_FEPS 0
RUN-1001 :   No local congestion issue, and most congested 1% tile average routing util is 14.965517
RUN-1001 :   Top critical paths
OPT-1001 : End physical optimization;  0.189937s wall, 0.093750s user + 0.000000s system = 0.093750s CPU (49.4%)

RUN-1003 : finish command "place" in  2.520305s wall, 0.859375s user + 0.718750s system = 1.578125s CPU (62.6%)

RUN-1004 : used memory is 132 MB, reserved memory is 103 MB, peak memory is 149 MB
RUN-1002 : start command "export_db led_4s_place.db"
RUN-1001 : Exported /
RUN-1001 : Exported flow parameters
RUN-1001 : Exported libs
RUN-1001 : Exported entities
RUN-1001 : Exported ports
RUN-1001 : Exported pins
RUN-1001 : Exported instances
RUN-1001 : Exported nets
RUN-1001 : Exported buses
RUN-1001 : Exported models
RUN-1001 : Exported congestions
RUN-1001 : Exported violations
RUN-1001 : Exported IO constraints
RUN-1001 : Exported Inst constraints
RUN-1002 : start command "route"
RUN-1001 : Open license file D:/TD/license/Anlogic.lic
RUN-1001 : Print Global Property
RUN-1001 : ---------------------------------------------------------------
RUN-1001 :        Parameters        |  Settings  |  Default Values  |  Note  
RUN-1001 : ---------------------------------------------------------------
RUN-1001 :          message         |  standard  |     standard     |        
RUN-1001 :   mixed_pack_place_flow  |     on     |        on        |        
RUN-1001 :        qor_monitor       |    off     |       off        |        
RUN-1001 :        syn_ip_flow       |    off     |       off        |        
RUN-1001 :          thread          |    auto    |       auto       |        
RUN-1001 : ---------------------------------------------------------------
RUN-1001 : Print Route Property
RUN-1001 : -------------------------------------------------------
RUN-1001 :    Parameters    |  Settings  |  Default Values  |  Note  
RUN-1001 : -------------------------------------------------------
RUN-1001 :      effort      |   medium   |      medium      |        
RUN-1001 :     fix_hold     |    off     |       off        |        
RUN-1001 :    opt_timing    |   medium   |      medium      |        
RUN-1001 :   phy_sim_model  |    off     |       off        |        
RUN-1001 :     priority     |   timing   |      timing      |        
RUN-1001 :     swap_pin     |     on     |        on        |        
RUN-1001 : -------------------------------------------------------
PHY-1001 : Route runs in 16 thread(s)
RUN-1001 : There are total 196 instances
RUN-1001 : 94 mslices, 93 lslices, 3 pads, 1 brams, 0 dsps
RUN-1001 : There are total 412 nets
RUN-1001 : 266 nets have 2 pins
RUN-1001 : 105 nets have [3 - 5] pins
RUN-1001 : 18 nets have [6 - 10] pins
RUN-1001 : 16 nets have [11 - 20] pins
RUN-1001 : 6 nets have [21 - 99] pins
RUN-1001 : 1 nets have 100+ pins
RUN-1002 : start command "start_timer -report"
TMR-5001 WARNING: No sdc constraints found while initiating timer.
TMR-2505 : Start building timing graph for model fpga_ed4g.
TMR-2506 : Build timing graph completely. Port num: 3, tpin num: 1520, tnet num: 410, tinst num: 194, tnode num: 1853, tedge num: 2595.
TMR-2508 : Levelizing timing graph completed, there are 23 levels in total.
TMR-2501 : Timing graph initialized successfully.
PHY-1001 : 94 mslices, 93 lslices, 3 pads, 1 brams, 0 dsps
TMR-2503 : Start to update net delay, extr mode = 3.
TMR-2504 : Update delay of 410 nets completely.
TMR-2502 : Annotate delay completely, extr mode = 3.
TMR-3002 : No user constraint, initiate default constraint.
TMR-1501 : Assign derive clock DeriveClock to 176 clock pins, and constraint 333 relative nodes.
TMR-3003 : Constraints initiated successfully.
TMR-3501 : Forward propagation: start to calculate arrival time...
TMR-3502 : Backward propagation: start to calculate required time...
TMR-3503 : Timing propagation completes.
PHY-1001 : Start global routing, caller is route ...
RUN-1001 : Generating global routing grids ...
PHY-1001 : Generate routing nets ...
PHY-1001 : Global iterations in 16 thread ...
PHY-1002 : len = 9400, over cnt = 23(0%), over = 35, worst = 3
PHY-1002 : len = 9560, over cnt = 15(0%), over = 21, worst = 3
PHY-1002 : len = 9744, over cnt = 3(0%), over = 4, worst = 2
PHY-1002 : len = 9800, over cnt = 0(0%), over = 0, worst = 0
PHY-1001 : End global iterations;  0.040170s wall, 0.000000s user + 0.000000s system = 0.000000s CPU (n/a%)

PHY-1001 : Congestion index: top1 = 15.30, top5 = 6.95, top10 = 3.57, top15 = 2.38.
PHY-1001 : End global routing;  0.088103s wall, 0.031250s user + 0.000000s system = 0.031250s CPU (35.5%)

PHY-1001 : Start detail routing ...
PHY-1001 : Current memory(MB): used = 172, reserve = 143, peak = 186.
PHY-1001 : Detailed router is running in normal mode.
PHY-1001 : Generate detailed routing grids ...
PHY-1001 : Generate nets ...
PHY-1001 : clock net clk_150m will be merged with clock u_PLL_150M/clk0_buf
PHY-1001 : net sysclk_i_dup_1 will be routed on clock mesh
PHY-1001 : net u_ctrl_top/u_LED_send/clk will be routed on clock mesh
PHY-1001 : Current memory(MB): used = 440, reserve = 416, peak = 440.
PHY-1001 : End build detailed router design. 2.261344s wall, 2.125000s user + 0.109375s system = 2.234375s CPU (98.8%)

PHY-1001 : Detail Route ...
PHY-1001 : ===== Detail Route Phase 1 =====
PHY-1001 : Clock net routing.....
PHY-1001 : Routed 0% nets.
PHY-1022 : len = 9424, over cnt = 0(0%), over = 0, worst = 0, crit = 0
PHY-1001 : End initial clock net routed; 0.579712s wall, 0.500000s user + 0.015625s system = 0.515625s CPU (88.9%)

PHY-1001 : Current memory(MB): used = 472, reserve = 449, peak = 472.
PHY-1001 : End phase 1; 0.585669s wall, 0.500000s user + 0.015625s system = 0.515625s CPU (88.0%)

PHY-1001 : ===== Detail Route Phase 2 =====
PHY-1001 : Initial routing.....
PHY-1001 : Routed 35% nets.
PHY-1001 : Routed 44% nets.
PHY-1001 : Routed 50% nets.
PHY-1001 : Routed 65% nets.
PHY-1001 : Routed 83% nets.
PHY-1022 : len = 48752, over cnt = 5(0%), over = 5, worst = 1, crit = 0
PHY-1001 : Current memory(MB): used = 472, reserve = 449, peak = 472.
PHY-1001 : End initial routed; 0.291320s wall, 0.234375s user + 0.031250s system = 0.265625s CPU (91.2%)

PHY-1001 : Current memory(MB): used = 472, reserve = 449, peak = 472.
PHY-1001 : End phase 2; 0.292347s wall, 0.234375s user + 0.031250s system = 0.265625s CPU (90.9%)

PHY-1001 : ===== Detail Route Phase 3 =====
PHY-1001 : Ripup-reroute.....
PHY-1001 : ===== DR Iter 1 =====
PHY-1022 : len = 48760, over cnt = 0(0%), over = 0, worst = 0, crit = 0
PHY-1001 : End DR Iter 1; 0.011366s wall, 0.000000s user + 0.000000s system = 0.000000s CPU (n/a%)

PHY-1001 : Commit to database.....
PHY-1001 : 2 feed throughs used by 2 nets
PHY-1001 : End commit to database; 0.029850s wall, 0.000000s user + 0.000000s system = 0.000000s CPU (n/a%)

PHY-1001 : Current memory(MB): used = 483, reserve = 459, peak = 483.
PHY-1001 : End phase 3; 0.121067s wall, 0.031250s user + 0.000000s system = 0.031250s CPU (25.8%)

PHY-1003 : Routed, final wirelength = 48760
PHY-1001 : Current memory(MB): used = 483, reserve = 459, peak = 483.
PHY-1001 : End export database. 0.005864s wall, 0.000000s user + 0.000000s system = 0.000000s CPU (n/a%)

PHY-1001 : End detail routing;  3.415347s wall, 2.984375s user + 0.171875s system = 3.156250s CPU (92.4%)

RUN-1003 : finish command "route" in  3.599286s wall, 3.046875s user + 0.171875s system = 3.218750s CPU (89.4%)

RUN-1004 : used memory is 422 MB, reserved memory is 396 MB, peak memory is 483 MB
RUN-1002 : start command "report_area -io_info -file led_4s_phy.area"
RUN-1001 : standard
***Report Model: fpga_ed4g Device: EG4S20BG256***

IO Statistics
#IO                         3
  #input                    1
  #output                   2
  #inout                    0

Utilization Statistics
#lut                      339   out of  19600    1.73%
#reg                      139   out of  19600    0.71%
#le                       366
  #lut only               227   out of    366   62.02%
  #reg only                27   out of    366    7.38%
  #lut&reg                112   out of    366   30.60%
#dsp                        0   out of     29    0.00%
#bram                       1   out of     64    1.56%
  #bram9k                   0
  #fifo9k                   1
#bram32k                    0   out of     16    0.00%
#pad                        3   out of    188    1.60%
  #ireg                     0
  #oreg                     1
  #treg                     0
#pll                        1   out of      4   25.00%
#gclk                       1   out of     16    6.25%

Clock Resource Statistics
Index     ClockNet                     Type               DriverType         Driver                       Fanout
#1        u_ctrl_top/u_LED_send/clk    GCLK               pll                u_PLL_150M/pll_inst.clkc1    38
#2        u_PLL_150M/clk0_buf          GCLK               pll                u_PLL_150M/pll_inst.clkc0    35
#3        sysclk_i_dup_1               GCLK               io                 sysclk_i_syn_2.di            16


Detailed IO Report

    Name      Direction    Location    IOStandard    DriveStrength    PullType    PackReg  
  sysclk_i      INPUT         R7        LVCMOS33          N/A          PULLUP      NONE    
    cko        OUTPUT        F15        LVCMOS33           8           PULLUP      NONE    
    sdo        OUTPUT        D16        LVCMOS33           8           PULLUP      OREG    

Report Hierarchy Area:
+----------------------------------------------------------------------------------------------------------+
|Instance                     |Module                 |le     |lut     |ripple  |seq     |bram    |dsp     |
+----------------------------------------------------------------------------------------------------------+
|top                          |fpga_ed4g              |366    |260     |79      |140     |1       |0       |
|  u_PLL_150M                 |PLL_150M               |1      |1       |0       |0       |0       |0       |
|  u_ctrl_top                 |led_ctrl_top           |219    |179     |40      |70      |1       |0       |
|    u_LED_send               |LED_send               |104    |92      |12      |49      |0       |0       |
|    u_cdc_sbit_handshake     |cdc_sbit_handshake     |2      |2       |0       |1       |0       |0       |
|    u_fifo_fsm               |fifo_fsm               |108    |80      |28      |19      |0       |0       |
|    u_hasyncfifo_ahead12to12 |hasyncfifo_ahead12to12 |5      |5       |0       |1       |1       |0       |
|      u_hasyncfifo_12to12    |hasyncfifo_12to12      |1      |1       |0       |0       |1       |0       |
+----------------------------------------------------------------------------------------------------------+


DataNet Average Fanout:

   Index     Fanout    Nets  
    #1         1       263   
    #2         2        46   
    #3         3        31   
    #4         4        28   
    #5        5-10      22   
    #6       11-50      13   
    #7       51-100     1    
  Average     2.52           

RUN-1002 : start command "export_db led_4s_pr.db"
RUN-1001 : Exported /
RUN-1001 : Exported flow parameters
RUN-1001 : Exported libs
RUN-1001 : Exported entities
RUN-1001 : Exported ports
RUN-1001 : Exported pins
RUN-1001 : Exported instances
RUN-1001 : Exported nets
RUN-1001 : Exported buses
RUN-1001 : Exported models
RUN-1001 : Exported congestions
RUN-1001 : Exported violations
RUN-1001 : Exported IO constraints
RUN-1001 : Exported Inst constraints
RUN-1002 : start command "export_bid led_4s_inst.bid"
RUN-1002 : start command "bitgen -bit led_4s.bit"
BIT-1003 : Start to generate bitstream. 
BIT-1002 : Init instances with 16 threads.
BIT-1002 : Init instances completely, inst num: 194
BIT-1002 : Init pips with 16 threads.
BIT-1002 : Init pips completely, net num: 412, pip num: 3489
BIT-1002 : Init feedthrough completely, num: 2
BIT-1003 : Multithreading accelaration with 16 threads.
BIT-1003 : Generate bitstream completely, there are 604 valid insts, and 10537 bits set as '1'.
BIT-1004 : PLL setting string = 0010
BIT-1004 : Generate bits file led_4s.bit.
RUN-1002 : start command "backup_run_log run.log ../.logs/phy_1/td_20240708_180111.log"
