============================================================
   Tang Dynasty, V5.6.71036
      Copyright (c) 2012-2023 Anlogic Inc.
   Executable = D:/TD/bin/td.exe
   Built at =   20:34:38 Mar 21 2023
   Run by =     32863
   Run Date =   Wed Jul 10 17:15:54 2024

   Run on =     SUPERIOR-LEGION
============================================================
RUN-1002 : start command "open_project led_4s.prj"
RUN-1001 : Print Global Property
RUN-1001 : ---------------------------------------------------------------
RUN-1001 :        Parameters        |  Settings  |  Default Values  |  Note  
RUN-1001 : ---------------------------------------------------------------
RUN-1001 :          message         |  standard  |     standard     |        
RUN-1001 :   mixed_pack_place_flow  |     on     |        on        |        
RUN-1001 :        qor_monitor       |    off     |       off        |        
RUN-1001 :        syn_ip_flow       |    off     |       off        |        
RUN-1001 :          thread          |    auto    |       auto       |        
RUN-1001 : ---------------------------------------------------------------
RUN-1001 : Print Design Property
RUN-1001 : --------------------------------------------------------------
RUN-1001 :        Parameters       |  Settings  |  Default Values  |  Note  
RUN-1001 : --------------------------------------------------------------
RUN-1001 :   default_reg_initial   |    auto    |       auto       |        
RUN-1001 :        infer_add        |     on     |        on        |        
RUN-1001 :        infer_fsm        |    off     |       off        |        
RUN-1001 :        infer_mult       |     on     |        on        |        
RUN-1001 :        infer_ram        |     on     |        on        |        
RUN-1001 :        infer_reg        |     on     |        on        |        
RUN-1001 :   infer_reg_init_value  |     on     |        on        |        
RUN-1001 :        infer_rom        |     on     |        on        |        
RUN-1001 :      infer_shifter      |     on     |        on        |        
RUN-1001 : --------------------------------------------------------------
RUN-1001 : Print Rtl Property
RUN-1001 : --------------------------------------------------------------
RUN-1001 :        Parameters       |  Settings  |  Default Values  |  Note  
RUN-1001 : --------------------------------------------------------------
RUN-1001 :       compress_add      |   ripple   |      ripple      |        
RUN-1001 :        elf_sload        |    off     |       off        |        
RUN-1001 :       fix_undriven      |     0      |        0         |        
RUN-1001 :         flatten         |    off     |       off        |        
RUN-1001 :       gate_sharing      |     on     |        on        |        
RUN-1001 :    hdl_warning_level    |   normal   |      normal      |        
RUN-1001 :   impl_internal_tribuf  |     on     |        on        |        
RUN-1001 :      impl_set_reset     |     on     |        on        |        
RUN-1001 :        infer_gsr        |    off     |       off        |        
RUN-1001 :      keep_hierarchy     |    auto    |       auto       |        
RUN-1001 :        max_fanout       |    9999    |       9999       |        
RUN-1001 :      max_oh2bin_len     |     10     |        10        |        
RUN-1001 :       merge_equal       |     on     |        on        |        
RUN-1001 :       merge_equiv       |     on     |        on        |        
RUN-1001 :        merge_mux        |    off     |       off        |        
RUN-1001 :     min_control_set     |     8      |        8         |        
RUN-1001 :      min_ripple_len     |    auto    |       auto       |        
RUN-1001 :       oh2bin_ratio      |    0.08    |       0.08       |        
RUN-1001 :     opt_adder_fanout    |     on     |        on        |        
RUN-1001 :        opt_arith        |     on     |        on        |        
RUN-1001 :       opt_big_gate      |    off     |       off        |        
RUN-1001 :        opt_const        |     on     |        on        |        
RUN-1001 :      opt_const_mult     |     on     |        on        |        
RUN-1001 :       opt_lessthan      |     on     |        on        |        
RUN-1001 :         opt_mux         |    off     |       off        |        
RUN-1001 :         opt_ram         |    high    |       high       |        
RUN-1001 :      rtl_sim_model      |    off     |       off        |        
RUN-1001 :         seq_syn         |     on     |        on        |        
RUN-1001 : --------------------------------------------------------------
HDL-1007 : analyze verilog file ../../al_ip/PLL_150M.v
HDL-1007 : undeclared symbol 'open', assumed default net type 'wire' in ../../al_ip/PLL_150M.v(85)
HDL-1007 : analyze verilog file ../../al_ip/hasyncfifo_ahead12to12.v
HDL-1007 : analyze verilog file ../../../../src/rtl/FPGA/fpga_eg4s.sv
HDL-1007 : undeclared symbol 'en', assumed default net type 'wire' in ../../../../src/rtl/FPGA/fpga_eg4s.sv(77)
HDL-1007 : undeclared symbol 'start', assumed default net type 'wire' in ../../../../src/rtl/FPGA/fpga_eg4s.sv(78)
HDL-1007 : analyze verilog file ../../../../src/rtl/LED_CTRL_top/led_ctrl_top.sv
HDL-1007 : analyze verilog file ../../../../src/rtl/led_phy/LED_send.sv
HDL-1007 : analyze verilog file ../../../../src/rtl/led_phy/cdc_sbit_handshake.sv
HDL-1007 : analyze verilog file ../../../../src/rtl/led_phy/fifo_fsm.sv
HDL-1007 : analyze verilog file ../../../../src/rtl/led_phy/hasyncfifo_ahead12to12.v
RUN-1001 : Project manager successfully analyzed 8 source files.
RUN-1003 : finish command "open_project led_4s.prj" in  1.395556s wall, 0.000000s user + 0.046875s system = 0.046875s CPU (3.4%)

RUN-1004 : used memory is 53 MB, reserved memory is 20 MB, peak memory is 53 MB
RUN-1002 : start command "import_device eagle_s20.db -package EG4S20BG256"
ARC-1001 : Device Initialization.
ARC-1001 : ------------------------------------------------------------------
ARC-1001 :            OPTION            |          IO          |   SETTING   
ARC-1001 : ------------------------------------------------------------------
ARC-1001 :   cso_b/cclk/mosi/miso/dout  |  T3/R11/T10/P10/S11  |    gpio    
ARC-1001 :             done             |         P13          |    gpio    
ARC-1001 :           program_b          |          T2          |  dedicate  
ARC-1001 :        tdi/tms/tck/tdo       |   C12/A15/C14/E14    |  dedicate  
ARC-1001 : ------------------------------------------------------------------
ARC-1004 : Device setting, marked 5 dedicate IOs in total.
RUN-1002 : start command "import_db ../syn_1/led_4s_gate.db"
RUN-1001 : Importing database generated by Tang Dynasty, V5.6.71036.
RUN-1001 : Database version number 46146.
RUN-1001 : Import flow parameters
RUN-1001 : Import IO constraints
RUN-1001 : Import Inst constraints
RUN-1001 : Import design success TD_VERSION=5.6.71036 , DB_VERSION=46146
RUN-1002 : start command "config_chipwatcher ../../cwc001.cwc -dir "
RUN-1002 : start command "legalize_phy_inst"
SYN-1011 : Flatten model fpga_ed4g
KIT-1004 : ChipWatcher: import watcher inst auto_chipwatcher_0 completed, there are 6 view nodes, 30 trigger nets, 30 data nets.
KIT-1004 : Chipwatcher code = 1100111110010010
RUN-1002 : start command "compile_watcher"
RUN-1002 : start command "read_verilog -no_sch -dir D:/TD/cw/ -file led_4s_watcherInst.sv -lib cw -top CW_TOP_WRAPPER"
HDL-1007 : analyze verilog file D:/TD/cw\bus_det.v
HDL-1007 : analyze verilog file D:/TD/cw\bus_top.sv
HDL-1007 : analyze verilog file D:/TD/cw\cfg_int.v
HDL-1007 : analyze verilog file D:/TD/cw\cwc_cfg_int.v
HDL-1007 : analyze verilog file D:/TD/cw\cwc_top.sv
HDL-1007 : analyze verilog file D:/TD/cw\detect_bus.v
HDL-1007 : analyze verilog file D:/TD/cw\detect_non_bus.v
HDL-1007 : analyze verilog file D:/TD/cw\emb_ctrl.v
HDL-1007 : analyze verilog file D:/TD/cw\register.v
HDL-1007 : analyze verilog file D:/TD/cw\tap.v
HDL-1007 : analyze verilog file D:/TD/cw\trigger.sv
HDL-1007 : analyze verilog file led_4s_watcherInst.sv
HDL-1007 : elaborate module CW_TOP_WRAPPER in led_4s_watcherInst.sv(1)
HDL-1007 : elaborate module cwc_top(BUS_NUM=6,BUS_DIN_NUM=30,BUS_CTRL_NUM=84,BUS_WIDTH='{32'sb01011,32'sb01,32'sb0100,32'sb01100,32'sb01,32'sb01},BUS_DIN_POS='{32'sb0,32'sb01011,32'sb01100,32'sb010000,32'sb011100,32'sb011101},BUS_CTRL_POS='{32'sb0,32'sb011010,32'sb0100000,32'sb0101100,32'sb01001000,32'sb01001110}) in D:/TD/cw\cwc_top.sv(21)
HDL-1007 : elaborate module cwc_cfg_int(CTRL_REG_LEN=106) in D:/TD/cw\cwc_cfg_int.v(21)
HDL-1007 : elaborate module register(CTRL_REG_LEN=106) in D:/TD/cw\register.v(21)
HDL-1007 : elaborate module tap in D:/TD/cw\tap.v(21)
HDL-1007 : elaborate module trigger(BUS_NUM=6,BUS_DIN_NUM=30,BUS_CTRL_NUM=84,BUS_WIDTH='{32'sb01011,32'sb01,32'sb0100,32'sb01100,32'sb01,32'sb01},BUS_DIN_POS='{32'sb0,32'sb01011,32'sb01100,32'sb010000,32'sb011100,32'sb011101},BUS_CTRL_POS='{32'sb0,32'sb011010,32'sb0100000,32'sb0101100,32'sb01001000,32'sb01001110}) in D:/TD/cw\trigger.sv(21)
HDL-1007 : elaborate module bus_top(BUS_NODE_NUM=6,BUS_DIN_NUM=30,BUS_CTRL_NUM=84,BUS_WIDTH='{32'sb01011,32'sb01,32'sb0100,32'sb01100,32'sb01,32'sb01},BUS_DIN_POS='{32'sb0,32'sb01011,32'sb01100,32'sb010000,32'sb011100,32'sb011101},BUS_CTRL_POS='{32'sb0,32'sb011010,32'sb0100000,32'sb0101100,32'sb01001000,32'sb01001110}) in D:/TD/cw\bus_top.sv(22)
HDL-1007 : elaborate module bus_det(BUS_WIDTH=32'sb01011) in D:/TD/cw\bus_det.v(21)
HDL-1007 : elaborate module bus_det(BUS_WIDTH=32'sb01) in D:/TD/cw\bus_det.v(21)
HDL-1007 : elaborate module bus_det(BUS_WIDTH=32'sb0100) in D:/TD/cw\bus_det.v(21)
HDL-1007 : elaborate module bus_det(BUS_WIDTH=32'sb01100) in D:/TD/cw\bus_det.v(21)
HDL-1007 : elaborate module emb_ctrl in D:/TD/cw\emb_ctrl.v(21)
HDL-1200 : Current top model is CW_TOP_WRAPPER
HDL-1100 : Inferred 0 RAMs.
RUN-1002 : start command "force_keep -a auto_chipwatcher_0_logicbram"
RUN-1002 : start command "optimize_rtl -no_sch"
RUN-1001 : Open license file D:/TD/license/Anlogic.lic
RUN-1001 : Print Global Property
RUN-1001 : ---------------------------------------------------------------
RUN-1001 :        Parameters        |  Settings  |  Default Values  |  Note  
RUN-1001 : ---------------------------------------------------------------
RUN-1001 :          message         |  standard  |     standard     |        
RUN-1001 :   mixed_pack_place_flow  |     on     |        on        |        
RUN-1001 :        qor_monitor       |    off     |       off        |        
RUN-1001 :        syn_ip_flow       |    off     |       off        |        
RUN-1001 :          thread          |    auto    |       auto       |        
RUN-1001 : ---------------------------------------------------------------
RUN-1001 : Print Rtl Property
RUN-1001 : --------------------------------------------------------------
RUN-1001 :        Parameters       |  Settings  |  Default Values  |  Note  
RUN-1001 : --------------------------------------------------------------
RUN-1001 :       compress_add      |   ripple   |      ripple      |        
RUN-1001 :        elf_sload        |    off     |       off        |        
RUN-1001 :       fix_undriven      |     0      |        0         |        
RUN-1001 :         flatten         |    off     |       off        |        
RUN-1001 :       gate_sharing      |     on     |        on        |        
RUN-1001 :    hdl_warning_level    |   normal   |      normal      |        
RUN-1001 :   impl_internal_tribuf  |     on     |        on        |        
RUN-1001 :      impl_set_reset     |     on     |        on        |        
RUN-1001 :        infer_gsr        |    off     |       off        |        
RUN-1001 :      keep_hierarchy     |    auto    |       auto       |        
RUN-1001 :        max_fanout       |    9999    |       9999       |        
RUN-1001 :      max_oh2bin_len     |     10     |        10        |        
RUN-1001 :       merge_equal       |     on     |        on        |        
RUN-1001 :       merge_equiv       |     on     |        on        |        
RUN-1001 :        merge_mux        |    off     |       off        |        
RUN-1001 :     min_control_set     |     8      |        8         |        
RUN-1001 :      min_ripple_len     |    auto    |       auto       |        
RUN-1001 :       oh2bin_ratio      |    0.08    |       0.08       |        
RUN-1001 :     opt_adder_fanout    |     on     |        on        |        
RUN-1001 :        opt_arith        |     on     |        on        |        
RUN-1001 :       opt_big_gate      |    off     |       off        |        
RUN-1001 :        opt_const        |     on     |        on        |        
RUN-1001 :      opt_const_mult     |     on     |        on        |        
RUN-1001 :       opt_lessthan      |     on     |        on        |        
RUN-1001 :         opt_mux         |    off     |       off        |        
RUN-1001 :         opt_ram         |    high    |       high       |        
RUN-1001 :      rtl_sim_model      |    off     |       off        |        
RUN-1001 :         seq_syn         |     on     |        on        |        
RUN-1001 : --------------------------------------------------------------
SYN-1012 : SanityCheck: Model "fpga_ed4g"
SYN-1012 : SanityCheck: Model "CW_TOP_WRAPPER"
SYN-1012 : SanityCheck: Model "cwc_top(BUS_NUM=6,BUS_DIN_NUM=30,BUS_CTRL_NUM=84,BUS_WIDTH='{32'sb01011,32'sb01,32'sb0100,32'sb01100,32'sb01,32'sb01},BUS_DIN_POS='{32'sb0,32'sb01011,32'sb01100,32'sb010000,32'sb011100,32'sb011101},BUS_CTRL_POS='{32'sb0,32'sb011010,32'sb0100000,32'sb0101100,32'sb01001000,32'sb01001110})"
SYN-1012 : SanityCheck: Model "cwc_cfg_int(CTRL_REG_LEN=106)"
SYN-1012 : SanityCheck: Model "register(CTRL_REG_LEN=106)"
SYN-1012 : SanityCheck: Model "tap"
SYN-1012 : SanityCheck: Model "trigger(BUS_NUM=6,BUS_DIN_NUM=30,BUS_CTRL_NUM=84,BUS_WIDTH='{32'sb01011,32'sb01,32'sb0100,32'sb01100,32'sb01,32'sb01},BUS_DIN_POS='{32'sb0,32'sb01011,32'sb01100,32'sb010000,32'sb011100,32'sb011101},BUS_CTRL_POS='{32'sb0,32'sb011010,32'sb0100000,32'sb0101100,32'sb01001000,32'sb01001110})"
SYN-1012 : SanityCheck: Model "bus_top(BUS_NODE_NUM=6,BUS_DIN_NUM=30,BUS_CTRL_NUM=84,BUS_WIDTH='{32'sb01011,32'sb01,32'sb0100,32'sb01100,32'sb01,32'sb01},BUS_DIN_POS='{32'sb0,32'sb01011,32'sb01100,32'sb010000,32'sb011100,32'sb011101},BUS_CTRL_POS='{32'sb0,32'sb011010,32'sb0100000,32'sb0101100,32'sb01001000,32'sb01001110})"
SYN-1012 : SanityCheck: Model "bus_det(BUS_WIDTH=32'sb01011)"
SYN-1012 : SanityCheck: Model "bus_det(BUS_WIDTH=32'sb01)"
SYN-1012 : SanityCheck: Model "bus_det(BUS_WIDTH=32'sb0100)"
SYN-1012 : SanityCheck: Model "bus_det(BUS_WIDTH=32'sb01100)"
SYN-1012 : SanityCheck: Model "emb_ctrl"
SYN-1011 : Flatten model fpga_ed4g
SYN-1032 : 2461/26 useful/useless nets, 1543/15 useful/useless insts
SYN-1016 : Merged 32 instances.
SYN-1032 : 2182/6 useful/useless nets, 1926/6 useful/useless insts
SYN-1014 : Optimize round 1
SYN-1032 : 2166/16 useful/useless nets, 1914/12 useful/useless insts
SYN-1021 : Optimized 3 onehot mux instances.
SYN-1020 : Optimized 1 distributor mux.
SYN-1019 : Optimized 3 mux instances.
SYN-1015 : Optimize round 1, 375 better
SYN-1014 : Optimize round 2
SYN-1032 : 1887/45 useful/useless nets, 1635/48 useful/useless insts
SYN-1015 : Optimize round 2, 96 better
SYN-1014 : Optimize round 1
SYN-1015 : Optimize round 1, 0 better
RUN-1002 : start command "optimize_gate -no_sch"
RUN-1001 : Open license file D:/TD/license/Anlogic.lic
RUN-1001 : Print Global Property
RUN-1001 : ---------------------------------------------------------------
RUN-1001 :        Parameters        |  Settings  |  Default Values  |  Note  
RUN-1001 : ---------------------------------------------------------------
RUN-1001 :          message         |  standard  |     standard     |        
RUN-1001 :   mixed_pack_place_flow  |     on     |        on        |        
RUN-1001 :        qor_monitor       |    off     |       off        |        
RUN-1001 :        syn_ip_flow       |    off     |       off        |        
RUN-1001 :          thread          |    auto    |       auto       |        
RUN-1001 : ---------------------------------------------------------------
RUN-1001 : Print Gate Property
RUN-1001 : ------------------------------------------------------------------
RUN-1001 :          Parameters         |  Settings  |  Default Values  |  Note  
RUN-1001 : ------------------------------------------------------------------
RUN-1001 :         cascade_dsp         |    off     |       off        |        
RUN-1001 :         cascade_eram        |    off     |       off        |        
RUN-1001 :        gate_sim_model       |    off     |       off        |        
RUN-1001 :        map_sim_model        |    off     |       off        |        
RUN-1001 :         map_strategy        |     1      |        1         |        
RUN-1001 :           opt_area          |   medium   |      medium      |        
RUN-1001 :          opt_timing         |    auto    |       auto       |        
RUN-1001 :         pack_effort         |   medium   |      medium      |        
RUN-1001 :      pack_lslice_ripple     |     on     |        on        |        
RUN-1001 :   pack_lslice_ripple_ratio  |    0.5     |       0.5        |        
RUN-1001 :        pack_seq_in_io       |    auto    |       auto       |        
RUN-1001 :        ph1_mux_ratio        |    1.0     |       1.0        |        
RUN-1001 :            report           |  standard  |     standard     |        
RUN-1001 :           retiming          |    off     |       off        |        
RUN-1001 : ------------------------------------------------------------------
SYN-2001 : Map 3 IOs to PADs
RUN-1002 : start command "update_pll_param -module fpga_ed4g"
SYN-2501 : Processed 0 LOGIC_BUF instances.
SYN-2512 : LOGIC BRAM "auto_chipwatcher_0_logicbram"
SYN-2571 : Optimize after map_dsp, round 1
SYN-1032 : 1923/224 useful/useless nets, 1697/35 useful/useless insts
SYN-1016 : Merged 33 instances.
SYN-2571 : Optimize after map_dsp, round 1, 292 better
SYN-2571 : Optimize after map_dsp, round 2
SYN-2571 : Optimize after map_dsp, round 2, 0 better
SYN-1001 : Throwback 4 control mux instances
SYN-2501 : Optimize round 1
SYN-1016 : Merged 27 instances.
SYN-2501 : Optimize round 1, 56 better
SYN-2501 : Optimize round 2
SYN-2501 : Optimize round 2, 0 better
SYN-2501 : Map 16 macro adder
SYN-1019 : Optimized 13 mux instances.
SYN-1016 : Merged 11 instances.
SYN-1032 : 2325/5 useful/useless nets, 2099/4 useful/useless insts
SYN-3001 : Running gate level optimization.
SYN-2581 : Mapping with K=5, #lut = 205 (3.63), #lev = 5 (1.91)
SYN-2551 : Post LUT mapping optimization.
SYN-2581 : Mapping with K=5, #lut = 205 (3.63), #lev = 5 (1.91)
SYN-3001 : Logic optimization runtime opt =   0.02 sec, map =   0.00 sec
SYN-3001 : Mapper mapped 495 instances into 205 LUTs, name keeping = 72%.
SYN-1001 : Packing model "fpga_ed4g" ...
SYN-4010 : Pack lib has 58 rtl pack models with 25 top pack blocks
SYN-1014 : Optimize round 1
SYN-1015 : Optimize round 1, 0 better
SYN-4002 : Packing 341 DFF/LATCH to SEQ ...
SYN-4009 : Pack 7 carry chain into lslice
SYN-4007 : Packing 118 adder to BLE ...
SYN-4008 : Packed 118 adder and 0 SEQ to BLE.
SYN-4007 : Packing 0 gate4 to BLE ...
SYN-4008 : Packed 0 gate4 and 0 SEQ to BLE.
SYN-4012 : Packed 0 FxMUX
RUN-1002 : start command "legalize_phy_inst"
SYN-1011 : Flatten model fpga_ed4g
KIT-1004 : Compile Chipwatcher: Clear obsolete physical data.
RUN-1003 : finish command "compile_watcher" in  1.365878s wall, 0.140625s user + 0.015625s system = 0.156250s CPU (11.4%)

RUN-1004 : used memory is 123 MB, reserved memory is 86 MB, peak memory is 128 MB
RUN-1002 : start command "place"
RUN-1001 : Open license file D:/TD/license/Anlogic.lic
RUN-1001 : Print Global Property
RUN-1001 : ---------------------------------------------------------------
RUN-1001 :        Parameters        |  Settings  |  Default Values  |  Note  
RUN-1001 : ---------------------------------------------------------------
RUN-1001 :          message         |  standard  |     standard     |        
RUN-1001 :   mixed_pack_place_flow  |     on     |        on        |        
RUN-1001 :        qor_monitor       |    off     |       off        |        
RUN-1001 :        syn_ip_flow       |    off     |       off        |        
RUN-1001 :          thread          |    auto    |       auto       |        
RUN-1001 : ---------------------------------------------------------------
RUN-1001 : Print Place Property
RUN-1001 : --------------------------------------------------------------
RUN-1001 :        Parameters       |  Settings  |  Default Values  |  Note  
RUN-1001 : --------------------------------------------------------------
RUN-1001 :      detailed_place     |     on     |        on        |        
RUN-1001 :          effort         |   medium   |      medium      |        
RUN-1001 :         fix_hold        |    off     |       off        |        
RUN-1001 :       legalization      |    ori     |       ori        |        
RUN-1001 :      new_spreading      |     on     |        on        |        
RUN-1001 :        opt_timing       |   medium   |      medium      |        
RUN-1001 :   post_clock_route_opt  |    off     |       off        |        
RUN-1001 :       pr_strategy       |     1      |        1         |        
RUN-1001 :        relaxation       |    1.00    |       1.00       |        
RUN-1001 :         retiming        |    off     |       off        |        
RUN-1001 : --------------------------------------------------------------
PHY-3001 : Placer runs in 16 thread(s).
RUN-1002 : start command "legalize_phy_inst"
SYN-1011 : Flatten model fpga_ed4g
SYN-5055 WARNING: The kept net u_PLL_150M/clk1_out will be merged to another kept net clk_10m
SYN-5055 WARNING: The kept net u_ctrl_top/u_LED_send/clk will be merged to another kept net clk_10m
SYN-5055 WARNING: The kept net u_PLL_150M/clk2_out will be merged to another kept net clk_3m
SYN-5055 WARNING: The kept net u_ctrl_top/u_hasyncfifo_ahead12to12/dout[11] will be merged to another kept net u_ctrl_top/fifo_data_out[11]
SYN-5055 WARNING: The kept net u_ctrl_top/u_LED_send/fifo_data_in[23] will be merged to another kept net u_ctrl_top/fifo_data_out[11]
SYN-5055 WARNING: The kept net u_ctrl_top/u_hasyncfifo_ahead12to12/dout[10] will be merged to another kept net u_ctrl_top/fifo_data_out[10]
SYN-5055 WARNING: The kept net u_ctrl_top/u_LED_send/fifo_data_in[22] will be merged to another kept net u_ctrl_top/fifo_data_out[10]
SYN-5055 WARNING: The kept net u_ctrl_top/u_hasyncfifo_ahead12to12/dout[9] will be merged to another kept net u_ctrl_top/fifo_data_out[9]
SYN-5055 WARNING: The kept net u_ctrl_top/u_LED_send/fifo_data_in[21] will be merged to another kept net u_ctrl_top/fifo_data_out[9]
SYN-5055 WARNING: The kept net u_ctrl_top/u_hasyncfifo_ahead12to12/dout[8] will be merged to another kept net u_ctrl_top/fifo_data_out[8]
SYN-5055 Similar messages will be suppressed.
RUN-1002 : start command "phys_opt -simplify_lut"
SYN-1032 : 1620/2 useful/useless nets, 1392/2 useful/useless insts
SYN-4016 : Net clk_150m driven by BUFG (59 clock/control pins, 1 other pins).
SYN-4016 : Net config_inst_syn_10 driven by BUFG (230 clock/control pins, 0 other pins).
SYN-4027 : Net clk_10m is clkc1 of pll u_PLL_150M/pll_inst.
SYN-4027 : Net clk_3m is clkc2 of pll u_PLL_150M/pll_inst.
SYN-4019 : Net sysclk_i_dup_1 is refclk of pll u_PLL_150M/pll_inst.
SYN-4020 : Net sysclk_i_dup_1 is fbclk of pll u_PLL_150M/pll_inst.
SYN-4025 : Tag rtl::Net clk_10m as clock net
SYN-4025 : Tag rtl::Net clk_150m as clock net
SYN-4025 : Tag rtl::Net clk_3m as clock net
SYN-4025 : Tag rtl::Net config_inst_syn_10 as clock net
SYN-4025 : Tag rtl::Net sysclk_i_dup_1 as clock net
SYN-4026 : Tagged 5 rtl::Net as clock net
PHY-1001 : Populate physical database on model fpga_ed4g.
RUN-1001 : There are total 1392 instances
RUN-0007 : 576 luts, 598 seqs, 116 mslices, 65 lslices, 3 pads, 28 brams, 0 dsps
RUN-1001 : There are total 1620 nets
RUN-6004 WARNING: There are 1 nets with only 1 pin.
RUN-1001 : 990 nets have 2 pins
RUN-1001 : 515 nets have [3 - 5] pins
RUN-1001 : 32 nets have [6 - 10] pins
RUN-1001 : 46 nets have [11 - 20] pins
RUN-1001 : 24 nets have [21 - 99] pins
RUN-1001 : 12 nets have 100+ pins
RUN-1001 : Report Control nets information:
RUN-1001 : DFF Distribution
RUN-1001 : ----------------------------------
RUN-1001 :   CE   |  SSR  |  ASR  |  DFF Count  
RUN-1001 : ----------------------------------
RUN-1001 :   No   |  No   |  No   |      2      
RUN-1001 :   No   |  No   |  Yes  |     322     
RUN-1001 :   No   |  Yes  |  No   |      0      
RUN-1001 :   Yes  |  No   |  No   |     26      
RUN-1001 :   Yes  |  No   |  Yes  |     248     
RUN-1001 :   Yes  |  Yes  |  No   |      0      
RUN-1001 : ----------------------------------
RUN-0007 : Control Group Statistic
RUN-0007 : ---------------------------
RUN-0007 :   #CLK  |  #CE  |  #SSR/ASR  
RUN-0007 : ---------------------------
RUN-0007 :    4    |   6   |     5      
RUN-0007 : ---------------------------
RUN-0007 : Control Set = 12
PHY-3001 : Initial placement ...
PHY-3001 : design contains 1390 instances, 576 luts, 598 seqs, 181 slices, 32 macros(181 instances: 116 mslices 65 lslices)
PHY-0007 : Cell area utilization is 4%
PHY-3001 : Global placement ...
PHY-3001 : Initial: Len = 388923
PHY-3001 : Clustering ...
PHY-3001 : Level 0 #clusters 1390.
PHY-3001 : End clustering;  0.000356s wall, 0.000000s user + 0.000000s system = 0.000000s CPU (n/a%)

PHY-3001 : Run with size of 4
PHY-3001 : Cell area utilization is 4%
PHY-3001 : :::0::: Try harder cell spreading with beta_ = 0
PHY-3002 : Step(1): len = 250696, overlap = 63
PHY-3002 : Step(2): len = 192860, overlap = 63
PHY-3002 : Step(3): len = 145308, overlap = 63
PHY-3002 : Step(4): len = 94579.8, overlap = 63
PHY-3002 : Step(5): len = 81234.1, overlap = 60.75
PHY-3002 : Step(6): len = 63232, overlap = 58.5
PHY-3002 : Step(7): len = 54365, overlap = 58.5
PHY-3002 : Step(8): len = 46232.1, overlap = 58.5
PHY-3002 : Step(9): len = 41975.9, overlap = 58.75
PHY-3002 : Step(10): len = 34457.2, overlap = 59.125
PHY-3002 : Step(11): len = 33986.4, overlap = 59.125
PHY-3002 : Step(12): len = 32715.5, overlap = 59.4375
PHY-3002 : Step(13): len = 30513.7, overlap = 64.25
PHY-3002 : Step(14): len = 30886.3, overlap = 64.375
PHY-3001 : :::1::: Try harder cell spreading with beta_ = 2.16491e-06
PHY-3002 : Step(15): len = 30303.5, overlap = 57.8125
PHY-3002 : Step(16): len = 32345.7, overlap = 53.3125
PHY-3002 : Step(17): len = 33170.2, overlap = 53.25
PHY-3002 : Step(18): len = 28710.2, overlap = 60.0625
PHY-3002 : Step(19): len = 28674, overlap = 60.125
PHY-3002 : Step(20): len = 26991.5, overlap = 60.4375
PHY-3002 : Step(21): len = 26983.7, overlap = 60.4375
PHY-3002 : Step(22): len = 26875.6, overlap = 58.1875
PHY-3002 : Step(23): len = 26849.3, overlap = 58.1875
PHY-3002 : Step(24): len = 26692.8, overlap = 57.9375
PHY-3002 : Step(25): len = 26718.6, overlap = 57.9375
PHY-3002 : Step(26): len = 26264.2, overlap = 58
PHY-3002 : Step(27): len = 26221, overlap = 62.5625
PHY-3002 : Step(28): len = 25847.9, overlap = 58.25
PHY-3002 : Step(29): len = 25862.6, overlap = 54.6875
PHY-3002 : Step(30): len = 25526.9, overlap = 59.875
PHY-3002 : Step(31): len = 25343.2, overlap = 57.75
PHY-3002 : Step(32): len = 25224.1, overlap = 58
PHY-3001 : :::2::: Try harder cell spreading with beta_ = 4.32982e-06
PHY-3002 : Step(33): len = 25157, overlap = 57.9375
PHY-3002 : Step(34): len = 25130.2, overlap = 58
PHY-3002 : Step(35): len = 25130.2, overlap = 58
PHY-3001 : :::3::: Try harder cell spreading with beta_ = 8.65963e-06
PHY-3002 : Step(36): len = 25263.2, overlap = 55.75
PHY-3002 : Step(37): len = 25272.3, overlap = 55.8125
PHY-3002 : Step(38): len = 25316.5, overlap = 55.8125
PHY-3001 : :::4::: Try harder cell spreading with beta_ = 1.73193e-05
PHY-3002 : Step(39): len = 25310.3, overlap = 55.8125
PHY-3002 : Step(40): len = 25295.5, overlap = 55.875
PHY-3001 : :::5::: Try harder cell spreading with beta_ = 3.46385e-05
PHY-3002 : Step(41): len = 25362.5, overlap = 55.9375
PHY-3002 : Step(42): len = 25382.6, overlap = 55.9375
PHY-3002 : Step(43): len = 25522.5, overlap = 56.125
PHY-3001 : :::6::: Try harder cell spreading with beta_ = 5.60452e-05
PHY-3002 : Step(44): len = 25472.9, overlap = 56.125
PHY-3002 : Step(45): len = 25442.5, overlap = 53.8125
PHY-3002 : Step(46): len = 25407.1, overlap = 55.9375
PHY-3001 : Legalization ...
PHY-3001 : End legalization;  0.008148s wall, 0.000000s user + 0.000000s system = 0.000000s CPU (n/a%)

PHY-3001 : Run with size of 4
PHY-3001 : Cell area utilization is 6%
PHY-3001 : :::0::: Try harder cell spreading with beta_ = 1.69316e-05
PHY-3002 : Step(47): len = 32597.4, overlap = 25.5
PHY-3002 : Step(48): len = 32616.8, overlap = 25.1562
PHY-3002 : Step(49): len = 32186.6, overlap = 23.5625
PHY-3002 : Step(50): len = 32340.7, overlap = 22.5938
PHY-3002 : Step(51): len = 32159.3, overlap = 25.8125
PHY-3001 : :::1::: Try harder cell spreading with beta_ = 3.38633e-05
PHY-3002 : Step(52): len = 31269.1, overlap = 27.2812
PHY-3002 : Step(53): len = 31440.2, overlap = 27.9062
PHY-3002 : Step(54): len = 31577.4, overlap = 27.9062
PHY-3001 : :::2::: Try harder cell spreading with beta_ = 6.77265e-05
PHY-3002 : Step(55): len = 30689.4, overlap = 28.9375
PHY-3002 : Step(56): len = 30765.8, overlap = 28.5625
PHY-3002 : Step(57): len = 31221.6, overlap = 28.9375
PHY-3001 : Run with size of 2
PHY-3001 : Cell area utilization is 6%
PHY-3001 : :::0::: Try harder cell spreading with beta_ = 2.03935e-05
PHY-3002 : Step(58): len = 31408, overlap = 58.8438
PHY-3002 : Step(59): len = 31591, overlap = 59.2812
PHY-3002 : Step(60): len = 32212.5, overlap = 53.4375
PHY-3001 : :::1::: Try harder cell spreading with beta_ = 4.0787e-05
PHY-3002 : Step(61): len = 31775.7, overlap = 48.2812
PHY-3002 : Step(62): len = 31955.9, overlap = 48.7812
PHY-3002 : Step(63): len = 32623.6, overlap = 39.8125
PHY-3002 : Step(64): len = 32817.9, overlap = 38.7188
PHY-3002 : Step(65): len = 31831.5, overlap = 36.0625
PHY-3002 : Step(66): len = 31795.5, overlap = 35.125
PHY-3002 : Step(67): len = 31679.8, overlap = 32.25
PHY-3001 : :::2::: Try harder cell spreading with beta_ = 8.1574e-05
PHY-3002 : Step(68): len = 31660.4, overlap = 32.2812
PHY-3002 : Step(69): len = 31660.4, overlap = 32.2812
PHY-3002 : Step(70): len = 31217.5, overlap = 33.5938
OPT-1001 : Start physical optimization ...
OPT-1001 : Total overflow 91.22 peak overflow 4.84
OPT-1001 : Start high-fanout net optimization ...
OPT-1001 : Update timing in global mode
PHY-1001 : Start incremental global routing, caller is place ...
RUN-1001 : Generating global routing grids ...
RUN-1001 : Building simple global routing graph ...
PHY-1001 : Generate routing nets ...
PHY-1001 : Reuse net number 0/1620.
PHY-1001 : Global iterations in 16 thread ...
PHY-1002 : len = 42888, over cnt = 184(0%), over = 615, worst = 14
PHY-1001 : End global iterations;  0.079468s wall, 0.015625s user + 0.000000s system = 0.015625s CPU (19.7%)

PHY-1001 : Congestion index: top1 = 29.83, top5 = 17.99, top10 = 11.88, top15 = 8.49.
PHY-1001 : End incremental global routing;  0.137435s wall, 0.015625s user + 0.000000s system = 0.015625s CPU (11.4%)

RUN-1002 : start command "start_timer -report"
TMR-5001 WARNING: No sdc constraints found while initiating timer.
TMR-2505 : Start building timing graph for model fpga_ed4g.
TMR-2506 : Build timing graph completely. Port num: 3, tpin num: 7059, tnet num: 1618, tinst num: 1390, tnode num: 9277, tedge num: 11688.
TMR-2508 : Levelizing timing graph completed, there are 29 levels in total.
TMR-2501 : Timing graph initialized successfully.
OPT-1001 : End timing update;  0.074215s wall, 0.046875s user + 0.000000s system = 0.046875s CPU (63.2%)

OPT-1001 : 0 high-fanout net processed.
OPT-1001 : End high-fanout net optimization;  0.235231s wall, 0.062500s user + 0.000000s system = 0.062500s CPU (26.6%)

OPT-1001 : Current memory(MB): used = 181, reserve = 143, peak = 181.
OPT-1001 : End physical optimization;  0.252544s wall, 0.078125s user + 0.000000s system = 0.078125s CPU (30.9%)

PHY-3001 : Start packing ...
SYN-4007 : Packing 0 MUX to BLE ...
SYN-4008 : Packed 0 MUX and 0 SEQ to BLE.
SYN-4007 : Packing 576 LUT to BLE ...
SYN-4008 : Packed 576 LUT and 284 SEQ to BLE.
SYN-4003 : Packing 314 remaining SEQ's ...
SYN-4005 : Packed 159 SEQ with LUT/SLICE
SYN-4006 : 157 single LUT's are left
SYN-4006 : 155 single SEQ's are left
SYN-4011 : Packing model "fpga_ed4g" (AL_USER_NORMAL) with 731/1217 primitive instances ...
PHY-3001 : End packing;  0.055315s wall, 0.031250s user + 0.000000s system = 0.031250s CPU (56.5%)

PHY-1001 : Populate physical database on model fpga_ed4g.
RUN-1001 : There are total 615 instances
RUN-1001 : 289 mslices, 289 lslices, 3 pads, 28 brams, 0 dsps
RUN-1001 : There are total 1339 nets
RUN-6004 WARNING: There are 1 nets with only 1 pin.
RUN-1001 : 692 nets have 2 pins
RUN-1001 : 531 nets have [3 - 5] pins
RUN-1001 : 34 nets have [6 - 10] pins
RUN-1001 : 44 nets have [11 - 20] pins
RUN-1001 : 29 nets have [21 - 99] pins
RUN-1001 : 8 nets have 100+ pins
PHY-3001 : design contains 613 instances, 578 slices, 32 macros(181 instances: 116 mslices 65 lslices)
PHY-3001 : Cell area utilization is 7%
PHY-3001 : After packing: Len = 31760, Over = 47.25
PHY-3001 : Run with size of 2
PHY-3001 : Cell area utilization is 7%
PHY-3001 : :::0::: Try harder cell spreading with beta_ = 1.16629e-05
PHY-3002 : Step(71): len = 31637.6, overlap = 46.75
PHY-3002 : Step(72): len = 31637.6, overlap = 46.75
PHY-3002 : Step(73): len = 31195.9, overlap = 47.75
PHY-3001 : :::1::: Try harder cell spreading with beta_ = 2.33258e-05
PHY-3002 : Step(74): len = 31684.8, overlap = 47
PHY-3002 : Step(75): len = 31866.4, overlap = 47.5
PHY-3002 : Step(76): len = 32491.7, overlap = 48.75
PHY-3001 : :::2::: Try harder cell spreading with beta_ = 4.66516e-05
PHY-3002 : Step(77): len = 32164, overlap = 45.75
PHY-3002 : Step(78): len = 32212.9, overlap = 45.5
PHY-3002 : Step(79): len = 32539.4, overlap = 44.5
PHY-3001 : Legalization ...
PHY-3001 : End legalization;  0.130918s wall, 0.000000s user + 0.000000s system = 0.000000s CPU (n/a%)

PHY-3001 : Trial Legalized: Len = 47787.1
PHY-3001 : Run with size of 2
PHY-3001 : Cell area utilization is 7%
PHY-3001 : :::0::: Try harder cell spreading with beta_ = 0.000457709
PHY-3002 : Step(80): len = 41814.2, overlap = 9
PHY-3002 : Step(81): len = 38856.5, overlap = 12.5
PHY-3002 : Step(82): len = 37232.5, overlap = 18.25
PHY-3002 : Step(83): len = 35979.4, overlap = 22.25
PHY-3002 : Step(84): len = 35823.1, overlap = 22.25
PHY-3002 : Step(85): len = 35341.6, overlap = 22
PHY-3002 : Step(86): len = 35232.8, overlap = 22.5
PHY-3002 : Step(87): len = 35124.5, overlap = 21.75
PHY-3001 : :::1::: Try harder cell spreading with beta_ = 0.000915418
PHY-3002 : Step(88): len = 35122.5, overlap = 21
PHY-3002 : Step(89): len = 35099.4, overlap = 20.75
PHY-3001 : :::2::: Try harder cell spreading with beta_ = 0.00183084
PHY-3002 : Step(90): len = 35162.4, overlap = 20.25
PHY-3002 : Step(91): len = 35173.2, overlap = 20.5
PHY-3001 : Legalization ...
PHY-3001 : End legalization;  0.004701s wall, 0.000000s user + 0.000000s system = 0.000000s CPU (n/a%)

PHY-3001 : Legalized: Len = 41877.2, Over = 0
PHY-3001 : Spreading special nets. 5 overflows in 2952 tiles.
PHY-3001 : End spreading;  0.004564s wall, 0.000000s user + 0.000000s system = 0.000000s CPU (n/a%)

PHY-3001 : 8 instances has been re-located, deltaX = 2, deltaY = 8, maxDist = 2.
PHY-3001 : Final: Len = 42107.2, Over = 0
OPT-1001 : Start physical optimization ...
OPT-1001 : Total overflow 0.00 peak overflow 0.00
OPT-1001 : Start high-fanout net optimization ...
OPT-1001 : Update timing in global mode
PHY-1001 : Start incremental global routing, caller is place ...
RUN-1001 : Generating global routing grids ...
PHY-1001 : Generate routing nets ...
PHY-1001 : Reuse net number 43/1339.
PHY-1001 : Global iterations in 16 thread ...
PHY-1002 : len = 56280, over cnt = 162(0%), over = 252, worst = 4
PHY-1002 : len = 56776, over cnt = 123(0%), over = 186, worst = 4
PHY-1002 : len = 58480, over cnt = 24(0%), over = 37, worst = 4
PHY-1002 : len = 58584, over cnt = 1(0%), over = 1, worst = 1
PHY-1002 : len = 58600, over cnt = 0(0%), over = 0, worst = 0
PHY-1001 : End global iterations;  0.178212s wall, 0.015625s user + 0.000000s system = 0.015625s CPU (8.8%)

PHY-1001 : Congestion index: top1 = 27.31, top5 = 20.17, top10 = 15.47, top15 = 11.85.
PHY-1001 : End incremental global routing;  0.242818s wall, 0.015625s user + 0.000000s system = 0.015625s CPU (6.4%)

RUN-1002 : start command "start_timer -report"
TMR-5001 WARNING: No sdc constraints found while initiating timer.
TMR-2505 : Start building timing graph for model fpga_ed4g.
TMR-2506 : Build timing graph completely. Port num: 3, tpin num: 5927, tnet num: 1337, tinst num: 613, tnode num: 7510, tedge num: 10253.
TMR-2508 : Levelizing timing graph completed, there are 29 levels in total.
TMR-2501 : Timing graph initialized successfully.
OPT-1001 : End timing update;  0.102303s wall, 0.031250s user + 0.000000s system = 0.031250s CPU (30.5%)

OPT-1001 : 0 high-fanout net processed.
OPT-1001 : End high-fanout net optimization;  0.368760s wall, 0.062500s user + 0.000000s system = 0.062500s CPU (16.9%)

OPT-1001 : Current memory(MB): used = 186, reserve = 148, peak = 186.
OPT-1001 : Update timing in Manhattan mode
OPT-1001 : End timing update;  0.001866s wall, 0.000000s user + 0.000000s system = 0.000000s CPU (n/a%)

OPT-1001 : Start pin optimization...
OPT-1001 : skip pin optimization...
RUN-1001 : Generating global routing grids ...
PHY-1001 : Generate routing nets ...
PHY-1001 : Reuse net number 1146/1339.
PHY-1001 : Global iterations in 16 thread ...
PHY-1002 : len = 58600, over cnt = 0(0%), over = 0, worst = 0
PHY-1001 : End global iterations;  0.004955s wall, 0.000000s user + 0.000000s system = 0.000000s CPU (n/a%)

PHY-1001 : Congestion index: top1 = 27.31, top5 = 20.17, top10 = 15.47, top15 = 11.85.
OPT-1001 : Update timing in Manhattan mode
OPT-1001 : End timing update;  0.002416s wall, 0.000000s user + 0.000000s system = 0.000000s CPU (n/a%)

RUN-1001 : QoR Analysis:
OPT-0007 :   WNS 2147483647 TNS 0 NUM_FEPS 0
RUN-1001 :   No local congestion issue, and most congested 1% tile average routing util is 26.931034
RUN-1001 :   Top critical paths
OPT-1001 : End physical optimization;  0.454139s wall, 0.093750s user + 0.000000s system = 0.093750s CPU (20.6%)

RUN-1003 : finish command "place" in  3.661457s wall, 0.421875s user + 0.250000s system = 0.671875s CPU (18.3%)

RUN-1004 : used memory is 164 MB, reserved memory is 126 MB, peak memory is 186 MB
RUN-1002 : start command "export_db led_4s_place.db"
RUN-1001 : Exported /
RUN-1001 : Exported flow parameters
RUN-1001 : Exported libs
RUN-1001 : Exported entities
RUN-1001 : Exported ports
RUN-1001 : Exported pins
RUN-1001 : Exported instances
RUN-1001 : Exported nets
RUN-1001 : Exported buses
RUN-1001 : Exported models
RUN-1001 : Exported congestions
RUN-1001 : Exported violations
RUN-1001 : Exported IO constraints
RUN-1001 : Exported Inst constraints
RUN-1001 : Exported ChipWatcher
RUN-1002 : start command "route"
RUN-1001 : Open license file D:/TD/license/Anlogic.lic
RUN-1001 : Print Global Property
RUN-1001 : ---------------------------------------------------------------
RUN-1001 :        Parameters        |  Settings  |  Default Values  |  Note  
RUN-1001 : ---------------------------------------------------------------
RUN-1001 :          message         |  standard  |     standard     |        
RUN-1001 :   mixed_pack_place_flow  |     on     |        on        |        
RUN-1001 :        qor_monitor       |    off     |       off        |        
RUN-1001 :        syn_ip_flow       |    off     |       off        |        
RUN-1001 :          thread          |    auto    |       auto       |        
RUN-1001 : ---------------------------------------------------------------
RUN-1001 : Print Route Property
RUN-1001 : -------------------------------------------------------
RUN-1001 :    Parameters    |  Settings  |  Default Values  |  Note  
RUN-1001 : -------------------------------------------------------
RUN-1001 :      effort      |   medium   |      medium      |        
RUN-1001 :     fix_hold     |    off     |       off        |        
RUN-1001 :    opt_timing    |   medium   |      medium      |        
RUN-1001 :   phy_sim_model  |    off     |       off        |        
RUN-1001 :     priority     |   timing   |      timing      |        
RUN-1001 :     swap_pin     |     on     |        on        |        
RUN-1001 : -------------------------------------------------------
PHY-1001 : Route runs in 16 thread(s)
RUN-1001 : There are total 615 instances
RUN-1001 : 289 mslices, 289 lslices, 3 pads, 28 brams, 0 dsps
RUN-1001 : There are total 1339 nets
RUN-6004 WARNING: There are 1 nets with only 1 pin.
RUN-1001 : 692 nets have 2 pins
RUN-1001 : 531 nets have [3 - 5] pins
RUN-1001 : 34 nets have [6 - 10] pins
RUN-1001 : 44 nets have [11 - 20] pins
RUN-1001 : 29 nets have [21 - 99] pins
RUN-1001 : 8 nets have 100+ pins
RUN-1002 : start command "start_timer -report"
TMR-5001 WARNING: No sdc constraints found while initiating timer.
TMR-2505 : Start building timing graph for model fpga_ed4g.
TMR-2506 : Build timing graph completely. Port num: 3, tpin num: 5927, tnet num: 1337, tinst num: 613, tnode num: 7510, tedge num: 10253.
TMR-2508 : Levelizing timing graph completed, there are 29 levels in total.
TMR-2501 : Timing graph initialized successfully.
PHY-1001 : 289 mslices, 289 lslices, 3 pads, 28 brams, 0 dsps
TMR-2503 : Start to update net delay, extr mode = 3.
TMR-2504 : Update delay of 1337 nets completely.
TMR-2502 : Annotate delay completely, extr mode = 3.
TMR-3002 : No user constraint, initiate default constraint.
TMR-1501 : Assign derive clock DeriveClock to 740 clock pins, and constraint 1583 relative nodes.
TMR-3003 : Constraints initiated successfully.
TMR-3501 : Forward propagation: start to calculate arrival time...
TMR-3502 : Backward propagation: start to calculate required time...
TMR-3503 : Timing propagation completes.
PHY-1001 : Start global routing, caller is route ...
RUN-1001 : Generating global routing grids ...
PHY-1001 : Generate routing nets ...
PHY-1001 : Global iterations in 16 thread ...
PHY-1002 : len = 55472, over cnt = 164(0%), over = 255, worst = 5
PHY-1002 : len = 56456, over cnt = 99(0%), over = 134, worst = 4
PHY-1002 : len = 57304, over cnt = 37(0%), over = 53, worst = 3
PHY-1002 : len = 57704, over cnt = 0(0%), over = 0, worst = 0
PHY-1001 : End global iterations;  0.177756s wall, 0.046875s user + 0.000000s system = 0.046875s CPU (26.4%)

PHY-1001 : Congestion index: top1 = 27.00, top5 = 19.92, top10 = 15.35, top15 = 11.77.
PHY-1001 : End global routing;  0.239902s wall, 0.062500s user + 0.000000s system = 0.062500s CPU (26.1%)

PHY-1001 : Start detail routing ...
PHY-1001 : Current memory(MB): used = 217, reserve = 180, peak = 229.
PHY-1001 : Detailed router is running in normal mode.
PHY-1001 : Generate detailed routing grids ...
PHY-1001 : Generate nets ...
PHY-1001 : net clk_10m will be routed on clock mesh
PHY-1001 : clock net clk_150m will be merged with clock u_PLL_150M/clk0_buf
PHY-5010 WARNING: Net clk_3m is skipped due to 0 input or output
PHY-1001 : net sysclk_i_dup_1 will be routed on clock mesh
PHY-1001 : clock net config_inst_syn_10 will be merged with clock config_inst_syn_9
PHY-5010 WARNING: Net clk_3m is skipped due to 0 input or output
PHY-1001 : Current memory(MB): used = 481, reserve = 448, peak = 481.
PHY-1001 : End build detailed router design. 3.145851s wall, 1.515625s user + 0.093750s system = 1.609375s CPU (51.2%)

PHY-1001 : Detail Route ...
PHY-1001 : ===== Detail Route Phase 1 =====
PHY-1001 : Clock net routing.....
PHY-1001 : Routed 0% nets.
PHY-1022 : len = 24144, over cnt = 0(0%), over = 0, worst = 0, crit = 0
PHY-1001 : End initial clock net routed; 1.091372s wall, 0.578125s user + 0.015625s system = 0.593750s CPU (54.4%)

PHY-1001 : Current memory(MB): used = 513, reserve = 481, peak = 513.
PHY-1001 : End phase 1; 1.095639s wall, 0.578125s user + 0.015625s system = 0.593750s CPU (54.2%)

PHY-1001 : ===== Detail Route Phase 2 =====
PHY-1001 : Initial routing.....
PHY-1001 : Routed 33% nets.
PHY-1001 : Routed 40% nets.
PHY-1001 : Routed 48% nets.
PHY-1001 : Routed 66% nets.
PHY-1001 : Routed 88% nets.
PHY-1022 : len = 246240, over cnt = 42(0%), over = 42, worst = 1, crit = 0
PHY-1001 : Current memory(MB): used = 514, reserve = 483, peak = 514.
PHY-1001 : End initial routed; 3.347785s wall, 1.125000s user + 0.000000s system = 1.125000s CPU (33.6%)

PHY-1001 : Current memory(MB): used = 514, reserve = 483, peak = 514.
PHY-1001 : End phase 2; 3.349284s wall, 1.125000s user + 0.000000s system = 1.125000s CPU (33.6%)

PHY-1001 : ===== Detail Route Phase 3 =====
PHY-1001 : Ripup-reroute.....
PHY-1001 : ===== DR Iter 1 =====
PHY-1022 : len = 245680, over cnt = 11(0%), over = 11, worst = 1, crit = 0
PHY-1001 : End DR Iter 1; 0.055965s wall, 0.000000s user + 0.000000s system = 0.000000s CPU (n/a%)

PHY-1001 : ===== DR Iter 2 =====
PHY-1022 : len = 245728, over cnt = 0(0%), over = 0, worst = 0, crit = 0
PHY-1001 : End DR Iter 2; 0.024234s wall, 0.000000s user + 0.000000s system = 0.000000s CPU (n/a%)

PHY-1001 : Commit to database.....
PHY-1001 : 7 feed throughs used by 7 nets
PHY-1001 : End commit to database; 0.160905s wall, 0.031250s user + 0.000000s system = 0.031250s CPU (19.4%)

PHY-1001 : Current memory(MB): used = 528, reserve = 496, peak = 528.
PHY-1001 : End phase 3; 0.354749s wall, 0.078125s user + 0.000000s system = 0.078125s CPU (22.0%)

PHY-1003 : Routed, final wirelength = 245728
PHY-1001 : Current memory(MB): used = 529, reserve = 497, peak = 529.
PHY-1001 : End export database. 0.009577s wall, 0.000000s user + 0.000000s system = 0.000000s CPU (n/a%)

PHY-1001 : End detail routing;  8.141867s wall, 3.375000s user + 0.109375s system = 3.484375s CPU (42.8%)

RUN-1003 : finish command "route" in  8.629677s wall, 3.468750s user + 0.109375s system = 3.578125s CPU (41.5%)

RUN-1004 : used memory is 462 MB, reserved memory is 430 MB, peak memory is 529 MB
RUN-1002 : start command "report_area -io_info -file led_4s_phy.area"
RUN-1001 : standard
***Report Model: fpga_ed4g Device: EG4S20BG256***

IO Statistics
#IO                         3
  #input                    1
  #output                   2
  #inout                    0

Utilization Statistics
#lut                      955   out of  19600    4.87%
#reg                      601   out of  19600    3.07%
#le                      1110
  #lut only               509   out of   1110   45.86%
  #reg only               155   out of   1110   13.96%
  #lut&reg                446   out of   1110   40.18%
#dsp                        0   out of     29    0.00%
#bram                      28   out of     64   43.75%
  #bram9k                  27
  #fifo9k                   1
#bram32k                    0   out of     16    0.00%
#pad                        3   out of    188    1.60%
  #ireg                     0
  #oreg                     1
  #treg                     0
#pll                        1   out of      4   25.00%
#gclk                       2   out of     16   12.50%

Clock Resource Statistics
Index     ClockNet               Type               DriverType         Driver                       Fanout
#1        clk_10m                GCLK               pll                u_PLL_150M/pll_inst.clkc1    132
#2        config_inst_syn_9      GCLK               config             config_inst.jtck             125
#3        sysclk_i_dup_1         GCLK               io                 sysclk_i_syn_2.di            79
#4        u_PLL_150M/clk0_buf    GCLK               pll                u_PLL_150M/pll_inst.clkc0    35
#5        clk_3m                 GeneralRouting     pll                u_PLL_150M/pll_inst.clkc2    0


Detailed IO Report

    Name      Direction    Location    IOStandard    DriveStrength    PullType    PackReg  
  sysclk_i      INPUT         R7        LVCMOS33          N/A          PULLUP      NONE    
    cko        OUTPUT        F15        LVCMOS33           8           PULLUP      NONE    
    sdo        OUTPUT        D16        LVCMOS33           8           PULLUP      OREG    

Report Hierarchy Area:
+-----------------------------------------------------------------------------------------------------------------+
|Instance                            |Module                 |le     |lut     |ripple  |seq     |bram    |dsp     |
+-----------------------------------------------------------------------------------------------------------------+
|top                                 |fpga_ed4g              |1110   |774     |181     |602     |28      |0       |
|  u_PLL_150M                        |PLL_150M               |1      |1       |0       |0       |0       |0       |
|  u_ctrl_top                        |led_ctrl_top           |310    |265     |40      |75      |1       |0       |
|    u_LED_send                      |LED_send               |124    |110     |12      |49      |0       |0       |
|    u_cdc_sbit_handshake            |cdc_sbit_handshake     |5      |2       |0       |5       |0       |0       |
|    u_fifo_fsm                      |fifo_fsm               |107    |79      |28      |16      |0       |0       |
|    u_hasyncfifo_ahead12to12        |hasyncfifo_ahead12to12 |74     |74      |0       |5       |1       |0       |
|      u_hasyncfifo_12to12           |hasyncfifo_12to12      |2      |2       |0       |0       |1       |0       |
|  cw_top                            |CW_TOP_WRAPPER         |525    |301     |95      |340     |0       |0       |
|    wrapper_cwc_top                 |cwc_top                |525    |301     |95      |340     |0       |0       |
|      cfg_int_inst                  |cwc_cfg_int            |218    |108     |0       |218     |0       |0       |
|        reg_inst                    |register               |215    |105     |0       |215     |0       |0       |
|        tap_inst                    |tap                    |3      |3       |0       |3       |0       |0       |
|      trigger_inst                  |trigger                |307    |193     |95      |122     |0       |0       |
|        bus_inst                    |bus_top                |97     |53      |34      |33      |0       |0       |
|          BUS_DETECTOR[0]$bus_nodes |bus_det                |41     |18      |14      |10      |0       |0       |
|          BUS_DETECTOR[1]$bus_nodes |bus_det                |1      |0       |0       |1       |0       |0       |
|          BUS_DETECTOR[2]$bus_nodes |bus_det                |16     |10      |6       |7       |0       |0       |
|          BUS_DETECTOR[3]$bus_nodes |bus_det                |38     |24      |14      |14      |0       |0       |
|          BUS_DETECTOR[5]$bus_nodes |bus_det                |1      |1       |0       |1       |0       |0       |
|        emb_ctrl_inst               |emb_ctrl               |112    |83      |29      |54      |0       |0       |
+-----------------------------------------------------------------------------------------------------------------+


DataNet Average Fanout:

   Index     Fanout     Nets  
    #1          1       689   
    #2          2       284   
    #3          3       209   
    #4          4        38   
    #5        5-10       48   
    #6        11-50      54   
    #7       51-100      3    
    #8       101-500     4    
  Average     3.17            

RUN-1002 : start command "export_db led_4s_pr.db"
RUN-1001 : Exported /
RUN-1001 : Exported flow parameters
RUN-1001 : Exported libs
RUN-1001 : Exported entities
RUN-1001 : Exported ports
RUN-1001 : Exported pins
RUN-1001 : Exported instances
RUN-1001 : Exported nets
RUN-1001 : Exported buses
RUN-1001 : Exported models
RUN-1001 : Exported congestions
RUN-1001 : Exported violations
RUN-1001 : Exported IO constraints
RUN-1001 : Exported Inst constraints
RUN-1001 : Exported ChipWatcher
RUN-1002 : start command "export_bid led_4s_inst.bid"
PRG-1000 : <!-- HMAC is: 489d4debaadd24d1ecbf3d9e92da4bfde99d0429ae4f23d64cba83f689075432 -->
RUN-1002 : start command "bitgen -bit led_4s.bit"
BIT-1003 : Start to generate bitstream. 
BIT-1002 : Init instances with 16 threads.
BIT-1002 : Init instances completely, inst num: 613
BIT-1002 : Init pips with 16 threads.
BIT-1002 : Init pips completely, net num: 1339, pip num: 15162
BIT-1002 : Init feedthrough completely, num: 7
BIT-1003 : Multithreading accelaration with 16 threads.
BIT-1003 : Generate bitstream completely, there are 1434 valid insts, and 41106 bits set as '1'.
BIT-1004 : the usercode register value: 00000000110001001100111110010010
BIT-1004 : PLL setting string = 0010
BIT-1004 : Generate bits file led_4s.bit.
RUN-1003 : finish command "bitgen -bit led_4s.bit" in  1.911362s wall, 6.890625s user + 0.078125s system = 6.968750s CPU (364.6%)

RUN-1004 : used memory is 465 MB, reserved memory is 434 MB, peak memory is 661 MB
RUN-1002 : start command "backup_run_log run.log ../.logs/phy_1/td_20240710_171554.log"
