============================================================
   Tang Dynasty, V5.6.71036
      Copyright (c) 2012-2023 Anlogic Inc.
   Executable = E:/Anlogic/TD5.6.2/bin/td.exe
   Built at =   20:34:38 Mar 21 2023
   Run by =     10373
   Run Date =   Thu Jun 27 16:50:17 2024

   Run on =     LAPTOP-6R8AHER8
============================================================
RUN-1002 : start command "open_project LED_light.prj"
RUN-1001 : Print Global Property
RUN-1001 : ---------------------------------------------------------------
RUN-1001 :        Parameters        |  Settings  |  Default Values  |  Note  
RUN-1001 : ---------------------------------------------------------------
RUN-1001 :          message         |  standard  |     standard     |        
RUN-1001 :   mixed_pack_place_flow  |     on     |        on        |        
RUN-1001 :        qor_monitor       |    off     |       off        |        
RUN-1001 :        syn_ip_flow       |    off     |       off        |        
RUN-1001 :          thread          |    auto    |       auto       |        
RUN-1001 : ---------------------------------------------------------------
RUN-1001 : Print Design Property
RUN-1001 : --------------------------------------------------------------
RUN-1001 :        Parameters       |  Settings  |  Default Values  |  Note  
RUN-1001 : --------------------------------------------------------------
RUN-1001 :   default_reg_initial   |    auto    |       auto       |        
RUN-1001 :        infer_add        |     on     |        on        |        
RUN-1001 :        infer_fsm        |    off     |       off        |        
RUN-1001 :        infer_mult       |     on     |        on        |        
RUN-1001 :        infer_ram        |     on     |        on        |        
RUN-1001 :        infer_reg        |     on     |        on        |        
RUN-1001 :   infer_reg_init_value  |     on     |        on        |        
RUN-1001 :        infer_rom        |     on     |        on        |        
RUN-1001 :      infer_shifter      |     on     |        on        |        
RUN-1001 : --------------------------------------------------------------
RUN-1001 : Print Rtl Property
RUN-1001 : --------------------------------------------------------------
RUN-1001 :        Parameters       |  Settings  |  Default Values  |  Note  
RUN-1001 : --------------------------------------------------------------
RUN-1001 :       compress_add      |   ripple   |      ripple      |        
RUN-1001 :        elf_sload        |    off     |       off        |        
RUN-1001 :       fix_undriven      |     0      |        0         |        
RUN-1001 :         flatten         |    off     |       off        |        
RUN-1001 :       gate_sharing      |     on     |        on        |        
RUN-1001 :    hdl_warning_level    |   normal   |      normal      |        
RUN-1001 :   impl_internal_tribuf  |     on     |        on        |        
RUN-1001 :      impl_set_reset     |     on     |        on        |        
RUN-1001 :        infer_gsr        |    off     |       off        |        
RUN-1001 :      keep_hierarchy     |    auto    |       auto       |        
RUN-1001 :        max_fanout       |    9999    |       9999       |        
RUN-1001 :      max_oh2bin_len     |     10     |        10        |        
RUN-1001 :       merge_equal       |     on     |        on        |        
RUN-1001 :       merge_equiv       |     on     |        on        |        
RUN-1001 :        merge_mux        |    off     |       off        |        
RUN-1001 :     min_control_set     |     8      |        8         |        
RUN-1001 :      min_ripple_len     |    auto    |       auto       |        
RUN-1001 :       oh2bin_ratio      |    0.08    |       0.08       |        
RUN-1001 :     opt_adder_fanout    |     on     |        on        |        
RUN-1001 :        opt_arith        |     on     |        on        |        
RUN-1001 :       opt_big_gate      |    off     |       off        |        
RUN-1001 :        opt_const        |     on     |        on        |        
RUN-1001 :      opt_const_mult     |     on     |        on        |        
RUN-1001 :       opt_lessthan      |     on     |        on        |        
RUN-1001 :         opt_mux         |    off     |       off        |        
RUN-1001 :         opt_ram         |    high    |       high       |        
RUN-1001 :      rtl_sim_model      |    off     |       off        |        
RUN-1001 :         seq_syn         |     on     |        on        |        
RUN-1001 : --------------------------------------------------------------
HDL-1007 : analyze verilog file ../../al_ip/PLL_150M.v
HDL-1007 : undeclared symbol 'open', assumed default net type 'wire' in ../../al_ip/PLL_150M.v(71)
HDL-1007 : analyze verilog file ../../../src/rtl/FPGA/fpga_ed4g.sv
HDL-1007 : undeclared symbol 'lock', assumed default net type 'wire' in ../../../src/rtl/FPGA/fpga_ed4g.sv(34)
HDL-1007 : analyze verilog file ../../../src/rtl/led_phy/LED_send.sv
HDL-1007 : analyze verilog file ../../../src/rtl/led_phy/test_pattern.sv
RUN-1001 : Project manager successfully analyzed 4 source files.
RUN-1002 : start command "import_device eagle_s20.db -package EG4D20EG176"
ARC-1001 : Device Initialization.
ARC-1001 : ----------------------------------------------------------------------
ARC-1001 :            OPTION            |            IO            |   SETTING   
ARC-1001 : ----------------------------------------------------------------------
ARC-1001 :   cso_b/cclk/mosi/miso/dout  |  P140/P168/P166/P165/S5  |    gpio    
ARC-1001 :             done             |           P10            |    gpio    
ARC-1001 :           program_b          |           P134           |  dedicate  
ARC-1001 :        tdi/tms/tck/tdo       |     P46/P44/P47/P43      |  dedicate  
ARC-1001 : ----------------------------------------------------------------------
ARC-1004 : Device setting, marked 5 dedicate IOs in total.
RUN-1002 : start command "import_db ../syn_1/LED_light_gate.db"
RUN-1001 : Importing database generated by Tang Dynasty, V5.6.71036.
RUN-1001 : Database version number 46146.
RUN-1001 : Import flow parameters
RUN-1001 : Import timing constraints
RUN-1001 : Import IO constraints
RUN-1001 : Import Inst constraints
RUN-1001 : Import design success TD_VERSION=5.6.71036 , DB_VERSION=46146
RUN-1002 : start command "read_sdc ../../LED_light.sdc"
RUN-1002 : start command "get_ports sysclk_i"
RUN-1002 : start command "create_clock -name SYSCLK -period 40 -waveform 0 20  -add"
RUN-1102 : create_clock: clock name: SYSCLK, type: 0, period: 40000, rise: 0, fall: 20000.
RUN-1002 : start command "derive_pll_clocks"
USR-1002 : Gen clock cmd:  create_generated_clock -name {u_PLL_150M/pll_inst.clkc[0]} -source [get_ports {sysclk_i}] -master_clock {SYSCLK} -multiply_by 6.0000 [get_pins {u_PLL_150M/pll_inst.clkc[0]}]
RUN-1002 : start command "get_ports sysclk_i"
RUN-1002 : start command "get_pins u_PLL_150M/pll_inst.clkc[0]"
RUN-1002 : start command "create_generated_clock -name u_PLL_150M/pll_inst.clkc[0] -source  -master_clock SYSCLK -multiply_by 6.0000 "
RUN-1002 : start command "get_ports sysclk_i"
RUN-1002 : start command "get_ports sysclk_i"
RUN-1002 : start command "create_generated_clock -add -name clk_150m -source  -master_clock SYSCLK -divide_by 6 -phase 0 "
RUN-1002 : start command "place"
RUN-1001 : Open license file E:/Anlogic/TD5.6.2/license/Anlogic.lic
RUN-1001 : Print Global Property
RUN-1001 : ---------------------------------------------------------------
RUN-1001 :        Parameters        |  Settings  |  Default Values  |  Note  
RUN-1001 : ---------------------------------------------------------------
RUN-1001 :          message         |  standard  |     standard     |        
RUN-1001 :   mixed_pack_place_flow  |     on     |        on        |        
RUN-1001 :        qor_monitor       |    off     |       off        |        
RUN-1001 :        syn_ip_flow       |    off     |       off        |        
RUN-1001 :          thread          |    auto    |       auto       |        
RUN-1001 : ---------------------------------------------------------------
RUN-1001 : Print Place Property
RUN-1001 : --------------------------------------------------------------
RUN-1001 :        Parameters       |  Settings  |  Default Values  |  Note  
RUN-1001 : --------------------------------------------------------------
RUN-1001 :      detailed_place     |     on     |        on        |        
RUN-1001 :          effort         |   medium   |      medium      |        
RUN-1001 :         fix_hold        |    off     |       off        |        
RUN-1001 :       legalization      |    ori     |       ori        |        
RUN-1001 :      new_spreading      |     on     |        on        |        
RUN-1001 :        opt_timing       |   medium   |      medium      |        
RUN-1001 :   post_clock_route_opt  |    off     |       off        |        
RUN-1001 :       pr_strategy       |     1      |        1         |        
RUN-1001 :        relaxation       |    1.00    |       1.00       |        
RUN-1001 :         retiming        |    off     |       off        |        
RUN-1001 : --------------------------------------------------------------
PHY-3001 : Placer runs in 12 thread(s).
RUN-1002 : start command "legalize_phy_inst"
SYN-1011 : Flatten model fpga_ed4g
SYN-5055 WARNING: The kept net u_PLL_150M/clk0_out will be merged to another kept net clk_150m
SYN-5055 WARNING: The kept net u_LED_send/clk will be merged to another kept net clk_150m
SYN-5055 WARNING: The kept net _al_n0 will be merged to another kept net data_in[127]
SYN-5055 WARNING: The kept net u_LED_send/data_in[127] will be merged to another kept net data_in[127]
SYN-5055 WARNING: The kept net data_in[127] will be merged to another kept net data_in[126]
SYN-5055 WARNING: The kept net u_LED_send/data_in[126] will be merged to another kept net data_in[126]
SYN-5055 WARNING: The kept net data_in[126] will be merged to another kept net data_in[125]
SYN-5055 WARNING: The kept net u_LED_send/data_in[125] will be merged to another kept net data_in[125]
SYN-5055 WARNING: The kept net data_in[125] will be merged to another kept net data_in[124]
SYN-5055 WARNING: The kept net u_LED_send/data_in[124] will be merged to another kept net data_in[124]
SYN-5055 Similar messages will be suppressed.
RUN-1002 : start command "phys_opt -simplify_lut"
SYN-1032 : 397/1 useful/useless nets, 346/0 useful/useless insts
SYN-4016 : Net clk_150m driven by BUFG (161 clock/control pins, 1 other pins).
SYN-4019 : Net sysclk_i_dup_1 is refclk of pll u_PLL_150M/pll_inst.
SYN-4020 : Net sysclk_i_dup_1 is fbclk of pll u_PLL_150M/pll_inst.
SYN-4025 : Tag rtl::Net clk_150m as clock net
SYN-4025 : Tag rtl::Net sysclk_i_dup_1 as clock net
SYN-4026 : Tagged 2 rtl::Net as clock net
PHY-1001 : Populate physical database on model fpga_ed4g.
RUN-1001 : There are total 346 instances
RUN-0007 : 130 luts, 185 seqs, 15 mslices, 8 lslices, 3 pads, 0 brams, 0 dsps
RUN-1001 : There are total 397 nets
RUN-6004 WARNING: There are 1 nets with only 1 pin.
RUN-1001 : 343 nets have 2 pins
RUN-1001 : 34 nets have [3 - 5] pins
RUN-1001 : 7 nets have [6 - 10] pins
RUN-1001 : 5 nets have [11 - 20] pins
RUN-1001 : 4 nets have [21 - 99] pins
RUN-1001 : 3 nets have 100+ pins
RUN-1001 : Report Control nets information:
RUN-1001 : DFF Distribution
RUN-1001 : ----------------------------------
RUN-1001 :   CE   |  SSR  |  ASR  |  DFF Count  
RUN-1001 : ----------------------------------
RUN-1001 :   No   |  No   |  No   |      0      
RUN-1001 :   No   |  No   |  Yes  |     27      
RUN-1001 :   No   |  Yes  |  No   |      0      
RUN-1001 :   Yes  |  No   |  No   |     29      
RUN-1001 :   Yes  |  No   |  Yes  |     129     
RUN-1001 :   Yes  |  Yes  |  No   |      0      
RUN-1001 : ----------------------------------
RUN-0007 : Control Group Statistic
RUN-0007 : ---------------------------
RUN-0007 :   #CLK  |  #CE  |  #SSR/ASR  
RUN-0007 : ---------------------------
RUN-0007 :    2    |   3   |     2      
RUN-0007 : ---------------------------
RUN-0007 : Control Set = 3
PHY-3001 : Initial placement ...
PHY-3001 : design contains 344 instances, 130 luts, 185 seqs, 23 slices, 4 macros(23 instances: 15 mslices 8 lslices)
PHY-0007 : Cell area utilization is 0%
PHY-3001 : Start timing update ...
RUN-1002 : start command "start_timer -report"
TMR-2505 : Start building timing graph for model fpga_ed4g.
TMR-2506 : Build timing graph completely. Port num: 3, tpin num: 1408, tnet num: 395, tinst num: 344, tnode num: 1848, tedge num: 2175.
TMR-2508 : Levelizing timing graph completed, there are 19 levels in total.
TMR-2501 : Timing graph initialized successfully.
TMR-2503 : Start to update net delay, extr mode = 2.
TMR-2504 : Update delay of 395 nets completely.
TMR-2502 : Annotate delay completely, extr mode = 2.
TMR-3001 : Initiate 3 clocks from SDC.
TMR-3004 : Map sdc constraints, there are 0 constraints in total.
TMR-3003 : Constraints initiated successfully.
TMR-3501 : Forward propagation: start to calculate arrival time...
TMR-3502 : Backward propagation: start to calculate required time...
TMR-3503 : Timing propagation completes.
PHY-3001 : End timing update;  0.032209s wall, 0.015625s user + 0.000000s system = 0.015625s CPU (48.5%)

PHY-3001 : Global placement ...
PHY-3001 : Initial: Len = 86601.2
PHY-3001 : Clustering ...
PHY-3001 : Level 0 #clusters 344.
PHY-3001 : End clustering;  0.000010s wall, 0.000000s user + 0.000000s system = 0.000000s CPU (n/a%)

PHY-3001 : Run with size of 4
PHY-3001 : Cell area utilization is 0%
PHY-3001 : :::0::: Try harder cell spreading with beta_ = 0
PHY-3002 : Step(1): len = 77762.4, overlap = 0
PHY-3002 : Step(2): len = 70185.8, overlap = 0
PHY-3002 : Step(3): len = 62635.7, overlap = 0
PHY-3002 : Step(4): len = 56696.6, overlap = 0
PHY-3002 : Step(5): len = 51958.2, overlap = 0
PHY-3002 : Step(6): len = 46265.9, overlap = 0
PHY-3002 : Step(7): len = 41159.5, overlap = 0
PHY-3002 : Step(8): len = 37770.8, overlap = 0
PHY-3002 : Step(9): len = 33996.2, overlap = 0
PHY-3002 : Step(10): len = 30861.5, overlap = 0
PHY-3002 : Step(11): len = 28062.6, overlap = 0
PHY-3002 : Step(12): len = 25520.7, overlap = 0
PHY-3002 : Step(13): len = 22226, overlap = 0
PHY-3002 : Step(14): len = 20184.6, overlap = 0
PHY-3002 : Step(15): len = 18502.4, overlap = 0
PHY-3002 : Step(16): len = 15773.6, overlap = 0
PHY-3002 : Step(17): len = 14278.3, overlap = 0
PHY-3002 : Step(18): len = 13207.2, overlap = 0
PHY-3002 : Step(19): len = 10980.2, overlap = 0
PHY-3002 : Step(20): len = 10272.9, overlap = 0
PHY-3002 : Step(21): len = 9554.7, overlap = 0
PHY-3002 : Step(22): len = 8827.6, overlap = 0
PHY-3002 : Step(23): len = 8298.2, overlap = 0
PHY-3002 : Step(24): len = 7532.2, overlap = 0
PHY-3002 : Step(25): len = 7157.7, overlap = 0
PHY-3002 : Step(26): len = 6729.7, overlap = 0
PHY-3002 : Step(27): len = 6401.9, overlap = 0
PHY-3002 : Step(28): len = 6213.7, overlap = 0
PHY-3002 : Step(29): len = 5871.2, overlap = 0
PHY-3002 : Step(30): len = 5623.4, overlap = 0
PHY-3002 : Step(31): len = 5460.1, overlap = 0
PHY-3002 : Step(32): len = 4989.9, overlap = 0
PHY-3002 : Step(33): len = 4883.6, overlap = 0
PHY-3002 : Step(34): len = 4576.7, overlap = 0
PHY-3002 : Step(35): len = 4383.1, overlap = 0
PHY-3002 : Step(36): len = 4281.6, overlap = 0
PHY-3002 : Step(37): len = 4120.9, overlap = 0.1875
PHY-3002 : Step(38): len = 4120.9, overlap = 0.1875
PHY-3002 : Step(39): len = 4057.7, overlap = 0.3125
PHY-3001 : Legalization ...
PHY-3001 : End legalization;  0.004366s wall, 0.000000s user + 0.000000s system = 0.000000s CPU (n/a%)

PHY-3001 : Run with size of 4
PHY-3001 : Cell area utilization is 1%
PHY-3001 : Update timing in Manhattan mode ...
TMR-2503 : Start to update net delay, extr mode = 3.
TMR-2504 : Update delay of 395 nets completely.
TMR-2502 : Annotate delay completely, extr mode = 3.
TMR-3501 : Forward propagation: start to calculate arrival time...
TMR-3502 : Backward propagation: start to calculate required time...
TMR-3503 : Timing propagation completes.
PHY-3001 : End timing update;  0.008340s wall, 0.000000s user + 0.000000s system = 0.000000s CPU (n/a%)

PHY-3001 : :::0::: Try harder cell spreading with beta_ = 0
PHY-3002 : Step(40): len = 4038.5, overlap = 6.59375
PHY-3002 : Step(41): len = 4041.7, overlap = 6.59375
PHY-3002 : Step(42): len = 4069.5, overlap = 6.71875
PHY-3002 : Step(43): len = 4093.3, overlap = 6.71875
PHY-3002 : Step(44): len = 4107.9, overlap = 6.9375
PHY-3002 : Step(45): len = 4087.5, overlap = 6.9375
PHY-3002 : Step(46): len = 4056.2, overlap = 6.9375
PHY-3002 : Step(47): len = 3991, overlap = 6.9375
PHY-3002 : Step(48): len = 3963.3, overlap = 7.0625
PHY-3002 : Step(49): len = 3885.4, overlap = 7.25
PHY-3002 : Step(50): len = 3773.1, overlap = 7.03125
PHY-3002 : Step(51): len = 3658.2, overlap = 7.15625
PHY-3002 : Step(52): len = 3658.2, overlap = 7.15625
PHY-3002 : Step(53): len = 3632.1, overlap = 7.03125
PHY-3002 : Step(54): len = 3623.5, overlap = 6.84375
PHY-3002 : Step(55): len = 3620.7, overlap = 6.84375
PHY-3001 : Run with size of 2
PHY-3001 : Cell area utilization is 1%
PHY-3001 : Update timing in Manhattan mode ...
TMR-2503 : Start to update net delay, extr mode = 3.
TMR-2504 : Update delay of 395 nets completely.
TMR-2502 : Annotate delay completely, extr mode = 3.
TMR-3501 : Forward propagation: start to calculate arrival time...
TMR-3502 : Backward propagation: start to calculate required time...
TMR-3503 : Timing propagation completes.
PHY-3001 : End timing update;  0.008184s wall, 0.000000s user + 0.000000s system = 0.000000s CPU (n/a%)

PHY-3001 : :::0::: Try harder cell spreading with beta_ = 5.82117e-05
PHY-3002 : Step(56): len = 3606.5, overlap = 9.53125
PHY-3002 : Step(57): len = 3612.3, overlap = 9.53125
PHY-3001 : :::1::: Try harder cell spreading with beta_ = 0.000111961
PHY-3002 : Step(58): len = 3787, overlap = 7.84375
PHY-3002 : Step(59): len = 3875.5, overlap = 7.84375
PHY-3002 : Step(60): len = 3923.6, overlap = 6.6875
PHY-3002 : Step(61): len = 4170.3, overlap = 6.84375
PHY-3002 : Step(62): len = 4372.2, overlap = 7.78125
PHY-3002 : Step(63): len = 4390.9, overlap = 7.25
PHY-3002 : Step(64): len = 4403.2, overlap = 7.0625
PHY-3001 : :::2::: Try harder cell spreading with beta_ = 0.000223923
PHY-3002 : Step(65): len = 4425.7, overlap = 6.09375
PHY-3002 : Step(66): len = 4449.8, overlap = 6.125
PHY-3002 : Step(67): len = 4571.1, overlap = 6.6875
PHY-3002 : Step(68): len = 4659.6, overlap = 6.96875
PHY-3002 : Step(69): len = 4658.9, overlap = 7
PHY-3002 : Step(70): len = 4639.9, overlap = 7.1875
PHY-3002 : Step(71): len = 4640.6, overlap = 6.75
PHY-3001 : :::3::: Try harder cell spreading with beta_ = 0.000447845
PHY-3002 : Step(72): len = 4652.4, overlap = 6.59375
PHY-3002 : Step(73): len = 4652.4, overlap = 6.59375
OPT-1001 : Start physical optimization ...
RUN-1002 : start command "start_timer -report"
TMR-2505 : Start building timing graph for model fpga_ed4g.
TMR-2506 : Build timing graph completely. Port num: 3, tpin num: 1408, tnet num: 395, tinst num: 344, tnode num: 1848, tedge num: 2175.
TMR-2508 : Levelizing timing graph completed, there are 19 levels in total.
TMR-2501 : Timing graph initialized successfully.
OPT-1001 : Total overflow 18.91 peak overflow 3.59
OPT-1001 : Start high-fanout net optimization ...
OPT-1001 : Update timing in global mode
PHY-1001 : Start incremental global routing, caller is place ...
RUN-1001 : Generating global routing grids ...
RUN-1001 : Building simple global routing graph ...
PHY-1001 : Generate routing nets ...
PHY-1001 : Reuse net number 0/397.
PHY-1001 : Global iterations in 12 thread ...
PHY-1002 : len = 5128, over cnt = 22(0%), over = 170, worst = 39
PHY-1001 : End global iterations;  0.012776s wall, 0.015625s user + 0.000000s system = 0.015625s CPU (122.3%)

PHY-1001 : Congestion index: top1 = 15.46, top5 = 3.94, top10 = 1.97, top15 = 1.31.
PHY-1001 : End incremental global routing;  0.056155s wall, 0.062500s user + 0.000000s system = 0.062500s CPU (111.3%)

TMR-2503 : Start to update net delay, extr mode = 5.
TMR-2504 : Update delay of 395 nets completely.
TMR-2502 : Annotate delay completely, extr mode = 5.
TMR-3001 : Initiate 3 clocks from SDC.
TMR-3004 : Map sdc constraints, there are 0 constraints in total.
TMR-3003 : Constraints initiated successfully.
TMR-3501 : Forward propagation: start to calculate arrival time...
TMR-3502 : Backward propagation: start to calculate required time...
TMR-3503 : Timing propagation completes.
OPT-1001 : End timing update;  0.009916s wall, 0.015625s user + 0.000000s system = 0.015625s CPU (157.6%)

OPT-1001 : 0 high-fanout net processed.
OPT-1001 : End high-fanout net optimization;  0.073483s wall, 0.078125s user + 0.000000s system = 0.078125s CPU (106.3%)

OPT-1001 : Current memory(MB): used = 146, reserve = 113, peak = 146.
OPT-1001 : Start global optimization ...
OPT-1001 : Start congestion update ...
RUN-1001 : Generating global routing grids ...
PHY-1001 : Generate routing nets ...
PHY-1001 : Reuse net number 236/397.
PHY-1001 : Global iterations in 12 thread ...
PHY-1002 : len = 5128, over cnt = 22(0%), over = 170, worst = 39
PHY-1002 : len = 7760, over cnt = 24(0%), over = 35, worst = 3
PHY-1002 : len = 8224, over cnt = 13(0%), over = 13, worst = 1
PHY-1002 : len = 8560, over cnt = 4(0%), over = 4, worst = 1
PHY-1001 : End global iterations;  0.029697s wall, 0.031250s user + 0.000000s system = 0.031250s CPU (105.2%)

PHY-1001 : Congestion index: top1 = 19.74, top5 = 5.62, top10 = 2.80, top15 = 1.87.
OPT-1001 : End congestion update;  0.066443s wall, 0.062500s user + 0.000000s system = 0.062500s CPU (94.1%)

OPT-1001 : Update timing in Manhattan mode
TMR-2503 : Start to update net delay, extr mode = 3.
TMR-2504 : Update delay of 395 nets completely.
TMR-2502 : Annotate delay completely, extr mode = 3.
TMR-3501 : Forward propagation: start to calculate arrival time...
TMR-3502 : Backward propagation: start to calculate required time...
TMR-3503 : Timing propagation completes.
OPT-1001 : End timing update;  0.008513s wall, 0.000000s user + 0.000000s system = 0.000000s CPU (n/a%)

OPT-0007 : Start: WNS -370 TNS -370 NUM_FEPS 1
OPT-0007 : Iter 1: improved WNS -354 TNS -354 NUM_FEPS 1 with 3 cells processed and 100 slack improved
OPT-0007 : Iter 2: improved WNS -354 TNS -354 NUM_FEPS 1 with 5 cells processed and 0 slack improved
OPT-1001 : End global optimization;  0.076475s wall, 0.062500s user + 0.000000s system = 0.062500s CPU (81.7%)

OPT-1001 : Current memory(MB): used = 147, reserve = 114, peak = 147.
OPT-1001 : End physical optimization;  0.184975s wall, 0.171875s user + 0.000000s system = 0.171875s CPU (92.9%)

PHY-3001 : Start packing ...
SYN-4007 : Packing 0 MUX to BLE ...
SYN-4008 : Packed 0 MUX and 0 SEQ to BLE.
SYN-4007 : Packing 130 LUT to BLE ...
SYN-4008 : Packed 130 LUT and 23 SEQ to BLE.
SYN-4003 : Packing 162 remaining SEQ's ...
SYN-4005 : Packed 91 SEQ with LUT/SLICE
SYN-4006 : 20 single LUT's are left
SYN-4006 : 71 single SEQ's are left
SYN-4011 : Packing model "fpga_ed4g" (AL_USER_NORMAL) with 201/280 primitive instances ...
PHY-3001 : End packing;  0.012927s wall, 0.015625s user + 0.000000s system = 0.015625s CPU (120.9%)

PHY-1001 : Populate physical database on model fpga_ed4g.
RUN-1001 : There are total 139 instances
RUN-1001 : 66 mslices, 65 lslices, 3 pads, 0 brams, 0 dsps
RUN-1001 : There are total 375 nets
RUN-6004 WARNING: There are 1 nets with only 1 pin.
RUN-1001 : 315 nets have 2 pins
RUN-1001 : 38 nets have [3 - 5] pins
RUN-1001 : 9 nets have [6 - 10] pins
RUN-1001 : 7 nets have [11 - 20] pins
RUN-1001 : 4 nets have [21 - 99] pins
RUN-1001 : 1 nets have 100+ pins
PHY-3001 : design contains 137 instances, 131 slices, 4 macros(23 instances: 15 mslices 8 lslices)
PHY-3001 : Cell area utilization is 1%
PHY-3001 : After packing: Len = 4837.8, Over = 8.5
PHY-3001 : Run with size of 2
PHY-3001 : Cell area utilization is 1%
PHY-3001 : Update timing in Manhattan mode ...
RUN-1002 : start command "start_timer -report"
TMR-2505 : Start building timing graph for model fpga_ed4g.
TMR-2506 : Build timing graph completely. Port num: 3, tpin num: 1209, tnet num: 373, tinst num: 137, tnode num: 1479, tedge num: 1915.
TMR-2508 : Levelizing timing graph completed, there are 19 levels in total.
TMR-2501 : Timing graph initialized successfully.
TMR-2503 : Start to update net delay, extr mode = 3.
TMR-2504 : Update delay of 373 nets completely.
TMR-2502 : Annotate delay completely, extr mode = 3.
TMR-3001 : Initiate 3 clocks from SDC.
TMR-3004 : Map sdc constraints, there are 0 constraints in total.
TMR-3003 : Constraints initiated successfully.
TMR-3501 : Forward propagation: start to calculate arrival time...
TMR-3502 : Backward propagation: start to calculate required time...
TMR-3503 : Timing propagation completes.
PHY-3001 : End timing update;  0.037220s wall, 0.031250s user + 0.000000s system = 0.031250s CPU (84.0%)

PHY-3001 : :::0::: Try harder cell spreading with beta_ = 0.000101178
PHY-3002 : Step(74): len = 4637.1, overlap = 9.5
PHY-3002 : Step(75): len = 4580.8, overlap = 10
PHY-3002 : Step(76): len = 4584.4, overlap = 9.75
PHY-3002 : Step(77): len = 4599.4, overlap = 9.5
PHY-3001 : :::1::: Try harder cell spreading with beta_ = 0.000202356
PHY-3002 : Step(78): len = 4716.4, overlap = 9.5
PHY-3002 : Step(79): len = 4825.9, overlap = 9.25
PHY-3002 : Step(80): len = 4827.5, overlap = 8.75
PHY-3001 : :::2::: Try harder cell spreading with beta_ = 0.000404711
PHY-3002 : Step(81): len = 4921.7, overlap = 8.25
PHY-3002 : Step(82): len = 4971.6, overlap = 8.25
PHY-3001 : Legalization ...
PHY-3001 : End legalization;  0.027712s wall, 0.000000s user + 0.000000s system = 0.000000s CPU (n/a%)

PHY-3001 : Trial Legalized: Len = 8031.8
PHY-3001 : Run with size of 2
PHY-3001 : Cell area utilization is 1%
PHY-3001 : Update timing in Manhattan mode ...
TMR-2503 : Start to update net delay, extr mode = 3.
TMR-2504 : Update delay of 373 nets completely.
TMR-2502 : Annotate delay completely, extr mode = 3.
TMR-3501 : Forward propagation: start to calculate arrival time...
TMR-3502 : Backward propagation: start to calculate required time...
TMR-3503 : Timing propagation completes.
PHY-3001 : End timing update;  0.007886s wall, 0.000000s user + 0.000000s system = 0.000000s CPU (n/a%)

PHY-3001 : :::0::: Try harder cell spreading with beta_ = 0
PHY-3002 : Step(83): len = 6833.3, overlap = 1.75
PHY-3002 : Step(84): len = 6235.1, overlap = 3.25
PHY-3002 : Step(85): len = 5767.6, overlap = 5
PHY-3002 : Step(86): len = 5381.7, overlap = 6.5
PHY-3002 : Step(87): len = 5029.5, overlap = 7.5
PHY-3002 : Step(88): len = 4788.1, overlap = 9.25
PHY-3002 : Step(89): len = 4654.3, overlap = 9.75
PHY-3002 : Step(90): len = 4623.8, overlap = 10.25
PHY-3002 : Step(91): len = 4445, overlap = 13
PHY-3002 : Step(92): len = 4303.9, overlap = 12.75
PHY-3002 : Step(93): len = 4055.4, overlap = 12
PHY-3002 : Step(94): len = 3865, overlap = 13.25
PHY-3002 : Step(95): len = 3681.8, overlap = 13.75
PHY-3002 : Step(96): len = 3624.2, overlap = 13.5
PHY-3001 : :::1::: Try harder cell spreading with beta_ = 3.06803e-05
PHY-3002 : Step(97): len = 3686.5, overlap = 13.25
PHY-3002 : Step(98): len = 3770.2, overlap = 13
PHY-3001 : :::2::: Try harder cell spreading with beta_ = 6.13606e-05
PHY-3002 : Step(99): len = 3998, overlap = 12
PHY-3002 : Step(100): len = 4445.4, overlap = 11
PHY-3002 : Step(101): len = 4529.7, overlap = 9.5
PHY-3002 : Step(102): len = 4625.5, overlap = 9.25
PHY-3002 : Step(103): len = 4752.7, overlap = 8.5
PHY-3002 : Step(104): len = 4874.5, overlap = 8
PHY-3001 : :::3::: Try harder cell spreading with beta_ = 0.000122721
PHY-3002 : Step(105): len = 5022.5, overlap = 7.75
PHY-3002 : Step(106): len = 5298.6, overlap = 7.5
PHY-3002 : Step(107): len = 5424.8, overlap = 7.25
PHY-3002 : Step(108): len = 5360.6, overlap = 7.25
PHY-3002 : Step(109): len = 5350.5, overlap = 7.5
PHY-3001 : Legalization ...
PHY-3001 : End legalization;  0.004505s wall, 0.000000s user + 0.000000s system = 0.000000s CPU (n/a%)

PHY-3001 : Legalized: Len = 8173.8, Over = 0
PHY-3001 : End spreading;  0.002122s wall, 0.000000s user + 0.000000s system = 0.000000s CPU (n/a%)

PHY-3001 : Final: Len = 8173.8, Over = 0
OPT-1001 : Start physical optimization ...
RUN-1002 : start command "start_timer -report"
TMR-2505 : Start building timing graph for model fpga_ed4g.
TMR-2506 : Build timing graph completely. Port num: 3, tpin num: 1209, tnet num: 373, tinst num: 137, tnode num: 1479, tedge num: 1915.
TMR-2508 : Levelizing timing graph completed, there are 19 levels in total.
TMR-2501 : Timing graph initialized successfully.
OPT-1001 : Total overflow 0.00 peak overflow 0.00
OPT-1001 : Start high-fanout net optimization ...
OPT-1001 : Update timing in global mode
PHY-1001 : Start incremental global routing, caller is place ...
RUN-1001 : Generating global routing grids ...
PHY-1001 : Generate routing nets ...
PHY-1001 : Reuse net number 2/375.
PHY-1001 : Global iterations in 12 thread ...
PHY-1002 : len = 9080, over cnt = 24(0%), over = 34, worst = 4
PHY-1002 : len = 9256, over cnt = 5(0%), over = 5, worst = 1
PHY-1002 : len = 9304, over cnt = 2(0%), over = 2, worst = 1
PHY-1002 : len = 9336, over cnt = 0(0%), over = 0, worst = 0
PHY-1001 : End global iterations;  0.027476s wall, 0.015625s user + 0.000000s system = 0.015625s CPU (56.9%)

PHY-1001 : Congestion index: top1 = 21.83, top5 = 6.53, top10 = 3.25, top15 = 2.17.
PHY-1001 : End incremental global routing;  0.064048s wall, 0.031250s user + 0.000000s system = 0.031250s CPU (48.8%)

TMR-2503 : Start to update net delay, extr mode = 5.
TMR-2504 : Update delay of 373 nets completely.
TMR-2502 : Annotate delay completely, extr mode = 5.
TMR-3001 : Initiate 3 clocks from SDC.
TMR-3004 : Map sdc constraints, there are 0 constraints in total.
TMR-3003 : Constraints initiated successfully.
TMR-3501 : Forward propagation: start to calculate arrival time...
TMR-3502 : Backward propagation: start to calculate required time...
TMR-3503 : Timing propagation completes.
OPT-1001 : End timing update;  0.008365s wall, 0.000000s user + 0.000000s system = 0.000000s CPU (n/a%)

OPT-1001 : 0 high-fanout net processed.
OPT-1001 : End high-fanout net optimization;  0.077513s wall, 0.046875s user + 0.000000s system = 0.046875s CPU (60.5%)

OPT-1001 : Current memory(MB): used = 150, reserve = 117, peak = 150.
OPT-1001 : Start path based optimization ...
OPT-1001 : Start congestion update ...
RUN-1001 : Generating global routing grids ...
PHY-1001 : Generate routing nets ...
PHY-1001 : Reuse net number 310/375.
PHY-1001 : Global iterations in 12 thread ...
PHY-1002 : len = 9336, over cnt = 0(0%), over = 0, worst = 0
PHY-1001 : End global iterations;  0.001185s wall, 0.000000s user + 0.000000s system = 0.000000s CPU (n/a%)

PHY-1001 : Congestion index: top1 = 21.83, top5 = 6.53, top10 = 3.25, top15 = 2.17.
OPT-1001 : End congestion update;  0.036541s wall, 0.031250s user + 0.000000s system = 0.031250s CPU (85.5%)

OPT-1001 : Update timing in Manhattan mode
TMR-2503 : Start to update net delay, extr mode = 3.
TMR-2504 : Update delay of 373 nets completely.
TMR-2502 : Annotate delay completely, extr mode = 3.
TMR-3501 : Forward propagation: start to calculate arrival time...
TMR-3502 : Backward propagation: start to calculate required time...
TMR-3503 : Timing propagation completes.
OPT-1001 : End timing update;  0.006576s wall, 0.000000s user + 0.000000s system = 0.000000s CPU (n/a%)

OPT-0007 : Start: WNS -531 TNS -531 NUM_FEPS 1
PHY-3001 : Start incremental legalization ...
PHY-1001 : Populate physical database on model fpga_ed4g.
PHY-3001 : Initial placement ...
PHY-3001 : eco special cells: 1 has valid locations, 0 needs to be replaced
PHY-3001 : eco pad cells: 3 has valid locations, 0 needs to be replaced
PHY-3001 : eco cells: 131 has valid locations, 0 needs to be replaced
PHY-3001 : design contains 137 instances, 131 slices, 4 macros(23 instances: 15 mslices 8 lslices)
PHY-3001 : Cell area utilization is 1%
PHY-3001 : Initial: Len = 8165.8, Over = 0
PHY-3001 : End spreading;  0.001972s wall, 0.000000s user + 0.000000s system = 0.000000s CPU (n/a%)

PHY-3001 : Final: Len = 8165.8, Over = 0
PHY-3001 : End incremental legalization;  0.013780s wall, 0.015625s user + 0.000000s system = 0.015625s CPU (113.4%)

OPT-0007 : Iter 1: improved WNS -531 TNS -531 NUM_FEPS 1 with 1 cells processed and 0 slack improved
OPT-0007 : Iter 2: improved WNS -531 TNS -531 NUM_FEPS 1 with 0 cells processed and 0 slack improved
OPT-1001 : End path based optimization;  0.061445s wall, 0.062500s user + 0.000000s system = 0.062500s CPU (101.7%)

OPT-1001 : Current memory(MB): used = 152, reserve = 119, peak = 152.
OPT-1001 : Update timing in Manhattan mode
TMR-2503 : Start to update net delay, extr mode = 3.
TMR-2504 : Update delay of 373 nets completely.
TMR-2502 : Annotate delay completely, extr mode = 3.
TMR-3501 : Forward propagation: start to calculate arrival time...
TMR-3502 : Backward propagation: start to calculate required time...
TMR-3503 : Timing propagation completes.
OPT-1001 : End timing update;  0.006672s wall, 0.000000s user + 0.000000s system = 0.000000s CPU (n/a%)

OPT-1001 : Start pin optimization...
OPT-1001 : skip pin optimization...
RUN-1001 : Generating global routing grids ...
PHY-1001 : Generate routing nets ...
PHY-1001 : Reuse net number 306/375.
PHY-1001 : Global iterations in 12 thread ...
PHY-1002 : len = 9328, over cnt = 1(0%), over = 1, worst = 1
PHY-1002 : len = 9328, over cnt = 0(0%), over = 0, worst = 0
PHY-1001 : End global iterations;  0.005899s wall, 0.000000s user + 0.000000s system = 0.000000s CPU (n/a%)

PHY-1001 : Congestion index: top1 = 21.96, top5 = 6.54, top10 = 3.26, top15 = 2.18.
OPT-1001 : Update timing in Manhattan mode
TMR-2503 : Start to update net delay, extr mode = 3.
TMR-2504 : Update delay of 373 nets completely.
TMR-2502 : Annotate delay completely, extr mode = 3.
TMR-3501 : Forward propagation: start to calculate arrival time...
TMR-3502 : Backward propagation: start to calculate required time...
TMR-3503 : Timing propagation completes.
OPT-1001 : End timing update;  0.006356s wall, 0.000000s user + 0.000000s system = 0.000000s CPU (n/a%)

RUN-1001 : QoR Analysis:
OPT-0007 :   WNS -531 TNS -531 NUM_FEPS 1
RUN-1001 :   No local congestion issue, and most congested 1% tile average routing util is 21.517241
RUN-1001 :   Top critical paths
RUN-1001 :       #1 path slack -531ps with too many logic level 9 
OPT-1002 :   please consider adjusting synthesis strategy to reduce the large logic level of these critical paths
RUN-1001 :   extra opt step will be enabled to improve QoR
RUN-1001 :   0 HFN exist on timing critical paths out of 375 nets
RUN-1001 :   0 long nets exist on timing critical paths out of 375 nets
PHY-3001 : Start incremental legalization ...
PHY-1001 : Populate physical database on model fpga_ed4g.
PHY-3001 : Initial placement ...
PHY-3001 : eco special cells: 1 has valid locations, 0 needs to be replaced
PHY-3001 : eco pad cells: 3 has valid locations, 0 needs to be replaced
PHY-3001 : eco cells: 131 has valid locations, 0 needs to be replaced
PHY-3001 : design contains 137 instances, 131 slices, 4 macros(23 instances: 15 mslices 8 lslices)
PHY-3001 : Cell area utilization is 1%
PHY-3001 : Initial: Len = 8165.8, Over = 0
PHY-3001 : End spreading;  0.002080s wall, 0.000000s user + 0.000000s system = 0.000000s CPU (n/a%)

PHY-3001 : Final: Len = 8165.8, Over = 0
PHY-3001 : End incremental legalization;  0.013769s wall, 0.000000s user + 0.031250s system = 0.031250s CPU (227.0%)

OPT-1001 : Update timing in Manhattan mode
TMR-2503 : Start to update net delay, extr mode = 3.
TMR-2504 : Update delay of 373 nets completely.
TMR-2502 : Annotate delay completely, extr mode = 3.
TMR-3501 : Forward propagation: start to calculate arrival time...
TMR-3502 : Backward propagation: start to calculate required time...
TMR-3503 : Timing propagation completes.
OPT-1001 : End timing update;  0.008115s wall, 0.000000s user + 0.000000s system = 0.000000s CPU (n/a%)

OPT-1001 : Start path based optimization ...
OPT-1001 : Start congestion update ...
RUN-1001 : Generating global routing grids ...
PHY-1001 : Generate routing nets ...
PHY-1001 : Reuse net number 310/375.
PHY-1001 : Global iterations in 12 thread ...
PHY-1002 : len = 9328, over cnt = 0(0%), over = 0, worst = 0
PHY-1001 : End global iterations;  0.001416s wall, 0.000000s user + 0.000000s system = 0.000000s CPU (n/a%)

PHY-1001 : Congestion index: top1 = 21.96, top5 = 6.54, top10 = 3.26, top15 = 2.18.
OPT-1001 : End congestion update;  0.035405s wall, 0.031250s user + 0.000000s system = 0.031250s CPU (88.3%)

OPT-1001 : Update timing in Manhattan mode
TMR-2503 : Start to update net delay, extr mode = 3.
TMR-2504 : Update delay of 373 nets completely.
TMR-2502 : Annotate delay completely, extr mode = 3.
TMR-3501 : Forward propagation: start to calculate arrival time...
TMR-3502 : Backward propagation: start to calculate required time...
TMR-3503 : Timing propagation completes.
OPT-1001 : End timing update;  0.008127s wall, 0.015625s user + 0.000000s system = 0.015625s CPU (192.3%)

OPT-0007 : Start: WNS -531 TNS -531 NUM_FEPS 1
PHY-3001 : Start incremental legalization ...
PHY-1001 : Populate physical database on model fpga_ed4g.
PHY-3001 : Initial placement ...
PHY-3001 : eco special cells: 1 has valid locations, 0 needs to be replaced
PHY-3001 : eco pad cells: 3 has valid locations, 0 needs to be replaced
PHY-3001 : eco cells: 131 has valid locations, 0 needs to be replaced
PHY-3001 : design contains 137 instances, 131 slices, 4 macros(23 instances: 15 mslices 8 lslices)
PHY-3001 : Cell area utilization is 1%
PHY-3001 : Initial: Len = 8351.8, Over = 0
PHY-3001 : End spreading;  0.002086s wall, 0.000000s user + 0.000000s system = 0.000000s CPU (n/a%)

PHY-3001 : Final: Len = 8351.8, Over = 0
PHY-3001 : End incremental legalization;  0.014023s wall, 0.000000s user + 0.000000s system = 0.000000s CPU (n/a%)

OPT-0007 : Iter 1: improved WNS -431 TNS -431 NUM_FEPS 1 with 2 cells processed and 500 slack improved
OPT-0007 : Iter 2: improved WNS -431 TNS -431 NUM_FEPS 1 with 0 cells processed and 0 slack improved
OPT-1001 : End path based optimization;  0.062564s wall, 0.046875s user + 0.000000s system = 0.046875s CPU (74.9%)

OPT-1001 : Current memory(MB): used = 153, reserve = 120, peak = 153.
OPT-1001 : Start bottleneck based optimization ...
OPT-1001 : Start congestion update ...
RUN-1001 : Generating global routing grids ...
PHY-1001 : Generate routing nets ...
PHY-1001 : Reuse net number 295/375.
PHY-1001 : Global iterations in 12 thread ...
PHY-1002 : len = 9520, over cnt = 5(0%), over = 6, worst = 2
PHY-1002 : len = 9536, over cnt = 1(0%), over = 1, worst = 1
PHY-1002 : len = 9552, over cnt = 0(0%), over = 0, worst = 0
PHY-1001 : End global iterations;  0.010492s wall, 0.000000s user + 0.000000s system = 0.000000s CPU (n/a%)

PHY-1001 : Congestion index: top1 = 22.00, top5 = 6.60, top10 = 3.29, top15 = 2.20.
OPT-1001 : End congestion update;  0.046894s wall, 0.031250s user + 0.000000s system = 0.031250s CPU (66.6%)

OPT-1001 : Update timing in Manhattan mode
TMR-2503 : Start to update net delay, extr mode = 3.
TMR-2504 : Update delay of 373 nets completely.
TMR-2502 : Annotate delay completely, extr mode = 3.
TMR-3501 : Forward propagation: start to calculate arrival time...
TMR-3502 : Backward propagation: start to calculate required time...
TMR-3503 : Timing propagation completes.
OPT-1001 : End timing update;  0.006839s wall, 0.000000s user + 0.000000s system = 0.000000s CPU (n/a%)

OPT-0007 : Start: WNS -431 TNS -431 NUM_FEPS 1
OPT-0007 : Iter 1: improved WNS -431 TNS -431 NUM_FEPS 1 with 0 cells processed and 0 slack improved
OPT-0007 : Iter 2: improved WNS -431 TNS -431 NUM_FEPS 1 with 0 cells processed and 0 slack improved
OPT-1001 : End bottleneck based optimization;  0.055237s wall, 0.031250s user + 0.000000s system = 0.031250s CPU (56.6%)

OPT-1001 : Current memory(MB): used = 152, reserve = 120, peak = 153.
OPT-1001 : Update timing in Manhattan mode
TMR-2503 : Start to update net delay, extr mode = 3.
TMR-2504 : Update delay of 373 nets completely.
TMR-2502 : Annotate delay completely, extr mode = 3.
TMR-3501 : Forward propagation: start to calculate arrival time...
TMR-3502 : Backward propagation: start to calculate required time...
TMR-3503 : Timing propagation completes.
OPT-1001 : End timing update;  0.006876s wall, 0.015625s user + 0.000000s system = 0.015625s CPU (227.2%)

OPT-1001 : Start pin optimization...
OPT-1001 : skip pin optimization...
OPT-1001 : Current memory(MB): used = 152, reserve = 120, peak = 153.
OPT-1001 : Start congestion recovery ...
RUN-1002 : start command "set_param place ofv 80"
OPT-1001 : Update timing in Manhattan mode
TMR-2503 : Start to update net delay, extr mode = 3.
TMR-2504 : Update delay of 373 nets completely.
TMR-2502 : Annotate delay completely, extr mode = 3.
TMR-3501 : Forward propagation: start to calculate arrival time...
TMR-3502 : Backward propagation: start to calculate required time...
TMR-3503 : Timing propagation completes.
OPT-1001 : End timing update;  0.006596s wall, 0.000000s user + 0.000000s system = 0.000000s CPU (n/a%)

RUN-1001 : Start congestion update ...
RUN-1001 : Generating global routing grids ...
PHY-1001 : Generate routing nets ...
PHY-1001 : Reuse net number 310/375.
PHY-1001 : Global iterations in 12 thread ...
PHY-1002 : len = 9552, over cnt = 0(0%), over = 0, worst = 0
PHY-1001 : End global iterations;  0.001725s wall, 0.000000s user + 0.000000s system = 0.000000s CPU (n/a%)

PHY-1001 : Congestion index: top1 = 22.00, top5 = 6.60, top10 = 3.29, top15 = 2.20.
RUN-1001 : End congestion update;  0.037960s wall, 0.046875s user + 0.000000s system = 0.046875s CPU (123.5%)
 
RUN-1001 : design has 41 columns and 72 rows with 0 high-util (over 100 percentage) tiles versus total tile num 2952
OPT-1001 : End congestion recovery;  0.044709s wall, 0.046875s user + 0.000000s system = 0.046875s CPU (104.8%)

OPT-1001 : Current memory(MB): used = 151, reserve = 119, peak = 153.
OPT-1001 : End physical optimization;  0.427648s wall, 0.281250s user + 0.031250s system = 0.312500s CPU (73.1%)

RUN-1003 : finish command "place" in  2.311485s wall, 0.953125s user + 0.375000s system = 1.328125s CPU (57.5%)

RUN-1004 : used memory is 138 MB, reserved memory is 105 MB, peak memory is 153 MB
RUN-1002 : start command "export_db LED_light_place.db"
RUN-1001 : Exported /
RUN-1001 : Exported flow parameters
RUN-1001 : Exported libs
RUN-1001 : Exported entities
RUN-1001 : Exported ports
RUN-1001 : Exported pins
RUN-1001 : Exported instances
RUN-1001 : Exported nets
RUN-1001 : Exported buses
RUN-1001 : Exported models
RUN-1001 : Exported congestions
RUN-1001 : Exported violations
RUN-1001 : Exported timing constraints
RUN-1001 : Exported IO constraints
RUN-1001 : Exported Inst constraints
RUN-1002 : start command "route"
RUN-1001 : Open license file E:/Anlogic/TD5.6.2/license/Anlogic.lic
RUN-1001 : Print Global Property
RUN-1001 : ---------------------------------------------------------------
RUN-1001 :        Parameters        |  Settings  |  Default Values  |  Note  
RUN-1001 : ---------------------------------------------------------------
RUN-1001 :          message         |  standard  |     standard     |        
RUN-1001 :   mixed_pack_place_flow  |     on     |        on        |        
RUN-1001 :        qor_monitor       |    off     |       off        |        
RUN-1001 :        syn_ip_flow       |    off     |       off        |        
RUN-1001 :          thread          |    auto    |       auto       |        
RUN-1001 : ---------------------------------------------------------------
RUN-1001 : Print Route Property
RUN-1001 : -------------------------------------------------------
RUN-1001 :    Parameters    |  Settings  |  Default Values  |  Note  
RUN-1001 : -------------------------------------------------------
RUN-1001 :      effort      |   medium   |      medium      |        
RUN-1001 :     fix_hold     |    off     |       off        |        
RUN-1001 :    opt_timing    |   medium   |      medium      |        
RUN-1001 :   phy_sim_model  |    off     |       off        |        
RUN-1001 :     priority     |   timing   |      timing      |        
RUN-1001 :     swap_pin     |     on     |        on        |        
RUN-1001 : -------------------------------------------------------
PHY-1001 : Route runs in 12 thread(s)
RUN-1001 : There are total 139 instances
RUN-1001 : 66 mslices, 65 lslices, 3 pads, 0 brams, 0 dsps
RUN-1001 : There are total 375 nets
RUN-6004 WARNING: There are 1 nets with only 1 pin.
RUN-1001 : 315 nets have 2 pins
RUN-1001 : 38 nets have [3 - 5] pins
RUN-1001 : 9 nets have [6 - 10] pins
RUN-1001 : 7 nets have [11 - 20] pins
RUN-1001 : 4 nets have [21 - 99] pins
RUN-1001 : 1 nets have 100+ pins
RUN-1002 : start command "start_timer -report"
TMR-2505 : Start building timing graph for model fpga_ed4g.
TMR-2506 : Build timing graph completely. Port num: 3, tpin num: 1209, tnet num: 373, tinst num: 137, tnode num: 1479, tedge num: 1915.
TMR-2508 : Levelizing timing graph completed, there are 19 levels in total.
TMR-2501 : Timing graph initialized successfully.
PHY-1001 : 66 mslices, 65 lslices, 3 pads, 0 brams, 0 dsps
TMR-2503 : Start to update net delay, extr mode = 3.
TMR-2504 : Update delay of 373 nets completely.
TMR-2502 : Annotate delay completely, extr mode = 3.
TMR-3001 : Initiate 3 clocks from SDC.
TMR-3004 : Map sdc constraints, there are 0 constraints in total.
TMR-3003 : Constraints initiated successfully.
TMR-3501 : Forward propagation: start to calculate arrival time...
TMR-3502 : Backward propagation: start to calculate required time...
TMR-3503 : Timing propagation completes.
PHY-1001 : Start global routing, caller is route ...
RUN-1001 : Generating global routing grids ...
PHY-1001 : Generate routing nets ...
PHY-1001 : Global iterations in 12 thread ...
PHY-1002 : len = 9160, over cnt = 30(0%), over = 39, worst = 4
PHY-1002 : len = 9328, over cnt = 6(0%), over = 6, worst = 1
PHY-1002 : len = 9392, over cnt = 2(0%), over = 2, worst = 1
PHY-1002 : len = 9424, over cnt = 0(0%), over = 0, worst = 0
PHY-1001 : End global iterations;  0.030948s wall, 0.000000s user + 0.000000s system = 0.000000s CPU (n/a%)

PHY-1001 : Congestion index: top1 = 22.20, top5 = 6.54, top10 = 3.26, top15 = 2.17.
PHY-1001 : End global routing;  0.068463s wall, 0.031250s user + 0.000000s system = 0.031250s CPU (45.6%)

PHY-1001 : Start detail routing ...
PHY-1001 : Current memory(MB): used = 170, reserve = 138, peak = 177.
PHY-1001 : Detailed router is running in normal mode.
PHY-1001 : Generate detailed routing grids ...
PHY-1001 : Generate nets ...
PHY-1001 : clock net clk_150m will be merged with clock u_PLL_150M/clk0_buf
PHY-1001 : net sysclk_i_dup_1 will be routed on clock mesh
PHY-5010 WARNING: Net u_LED_send/busy is skipped due to 0 input or output
PHY-5010 WARNING: Net u_LED_send/busy is skipped due to 0 input or output
PHY-1001 : Current memory(MB): used = 434, reserve = 406, peak = 434.
PHY-1001 : End build detailed router design. 3.245231s wall, 1.921875s user + 0.093750s system = 2.015625s CPU (62.1%)

PHY-1001 : Detail Route ...
PHY-1001 : ===== Detail Route Phase 1 =====
PHY-1001 : Clock net routing.....
PHY-1001 : Routed 0% nets.
PHY-1022 : len = 9888, over cnt = 0(0%), over = 0, worst = 0, crit = 0
PHY-1001 : End initial clock net routed; 0.312595s wall, 0.218750s user + 0.000000s system = 0.218750s CPU (70.0%)

PHY-1001 : Current memory(MB): used = 464, reserve = 437, peak = 464.
PHY-1001 : End phase 1; 0.318306s wall, 0.218750s user + 0.000000s system = 0.218750s CPU (68.7%)

PHY-1001 : ===== Detail Route Phase 2 =====
PHY-1001 : Initial routing.....
PHY-1001 : Routed 42% nets.
PHY-1001 : Routed 48% nets.
PHY-1001 : Routed 54% nets.
PHY-1001 : Routed 67% nets.
PHY-1001 : Routed 93% nets.
PHY-1022 : len = 45568, over cnt = 0(0%), over = 0, worst = 0, crit = 0
PHY-1001 : Current memory(MB): used = 464, reserve = 437, peak = 465.
PHY-1001 : End initial routed; 0.246579s wall, 0.125000s user + 0.015625s system = 0.140625s CPU (57.0%)

PHY-1001 : Update timing.....
PHY-1001 : 197/350(56%) critical/total net(s).
RUN-1001 : --------------------------------------
RUN-1001 :   Type   |  WNS(ns)  |  TNS(ns)  |  FEP  
RUN-1001 : --------------------------------------
RUN-1001 :   Setup  |  -3.094   |  -4.172   |   2   
RUN-1001 :   Hold   |   0.077   |   0.000   |   0   
RUN-1001 : --------------------------------------
PHY-1001 : End update timing; 0.048399s wall, 0.031250s user + 0.000000s system = 0.031250s CPU (64.6%)

PHY-1001 : Current memory(MB): used = 465, reserve = 437, peak = 465.
PHY-1001 : End phase 2; 0.295051s wall, 0.156250s user + 0.015625s system = 0.171875s CPU (58.3%)

PHY-1001 : ===== Detail Route Phase 3 =====
PHY-1001 : Update timing.....
PHY-1001 : 197/350(56%) critical/total net(s).
RUN-1001 : --------------------------------------
RUN-1001 :   Type   |  WNS(ns)  |  TNS(ns)  |  FEP  
RUN-1001 : --------------------------------------
RUN-1001 :   Setup  |  -3.094   |  -4.172   |   2   
RUN-1001 :   Hold   |   0.077   |   0.000   |   0   
RUN-1001 : --------------------------------------
PHY-1001 : End update timing; 0.047563s wall, 0.031250s user + 0.000000s system = 0.031250s CPU (65.7%)

PHY-1001 : Commit to database.....
PHY-1001 : 0 feed throughs used by 0 nets
PHY-1001 : End commit to database; 0.037889s wall, 0.015625s user + 0.000000s system = 0.015625s CPU (41.2%)

PHY-1001 : Current memory(MB): used = 472, reserve = 445, peak = 472.
PHY-1001 : End phase 3; 0.085595s wall, 0.046875s user + 0.000000s system = 0.046875s CPU (54.8%)

PHY-1003 : Routed, final wirelength = 45568
PHY-1001 : Current memory(MB): used = 472, reserve = 445, peak = 472.
PHY-1001 : End export database. 0.006252s wall, 0.015625s user + 0.000000s system = 0.015625s CPU (249.9%)

PHY-1001 : End detail routing;  4.129733s wall, 2.453125s user + 0.109375s system = 2.562500s CPU (62.1%)

RUN-1003 : finish command "route" in  4.291982s wall, 2.546875s user + 0.109375s system = 2.656250s CPU (61.9%)

RUN-1004 : used memory is 416 MB, reserved memory is 386 MB, peak memory is 473 MB
RUN-1002 : start command "report_area -io_info -file LED_light_phy.area"
RUN-1001 : standard
***Report Model: fpga_ed4g Device: EG4D20EG176***

IO Statistics
#IO                         3
  #input                    1
  #output                   2
  #inout                    0

Utilization Statistics
#lut                      180   out of  19600    0.92%
#reg                      188   out of  19600    0.96%
#le                       251
  #lut only                63   out of    251   25.10%
  #reg only                71   out of    251   28.29%
  #lut&reg                117   out of    251   46.61%
#dsp                        0   out of     29    0.00%
#bram                       0   out of     64    0.00%
  #bram9k                   0
  #fifo9k                   0
#bram32k                    0   out of     16    0.00%
#pad                        3   out of    130    2.31%
  #ireg                     0
  #oreg                     2
  #treg                     0
#pll                        1   out of      4   25.00%
#gclk                       1   out of     16    6.25%

Clock Resource Statistics
Index     ClockNet               Type               DriverType         Driver                       Fanout
#1        u_PLL_150M/clk0_buf    GCLK               pll                u_PLL_150M/pll_inst.clkc0    90
#2        sysclk_i_dup_1         GCLK               io                 sysclk_i_syn_2.di            16


Detailed IO Report

    Name      Direction    Location    IOStandard    DriveStrength    PullType    PackReg  
  sysclk_i      INPUT        P63        LVCMOS25          N/A          PULLUP      NONE    
    cko        OUTPUT        P83        LVCMOS25           8            NONE       OREG    
    sdo        OUTPUT        P82        LVCMOS25           8            NONE       OREG    

Report Hierarchy Area:
+-----------------------------------------------------------------------------+
|Instance     |Module    |le     |lut     |ripple  |seq     |bram    |dsp     |
+-----------------------------------------------------------------------------+
|top          |fpga_ed4g |251    |157     |23      |190     |0       |0       |
|  u_LED_send |LED_send  |207    |148     |15      |159     |0       |0       |
|  u_PLL_150M |PLL_150M  |1      |1       |0       |0       |0       |0       |
+-----------------------------------------------------------------------------+


DataNet Average Fanout:

   Index     Fanout    Nets  
    #1         1       312   
    #2         2        18   
    #3         3        15   
    #4         4        5    
    #5        5-10      9    
    #6       11-50      6    
    #7       51-100     2    
  Average     1.97           

RUN-1002 : start command "export_db LED_light_pr.db"
RUN-1001 : Exported /
RUN-1001 : Exported flow parameters
RUN-1001 : Exported libs
RUN-1001 : Exported entities
RUN-1001 : Exported ports
RUN-1001 : Exported pins
RUN-1001 : Exported instances
RUN-1001 : Exported nets
RUN-1001 : Exported buses
RUN-1001 : Exported models
RUN-1001 : Exported congestions
RUN-1001 : Exported violations
RUN-1001 : Exported timing constraints
RUN-1001 : Exported IO constraints
RUN-1001 : Exported Inst constraints
RUN-1002 : start command "start_timer"
TMR-2505 : Start building timing graph for model fpga_ed4g.
TMR-2506 : Build timing graph completely. Port num: 3, tpin num: 1209, tnet num: 373, tinst num: 137, tnode num: 1479, tedge num: 1915.
TMR-2508 : Levelizing timing graph completed, there are 19 levels in total.
TMR-2501 : Timing graph initialized successfully.
RUN-1002 : start command "report_timing -mode FINAL -net_info -rpt_autogen true -file LED_light_phy.timing"
TMR-2503 : Start to update net delay, extr mode = 6.
TMR-2504 : Update delay of 373 nets completely.
TMR-2502 : Annotate delay completely, extr mode = 6.
TMR-3001 : Initiate 3 clocks from SDC.
TMR-3004 : Map sdc constraints, there are 0 constraints in total.
TMR-3003 : Constraints initiated successfully.
TMR-3501 : Forward propagation: start to calculate arrival time...
TMR-3502 : Backward propagation: start to calculate required time...
TMR-3503 : Timing propagation completes.
TMR-3506 : Start to generate timing report.
TMR-1502 : Number of clock constraints = 3. Number of clock nets = 2 (0 unconstrainted).
TMR-3508 : Export timing summary.
TMR-3507 : Timing report generated successfully in LED_light_phy.timing, timing summary in LED_light_phy.tsm.
RUN-1002 : start command "export_bid LED_light_inst.bid"
RUN-1002 : start command "bitgen -bit LED_light.bit"
BIT-1003 : Start to generate bitstream. 
BIT-1002 : Init instances with 12 threads.
BIT-1002 : Init instances completely, inst num: 137
BIT-1002 : Init pips with 12 threads.
BIT-1002 : Init pips completely, net num: 375, pip num: 3024
BIT-1003 : Multithreading accelaration with 12 threads.
BIT-1003 : Generate bitstream completely, there are 554 valid insts, and 7828 bits set as '1'.
BIT-1004 : PLL setting string = 0001
BIT-1004 : Generate bits file LED_light.bit.
RUN-1003 : finish command "bitgen -bit LED_light.bit" in  1.079619s wall, 2.984375s user + 0.062500s system = 3.046875s CPU (282.2%)

RUN-1004 : used memory is 422 MB, reserved memory is 392 MB, peak memory is 603 MB
RUN-1002 : start command "backup_run_log run.log ../.logs/phy_1/td_20240627_165017.log"
RUN-1001 : Backing up run's log file succeed.
