============================================================
   Tang Dynasty, V5.6.71036
      Copyright (c) 2012-2023 Anlogic Inc.
   Executable = E:/Anlogic/TD5.6.2/bin/td.exe
   Built at =   20:34:38 Mar 21 2023
   Run by =     10373
   Run Date =   Thu Jun 27 17:30:47 2024

   Run on =     LAPTOP-6R8AHER8
============================================================
RUN-1002 : start command "open_project LED_light.prj"
RUN-1001 : Print Global Property
RUN-1001 : ---------------------------------------------------------------
RUN-1001 :        Parameters        |  Settings  |  Default Values  |  Note  
RUN-1001 : ---------------------------------------------------------------
RUN-1001 :          message         |  standard  |     standard     |        
RUN-1001 :   mixed_pack_place_flow  |     on     |        on        |        
RUN-1001 :        qor_monitor       |    off     |       off        |        
RUN-1001 :        syn_ip_flow       |    off     |       off        |        
RUN-1001 :          thread          |    auto    |       auto       |        
RUN-1001 : ---------------------------------------------------------------
RUN-1001 : Print Design Property
RUN-1001 : --------------------------------------------------------------
RUN-1001 :        Parameters       |  Settings  |  Default Values  |  Note  
RUN-1001 : --------------------------------------------------------------
RUN-1001 :   default_reg_initial   |    auto    |       auto       |        
RUN-1001 :        infer_add        |     on     |        on        |        
RUN-1001 :        infer_fsm        |    off     |       off        |        
RUN-1001 :        infer_mult       |     on     |        on        |        
RUN-1001 :        infer_ram        |     on     |        on        |        
RUN-1001 :        infer_reg        |     on     |        on        |        
RUN-1001 :   infer_reg_init_value  |     on     |        on        |        
RUN-1001 :        infer_rom        |     on     |        on        |        
RUN-1001 :      infer_shifter      |     on     |        on        |        
RUN-1001 : --------------------------------------------------------------
RUN-1001 : Print Rtl Property
RUN-1001 : --------------------------------------------------------------
RUN-1001 :        Parameters       |  Settings  |  Default Values  |  Note  
RUN-1001 : --------------------------------------------------------------
RUN-1001 :       compress_add      |   ripple   |      ripple      |        
RUN-1001 :        elf_sload        |    off     |       off        |        
RUN-1001 :       fix_undriven      |     0      |        0         |        
RUN-1001 :         flatten         |    off     |       off        |        
RUN-1001 :       gate_sharing      |     on     |        on        |        
RUN-1001 :    hdl_warning_level    |   normal   |      normal      |        
RUN-1001 :   impl_internal_tribuf  |     on     |        on        |        
RUN-1001 :      impl_set_reset     |     on     |        on        |        
RUN-1001 :        infer_gsr        |    off     |       off        |        
RUN-1001 :      keep_hierarchy     |    auto    |       auto       |        
RUN-1001 :        max_fanout       |    9999    |       9999       |        
RUN-1001 :      max_oh2bin_len     |     10     |        10        |        
RUN-1001 :       merge_equal       |     on     |        on        |        
RUN-1001 :       merge_equiv       |     on     |        on        |        
RUN-1001 :        merge_mux        |    off     |       off        |        
RUN-1001 :     min_control_set     |     8      |        8         |        
RUN-1001 :      min_ripple_len     |    auto    |       auto       |        
RUN-1001 :       oh2bin_ratio      |    0.08    |       0.08       |        
RUN-1001 :     opt_adder_fanout    |     on     |        on        |        
RUN-1001 :        opt_arith        |     on     |        on        |        
RUN-1001 :       opt_big_gate      |    off     |       off        |        
RUN-1001 :        opt_const        |     on     |        on        |        
RUN-1001 :      opt_const_mult     |     on     |        on        |        
RUN-1001 :       opt_lessthan      |     on     |        on        |        
RUN-1001 :         opt_mux         |    off     |       off        |        
RUN-1001 :         opt_ram         |    high    |       high       |        
RUN-1001 :      rtl_sim_model      |    off     |       off        |        
RUN-1001 :         seq_syn         |     on     |        on        |        
RUN-1001 : --------------------------------------------------------------
HDL-1007 : analyze verilog file ../../al_ip/PLL_150M.v
HDL-1007 : undeclared symbol 'open', assumed default net type 'wire' in ../../al_ip/PLL_150M.v(71)
HDL-1007 : analyze verilog file ../../../src/rtl/FPGA/fpga_ed4g.sv
HDL-1007 : undeclared symbol 'lock', assumed default net type 'wire' in ../../../src/rtl/FPGA/fpga_ed4g.sv(34)
HDL-1007 : analyze verilog file ../../../src/rtl/led_phy/LED_send.sv
HDL-1007 : analyze verilog file ../../../src/rtl/led_phy/test_pattern.sv
RUN-1001 : Project manager successfully analyzed 4 source files.
RUN-1002 : start command "import_device eagle_s20.db -package EG4D20EG176"
ARC-1001 : Device Initialization.
ARC-1001 : ----------------------------------------------------------------------
ARC-1001 :            OPTION            |            IO            |   SETTING   
ARC-1001 : ----------------------------------------------------------------------
ARC-1001 :   cso_b/cclk/mosi/miso/dout  |  P140/P168/P166/P165/S5  |    gpio    
ARC-1001 :             done             |           P10            |    gpio    
ARC-1001 :           program_b          |           P134           |  dedicate  
ARC-1001 :        tdi/tms/tck/tdo       |     P46/P44/P47/P43      |  dedicate  
ARC-1001 : ----------------------------------------------------------------------
ARC-1004 : Device setting, marked 5 dedicate IOs in total.
RUN-1002 : start command "import_db ../syn_1/LED_light_gate.db"
RUN-1001 : Importing database generated by Tang Dynasty, V5.6.71036.
RUN-1001 : Database version number 46146.
RUN-1001 : Import flow parameters
RUN-1001 : Import timing constraints
RUN-1001 : Import IO constraints
RUN-1001 : Import Inst constraints
RUN-1001 : Import design success TD_VERSION=5.6.71036 , DB_VERSION=46146
RUN-1002 : start command "read_sdc ../../LED_light.sdc"
RUN-1002 : start command "get_ports sysclk_i"
RUN-1002 : start command "create_clock -name SYSCLK -period 40 -waveform 0 20  -add"
RUN-1102 : create_clock: clock name: SYSCLK, type: 0, period: 40000, rise: 0, fall: 20000.
RUN-1002 : start command "derive_pll_clocks"
USR-1002 : Gen clock cmd:  create_generated_clock -name {u_PLL_150M/pll_inst.clkc[0]} -source [get_ports {sysclk_i}] -master_clock {SYSCLK} -multiply_by 6.0000 [get_pins {u_PLL_150M/pll_inst.clkc[0]}]
RUN-1002 : start command "get_ports sysclk_i"
RUN-1002 : start command "get_pins u_PLL_150M/pll_inst.clkc[0]"
RUN-1002 : start command "create_generated_clock -name u_PLL_150M/pll_inst.clkc[0] -source  -master_clock SYSCLK -multiply_by 6.0000 "
RUN-1002 : start command "get_ports sysclk_i"
RUN-1002 : start command "get_pins u_PLL_150M/pll_inst.clkc[0]"
RUN-1002 : start command "rename_clock -name clk_150m -source  -master_clock SYSCLK "
RUN-1105 : Rename Clock: clock u_PLL_150M/pll_inst.clkc[0] was renamed, new name is clk_150m.
RUN-1002 : start command "config_chipwatcher ../../debug_150m.cwc -dir "
RUN-1002 : start command "legalize_phy_inst"
SYN-1011 : Flatten model fpga_ed4g
KIT-1004 : ChipWatcher: import watcher inst auto_chipwatcher_0 completed, there are 7 view nodes, 24 trigger nets, 24 data nets.
KIT-1004 : Chipwatcher code = 0101000111110010
RUN-1002 : start command "compile_watcher"
RUN-1002 : start command "read_verilog -no_sch -dir E:/Anlogic/TD5.6.2/cw/ -file LED_light_watcherInst.sv -lib cw -top CW_TOP_WRAPPER"
HDL-1007 : analyze verilog file E:/Anlogic/TD5.6.2/cw\bus_det.v
HDL-1007 : analyze verilog file E:/Anlogic/TD5.6.2/cw\bus_top.sv
HDL-1007 : analyze verilog file E:/Anlogic/TD5.6.2/cw\cfg_int.v
HDL-1007 : analyze verilog file E:/Anlogic/TD5.6.2/cw\cwc_cfg_int.v
HDL-1007 : analyze verilog file E:/Anlogic/TD5.6.2/cw\cwc_top.sv
HDL-1007 : analyze verilog file E:/Anlogic/TD5.6.2/cw\detect_bus.v
HDL-1007 : analyze verilog file E:/Anlogic/TD5.6.2/cw\detect_non_bus.v
HDL-1007 : analyze verilog file E:/Anlogic/TD5.6.2/cw\emb_ctrl.v
HDL-1007 : analyze verilog file E:/Anlogic/TD5.6.2/cw\register.v
HDL-1007 : analyze verilog file E:/Anlogic/TD5.6.2/cw\tap.v
HDL-1007 : analyze verilog file E:/Anlogic/TD5.6.2/cw\trigger.sv
HDL-1007 : analyze verilog file LED_light_watcherInst.sv
HDL-1007 : elaborate module CW_TOP_WRAPPER in LED_light_watcherInst.sv(1)
HDL-1007 : elaborate module cwc_top(BUS_NUM=7,BUS_DIN_NUM=24,BUS_CTRL_NUM=76,BUS_WIDTH='{32'sb0101,32'sb01011,32'sb0100,32'sb01,32'sb01,32'sb01,32'sb01},BUS_DIN_POS='{32'sb0,32'sb0101,32'sb010000,32'sb010100,32'sb010101,32'sb010110,32'sb010111},BUS_CTRL_POS='{32'sb0,32'sb01110,32'sb0101000,32'sb0110100,32'sb0111010,32'sb01000000,32'sb01000110}) in E:/Anlogic/TD5.6.2/cw\cwc_top.sv(21)
HDL-1007 : elaborate module cwc_cfg_int(CTRL_REG_LEN=98) in E:/Anlogic/TD5.6.2/cw\cwc_cfg_int.v(21)
HDL-1007 : elaborate module register(CTRL_REG_LEN=98) in E:/Anlogic/TD5.6.2/cw\register.v(21)
HDL-1007 : elaborate module tap in E:/Anlogic/TD5.6.2/cw\tap.v(21)
HDL-1007 : elaborate module trigger(BUS_NUM=7,BUS_DIN_NUM=24,BUS_CTRL_NUM=76,BUS_WIDTH='{32'sb0101,32'sb01011,32'sb0100,32'sb01,32'sb01,32'sb01,32'sb01},BUS_DIN_POS='{32'sb0,32'sb0101,32'sb010000,32'sb010100,32'sb010101,32'sb010110,32'sb010111},BUS_CTRL_POS='{32'sb0,32'sb01110,32'sb0101000,32'sb0110100,32'sb0111010,32'sb01000000,32'sb01000110}) in E:/Anlogic/TD5.6.2/cw\trigger.sv(21)
HDL-1007 : elaborate module bus_top(BUS_NODE_NUM=7,BUS_DIN_NUM=24,BUS_CTRL_NUM=76,BUS_WIDTH='{32'sb0101,32'sb01011,32'sb0100,32'sb01,32'sb01,32'sb01,32'sb01},BUS_DIN_POS='{32'sb0,32'sb0101,32'sb010000,32'sb010100,32'sb010101,32'sb010110,32'sb010111},BUS_CTRL_POS='{32'sb0,32'sb01110,32'sb0101000,32'sb0110100,32'sb0111010,32'sb01000000,32'sb01000110}) in E:/Anlogic/TD5.6.2/cw\bus_top.sv(22)
HDL-1007 : elaborate module bus_det(BUS_WIDTH=32'sb0101) in E:/Anlogic/TD5.6.2/cw\bus_det.v(21)
HDL-1007 : elaborate module bus_det(BUS_WIDTH=32'sb01011) in E:/Anlogic/TD5.6.2/cw\bus_det.v(21)
HDL-1007 : elaborate module bus_det(BUS_WIDTH=32'sb0100) in E:/Anlogic/TD5.6.2/cw\bus_det.v(21)
HDL-1007 : elaborate module bus_det(BUS_WIDTH=32'sb01) in E:/Anlogic/TD5.6.2/cw\bus_det.v(21)
HDL-1007 : elaborate module emb_ctrl in E:/Anlogic/TD5.6.2/cw\emb_ctrl.v(21)
HDL-1200 : Current top model is CW_TOP_WRAPPER
HDL-1100 : Inferred 0 RAMs.
RUN-1002 : start command "force_keep -a auto_chipwatcher_0_logicbram"
RUN-1002 : start command "optimize_rtl -no_sch"
RUN-1001 : Open license file E:/Anlogic/TD5.6.2/license/Anlogic.lic
RUN-1001 : Print Global Property
RUN-1001 : ---------------------------------------------------------------
RUN-1001 :        Parameters        |  Settings  |  Default Values  |  Note  
RUN-1001 : ---------------------------------------------------------------
RUN-1001 :          message         |  standard  |     standard     |        
RUN-1001 :   mixed_pack_place_flow  |     on     |        on        |        
RUN-1001 :        qor_monitor       |    off     |       off        |        
RUN-1001 :        syn_ip_flow       |    off     |       off        |        
RUN-1001 :          thread          |    auto    |       auto       |        
RUN-1001 : ---------------------------------------------------------------
RUN-1001 : Print Rtl Property
RUN-1001 : --------------------------------------------------------------
RUN-1001 :        Parameters       |  Settings  |  Default Values  |  Note  
RUN-1001 : --------------------------------------------------------------
RUN-1001 :       compress_add      |   ripple   |      ripple      |        
RUN-1001 :        elf_sload        |    off     |       off        |        
RUN-1001 :       fix_undriven      |     0      |        0         |        
RUN-1001 :         flatten         |    off     |       off        |        
RUN-1001 :       gate_sharing      |     on     |        on        |        
RUN-1001 :    hdl_warning_level    |   normal   |      normal      |        
RUN-1001 :   impl_internal_tribuf  |     on     |        on        |        
RUN-1001 :      impl_set_reset     |     on     |        on        |        
RUN-1001 :        infer_gsr        |    off     |       off        |        
RUN-1001 :      keep_hierarchy     |    auto    |       auto       |        
RUN-1001 :        max_fanout       |    9999    |       9999       |        
RUN-1001 :      max_oh2bin_len     |     10     |        10        |        
RUN-1001 :       merge_equal       |     on     |        on        |        
RUN-1001 :       merge_equiv       |     on     |        on        |        
RUN-1001 :        merge_mux        |    off     |       off        |        
RUN-1001 :     min_control_set     |     8      |        8         |        
RUN-1001 :      min_ripple_len     |    auto    |       auto       |        
RUN-1001 :       oh2bin_ratio      |    0.08    |       0.08       |        
RUN-1001 :     opt_adder_fanout    |     on     |        on        |        
RUN-1001 :        opt_arith        |     on     |        on        |        
RUN-1001 :       opt_big_gate      |    off     |       off        |        
RUN-1001 :        opt_const        |     on     |        on        |        
RUN-1001 :      opt_const_mult     |     on     |        on        |        
RUN-1001 :       opt_lessthan      |     on     |        on        |        
RUN-1001 :         opt_mux         |    off     |       off        |        
RUN-1001 :         opt_ram         |    high    |       high       |        
RUN-1001 :      rtl_sim_model      |    off     |       off        |        
RUN-1001 :         seq_syn         |     on     |        on        |        
RUN-1001 : --------------------------------------------------------------
SYN-1012 : SanityCheck: Model "fpga_ed4g"
SYN-1012 : SanityCheck: Model "CW_TOP_WRAPPER"
SYN-1012 : SanityCheck: Model "cwc_top(BUS_NUM=7,BUS_DIN_NUM=24,BUS_CTRL_NUM=76,BUS_WIDTH='{32'sb0101,32'sb01011,32'sb0100,32'sb01,32'sb01,32'sb01,32'sb01},BUS_DIN_POS='{32'sb0,32'sb0101,32'sb010000,32'sb010100,32'sb010101,32'sb010110,32'sb010111},BUS_CTRL_POS='{32'sb0,32'sb01110,32'sb0101000,32'sb0110100,32'sb0111010,32'sb01000000,32'sb01000110})"
SYN-1012 : SanityCheck: Model "cwc_cfg_int(CTRL_REG_LEN=98)"
SYN-1012 : SanityCheck: Model "register(CTRL_REG_LEN=98)"
SYN-1012 : SanityCheck: Model "tap"
SYN-1012 : SanityCheck: Model "trigger(BUS_NUM=7,BUS_DIN_NUM=24,BUS_CTRL_NUM=76,BUS_WIDTH='{32'sb0101,32'sb01011,32'sb0100,32'sb01,32'sb01,32'sb01,32'sb01},BUS_DIN_POS='{32'sb0,32'sb0101,32'sb010000,32'sb010100,32'sb010101,32'sb010110,32'sb010111},BUS_CTRL_POS='{32'sb0,32'sb01110,32'sb0101000,32'sb0110100,32'sb0111010,32'sb01000000,32'sb01000110})"
SYN-1012 : SanityCheck: Model "bus_top(BUS_NODE_NUM=7,BUS_DIN_NUM=24,BUS_CTRL_NUM=76,BUS_WIDTH='{32'sb0101,32'sb01011,32'sb0100,32'sb01,32'sb01,32'sb01,32'sb01},BUS_DIN_POS='{32'sb0,32'sb0101,32'sb010000,32'sb010100,32'sb010101,32'sb010110,32'sb010111},BUS_CTRL_POS='{32'sb0,32'sb01110,32'sb0101000,32'sb0110100,32'sb0111010,32'sb01000000,32'sb01000110})"
SYN-1012 : SanityCheck: Model "bus_det(BUS_WIDTH=32'sb0101)"
SYN-1012 : SanityCheck: Model "bus_det(BUS_WIDTH=32'sb01011)"
SYN-1012 : SanityCheck: Model "bus_det(BUS_WIDTH=32'sb0100)"
SYN-1012 : SanityCheck: Model "bus_det(BUS_WIDTH=32'sb01)"
SYN-1012 : SanityCheck: Model "emb_ctrl"
SYN-1011 : Flatten model fpga_ed4g
SYN-1032 : 2090/29 useful/useless nets, 1270/18 useful/useless insts
SYN-1016 : Merged 36 instances.
SYN-1032 : 1823/8 useful/useless nets, 1627/8 useful/useless insts
SYN-1014 : Optimize round 1
SYN-1032 : 1807/16 useful/useless nets, 1615/12 useful/useless insts
SYN-1021 : Optimized 3 onehot mux instances.
SYN-1020 : Optimized 1 distributor mux.
SYN-1019 : Optimized 3 mux instances.
SYN-1015 : Optimize round 1, 354 better
SYN-1014 : Optimize round 2
SYN-1032 : 1545/45 useful/useless nets, 1353/48 useful/useless insts
SYN-1015 : Optimize round 2, 96 better
SYN-1014 : Optimize round 1
SYN-1015 : Optimize round 1, 0 better
RUN-1002 : start command "optimize_gate -no_sch"
RUN-1001 : Open license file E:/Anlogic/TD5.6.2/license/Anlogic.lic
RUN-1001 : Print Global Property
RUN-1001 : ---------------------------------------------------------------
RUN-1001 :        Parameters        |  Settings  |  Default Values  |  Note  
RUN-1001 : ---------------------------------------------------------------
RUN-1001 :          message         |  standard  |     standard     |        
RUN-1001 :   mixed_pack_place_flow  |     on     |        on        |        
RUN-1001 :        qor_monitor       |    off     |       off        |        
RUN-1001 :        syn_ip_flow       |    off     |       off        |        
RUN-1001 :          thread          |    auto    |       auto       |        
RUN-1001 : ---------------------------------------------------------------
RUN-1001 : Print Gate Property
RUN-1001 : ------------------------------------------------------------------
RUN-1001 :          Parameters         |  Settings  |  Default Values  |  Note  
RUN-1001 : ------------------------------------------------------------------
RUN-1001 :         cascade_dsp         |    off     |       off        |        
RUN-1001 :         cascade_eram        |    off     |       off        |        
RUN-1001 :        gate_sim_model       |    off     |       off        |        
RUN-1001 :        map_sim_model        |    off     |       off        |        
RUN-1001 :         map_strategy        |     1      |        1         |        
RUN-1001 :           opt_area          |   medium   |      medium      |        
RUN-1001 :          opt_timing         |    auto    |       auto       |        
RUN-1001 :         pack_effort         |   medium   |      medium      |        
RUN-1001 :      pack_lslice_ripple     |     on     |        on        |        
RUN-1001 :   pack_lslice_ripple_ratio  |    0.5     |       0.5        |        
RUN-1001 :        pack_seq_in_io       |    auto    |       auto       |        
RUN-1001 :        ph1_mux_ratio        |    1.0     |       1.0        |        
RUN-1001 :            report           |  standard  |     standard     |        
RUN-1001 :           retiming          |    off     |       off        |        
RUN-1001 : ------------------------------------------------------------------
SYN-2001 : Map 3 IOs to PADs
RUN-1002 : start command "update_pll_param -module fpga_ed4g"
SYN-2501 : Processed 0 LOGIC_BUF instances.
SYN-2512 : LOGIC BRAM "auto_chipwatcher_0_logicbram"
SYN-2571 : Optimize after map_dsp, round 1
SYN-2571 : Optimize after map_dsp, round 1, 0 better
SYN-1001 : Throwback 4 control mux instances
SYN-2501 : Optimize round 1
SYN-1016 : Merged 20 instances.
SYN-2501 : Optimize round 1, 42 better
SYN-2501 : Optimize round 2
SYN-2501 : Optimize round 2, 0 better
SYN-2501 : Map 16 macro adder
SYN-1019 : Optimized 13 mux instances.
SYN-1016 : Merged 11 instances.
SYN-1032 : 1954/2 useful/useless nets, 1767/1 useful/useless insts
RUN-1002 : start command "start_timer -prepack"
TMR-2505 : Start building timing graph for model fpga_ed4g.
TMR-2506 : Build timing graph completely. Port num: 3, tpin num: 6607, tnet num: 1954, tinst num: 1766, tnode num: 8938, tedge num: 9879.
TMR-2508 : Levelizing timing graph completed, there are 51 levels in total.
TMR-2501 : Timing graph initialized successfully.
TMR-2503 : Start to update net delay, extr mode = 2.
TMR-2504 : Update delay of 1954 nets completely.
TMR-2502 : Annotate delay completely, extr mode = 2.
TMR-3001 : Initiate 2 clocks from SDC.
TMR-3004 : Map sdc constraints, there are 0 constraints in total.
TMR-3003 : Constraints initiated successfully.
TMR-3501 : Forward propagation: start to calculate arrival time...
TMR-3502 : Backward propagation: start to calculate required time...
TMR-3503 : Timing propagation completes.
SYN-3001 : Running gate level optimization.
SYN-2581 : Mapping with K=5, #lut = 204 (3.67), #lev = 5 (1.89)
SYN-2551 : Post LUT mapping optimization.
SYN-2581 : Mapping with K=5, #lut = 194 (3.71), #lev = 5 (2.02)
SYN-3001 : Logic optimization runtime opt =   0.02 sec, map =   0.00 sec
SYN-3001 : Mapper mapped 485 instances into 194 LUTs, name keeping = 68%.
SYN-1001 : Packing model "fpga_ed4g" ...
SYN-4010 : Pack lib has 58 rtl pack models with 25 top pack blocks
SYN-1014 : Optimize round 1
SYN-1015 : Optimize round 1, 0 better
SYN-4002 : Packing 321 DFF/LATCH to SEQ ...
SYN-4009 : Pack 7 carry chain into lslice
SYN-4007 : Packing 104 adder to BLE ...
SYN-4008 : Packed 104 adder and 0 SEQ to BLE.
SYN-4007 : Packing 0 gate4 to BLE ...
SYN-4008 : Packed 0 gate4 and 0 SEQ to BLE.
SYN-4012 : Packed 0 FxMUX
RUN-1002 : start command "legalize_phy_inst"
SYN-1011 : Flatten model fpga_ed4g
KIT-1004 : Compile Chipwatcher: Clear obsolete physical data.
RUN-1003 : finish command "compile_watcher" in  1.415013s wall, 0.578125s user + 0.062500s system = 0.640625s CPU (45.3%)

RUN-1004 : used memory is 122 MB, reserved memory is 87 MB, peak memory is 139 MB
RUN-1002 : start command "place"
RUN-1001 : Open license file E:/Anlogic/TD5.6.2/license/Anlogic.lic
RUN-1001 : Print Global Property
RUN-1001 : ---------------------------------------------------------------
RUN-1001 :        Parameters        |  Settings  |  Default Values  |  Note  
RUN-1001 : ---------------------------------------------------------------
RUN-1001 :          message         |  standard  |     standard     |        
RUN-1001 :   mixed_pack_place_flow  |     on     |        on        |        
RUN-1001 :        qor_monitor       |    off     |       off        |        
RUN-1001 :        syn_ip_flow       |    off     |       off        |        
RUN-1001 :          thread          |    auto    |       auto       |        
RUN-1001 : ---------------------------------------------------------------
RUN-1001 : Print Place Property
RUN-1001 : --------------------------------------------------------------
RUN-1001 :        Parameters       |  Settings  |  Default Values  |  Note  
RUN-1001 : --------------------------------------------------------------
RUN-1001 :      detailed_place     |     on     |        on        |        
RUN-1001 :          effort         |   medium   |      medium      |        
RUN-1001 :         fix_hold        |    off     |       off        |        
RUN-1001 :       legalization      |    ori     |       ori        |        
RUN-1001 :      new_spreading      |     on     |        on        |        
RUN-1001 :        opt_timing       |   medium   |      medium      |        
RUN-1001 :   post_clock_route_opt  |    off     |       off        |        
RUN-1001 :       pr_strategy       |     1      |        1         |        
RUN-1001 :        relaxation       |    1.00    |       1.00       |        
RUN-1001 :         retiming        |    off     |       off        |        
RUN-1001 : --------------------------------------------------------------
PHY-3001 : Placer runs in 12 thread(s).
RUN-1002 : start command "legalize_phy_inst"
SYN-1011 : Flatten model fpga_ed4g
SYN-5055 WARNING: The kept net u_PLL_150M/clk0_out will be merged to another kept net clk_150m
SYN-5055 WARNING: The kept net u_LED_send/clk will be merged to another kept net clk_150m
SYN-5055 WARNING: The kept net _al_n0 will be merged to another kept net data_in[127]
SYN-5055 WARNING: The kept net u_LED_send/data_in[127] will be merged to another kept net data_in[127]
SYN-5055 WARNING: The kept net data_in[127] will be merged to another kept net data_in[126]
SYN-5055 WARNING: The kept net u_LED_send/data_in[126] will be merged to another kept net data_in[126]
SYN-5055 WARNING: The kept net data_in[126] will be merged to another kept net data_in[125]
SYN-5055 WARNING: The kept net u_LED_send/data_in[125] will be merged to another kept net data_in[125]
SYN-5055 WARNING: The kept net data_in[125] will be merged to another kept net data_in[124]
SYN-5055 WARNING: The kept net u_LED_send/data_in[124] will be merged to another kept net data_in[124]
SYN-5055 Similar messages will be suppressed.
RUN-1002 : start command "phys_opt -simplify_lut"
SYN-1032 : 1180/1 useful/useless nets, 992/0 useful/useless insts
SYN-4016 : Net clk_150m driven by BUFG (294 clock/control pins, 1 other pins).
SYN-4016 : Net config_inst_syn_10 driven by BUFG (213 clock/control pins, 0 other pins).
SYN-4019 : Net sysclk_i_dup_1 is refclk of pll u_PLL_150M/pll_inst.
SYN-4020 : Net sysclk_i_dup_1 is fbclk of pll u_PLL_150M/pll_inst.
SYN-4025 : Tag rtl::Net clk_150m as clock net
SYN-4025 : Tag rtl::Net config_inst_syn_10 as clock net
SYN-4025 : Tag rtl::Net sysclk_i_dup_1 as clock net
SYN-4026 : Tagged 3 rtl::Net as clock net
PHY-1001 : Populate physical database on model fpga_ed4g.
RUN-1001 : There are total 992 instances
RUN-0007 : 335 luts, 525 seqs, 69 mslices, 48 lslices, 3 pads, 6 brams, 0 dsps
RUN-1001 : There are total 1180 nets
RUN-1001 : 745 nets have 2 pins
RUN-1001 : 353 nets have [3 - 5] pins
RUN-1001 : 44 nets have [6 - 10] pins
RUN-1001 : 23 nets have [11 - 20] pins
RUN-1001 : 8 nets have [21 - 99] pins
RUN-1001 : 7 nets have 100+ pins
RUN-1001 : Report Control nets information:
RUN-1001 : DFF Distribution
RUN-1001 : ----------------------------------
RUN-1001 :   CE   |  SSR  |  ASR  |  DFF Count  
RUN-1001 : ----------------------------------
RUN-1001 :   No   |  No   |  No   |      2      
RUN-1001 :   No   |  No   |  Yes  |     156     
RUN-1001 :   No   |  Yes  |  No   |      0      
RUN-1001 :   Yes  |  No   |  No   |     29      
RUN-1001 :   Yes  |  No   |  Yes  |     338     
RUN-1001 :   Yes  |  Yes  |  No   |      0      
RUN-1001 : ----------------------------------
RUN-0007 : Control Group Statistic
RUN-0007 : ---------------------------
RUN-0007 :   #CLK  |  #CE  |  #SSR/ASR  
RUN-0007 : ---------------------------
RUN-0007 :    3    |   6   |     5      
RUN-0007 : ---------------------------
RUN-0007 : Control Set = 10
PHY-3001 : Initial placement ...
PHY-3001 : design contains 990 instances, 335 luts, 525 seqs, 117 slices, 21 macros(117 instances: 69 mslices 48 lslices)
PHY-0007 : Cell area utilization is 2%
PHY-3001 : Start timing update ...
RUN-1002 : start command "start_timer -report"
TMR-2505 : Start building timing graph for model fpga_ed4g.
TMR-2506 : Build timing graph completely. Port num: 3, tpin num: 4703, tnet num: 1178, tinst num: 990, tnode num: 6397, tedge num: 7723.
TMR-2508 : Levelizing timing graph completed, there are 29 levels in total.
TMR-2501 : Timing graph initialized successfully.
TMR-2503 : Start to update net delay, extr mode = 2.
TMR-2504 : Update delay of 1178 nets completely.
TMR-2502 : Annotate delay completely, extr mode = 2.
TMR-3001 : Initiate 2 clocks from SDC.
TMR-3004 : Map sdc constraints, there are 0 constraints in total.
TMR-3003 : Constraints initiated successfully.
TMR-3501 : Forward propagation: start to calculate arrival time...
TMR-3502 : Backward propagation: start to calculate required time...
TMR-3503 : Timing propagation completes.
PHY-3001 : End timing update;  0.079597s wall, 0.046875s user + 0.000000s system = 0.046875s CPU (58.9%)

PHY-3001 : Global placement ...
PHY-3001 : Initial: Len = 254278
PHY-3001 : Clustering ...
PHY-3001 : Level 0 #clusters 990.
PHY-3001 : End clustering;  0.000011s wall, 0.000000s user + 0.000000s system = 0.000000s CPU (n/a%)

PHY-3001 : Run with size of 4
PHY-3001 : Cell area utilization is 2%
PHY-3001 : :::0::: Try harder cell spreading with beta_ = 0
PHY-3002 : Step(1): len = 221650, overlap = 13.5
PHY-3002 : Step(2): len = 191372, overlap = 13.5
PHY-3002 : Step(3): len = 172365, overlap = 13.5
PHY-3002 : Step(4): len = 156649, overlap = 13.5
PHY-3002 : Step(5): len = 139038, overlap = 13.5
PHY-3002 : Step(6): len = 124595, overlap = 13.5
PHY-3002 : Step(7): len = 113391, overlap = 13.5
PHY-3002 : Step(8): len = 102618, overlap = 13.5
PHY-3002 : Step(9): len = 90989.5, overlap = 13.5
PHY-3002 : Step(10): len = 82202.8, overlap = 13.5
PHY-3002 : Step(11): len = 77456.8, overlap = 13.5
PHY-3002 : Step(12): len = 66187.4, overlap = 11.25
PHY-3002 : Step(13): len = 60303.4, overlap = 9
PHY-3002 : Step(14): len = 57302.1, overlap = 9
PHY-3002 : Step(15): len = 50994.5, overlap = 13.5
PHY-3002 : Step(16): len = 48821.7, overlap = 13.5
PHY-3002 : Step(17): len = 46591.3, overlap = 11.25
PHY-3002 : Step(18): len = 44559.8, overlap = 13.5
PHY-3001 : :::1::: Try harder cell spreading with beta_ = 9.04582e-05
PHY-3002 : Step(19): len = 44343.8, overlap = 6.75
PHY-3002 : Step(20): len = 43451.8, overlap = 6.75
PHY-3002 : Step(21): len = 42805.3, overlap = 9
PHY-3002 : Step(22): len = 41011.9, overlap = 9
PHY-3002 : Step(23): len = 39512.6, overlap = 6.75
PHY-3002 : Step(24): len = 37947.8, overlap = 4.5
PHY-3002 : Step(25): len = 36442.2, overlap = 6.75
PHY-3002 : Step(26): len = 35154.9, overlap = 6.75
PHY-3002 : Step(27): len = 33850.6, overlap = 2.25
PHY-3002 : Step(28): len = 32541.3, overlap = 0
PHY-3002 : Step(29): len = 30619.5, overlap = 6.75
PHY-3002 : Step(30): len = 29759.8, overlap = 4.5
PHY-3002 : Step(31): len = 28917.5, overlap = 6.75
PHY-3002 : Step(32): len = 27895.6, overlap = 4.5
PHY-3002 : Step(33): len = 27258.4, overlap = 2.25
PHY-3002 : Step(34): len = 26567.7, overlap = 4.5
PHY-3002 : Step(35): len = 26200.9, overlap = 4.5
PHY-3002 : Step(36): len = 25517.4, overlap = 9
PHY-3002 : Step(37): len = 24855.2, overlap = 6.75
PHY-3002 : Step(38): len = 24332.3, overlap = 6.75
PHY-3002 : Step(39): len = 23926.8, overlap = 6.75
PHY-3002 : Step(40): len = 23735.3, overlap = 6.75
PHY-3002 : Step(41): len = 23534.1, overlap = 6.75
PHY-3002 : Step(42): len = 22904.6, overlap = 2.3125
PHY-3002 : Step(43): len = 22358.4, overlap = 2.3125
PHY-3002 : Step(44): len = 21866, overlap = 6.8125
PHY-3002 : Step(45): len = 21820.7, overlap = 9.0625
PHY-3002 : Step(46): len = 21356, overlap = 6.8125
PHY-3002 : Step(47): len = 21264.4, overlap = 6.8125
PHY-3002 : Step(48): len = 20998.7, overlap = 6.8125
PHY-3001 : :::2::: Try harder cell spreading with beta_ = 0.000180916
PHY-3002 : Step(49): len = 20996.7, overlap = 2.3125
PHY-3002 : Step(50): len = 20996.7, overlap = 2.3125
PHY-3001 : :::3::: Try harder cell spreading with beta_ = 0.000361833
PHY-3002 : Step(51): len = 20932.3, overlap = 4.5625
PHY-3002 : Step(52): len = 20904.6, overlap = 4.5625
PHY-3001 : Legalization ...
PHY-3001 : End legalization;  0.006756s wall, 0.000000s user + 0.000000s system = 0.000000s CPU (n/a%)

PHY-3001 : Run with size of 4
PHY-3001 : Cell area utilization is 3%
PHY-3001 : Update timing in Manhattan mode ...
TMR-2503 : Start to update net delay, extr mode = 3.
TMR-2504 : Update delay of 1178 nets completely.
TMR-2502 : Annotate delay completely, extr mode = 3.
TMR-3501 : Forward propagation: start to calculate arrival time...
TMR-3502 : Backward propagation: start to calculate required time...
TMR-3503 : Timing propagation completes.
PHY-3001 : End timing update;  0.025223s wall, 0.015625s user + 0.000000s system = 0.015625s CPU (61.9%)

PHY-3001 : :::0::: Try harder cell spreading with beta_ = 0
PHY-3002 : Step(53): len = 21051.6, overlap = 6.84375
PHY-3002 : Step(54): len = 21118.7, overlap = 6.875
PHY-3002 : Step(55): len = 20877, overlap = 7.1875
PHY-3002 : Step(56): len = 20947.2, overlap = 7.125
PHY-3002 : Step(57): len = 20986, overlap = 7.3125
PHY-3002 : Step(58): len = 20754.6, overlap = 7.5625
PHY-3002 : Step(59): len = 20735.2, overlap = 7.75
PHY-3002 : Step(60): len = 20685.8, overlap = 7.3125
PHY-3002 : Step(61): len = 20581.4, overlap = 7
PHY-3002 : Step(62): len = 20422.7, overlap = 7.125
PHY-3002 : Step(63): len = 20335.1, overlap = 7.0625
PHY-3002 : Step(64): len = 20172.3, overlap = 7.4375
PHY-3002 : Step(65): len = 19913.7, overlap = 7.5625
PHY-3002 : Step(66): len = 19771.8, overlap = 7.4375
PHY-3002 : Step(67): len = 19428.6, overlap = 7.3125
PHY-3002 : Step(68): len = 19159.8, overlap = 6.84375
PHY-3002 : Step(69): len = 18923.9, overlap = 7.53125
PHY-3002 : Step(70): len = 18627, overlap = 5.40625
PHY-3002 : Step(71): len = 18484.1, overlap = 5.40625
PHY-3002 : Step(72): len = 18264.1, overlap = 7.0625
PHY-3002 : Step(73): len = 18079.6, overlap = 8.5625
PHY-3002 : Step(74): len = 17788.4, overlap = 8.75
PHY-3002 : Step(75): len = 17690.1, overlap = 8.375
PHY-3002 : Step(76): len = 17614.8, overlap = 8.3125
PHY-3002 : Step(77): len = 17323.9, overlap = 8.3125
PHY-3002 : Step(78): len = 17290.5, overlap = 8.3125
PHY-3002 : Step(79): len = 17186.5, overlap = 8.0625
PHY-3002 : Step(80): len = 17182.9, overlap = 8
PHY-3002 : Step(81): len = 16981.9, overlap = 8
PHY-3002 : Step(82): len = 16954.1, overlap = 8
PHY-3002 : Step(83): len = 16819.1, overlap = 7.9375
PHY-3002 : Step(84): len = 16677.2, overlap = 7.8125
PHY-3002 : Step(85): len = 16599.9, overlap = 7.5625
PHY-3002 : Step(86): len = 16459.2, overlap = 7.125
PHY-3002 : Step(87): len = 16448.7, overlap = 7.0625
PHY-3002 : Step(88): len = 16421.5, overlap = 6.25
PHY-3002 : Step(89): len = 16291.4, overlap = 6.375
PHY-3002 : Step(90): len = 16196, overlap = 5.3125
PHY-3002 : Step(91): len = 16027.4, overlap = 6.3125
PHY-3002 : Step(92): len = 15963.1, overlap = 6.53125
PHY-3002 : Step(93): len = 15963.1, overlap = 6.53125
PHY-3002 : Step(94): len = 15924.1, overlap = 6.28125
PHY-3001 : Run with size of 2
PHY-3001 : Cell area utilization is 3%
PHY-3001 : Update timing in Manhattan mode ...
TMR-2503 : Start to update net delay, extr mode = 3.
TMR-2504 : Update delay of 1178 nets completely.
TMR-2502 : Annotate delay completely, extr mode = 3.
TMR-3501 : Forward propagation: start to calculate arrival time...
TMR-3502 : Backward propagation: start to calculate required time...
TMR-3503 : Timing propagation completes.
PHY-3001 : End timing update;  0.025687s wall, 0.015625s user + 0.000000s system = 0.015625s CPU (60.8%)

PHY-3001 : :::0::: Try harder cell spreading with beta_ = 3.96706e-05
PHY-3002 : Step(95): len = 16636.8, overlap = 39
PHY-3002 : Step(96): len = 16636.8, overlap = 39
PHY-3002 : Step(97): len = 16509.1, overlap = 39.0938
PHY-3001 : :::1::: Try harder cell spreading with beta_ = 7.93412e-05
PHY-3002 : Step(98): len = 16988.2, overlap = 39.0625
PHY-3002 : Step(99): len = 16988.2, overlap = 39.0625
PHY-3001 : :::2::: Try harder cell spreading with beta_ = 0.000158682
PHY-3002 : Step(100): len = 17131.4, overlap = 39
PHY-3002 : Step(101): len = 17268.9, overlap = 38.5312
PHY-3002 : Step(102): len = 17814.1, overlap = 35.2812
PHY-3001 : :::3::: Try harder cell spreading with beta_ = 0.000317365
PHY-3002 : Step(103): len = 18075.9, overlap = 34.3438
PHY-3002 : Step(104): len = 18383.7, overlap = 34.5625
PHY-3002 : Step(105): len = 19925.6, overlap = 30.7812
PHY-3002 : Step(106): len = 21393.3, overlap = 26.6562
PHY-3002 : Step(107): len = 21155.3, overlap = 23.3125
PHY-3002 : Step(108): len = 21098, overlap = 21.4688
PHY-3002 : Step(109): len = 20390.5, overlap = 21.6562
PHY-3002 : Step(110): len = 19845.8, overlap = 19.7812
PHY-3002 : Step(111): len = 19691.3, overlap = 19.6562
PHY-3001 : :::4::: Try harder cell spreading with beta_ = 0.00063473
PHY-3002 : Step(112): len = 19631.3, overlap = 19.1875
PHY-3002 : Step(113): len = 19657.9, overlap = 19.3125
PHY-3002 : Step(114): len = 19726.3, overlap = 18.6875
PHY-3001 : :::5::: Try harder cell spreading with beta_ = 0.00126946
PHY-3002 : Step(115): len = 19519.9, overlap = 18.5
PHY-3002 : Step(116): len = 19503.4, overlap = 18.5312
OPT-1001 : Start physical optimization ...
RUN-1002 : start command "start_timer -report"
TMR-2505 : Start building timing graph for model fpga_ed4g.
TMR-2506 : Build timing graph completely. Port num: 3, tpin num: 4703, tnet num: 1178, tinst num: 990, tnode num: 6397, tedge num: 7723.
TMR-2508 : Levelizing timing graph completed, there are 29 levels in total.
TMR-2501 : Timing graph initialized successfully.
OPT-1001 : Total overflow 58.44 peak overflow 2.47
OPT-1001 : Start high-fanout net optimization ...
OPT-1001 : Update timing in global mode
PHY-1001 : Start incremental global routing, caller is place ...
RUN-1001 : Generating global routing grids ...
RUN-1001 : Building simple global routing graph ...
PHY-1001 : Generate routing nets ...
PHY-1001 : Reuse net number 0/1180.
PHY-1001 : Global iterations in 12 thread ...
PHY-1002 : len = 21832, over cnt = 123(0%), over = 469, worst = 18
PHY-1001 : End global iterations;  0.045884s wall, 0.000000s user + 0.000000s system = 0.000000s CPU (n/a%)

PHY-1001 : Congestion index: top1 = 30.60, top5 = 14.72, top10 = 8.35, top15 = 5.59.
PHY-1001 : End incremental global routing;  0.094082s wall, 0.015625s user + 0.000000s system = 0.015625s CPU (16.6%)

TMR-2503 : Start to update net delay, extr mode = 5.
TMR-2504 : Update delay of 1178 nets completely.
TMR-2502 : Annotate delay completely, extr mode = 5.
TMR-3001 : Initiate 2 clocks from SDC.
TMR-3004 : Map sdc constraints, there are 0 constraints in total.
TMR-3003 : Constraints initiated successfully.
TMR-3501 : Forward propagation: start to calculate arrival time...
TMR-3502 : Backward propagation: start to calculate required time...
TMR-3503 : Timing propagation completes.
OPT-1001 : End timing update;  0.028323s wall, 0.000000s user + 0.000000s system = 0.000000s CPU (n/a%)

OPT-1001 : 0 high-fanout net processed.
OPT-1001 : End high-fanout net optimization;  0.138144s wall, 0.031250s user + 0.000000s system = 0.031250s CPU (22.6%)

OPT-1001 : Current memory(MB): used = 170, reserve = 133, peak = 170.
OPT-1001 : Start global optimization ...
OPT-1001 : Start congestion update ...
RUN-1001 : Generating global routing grids ...
PHY-1001 : Generate routing nets ...
PHY-1001 : Reuse net number 754/1180.
PHY-1001 : Global iterations in 12 thread ...
PHY-1002 : len = 21832, over cnt = 123(0%), over = 469, worst = 18
PHY-1002 : len = 25232, over cnt = 71(0%), over = 166, worst = 10
PHY-1002 : len = 27264, over cnt = 22(0%), over = 26, worst = 4
PHY-1002 : len = 27560, over cnt = 6(0%), over = 6, worst = 1
PHY-1002 : len = 27720, over cnt = 0(0%), over = 0, worst = 0
PHY-1001 : End global iterations;  0.062241s wall, 0.000000s user + 0.000000s system = 0.000000s CPU (n/a%)

PHY-1001 : Congestion index: top1 = 28.56, top5 = 16.45, top10 = 9.72, top15 = 6.60.
OPT-1001 : End congestion update;  0.110919s wall, 0.031250s user + 0.000000s system = 0.031250s CPU (28.2%)

OPT-1001 : Update timing in Manhattan mode
TMR-2503 : Start to update net delay, extr mode = 3.
TMR-2504 : Update delay of 1178 nets completely.
TMR-2502 : Annotate delay completely, extr mode = 3.
TMR-3501 : Forward propagation: start to calculate arrival time...
TMR-3502 : Backward propagation: start to calculate required time...
TMR-3503 : Timing propagation completes.
OPT-1001 : End timing update;  0.032319s wall, 0.031250s user + 0.000000s system = 0.031250s CPU (96.7%)

OPT-0007 : Start: WNS 180 TNS 0 NUM_FEPS 0
OPT-0007 : Iter 1: improved WNS 296 TNS 0 NUM_FEPS 0 with 11 cells processed and 400 slack improved
OPT-0007 : Iter 2: improved WNS 380 TNS 0 NUM_FEPS 0 with 8 cells processed and 384 slack improved
OPT-0007 : Iter 3: improved WNS 380 TNS 0 NUM_FEPS 0 with 10 cells processed and 236 slack improved
OPT-0007 : Iter 4: improved WNS 396 TNS 0 NUM_FEPS 0 with 2 cells processed and 100 slack improved
OPT-0007 : Iter 5: improved WNS 396 TNS 0 NUM_FEPS 0 with 2 cells processed and 0 slack improved
OPT-1001 : End global optimization;  0.145867s wall, 0.062500s user + 0.000000s system = 0.062500s CPU (42.8%)

OPT-1001 : Current memory(MB): used = 172, reserve = 135, peak = 172.
OPT-1001 : End physical optimization;  0.384243s wall, 0.125000s user + 0.000000s system = 0.125000s CPU (32.5%)

PHY-3001 : Start packing ...
SYN-4007 : Packing 0 MUX to BLE ...
SYN-4008 : Packed 0 MUX and 0 SEQ to BLE.
SYN-4007 : Packing 335 LUT to BLE ...
SYN-4008 : Packed 335 LUT and 92 SEQ to BLE.
SYN-4003 : Packing 433 remaining SEQ's ...
SYN-4005 : Packed 239 SEQ with LUT/SLICE
SYN-4006 : 31 single LUT's are left
SYN-4006 : 194 single SEQ's are left
SYN-4011 : Packing model "fpga_ed4g" (AL_USER_NORMAL) with 529/747 primitive instances ...
PHY-3001 : End packing;  0.033701s wall, 0.015625s user + 0.000000s system = 0.015625s CPU (46.4%)

PHY-1001 : Populate physical database on model fpga_ed4g.
RUN-1001 : There are total 425 instances
RUN-1001 : 205 mslices, 205 lslices, 3 pads, 6 brams, 0 dsps
RUN-1001 : There are total 1090 nets
RUN-1001 : 646 nets have 2 pins
RUN-1001 : 360 nets have [3 - 5] pins
RUN-1001 : 47 nets have [6 - 10] pins
RUN-1001 : 22 nets have [11 - 20] pins
RUN-1001 : 10 nets have [21 - 99] pins
RUN-1001 : 5 nets have 100+ pins
PHY-3001 : design contains 423 instances, 410 slices, 21 macros(117 instances: 69 mslices 48 lslices)
PHY-3001 : Cell area utilization is 5%
PHY-3001 : After packing: Len = 20806.2, Over = 28.25
PHY-3001 : Run with size of 2
PHY-3001 : Cell area utilization is 5%
PHY-3001 : Update timing in Manhattan mode ...
RUN-1002 : start command "start_timer -report"
TMR-2505 : Start building timing graph for model fpga_ed4g.
TMR-2506 : Build timing graph completely. Port num: 3, tpin num: 4012, tnet num: 1088, tinst num: 423, tnode num: 5153, tedge num: 6757.
TMR-2508 : Levelizing timing graph completed, there are 29 levels in total.
TMR-2501 : Timing graph initialized successfully.
TMR-2503 : Start to update net delay, extr mode = 3.
TMR-2504 : Update delay of 1088 nets completely.
TMR-2502 : Annotate delay completely, extr mode = 3.
TMR-3001 : Initiate 2 clocks from SDC.
TMR-3004 : Map sdc constraints, there are 0 constraints in total.
TMR-3003 : Constraints initiated successfully.
TMR-3501 : Forward propagation: start to calculate arrival time...
TMR-3502 : Backward propagation: start to calculate required time...
TMR-3503 : Timing propagation completes.
PHY-3001 : End timing update;  0.099587s wall, 0.046875s user + 0.000000s system = 0.046875s CPU (47.1%)

PHY-3001 : :::0::: Try harder cell spreading with beta_ = 9.0592e-05
PHY-3002 : Step(117): len = 20126.7, overlap = 27
PHY-3002 : Step(118): len = 19918.6, overlap = 27.25
PHY-3002 : Step(119): len = 19884.9, overlap = 27
PHY-3002 : Step(120): len = 19732.3, overlap = 26.75
PHY-3002 : Step(121): len = 19677.1, overlap = 26
PHY-3002 : Step(122): len = 19721.9, overlap = 25.5
PHY-3001 : :::1::: Try harder cell spreading with beta_ = 0.000181184
PHY-3002 : Step(123): len = 20004.5, overlap = 25.5
PHY-3002 : Step(124): len = 20182.2, overlap = 25
PHY-3002 : Step(125): len = 20193.7, overlap = 25
PHY-3001 : :::2::: Try harder cell spreading with beta_ = 0.000362368
PHY-3002 : Step(126): len = 20584.7, overlap = 25
PHY-3002 : Step(127): len = 20876.4, overlap = 22.75
PHY-3002 : Step(128): len = 20912.8, overlap = 23
PHY-3001 : Legalization ...
PHY-3001 : End legalization;  0.067314s wall, 0.015625s user + 0.015625s system = 0.031250s CPU (46.4%)

PHY-3001 : Trial Legalized: Len = 31796
PHY-3001 : Run with size of 2
PHY-3001 : Cell area utilization is 5%
PHY-3001 : Update timing in Manhattan mode ...
TMR-2503 : Start to update net delay, extr mode = 3.
TMR-2504 : Update delay of 1088 nets completely.
TMR-2502 : Annotate delay completely, extr mode = 3.
TMR-3501 : Forward propagation: start to calculate arrival time...
TMR-3502 : Backward propagation: start to calculate required time...
TMR-3503 : Timing propagation completes.
PHY-3001 : End timing update;  0.020966s wall, 0.015625s user + 0.000000s system = 0.015625s CPU (74.5%)

PHY-3001 : :::0::: Try harder cell spreading with beta_ = 0.0220148
PHY-3002 : Step(129): len = 30617.1, overlap = 1.25
PHY-3002 : Step(130): len = 30308.5, overlap = 1
PHY-3002 : Step(131): len = 28638.1, overlap = 3
PHY-3002 : Step(132): len = 28168.6, overlap = 4.25
PHY-3002 : Step(133): len = 27815.3, overlap = 5
PHY-3002 : Step(134): len = 26527.5, overlap = 5.75
PHY-3002 : Step(135): len = 26286.4, overlap = 6.5
PHY-3002 : Step(136): len = 25623.2, overlap = 9
PHY-3002 : Step(137): len = 25558.2, overlap = 9
PHY-3002 : Step(138): len = 24677.4, overlap = 8
PHY-3002 : Step(139): len = 24478.4, overlap = 9.25
PHY-3002 : Step(140): len = 24386.4, overlap = 9
PHY-3001 : :::1::: Try harder cell spreading with beta_ = 0.0440296
PHY-3002 : Step(141): len = 24360.4, overlap = 9
PHY-3002 : Step(142): len = 24102.4, overlap = 9.75
PHY-3001 : :::2::: Try harder cell spreading with beta_ = 0.0712399
PHY-3002 : Step(143): len = 24075.9, overlap = 10.25
PHY-3002 : Step(144): len = 24034.6, overlap = 10.5
PHY-3001 : Legalization ...
PHY-3001 : End legalization;  0.005174s wall, 0.000000s user + 0.000000s system = 0.000000s CPU (n/a%)

PHY-3001 : Legalized: Len = 27783.4, Over = 0
PHY-3001 : Spreading special nets. 3 overflows in 2952 tiles.
PHY-3001 : End spreading;  0.003878s wall, 0.000000s user + 0.000000s system = 0.000000s CPU (n/a%)

PHY-3001 : 3 instances has been re-located, deltaX = 0, deltaY = 3, maxDist = 1.
PHY-3001 : Final: Len = 27857.4, Over = 0
OPT-1001 : Start physical optimization ...
RUN-1002 : start command "start_timer -report"
TMR-2505 : Start building timing graph for model fpga_ed4g.
TMR-2506 : Build timing graph completely. Port num: 3, tpin num: 4012, tnet num: 1088, tinst num: 423, tnode num: 5153, tedge num: 6757.
TMR-2508 : Levelizing timing graph completed, there are 29 levels in total.
TMR-2501 : Timing graph initialized successfully.
OPT-1001 : Total overflow 0.00 peak overflow 0.00
OPT-1001 : Start high-fanout net optimization ...
OPT-1001 : Update timing in global mode
PHY-1001 : Start incremental global routing, caller is place ...
RUN-1001 : Generating global routing grids ...
PHY-1001 : Generate routing nets ...
PHY-1001 : Reuse net number 37/1090.
PHY-1001 : Global iterations in 12 thread ...
PHY-1002 : len = 32008, over cnt = 102(0%), over = 146, worst = 5
PHY-1002 : len = 32672, over cnt = 47(0%), over = 53, worst = 2
PHY-1002 : len = 33240, over cnt = 5(0%), over = 5, worst = 1
PHY-1002 : len = 33320, over cnt = 0(0%), over = 0, worst = 0
PHY-1001 : End global iterations;  0.093396s wall, 0.031250s user + 0.000000s system = 0.031250s CPU (33.5%)

PHY-1001 : Congestion index: top1 = 26.16, top5 = 17.82, top10 = 11.68, top15 = 8.04.
PHY-1001 : End incremental global routing;  0.185706s wall, 0.078125s user + 0.000000s system = 0.078125s CPU (42.1%)

TMR-2503 : Start to update net delay, extr mode = 5.
TMR-2504 : Update delay of 1088 nets completely.
TMR-2502 : Annotate delay completely, extr mode = 5.
TMR-3001 : Initiate 2 clocks from SDC.
TMR-3004 : Map sdc constraints, there are 0 constraints in total.
TMR-3003 : Constraints initiated successfully.
TMR-3501 : Forward propagation: start to calculate arrival time...
TMR-3502 : Backward propagation: start to calculate required time...
TMR-3503 : Timing propagation completes.
OPT-1001 : End timing update;  0.072905s wall, 0.000000s user + 0.000000s system = 0.000000s CPU (n/a%)

OPT-1001 : 0 high-fanout net processed.
OPT-1001 : End high-fanout net optimization;  0.288947s wall, 0.078125s user + 0.000000s system = 0.078125s CPU (27.0%)

OPT-1001 : Current memory(MB): used = 176, reserve = 138, peak = 176.
OPT-1001 : Start path based optimization ...
OPT-1001 : Start congestion update ...
RUN-1001 : Generating global routing grids ...
PHY-1001 : Generate routing nets ...
PHY-1001 : Reuse net number 954/1090.
PHY-1001 : Global iterations in 12 thread ...
PHY-1002 : len = 33320, over cnt = 0(0%), over = 0, worst = 0
PHY-1001 : End global iterations;  0.005503s wall, 0.000000s user + 0.000000s system = 0.000000s CPU (n/a%)

PHY-1001 : Congestion index: top1 = 26.16, top5 = 17.82, top10 = 11.68, top15 = 8.04.
OPT-1001 : End congestion update;  0.064485s wall, 0.015625s user + 0.000000s system = 0.015625s CPU (24.2%)

OPT-1001 : Update timing in Manhattan mode
TMR-2503 : Start to update net delay, extr mode = 3.
TMR-2504 : Update delay of 1088 nets completely.
TMR-2502 : Annotate delay completely, extr mode = 3.
TMR-3501 : Forward propagation: start to calculate arrival time...
TMR-3502 : Backward propagation: start to calculate required time...
TMR-3503 : Timing propagation completes.
OPT-1001 : End timing update;  0.024789s wall, 0.015625s user + 0.000000s system = 0.015625s CPU (63.0%)

OPT-0007 : Start: WNS 132 TNS 0 NUM_FEPS 0
PHY-3001 : Start incremental legalization ...
PHY-1001 : Populate physical database on model fpga_ed4g.
PHY-3001 : Initial placement ...
PHY-3001 : eco special cells: 1 has valid locations, 0 needs to be replaced
PHY-3001 : eco pad cells: 3 has valid locations, 0 needs to be replaced
PHY-3001 : eco cells: 416 has valid locations, 0 needs to be replaced
PHY-3001 : design contains 423 instances, 410 slices, 21 macros(117 instances: 69 mslices 48 lslices)
PHY-3001 : Cell area utilization is 5%
PHY-3001 : Initial: Len = 27858.2, Over = 0
PHY-3001 : End spreading;  0.003582s wall, 0.000000s user + 0.000000s system = 0.000000s CPU (n/a%)

PHY-3001 : Final: Len = 27858.2, Over = 0
PHY-3001 : End incremental legalization;  0.023029s wall, 0.015625s user + 0.000000s system = 0.015625s CPU (67.9%)

OPT-0007 : Iter 1: improved WNS 182 TNS 0 NUM_FEPS 0 with 1 cells processed and 50 slack improved
OPT-0007 : Iter 2: improved WNS 182 TNS 0 NUM_FEPS 0 with 0 cells processed and 0 slack improved
OPT-1001 : End path based optimization;  0.118335s wall, 0.046875s user + 0.000000s system = 0.046875s CPU (39.6%)

OPT-1001 : Current memory(MB): used = 179, reserve = 141, peak = 179.
OPT-1001 : Update timing in Manhattan mode
TMR-2503 : Start to update net delay, extr mode = 3.
TMR-2504 : Update delay of 1088 nets completely.
TMR-2502 : Annotate delay completely, extr mode = 3.
TMR-3501 : Forward propagation: start to calculate arrival time...
TMR-3502 : Backward propagation: start to calculate required time...
TMR-3503 : Timing propagation completes.
OPT-1001 : End timing update;  0.019508s wall, 0.015625s user + 0.000000s system = 0.015625s CPU (80.1%)

OPT-1001 : Start pin optimization...
OPT-1001 : skip pin optimization...
RUN-1001 : Generating global routing grids ...
PHY-1001 : Generate routing nets ...
PHY-1001 : Reuse net number 950/1090.
PHY-1001 : Global iterations in 12 thread ...
PHY-1002 : len = 33352, over cnt = 0(0%), over = 0, worst = 0
PHY-1001 : End global iterations;  0.004338s wall, 0.000000s user + 0.000000s system = 0.000000s CPU (n/a%)

PHY-1001 : Congestion index: top1 = 26.16, top5 = 17.85, top10 = 11.69, top15 = 8.05.
OPT-1001 : Update timing in Manhattan mode
TMR-2503 : Start to update net delay, extr mode = 3.
TMR-2504 : Update delay of 1088 nets completely.
TMR-2502 : Annotate delay completely, extr mode = 3.
TMR-3501 : Forward propagation: start to calculate arrival time...
TMR-3502 : Backward propagation: start to calculate required time...
TMR-3503 : Timing propagation completes.
OPT-1001 : End timing update;  0.020824s wall, 0.031250s user + 0.000000s system = 0.031250s CPU (150.1%)

RUN-1001 : QoR Analysis:
OPT-0007 :   WNS 182 TNS 0 NUM_FEPS 0
RUN-1001 :   No local congestion issue, and most congested 1% tile average routing util is 25.793103
RUN-1001 :   Top critical paths
RUN-1001 :       #1 path slack 182ps with too many logic level 9 
OPT-1002 :   please consider adjusting synthesis strategy to reduce the large logic level of these critical paths
RUN-1001 :   extra opt step will be enabled to improve QoR
PHY-3001 : Start incremental legalization ...
PHY-1001 : Populate physical database on model fpga_ed4g.
PHY-3001 : Initial placement ...
PHY-3001 : eco special cells: 1 has valid locations, 0 needs to be replaced
PHY-3001 : eco pad cells: 3 has valid locations, 0 needs to be replaced
PHY-3001 : eco cells: 416 has valid locations, 0 needs to be replaced
PHY-3001 : design contains 423 instances, 410 slices, 21 macros(117 instances: 69 mslices 48 lslices)
PHY-3001 : Cell area utilization is 5%
PHY-3001 : Initial: Len = 27858.2, Over = 0
PHY-3001 : End spreading;  0.003691s wall, 0.000000s user + 0.000000s system = 0.000000s CPU (n/a%)

PHY-3001 : Final: Len = 27858.2, Over = 0
PHY-3001 : End incremental legalization;  0.023577s wall, 0.000000s user + 0.000000s system = 0.000000s CPU (n/a%)

OPT-1001 : Update timing in Manhattan mode
TMR-2503 : Start to update net delay, extr mode = 3.
TMR-2504 : Update delay of 1088 nets completely.
TMR-2502 : Annotate delay completely, extr mode = 3.
TMR-3501 : Forward propagation: start to calculate arrival time...
TMR-3502 : Backward propagation: start to calculate required time...
TMR-3503 : Timing propagation completes.
OPT-1001 : End timing update;  0.023067s wall, 0.015625s user + 0.000000s system = 0.015625s CPU (67.7%)

OPT-1001 : Start high-fanout net optimization ...
OPT-1001 : Start: WNS 182 TNS 0 NUM_FEPS 0 
PHY-3001 : Start incremental placement ...
PHY-1001 : Populate physical database on model fpga_ed4g.
PHY-3001 : Initial placement ...
PHY-3001 : eco special cells: 1 has valid locations, 0 needs to be replaced
PHY-3001 : eco pad cells: 3 has valid locations, 0 needs to be replaced
PHY-3001 : eco cells: 416 has valid locations, 0 needs to be replaced
PHY-3001 : design contains 423 instances, 410 slices, 21 macros(117 instances: 69 mslices 48 lslices)
PHY-3001 : End incremental placement; No cells to be placed.
OPT-1001 : Total overflow 0.00 peak overflow 0.00
RUN-1001 : HFN opt statistic
RUN-1001 : ------------------------------------------------------------------------------------
RUN-1001 :   DriverCell type  |  HFN count  |  HFN count with highcritlevel  |  Duplicated count  
RUN-1001 : ------------------------------------------------------------------------------------
RUN-1001 :       LSLICE       |      0      |               0                |         0          
RUN-1001 :       MSLICE       |      0      |               0                |         0          
RUN-1001 : ------------------------------------------------------------------------------------
OPT-1001 : Update timing in global mode
PHY-1001 : Start incremental global routing, caller is place ...
RUN-1001 : Generating global routing grids ...
PHY-1001 : Generate routing nets ...
PHY-1001 : Reuse net number 954/1090.
PHY-1001 : Global iterations in 12 thread ...
PHY-1002 : len = 33352, over cnt = 0(0%), over = 0, worst = 0
PHY-1001 : End global iterations;  0.004065s wall, 0.000000s user + 0.000000s system = 0.000000s CPU (n/a%)

PHY-1001 : Congestion index: top1 = 26.16, top5 = 17.85, top10 = 11.69, top15 = 8.05.
PHY-1001 : End incremental global routing;  0.047829s wall, 0.031250s user + 0.000000s system = 0.031250s CPU (65.3%)

RUN-1002 : start command "start_timer -report"
TMR-2505 : Start building timing graph for model fpga_ed4g.
TMR-2506 : Build timing graph completely. Port num: 3, tpin num: 4012, tnet num: 1088, tinst num: 423, tnode num: 5153, tedge num: 6757.
TMR-2508 : Levelizing timing graph completed, there are 29 levels in total.
TMR-2501 : Timing graph initialized successfully.
TMR-2503 : Start to update net delay, extr mode = 5.
TMR-2504 : Update delay of 1088 nets completely.
TMR-2502 : Annotate delay completely, extr mode = 5.
TMR-3001 : Initiate 2 clocks from SDC.
TMR-3004 : Map sdc constraints, there are 0 constraints in total.
TMR-3003 : Constraints initiated successfully.
TMR-3501 : Forward propagation: start to calculate arrival time...
TMR-3502 : Backward propagation: start to calculate required time...
TMR-3503 : Timing propagation completes.
OPT-1001 : End timing update;  0.106753s wall, 0.046875s user + 0.000000s system = 0.046875s CPU (43.9%)

OPT-1001 : Current memory(MB): used = 179, reserve = 142, peak = 180.
OPT-1001 : Start path based optimization ...
OPT-1001 : Start congestion update ...
RUN-1001 : Generating global routing grids ...
PHY-1001 : Generate routing nets ...
PHY-1001 : Reuse net number 954/1090.
PHY-1001 : Global iterations in 12 thread ...
PHY-1002 : len = 33352, over cnt = 0(0%), over = 0, worst = 0
PHY-1001 : End global iterations;  0.003585s wall, 0.000000s user + 0.000000s system = 0.000000s CPU (n/a%)

PHY-1001 : Congestion index: top1 = 26.16, top5 = 17.85, top10 = 11.69, top15 = 8.05.
OPT-1001 : End congestion update;  0.047401s wall, 0.015625s user + 0.000000s system = 0.015625s CPU (33.0%)

OPT-1001 : Update timing in Manhattan mode
TMR-2503 : Start to update net delay, extr mode = 3.
TMR-2504 : Update delay of 1088 nets completely.
TMR-2502 : Annotate delay completely, extr mode = 3.
TMR-3501 : Forward propagation: start to calculate arrival time...
TMR-3502 : Backward propagation: start to calculate required time...
TMR-3503 : Timing propagation completes.
OPT-1001 : End timing update;  0.019200s wall, 0.000000s user + 0.000000s system = 0.000000s CPU (n/a%)

OPT-0007 : Start: WNS 182 TNS 0 NUM_FEPS 0
OPT-0007 : Iter 1: improved WNS 182 TNS 0 NUM_FEPS 0 with 0 cells processed and 0 slack improved
OPT-1001 : End path based optimization;  0.067052s wall, 0.015625s user + 0.000000s system = 0.015625s CPU (23.3%)

OPT-1001 : Current memory(MB): used = 180, reserve = 143, peak = 180.
OPT-1001 : Start bottleneck based optimization ...
OPT-1001 : Start congestion update ...
RUN-1001 : Generating global routing grids ...
PHY-1001 : Generate routing nets ...
PHY-1001 : Reuse net number 954/1090.
PHY-1001 : Global iterations in 12 thread ...
PHY-1002 : len = 33352, over cnt = 0(0%), over = 0, worst = 0
PHY-1001 : End global iterations;  0.003746s wall, 0.015625s user + 0.000000s system = 0.015625s CPU (417.2%)

PHY-1001 : Congestion index: top1 = 26.16, top5 = 17.85, top10 = 11.69, top15 = 8.05.
OPT-1001 : End congestion update;  0.045734s wall, 0.031250s user + 0.000000s system = 0.031250s CPU (68.3%)

OPT-1001 : Update timing in Manhattan mode
TMR-2503 : Start to update net delay, extr mode = 3.
TMR-2504 : Update delay of 1088 nets completely.
TMR-2502 : Annotate delay completely, extr mode = 3.
TMR-3501 : Forward propagation: start to calculate arrival time...
TMR-3502 : Backward propagation: start to calculate required time...
TMR-3503 : Timing propagation completes.
OPT-1001 : End timing update;  0.021676s wall, 0.000000s user + 0.000000s system = 0.000000s CPU (n/a%)

OPT-0007 : Start: WNS 182 TNS 0 NUM_FEPS 0
OPT-0007 : Iter 1: improved WNS 182 TNS 0 NUM_FEPS 0 with 0 cells processed and 0 slack improved
OPT-0007 : Iter 2: improved WNS 182 TNS 0 NUM_FEPS 0 with 0 cells processed and 0 slack improved
OPT-1001 : End bottleneck based optimization;  0.072096s wall, 0.031250s user + 0.000000s system = 0.031250s CPU (43.3%)

OPT-1001 : Current memory(MB): used = 180, reserve = 143, peak = 180.
OPT-1001 : Update timing in Manhattan mode
TMR-2503 : Start to update net delay, extr mode = 3.
TMR-2504 : Update delay of 1088 nets completely.
TMR-2502 : Annotate delay completely, extr mode = 3.
TMR-3501 : Forward propagation: start to calculate arrival time...
TMR-3502 : Backward propagation: start to calculate required time...
TMR-3503 : Timing propagation completes.
OPT-1001 : End timing update;  0.019901s wall, 0.000000s user + 0.000000s system = 0.000000s CPU (n/a%)

OPT-1001 : Start pin optimization...
OPT-1001 : skip pin optimization...
OPT-1001 : Current memory(MB): used = 180, reserve = 143, peak = 180.
OPT-1001 : Start congestion recovery ...
RUN-1002 : start command "set_param place ofv 80"
OPT-1001 : Update timing in Manhattan mode
TMR-2503 : Start to update net delay, extr mode = 3.
TMR-2504 : Update delay of 1088 nets completely.
TMR-2502 : Annotate delay completely, extr mode = 3.
TMR-3501 : Forward propagation: start to calculate arrival time...
TMR-3502 : Backward propagation: start to calculate required time...
TMR-3503 : Timing propagation completes.
OPT-1001 : End timing update;  0.019620s wall, 0.000000s user + 0.000000s system = 0.000000s CPU (n/a%)

RUN-1001 : Start congestion update ...
RUN-1001 : Generating global routing grids ...
PHY-1001 : Generate routing nets ...
PHY-1001 : Reuse net number 954/1090.
PHY-1001 : Global iterations in 12 thread ...
PHY-1002 : len = 33352, over cnt = 0(0%), over = 0, worst = 0
PHY-1001 : End global iterations;  0.003276s wall, 0.000000s user + 0.000000s system = 0.000000s CPU (n/a%)

PHY-1001 : Congestion index: top1 = 26.16, top5 = 17.85, top10 = 11.69, top15 = 8.05.
RUN-1001 : End congestion update;  0.046470s wall, 0.031250s user + 0.000000s system = 0.031250s CPU (67.2%)
 
RUN-1001 : design has 41 columns and 72 rows with 0 high-util (over 100 percentage) tiles versus total tile num 2952
OPT-1001 : End congestion recovery;  0.066321s wall, 0.031250s user + 0.000000s system = 0.031250s CPU (47.1%)

OPT-1001 : Current memory(MB): used = 180, reserve = 143, peak = 180.
OPT-1001 : End physical optimization;  1.043633s wall, 0.437500s user + 0.015625s system = 0.453125s CPU (43.4%)

RUN-1003 : finish command "place" in  4.109465s wall, 1.453125s user + 0.359375s system = 1.812500s CPU (44.1%)

RUN-1004 : used memory is 163 MB, reserved memory is 125 MB, peak memory is 180 MB
RUN-1002 : start command "export_db LED_light_place.db"
RUN-1001 : Exported /
RUN-1001 : Exported flow parameters
RUN-1001 : Exported libs
RUN-1001 : Exported entities
RUN-1001 : Exported ports
RUN-1001 : Exported pins
RUN-1001 : Exported instances
RUN-1001 : Exported nets
RUN-1001 : Exported buses
RUN-1001 : Exported models
RUN-1001 : Exported congestions
RUN-1001 : Exported violations
RUN-1001 : Exported timing constraints
RUN-1001 : Exported IO constraints
RUN-1001 : Exported Inst constraints
RUN-1001 : Exported ChipWatcher
RUN-1002 : start command "route"
RUN-1001 : Open license file E:/Anlogic/TD5.6.2/license/Anlogic.lic
RUN-1001 : Print Global Property
RUN-1001 : ---------------------------------------------------------------
RUN-1001 :        Parameters        |  Settings  |  Default Values  |  Note  
RUN-1001 : ---------------------------------------------------------------
RUN-1001 :          message         |  standard  |     standard     |        
RUN-1001 :   mixed_pack_place_flow  |     on     |        on        |        
RUN-1001 :        qor_monitor       |    off     |       off        |        
RUN-1001 :        syn_ip_flow       |    off     |       off        |        
RUN-1001 :          thread          |    auto    |       auto       |        
RUN-1001 : ---------------------------------------------------------------
RUN-1001 : Print Route Property
RUN-1001 : -------------------------------------------------------
RUN-1001 :    Parameters    |  Settings  |  Default Values  |  Note  
RUN-1001 : -------------------------------------------------------
RUN-1001 :      effort      |   medium   |      medium      |        
RUN-1001 :     fix_hold     |    off     |       off        |        
RUN-1001 :    opt_timing    |   medium   |      medium      |        
RUN-1001 :   phy_sim_model  |    off     |       off        |        
RUN-1001 :     priority     |   timing   |      timing      |        
RUN-1001 :     swap_pin     |     on     |        on        |        
RUN-1001 : -------------------------------------------------------
PHY-1001 : Route runs in 12 thread(s)
RUN-1001 : There are total 425 instances
RUN-1001 : 205 mslices, 205 lslices, 3 pads, 6 brams, 0 dsps
RUN-1001 : There are total 1090 nets
RUN-1001 : 646 nets have 2 pins
RUN-1001 : 360 nets have [3 - 5] pins
RUN-1001 : 47 nets have [6 - 10] pins
RUN-1001 : 22 nets have [11 - 20] pins
RUN-1001 : 10 nets have [21 - 99] pins
RUN-1001 : 5 nets have 100+ pins
RUN-1002 : start command "start_timer -report"
TMR-2505 : Start building timing graph for model fpga_ed4g.
TMR-2506 : Build timing graph completely. Port num: 3, tpin num: 4012, tnet num: 1088, tinst num: 423, tnode num: 5153, tedge num: 6757.
TMR-2508 : Levelizing timing graph completed, there are 29 levels in total.
TMR-2501 : Timing graph initialized successfully.
PHY-1001 : 205 mslices, 205 lslices, 3 pads, 6 brams, 0 dsps
TMR-2503 : Start to update net delay, extr mode = 3.
TMR-2504 : Update delay of 1088 nets completely.
TMR-2502 : Annotate delay completely, extr mode = 3.
TMR-3001 : Initiate 2 clocks from SDC.
TMR-3004 : Map sdc constraints, there are 0 constraints in total.
TMR-3003 : Constraints initiated successfully.
TMR-3501 : Forward propagation: start to calculate arrival time...
TMR-3502 : Backward propagation: start to calculate required time...
TMR-3503 : Timing propagation completes.
PHY-1001 : Start global routing, caller is route ...
RUN-1001 : Generating global routing grids ...
PHY-1001 : Generate routing nets ...
PHY-1001 : Global iterations in 12 thread ...
PHY-1002 : len = 31712, over cnt = 105(0%), over = 153, worst = 5
PHY-1002 : len = 32456, over cnt = 46(0%), over = 52, worst = 2
PHY-1002 : len = 33040, over cnt = 3(0%), over = 3, worst = 1
PHY-1002 : len = 33088, over cnt = 0(0%), over = 0, worst = 0
PHY-1001 : End global iterations;  0.076520s wall, 0.000000s user + 0.000000s system = 0.000000s CPU (n/a%)

PHY-1001 : Congestion index: top1 = 26.21, top5 = 17.71, top10 = 11.59, top15 = 7.95.
PHY-1001 : End global routing;  0.121175s wall, 0.031250s user + 0.000000s system = 0.031250s CPU (25.8%)

PHY-1001 : Start detail routing ...
PHY-1001 : Current memory(MB): used = 195, reserve = 158, peak = 205.
PHY-1001 : Detailed router is running in normal mode.
PHY-1001 : Generate detailed routing grids ...
PHY-1001 : Generate nets ...
PHY-1001 : clock net clk_150m will be merged with clock u_PLL_150M/clk0_buf
PHY-1001 : net sysclk_i_dup_1 will be routed on clock mesh
PHY-1001 : clock net config_inst_syn_10 will be merged with clock config_inst_syn_9
PHY-1001 : Current memory(MB): used = 460, reserve = 427, peak = 460.
PHY-1001 : End build detailed router design. 3.423352s wall, 2.140625s user + 0.015625s system = 2.156250s CPU (63.0%)

PHY-1001 : Detail Route ...
PHY-1001 : ===== Detail Route Phase 1 =====
PHY-1001 : Clock net routing.....
PHY-1001 : Routed 0% nets.
PHY-1022 : len = 20080, over cnt = 0(0%), over = 0, worst = 0, crit = 0
PHY-1001 : End initial clock net routed; 0.705064s wall, 0.421875s user + 0.015625s system = 0.437500s CPU (62.1%)

PHY-1001 : Current memory(MB): used = 492, reserve = 461, peak = 492.
PHY-1001 : End phase 1; 0.710993s wall, 0.437500s user + 0.015625s system = 0.453125s CPU (63.7%)

PHY-1001 : ===== Detail Route Phase 2 =====
PHY-1001 : Initial routing.....
PHY-1001 : Routed 39% nets.
PHY-1001 : Routed 44% nets.
PHY-1001 : Routed 55% nets.
PHY-1001 : Routed 70% nets.
PHY-1001 : Routed 90% nets.
PHY-1022 : len = 140304, over cnt = 21(0%), over = 21, worst = 1, crit = 0
PHY-1001 : Current memory(MB): used = 492, reserve = 461, peak = 492.
PHY-1001 : End initial routed; 0.962888s wall, 0.500000s user + 0.000000s system = 0.500000s CPU (51.9%)

PHY-1001 : Update timing.....
PHY-1001 : 171/989(17%) critical/total net(s).
RUN-1001 : --------------------------------------
RUN-1001 :   Type   |  WNS(ns)  |  TNS(ns)  |  FEP  
RUN-1001 : --------------------------------------
RUN-1001 :   Setup  |  -2.291   |  -4.452   |   3   
RUN-1001 :   Hold   |   0.112   |   0.000   |   0   
RUN-1001 : --------------------------------------
PHY-1001 : End update timing; 0.137489s wall, 0.125000s user + 0.000000s system = 0.125000s CPU (90.9%)

PHY-1001 : Current memory(MB): used = 493, reserve = 461, peak = 493.
PHY-1001 : End phase 2; 1.100448s wall, 0.625000s user + 0.000000s system = 0.625000s CPU (56.8%)

PHY-1001 : ===== Detail Route Phase 3 =====
PHY-1001 : Optimize timing.....
PHY-1001 : ===== OPT Iter 1 =====
PHY-1001 : Processed 18 pins with SWNS -1.998ns STNS -3.637ns FEP 3.
PHY-1001 : End OPT Iter 1; 0.051404s wall, 0.031250s user + 0.000000s system = 0.031250s CPU (60.8%)

PHY-1022 : len = 140376, over cnt = 29(0%), over = 29, worst = 1, crit = 0
PHY-1001 : End optimize timing; 0.061656s wall, 0.046875s user + 0.000000s system = 0.046875s CPU (76.0%)

PHY-1001 : Ripup-reroute.....
PHY-1001 : ===== DR Iter 1 =====
PHY-1022 : len = 140320, over cnt = 8(0%), over = 8, worst = 1, crit = 0
PHY-1001 : End DR Iter 1; 0.023116s wall, 0.000000s user + 0.000000s system = 0.000000s CPU (n/a%)

PHY-1001 : ===== DR Iter 2 =====
PHY-1022 : len = 140296, over cnt = 0(0%), over = 0, worst = 0, crit = 0
PHY-1001 : End DR Iter 2; 0.018697s wall, 0.015625s user + 0.000000s system = 0.015625s CPU (83.6%)

PHY-1001 : Update timing.....
PHY-1001 : 162/989(16%) critical/total net(s).
RUN-1001 : --------------------------------------
RUN-1001 :   Type   |  WNS(ns)  |  TNS(ns)  |  FEP  
RUN-1001 : --------------------------------------
RUN-1001 :   Setup  |  -2.146   |  -4.081   |   3   
RUN-1001 :   Hold   |   0.112   |   0.000   |   0   
RUN-1001 : --------------------------------------
PHY-1001 : End update timing; 0.178979s wall, 0.093750s user + 0.000000s system = 0.093750s CPU (52.4%)

PHY-1001 : Commit to database.....
PHY-1001 : 5 feed throughs used by 5 nets
PHY-1001 : End commit to database; 0.144517s wall, 0.078125s user + 0.000000s system = 0.078125s CPU (54.1%)

PHY-1001 : Current memory(MB): used = 506, reserve = 474, peak = 506.
PHY-1001 : End phase 3; 0.561384s wall, 0.281250s user + 0.000000s system = 0.281250s CPU (50.1%)

PHY-1001 : ===== Detail Route Phase 4 =====
PHY-1001 : Optimize timing.....
PHY-1001 : ===== OPT Iter 1 =====
PHY-1001 : Processed 14 pins with SWNS -1.869ns STNS -3.250ns FEP 3.
PHY-1001 : End OPT Iter 1; 0.068677s wall, 0.062500s user + 0.000000s system = 0.062500s CPU (91.0%)

PHY-1022 : len = 140312, over cnt = 3(0%), over = 3, worst = 1, crit = 0
PHY-1001 : End optimize timing; 0.077816s wall, 0.062500s user + 0.000000s system = 0.062500s CPU (80.3%)

PHY-0007 : Phase: 4; Congestion: {, , , }; Timing: {-1.869ns, -3.250ns, 3}
PHY-1001 : Ripup-reroute.....
PHY-1001 : ===== DR Iter 1 =====
PHY-1022 : len = 140312, over cnt = 0(0%), over = 0, worst = 0, crit = 0
PHY-1001 : End DR Iter 1; 0.016091s wall, 0.000000s user + 0.000000s system = 0.000000s CPU (n/a%)

PHY-1001 : Update timing.....
PHY-1001 : 159/989(16%) critical/total net(s).
RUN-1001 : --------------------------------------
RUN-1001 :   Type   |  WNS(ns)  |  TNS(ns)  |  FEP  
RUN-1001 : --------------------------------------
RUN-1001 :   Setup  |  -1.869   |  -3.250   |   3   
RUN-1001 :   Hold   |   0.112   |   0.000   |   0   
RUN-1001 : --------------------------------------
PHY-1001 : End update timing; 0.137689s wall, 0.062500s user + 0.000000s system = 0.062500s CPU (45.4%)

PHY-1001 : Commit to database.....
PHY-1001 : 7 feed throughs used by 7 nets
PHY-1001 : End commit to database; 0.142503s wall, 0.109375s user + 0.000000s system = 0.109375s CPU (76.8%)

PHY-1001 : Current memory(MB): used = 507, reserve = 475, peak = 507.
PHY-1001 : End phase 4; 0.390625s wall, 0.250000s user + 0.000000s system = 0.250000s CPU (64.0%)

PHY-1003 : Routed, final wirelength = 140312
PHY-1001 : Current memory(MB): used = 507, reserve = 476, peak = 507.
PHY-1001 : End export database. 0.008267s wall, 0.000000s user + 0.000000s system = 0.000000s CPU (n/a%)

PHY-1001 : End detail routing;  6.451398s wall, 3.875000s user + 0.046875s system = 3.921875s CPU (60.8%)

RUN-1003 : finish command "route" in  6.726345s wall, 4.000000s user + 0.046875s system = 4.046875s CPU (60.2%)

RUN-1004 : used memory is 465 MB, reserved memory is 432 MB, peak memory is 507 MB
RUN-1002 : start command "report_area -io_info -file LED_light_phy.area"
RUN-1001 : standard
***Report Model: fpga_ed4g Device: EG4D20EG176***

IO Statistics
#IO                         3
  #input                    1
  #output                   2
  #inout                    0

Utilization Statistics
#lut                      580   out of  19600    2.96%
#reg                      528   out of  19600    2.69%
#le                       774
  #lut only               246   out of    774   31.78%
  #reg only               194   out of    774   25.06%
  #lut&reg                334   out of    774   43.15%
#dsp                        0   out of     29    0.00%
#bram                       6   out of     64    9.38%
  #bram9k                   6
  #fifo9k                   0
#bram32k                    0   out of     16    0.00%
#pad                        3   out of    130    2.31%
  #ireg                     0
  #oreg                     2
  #treg                     0
#pll                        1   out of      4   25.00%
#gclk                       2   out of     16   12.50%

Clock Resource Statistics
Index     ClockNet               Type               DriverType         Driver                       Fanout
#1        u_PLL_150M/clk0_buf    GCLK               pll                u_PLL_150M/pll_inst.clkc0    172
#2        config_inst_syn_9      GCLK               config             config_inst.jtck             120
#3        sysclk_i_dup_1         GCLK               io                 sysclk_i_syn_2.di            16


Detailed IO Report

    Name      Direction    Location    IOStandard    DriveStrength    PullType    PackReg  
  sysclk_i      INPUT        P63        LVCMOS25          N/A          PULLUP      NONE    
    cko        OUTPUT        P83        LVCMOS25           8            NONE       OREG    
    sdo        OUTPUT        P82        LVCMOS25           8            NONE       OREG    

Report Hierarchy Area:
+---------------------------------------------------------------------------------------------------------+
|Instance                            |Module         |le     |lut     |ripple  |seq     |bram    |dsp     |
+---------------------------------------------------------------------------------------------------------+
|top                                 |fpga_ed4g      |774    |463     |117     |530     |6       |0       |
|  u_LED_send                        |LED_send       |197    |139     |15      |160     |0       |0       |
|  u_PLL_150M                        |PLL_150M       |1      |1       |0       |0       |0       |0       |
|  u_test_pattern                    |test_pattern   |27     |18      |5       |19      |0       |0       |
|  cw_top                            |CW_TOP_WRAPPER |504    |296     |89      |318     |0       |0       |
|    wrapper_cwc_top                 |cwc_top        |504    |296     |89      |318     |0       |0       |
|      cfg_int_inst                  |cwc_cfg_int    |206    |102     |0       |200     |0       |0       |
|        reg_inst                    |register       |203    |99      |0       |197     |0       |0       |
|        tap_inst                    |tap            |3      |3       |0       |3       |0       |0       |
|      trigger_inst                  |trigger        |298    |194     |89      |118     |0       |0       |
|        bus_inst                    |bus_top        |89     |58      |28      |30      |0       |0       |
|          BUS_DETECTOR[0]$bus_nodes |bus_det        |21     |13      |8       |9       |0       |0       |
|          BUS_DETECTOR[1]$bus_nodes |bus_det        |46     |30      |14      |9       |0       |0       |
|          BUS_DETECTOR[2]$bus_nodes |bus_det        |16     |10      |6       |6       |0       |0       |
|          BUS_DETECTOR[3]$bus_nodes |bus_det        |3      |2       |0       |3       |0       |0       |
|          BUS_DETECTOR[5]$bus_nodes |bus_det        |2      |2       |0       |2       |0       |0       |
|          BUS_DETECTOR[6]$bus_nodes |bus_det        |1      |1       |0       |1       |0       |0       |
|        emb_ctrl_inst               |emb_ctrl       |114    |85      |29      |56      |0       |0       |
+---------------------------------------------------------------------------------------------------------+


DataNet Average Fanout:

   Index     Fanout     Nets  
    #1          1       643   
    #2          2       270   
    #3          3        71   
    #4          4        19   
    #5        5-10       47   
    #6        11-50      26   
    #7       51-100      4    
    #8       101-500     2    
  Average     2.41            

RUN-1002 : start command "export_db LED_light_pr.db"
RUN-1001 : Exported /
RUN-1001 : Exported flow parameters
RUN-1001 : Exported libs
RUN-1001 : Exported entities
RUN-1001 : Exported ports
RUN-1001 : Exported pins
RUN-1001 : Exported instances
RUN-1001 : Exported nets
RUN-1001 : Exported buses
RUN-1001 : Exported models
RUN-1001 : Exported congestions
RUN-1001 : Exported violations
RUN-1001 : Exported timing constraints
RUN-1001 : Exported IO constraints
RUN-1001 : Exported Inst constraints
RUN-1001 : Exported ChipWatcher
RUN-1002 : start command "start_timer"
TMR-2505 : Start building timing graph for model fpga_ed4g.
TMR-2506 : Build timing graph completely. Port num: 3, tpin num: 4012, tnet num: 1088, tinst num: 423, tnode num: 5153, tedge num: 6757.
TMR-2508 : Levelizing timing graph completed, there are 29 levels in total.
TMR-2501 : Timing graph initialized successfully.
RUN-1002 : start command "report_timing -mode FINAL -net_info -rpt_autogen true -file LED_light_phy.timing"
TMR-2503 : Start to update net delay, extr mode = 6.
TMR-2504 : Update delay of 1088 nets completely.
TMR-2502 : Annotate delay completely, extr mode = 6.
TMR-3001 : Initiate 2 clocks from SDC.
TMR-3004 : Map sdc constraints, there are 0 constraints in total.
TMR-3003 : Constraints initiated successfully.
TMR-3501 : Forward propagation: start to calculate arrival time...
TMR-3502 : Backward propagation: start to calculate required time...
TMR-3503 : Timing propagation completes.
TMR-3506 : Start to generate timing report.
TMR-1502 : Number of clock constraints = 2. Number of clock nets = 3 (1 unconstrainted).
TMR-5009 WARNING: No clock constraint on 1 clock net(s): 
		config_inst_syn_10
TMR-3508 : Export timing summary.
TMR-3507 : Timing report generated successfully in LED_light_phy.timing, timing summary in LED_light_phy.tsm.
RUN-1002 : start command "export_bid LED_light_inst.bid"
PRG-1000 : <!-- HMAC is: 63b279745f431a11de3bd5b0efb1d7a5a52b88b188339131d48dc3528caa1f8c -->
RUN-1002 : start command "bitgen -bit LED_light.bit"
BIT-1003 : Start to generate bitstream. 
BIT-1002 : Init instances with 12 threads.
BIT-1002 : Init instances completely, inst num: 423
BIT-1002 : Init pips with 12 threads.
BIT-1002 : Init pips completely, net num: 1090, pip num: 9771
BIT-1002 : Init feedthrough completely, num: 7
BIT-1003 : Multithreading accelaration with 12 threads.
BIT-1003 : Generate bitstream completely, there are 1184 valid insts, and 25784 bits set as '1'.
BIT-1004 : the usercode register value: 00000000100110010101000111110010
BIT-1004 : PLL setting string = 0001
BIT-1004 : Generate bits file LED_light.bit.
RUN-1003 : finish command "bitgen -bit LED_light.bit" in  1.914619s wall, 11.250000s user + 0.078125s system = 11.328125s CPU (591.7%)

RUN-1004 : used memory is 476 MB, reserved memory is 445 MB, peak memory is 638 MB
RUN-1002 : start command "backup_run_log run.log ../.logs/phy_1/td_20240627_173047.log"
