============================================================
   Tang Dynasty, V5.6.71036
      Copyright (c) 2012-2023 Anlogic Inc.
   Executable = D:/TD/bin/td.exe
   Built at =   20:34:38 Mar 21 2023
   Run by =     32863
   Run Date =   Wed Jul 10 14:20:42 2024

   Run on =     SUPERIOR-LEGION
============================================================
RUN-1001 : open_run phy_1.
RUN-1002 : start command "import_db //wsl.localhost/Ubuntu-20.04/home/superior/LED/td/EG4S20_version1/led_4s_Runs/phy_1/led_4s_pr.db"
RUN-1001 : Importing database generated by Tang Dynasty, V5.6.71036.
RUN-1001 : Database version number 46146.
RUN-1001 : Import flow parameters
PHY-1001 : Generate detailed routing grids ...
PHY-1001 : Generate nets ...
PHY-1001 : net clk_10m will be routed on clock mesh
PHY-1001 : clock net clk_150m will be merged with clock u_PLL_150M/clk0_buf
PHY-5010 WARNING: Net clk_3m is skipped due to 0 input or output
PHY-1001 : net sysclk_i_dup_1 will be routed on clock mesh
PHY-1001 : clock net config_inst_syn_10 will be merged with clock config_inst_syn_9
PHY-5010 WARNING: Net clk_3m is skipped due to 0 input or output
PHY-1001 : eco open net = 0
PHY-1001 : 12 feed throughs used by 10 nets
RUN-1001 : Import IO constraints
RUN-1001 : Import Inst constraints
RUN-1001 : Import ChipWatcher
RUN-1001 : Import design success TD_VERSION=5.6.71036 , DB_VERSION=46146
RUN-1003 : finish command "import_db //wsl.localhost/Ubuntu-20.04/home/superior/LED/td/EG4S20_version1/led_4s_Runs/phy_1/led_4s_pr.db" in  3.295390s wall, 2.531250s user + 0.093750s system = 2.625000s CPU (79.7%)

RUN-1004 : used memory is 471 MB, reserved memory is 434 MB, peak memory is 503 MB
RUN-1001 : reset_run syn_1 phy_1.
RUN-1001 : launch_runs syn_1 phy_1  -jobs 6.
RUN-1001 : syn_1: run complete.
RUN-1001 : phy_1: run complete.
RUN-1001 : open_run phy_1.
RUN-1002 : start command "import_db //wsl.localhost/Ubuntu-20.04/home/superior/LED/td/EG4S20_version1/led_4s_Runs/phy_1/led_4s_pr.db"
RUN-1001 : Importing database generated by Tang Dynasty, V5.6.71036.
RUN-1001 : Database version number 46146.
RUN-1001 : Import flow parameters
PHY-1001 : Generate detailed routing grids ...
PHY-1001 : Generate nets ...
PHY-1001 : net clk_10m will be routed on clock mesh
PHY-1001 : clock net clk_150m will be merged with clock u_PLL_150M/clk0_buf
PHY-5010 WARNING: Net clk_3m is skipped due to 0 input or output
PHY-1001 : net sysclk_i_dup_1 will be routed on clock mesh
PHY-1001 : clock net config_inst_syn_10 will be merged with clock config_inst_syn_9
PHY-5010 WARNING: Net clk_3m is skipped due to 0 input or output
PHY-1001 : eco open net = 0
PHY-1001 : 5 feed throughs used by 4 nets
RUN-1001 : Import IO constraints
RUN-1001 : Import Inst constraints
RUN-1001 : Import ChipWatcher
RUN-1001 : Import design success TD_VERSION=5.6.71036 , DB_VERSION=46146
RUN-1003 : finish command "import_db //wsl.localhost/Ubuntu-20.04/home/superior/LED/td/EG4S20_version1/led_4s_Runs/phy_1/led_4s_pr.db" in  1.174422s wall, 0.562500s user + 0.062500s system = 0.625000s CPU (53.2%)

RUN-1004 : used memory is 491 MB, reserved memory is 458 MB, peak memory is 515 MB
RUN-1002 : start command "download -bit led_4s_Runs\phy_1\led_4s.bit -mode jtag -spd 7 -sec 64 -cable 0"
PRG-2014 : Chip validation success: EAGLE_S20_BG256
RUN-1002 : start command "bit_to_vec -chip EAGLE_S20_BG256 -m jtag_burst -freq 4 -bit led_4s_Runs/phy_1/led_4s.bit"
RUN-1002 : start command "program -cable 0 -mode svf -spd 7 -p"
RUN-1003 : finish command "program -cable 0 -mode svf -spd 7 -p" in  6.523763s wall, 0.015625s user + 0.015625s system = 0.031250s CPU (0.5%)

RUN-1004 : used memory is 560 MB, reserved memory is 501 MB, peak memory is 578 MB
RUN-1003 : finish command "download -bit led_4s_Runs\phy_1\led_4s.bit -mode jtag -spd 7 -sec 64 -cable 0" in  6.938155s wall, 0.046875s user + 0.015625s system = 0.062500s CPU (0.9%)

RUN-1004 : used memory is 560 MB, reserved memory is 501 MB, peak memory is 578 MB
GUI-1001 : Downloading succeeded!
