============================================================
   Tang Dynasty, V5.6.71036
      Copyright (c) 2012-2023 Anlogic Inc.
   Executable = D:/TD/bin/td.exe
   Built at =   20:34:38 Mar 21 2023
   Run by =     32863
   Run Date =   Wed Jul 10 02:33:28 2024

   Run on =     SUPERIOR-LEGION
============================================================
RUN-1001 : open_run phy_1.
RUN-1002 : start command "import_db //wsl.localhost/Ubuntu-20.04/home/superior/LED/td/EG4S20_version1/led_4s_Runs/phy_1/led_4s_pr.db"
RUN-1001 : Importing database generated by Tang Dynasty, V5.6.71036.
RUN-1001 : Database version number 46146.
RUN-1001 : Import flow parameters
PHY-1001 : Generate detailed routing grids ...
PHY-1001 : Generate nets ...
PHY-1001 : clock net clk_150m will be merged with clock u_PLL_150M/clk0_buf
PHY-1001 : net sysclk_i_dup_1 will be routed on clock mesh
PHY-1001 : net u_ctrl_top/u_LED_send/clk will be routed on clock mesh
PHY-1001 : eco open net = 0
PHY-1001 : 2 feed throughs used by 2 nets
RUN-1001 : Import IO constraints
RUN-1001 : Import Inst constraints
RUN-1001 : Import design success TD_VERSION=5.6.71036 , DB_VERSION=46146
RUN-1003 : finish command "import_db //wsl.localhost/Ubuntu-20.04/home/superior/LED/td/EG4S20_version1/led_4s_Runs/phy_1/led_4s_pr.db" in  3.992633s wall, 2.406250s user + 0.078125s system = 2.484375s CPU (62.2%)

RUN-1004 : used memory is 490 MB, reserved memory is 448 MB, peak memory is 518 MB
RUN-1002 : start command "download -bit led_4s_Runs\phy_1\led_4s.bit -mode jtag -spd 7 -sec 64 -cable 0"
PRG-2014 : Chip validation success: EAGLE_S20_BG256
RUN-1002 : start command "bit_to_vec -chip EAGLE_S20_BG256 -m jtag_burst -freq 4 -bit led_4s_Runs/phy_1/led_4s.bit"
RUN-1002 : start command "program -cable 0 -mode svf -spd 7 -p"
RUN-1003 : finish command "program -cable 0 -mode svf -spd 7 -p" in  6.410330s wall, 0.015625s user + 0.078125s system = 0.093750s CPU (1.5%)

RUN-1004 : used memory is 574 MB, reserved memory is 507 MB, peak memory is 589 MB
RUN-1003 : finish command "download -bit led_4s_Runs\phy_1\led_4s.bit -mode jtag -spd 7 -sec 64 -cable 0" in  6.922968s wall, 0.078125s user + 0.109375s system = 0.187500s CPU (2.7%)

RUN-1004 : used memory is 574 MB, reserved memory is 507 MB, peak memory is 589 MB
GUI-1001 : Downloading succeeded!
HDL-1007 : analyze verilog file ../../src/rtl/FPGA/fpga_eg4s.sv
HDL-1007 : undeclared symbol 'en', assumed default net type 'wire' in ../../src/rtl/FPGA/fpga_eg4s.sv(57)
HDL-1007 : undeclared symbol 'start', assumed default net type 'wire' in ../../src/rtl/FPGA/fpga_eg4s.sv(58)
HDL-1007 : analyze verilog file ../../src/rtl/FPGA/fpga_eg4s.sv
HDL-1007 : undeclared symbol 'en', assumed default net type 'wire' in ../../src/rtl/FPGA/fpga_eg4s.sv(63)
HDL-1007 : undeclared symbol 'start', assumed default net type 'wire' in ../../src/rtl/FPGA/fpga_eg4s.sv(64)
HDL-5007 WARNING: 'cnt1s' is not declared in ../../src/rtl/FPGA/fpga_eg4s.sv(24)
HDL-5007 WARNING: 'cnt1s' is not declared in ../../src/rtl/FPGA/fpga_eg4s.sv(24)
HDL-1007 : analyze verilog file ../../src/rtl/FPGA/fpga_eg4s.sv
HDL-1007 : undeclared symbol 'en', assumed default net type 'wire' in ../../src/rtl/FPGA/fpga_eg4s.sv(75)
HDL-1007 : undeclared symbol 'start', assumed default net type 'wire' in ../../src/rtl/FPGA/fpga_eg4s.sv(76)
HDL-1007 : analyze verilog file ../../src/rtl/FPGA/fpga_eg4s.sv
HDL-1007 : undeclared symbol 'en', assumed default net type 'wire' in ../../src/rtl/FPGA/fpga_eg4s.sv(75)
HDL-1007 : undeclared symbol 'start', assumed default net type 'wire' in ../../src/rtl/FPGA/fpga_eg4s.sv(76)
RUN-1001 : reset_run syn_1.
RUN-1001 : launch_runs syn_1 -step opt_gate.
RUN-1001 : reset_run phy_1.
GUI-6001 WARNING: File //wsl.localhost/Ubuntu-20.04/home/superior/LED/td/EG4S20_version1/led_4s_Runs/phy_1/led_4s.bit does not exist!
RUN-1001 : syn_1: run complete.
RUN-1001 : open_run syn_1.
RUN-1002 : start command "import_db //wsl.localhost/Ubuntu-20.04/home/superior/LED/td/EG4S20_version1/led_4s_Runs/syn_1/led_4s_gate.db"
RUN-1001 : Importing database generated by Tang Dynasty, V5.6.71036.
RUN-1001 : Database version number 46146.
RUN-1001 : Import flow parameters
RUN-1001 : Import IO constraints
RUN-1001 : Import Inst constraints
RUN-1001 : Import design success TD_VERSION=5.6.71036 , DB_VERSION=46146
RUN-1001 : launch_runs phy_1 -step bitgen.
RUN-1001 : phy_1: run complete.
RUN-1001 : open_run phy_1.
RUN-1002 : start command "import_db //wsl.localhost/Ubuntu-20.04/home/superior/LED/td/EG4S20_version1/led_4s_Runs/phy_1/led_4s_pr.db"
RUN-1001 : Importing database generated by Tang Dynasty, V5.6.71036.
RUN-1001 : Database version number 46146.
RUN-1001 : Import flow parameters
PHY-1001 : Generate detailed routing grids ...
PHY-1001 : Generate nets ...
PHY-1001 : clock net clk_150m will be merged with clock u_PLL_150M/clk0_buf
PHY-1001 : net sysclk_i_dup_1 will be routed on clock mesh
PHY-1001 : net u_ctrl_top/u_LED_send/clk will be routed on clock mesh
PHY-1001 : eco open net = 0
PHY-1001 : 2 feed throughs used by 2 nets
RUN-1001 : Import IO constraints
RUN-1001 : Import Inst constraints
RUN-1001 : Import design success TD_VERSION=5.6.71036 , DB_VERSION=46146
RUN-1002 : start command "download -bit led_4s_Runs\phy_1\led_4s.bit -mode jtag -spd 7 -sec 64 -cable 0"
PRG-2014 : Chip validation success: EAGLE_S20_BG256
RUN-1002 : start command "bit_to_vec -chip EAGLE_S20_BG256 -m jtag_burst -freq 4 -bit led_4s_Runs/phy_1/led_4s.bit"
RUN-1002 : start command "program -cable 0 -mode svf -spd 7 -p"
RUN-1003 : finish command "program -cable 0 -mode svf -spd 7 -p" in  6.402815s wall, 0.031250s user + 0.046875s system = 0.078125s CPU (1.2%)

RUN-1004 : used memory is 610 MB, reserved memory is 536 MB, peak memory is 626 MB
RUN-1003 : finish command "download -bit led_4s_Runs\phy_1\led_4s.bit -mode jtag -spd 7 -sec 64 -cable 0" in  6.910720s wall, 0.062500s user + 0.046875s system = 0.109375s CPU (1.6%)

RUN-1004 : used memory is 610 MB, reserved memory is 536 MB, peak memory is 626 MB
GUI-1001 : Downloading succeeded!
GUI-1001 : User opens ChipWatcher ...
GUI-1001 : User closes ChipWatcher ...
HDL-1007 : analyze verilog file ../../src/rtl/FPGA/fpga_eg4s.sv
HDL-1007 : undeclared symbol 'en', assumed default net type 'wire' in ../../src/rtl/FPGA/fpga_eg4s.sv(75)
HDL-1007 : undeclared symbol 'start', assumed default net type 'wire' in ../../src/rtl/FPGA/fpga_eg4s.sv(76)
HDL-1007 : analyze verilog file ../../src/rtl/FPGA/fpga_eg4s.sv
HDL-1007 : undeclared symbol 'en', assumed default net type 'wire' in ../../src/rtl/FPGA/fpga_eg4s.sv(76)
HDL-1007 : undeclared symbol 'start', assumed default net type 'wire' in ../../src/rtl/FPGA/fpga_eg4s.sv(77)
HDL-1007 : analyze verilog file ../../src/rtl/FPGA/fpga_eg4s.sv
HDL-1007 : undeclared symbol 'en', assumed default net type 'wire' in ../../src/rtl/FPGA/fpga_eg4s.sv(76)
HDL-1007 : undeclared symbol 'start', assumed default net type 'wire' in ../../src/rtl/FPGA/fpga_eg4s.sv(77)
HDL-1007 : analyze verilog file ../../src/rtl/FPGA/fpga_eg4s.sv
HDL-1007 : undeclared symbol 'en', assumed default net type 'wire' in ../../src/rtl/FPGA/fpga_eg4s.sv(75)
HDL-1007 : undeclared symbol 'start', assumed default net type 'wire' in ../../src/rtl/FPGA/fpga_eg4s.sv(76)
HDL-1007 : analyze verilog file ../../src/rtl/FPGA/fpga_eg4s.sv
HDL-1007 : undeclared symbol 'en', assumed default net type 'wire' in ../../src/rtl/FPGA/fpga_eg4s.sv(76)
HDL-1007 : undeclared symbol 'start', assumed default net type 'wire' in ../../src/rtl/FPGA/fpga_eg4s.sv(77)
RUN-1001 : Print Global Property
RUN-1001 : ---------------------------------------------------------------
RUN-1001 :        Parameters        |  Settings  |  Default Values  |  Note  
RUN-1001 : ---------------------------------------------------------------
RUN-1001 :          message         |  standard  |     standard     |        
RUN-1001 :   mixed_pack_place_flow  |     on     |        on        |        
RUN-1001 :        qor_monitor       |    off     |       off        |        
RUN-1001 :        syn_ip_flow       |    off     |       off        |        
RUN-1001 :          thread          |    auto    |       auto       |        
RUN-1001 : ---------------------------------------------------------------
RUN-1001 : Print Design Property
RUN-1001 : --------------------------------------------------------------
RUN-1001 :        Parameters       |  Settings  |  Default Values  |  Note  
RUN-1001 : --------------------------------------------------------------
RUN-1001 :   default_reg_initial   |    auto    |       auto       |        
RUN-1001 :        infer_add        |     on     |        on        |        
RUN-1001 :        infer_fsm        |    off     |       off        |        
RUN-1001 :        infer_mult       |     on     |        on        |        
RUN-1001 :        infer_ram        |     on     |        on        |        
RUN-1001 :        infer_reg        |     on     |        on        |        
RUN-1001 :   infer_reg_init_value  |     on     |        on        |        
RUN-1001 :        infer_rom        |     on     |        on        |        
RUN-1001 :      infer_shifter      |     on     |        on        |        
RUN-1001 : --------------------------------------------------------------
RUN-1001 : Print Rtl Property
RUN-1001 : --------------------------------------------------------------
RUN-1001 :        Parameters       |  Settings  |  Default Values  |  Note  
RUN-1001 : --------------------------------------------------------------
RUN-1001 :       compress_add      |   ripple   |      ripple      |        
RUN-1001 :        elf_sload        |    off     |       off        |        
RUN-1001 :       fix_undriven      |     0      |        0         |        
RUN-1001 :         flatten         |    off     |       off        |        
RUN-1001 :       gate_sharing      |     on     |        on        |        
RUN-1001 :    hdl_warning_level    |   normal   |      normal      |        
RUN-1001 :   impl_internal_tribuf  |     on     |        on        |        
RUN-1001 :      impl_set_reset     |     on     |        on        |        
RUN-1001 :        infer_gsr        |    off     |       off        |        
RUN-1001 :      keep_hierarchy     |    auto    |       auto       |        
RUN-1001 :        max_fanout       |    9999    |       9999       |        
RUN-1001 :      max_oh2bin_len     |     10     |        10        |        
RUN-1001 :       merge_equal       |     on     |        on        |        
RUN-1001 :       merge_equiv       |     on     |        on        |        
RUN-1001 :        merge_mux        |    off     |       off        |        
RUN-1001 :     min_control_set     |     8      |        8         |        
RUN-1001 :      min_ripple_len     |    auto    |       auto       |        
RUN-1001 :       oh2bin_ratio      |    0.08    |       0.08       |        
RUN-1001 :     opt_adder_fanout    |     on     |        on        |        
RUN-1001 :        opt_arith        |     on     |        on        |        
RUN-1001 :       opt_big_gate      |    off     |       off        |        
RUN-1001 :        opt_const        |     on     |        on        |        
RUN-1001 :      opt_const_mult     |     on     |        on        |        
RUN-1001 :       opt_lessthan      |     on     |        on        |        
RUN-1001 :         opt_mux         |    off     |       off        |        
RUN-1001 :         opt_ram         |    high    |       high       |        
RUN-1001 :      rtl_sim_model      |    off     |       off        |        
RUN-1001 :         seq_syn         |     on     |        on        |        
RUN-1001 : --------------------------------------------------------------
HDL-1007 : analyze verilog file al_ip/PLL_150M.v
HDL-1007 : undeclared symbol 'open', assumed default net type 'wire' in al_ip/PLL_150M.v(85)
HDL-1007 : analyze verilog file al_ip/hasyncfifo_ahead12to12.v
HDL-1007 : analyze verilog file ../../src/rtl/FPGA/fpga_eg4s.sv
HDL-1007 : undeclared symbol 'en', assumed default net type 'wire' in ../../src/rtl/FPGA/fpga_eg4s.sv(76)
HDL-1007 : undeclared symbol 'start', assumed default net type 'wire' in ../../src/rtl/FPGA/fpga_eg4s.sv(77)
HDL-1007 : analyze verilog file ../../src/rtl/LED_CTRL_top/led_ctrl_top.sv
HDL-1007 : analyze verilog file ../../src/rtl/led_phy/LED_send.sv
HDL-1007 : analyze verilog file ../../src/rtl/led_phy/cdc_sbit_handshake.sv
HDL-1007 : analyze verilog file ../../src/rtl/led_phy/fifo_fsm.sv
HDL-1007 : analyze verilog file ../../src/rtl/led_phy/hasyncfifo_ahead12to12.v
HDL-1007 : analyze verilog file ../../src/rtl/FPGA/fpga_eg4s.sv
HDL-1007 : undeclared symbol 'en', assumed default net type 'wire' in ../../src/rtl/FPGA/fpga_eg4s.sv(76)
HDL-1007 : undeclared symbol 'start', assumed default net type 'wire' in ../../src/rtl/FPGA/fpga_eg4s.sv(77)
HDL-1007 : analyze verilog file ../../src/rtl/FPGA/fpga_eg4s.sv
HDL-1007 : undeclared symbol 'en', assumed default net type 'wire' in ../../src/rtl/FPGA/fpga_eg4s.sv(77)
HDL-1007 : undeclared symbol 'start', assumed default net type 'wire' in ../../src/rtl/FPGA/fpga_eg4s.sv(78)
HDL-8007 ERROR: cannot find port 'clk3_out' on this module in ../../src/rtl/FPGA/fpga_eg4s.sv(68)
HDL-1007 : analyze verilog file ../../src/rtl/FPGA/fpga_eg4s.sv
HDL-1007 : undeclared symbol 'en', assumed default net type 'wire' in ../../src/rtl/FPGA/fpga_eg4s.sv(77)
HDL-1007 : undeclared symbol 'start', assumed default net type 'wire' in ../../src/rtl/FPGA/fpga_eg4s.sv(78)
HDL-1007 : analyze verilog file ../../src/rtl/LED_CTRL_top/led_ctrl_top.sv
HDL-1007 : analyze verilog file ../../src/rtl/LED_CTRL_top/led_ctrl_top.sv
RUN-1001 : reset_run syn_1.
RUN-1001 : launch_runs syn_1 -step opt_gate.
RUN-1001 : reset_run phy_1.
GUI-6001 WARNING: File //wsl.localhost/Ubuntu-20.04/home/superior/LED/td/EG4S20_version1/led_4s_Runs/phy_1/led_4s.bit does not exist!
RUN-1001 : syn_1: run complete.
RUN-1001 : open_run syn_1.
RUN-1002 : start command "import_db //wsl.localhost/Ubuntu-20.04/home/superior/LED/td/EG4S20_version1/led_4s_Runs/syn_1/led_4s_gate.db"
RUN-1001 : Importing database generated by Tang Dynasty, V5.6.71036.
RUN-1001 : Database version number 46146.
RUN-1001 : Import flow parameters
RUN-1001 : Import IO constraints
RUN-1001 : Import Inst constraints
RUN-1001 : Import design success TD_VERSION=5.6.71036 , DB_VERSION=46146
GUI-1001 : User opens ChipWatcher ...
PRG-1000 : <!-- HMAC is: f5bcf6ad10322d7f2bcc3f4f4c26af3b29a4efc9e5d71ce1f4d9caa6a0e3e731 -->
PRG-1000 : <!-- HMAC is: e4f5738b86a5bcc357f484e5a2433a2abbbc6ab6618d82da36c252de677acc12 -->
RUN-1001 : launch_runs phy_1 -step bitgen.
RUN-1001 : phy_1: run complete.
RUN-1001 : open_run phy_1.
RUN-1002 : start command "import_db //wsl.localhost/Ubuntu-20.04/home/superior/LED/td/EG4S20_version1/led_4s_Runs/phy_1/led_4s_pr.db"
RUN-1001 : Importing database generated by Tang Dynasty, V5.6.71036.
RUN-1001 : Database version number 46146.
RUN-1001 : Import flow parameters
PHY-1001 : Generate detailed routing grids ...
PHY-1001 : Generate nets ...
PHY-1001 : clock net clk_150m will be merged with clock u_PLL_150M/clk0_buf
PHY-1001 : net clk_3m will be routed on clock mesh
PHY-1001 : net sysclk_i_dup_1 will be routed on clock mesh
PHY-1001 : net u_ctrl_top/u_LED_send/clk will be routed on clock mesh
PHY-1001 : clock net config_inst_syn_10 will be merged with clock config_inst_syn_9
PHY-1001 : eco open net = 0
PHY-1001 : 2 feed throughs used by 2 nets
RUN-1001 : Import IO constraints
RUN-1001 : Import Inst constraints
RUN-1001 : Import ChipWatcher
RUN-1001 : Import design success TD_VERSION=5.6.71036 , DB_VERSION=46146
RUN-1003 : finish command "import_db //wsl.localhost/Ubuntu-20.04/home/superior/LED/td/EG4S20_version1/led_4s_Runs/phy_1/led_4s_pr.db" in  1.146814s wall, 0.562500s user + 0.046875s system = 0.609375s CPU (53.1%)

RUN-1004 : used memory is 657 MB, reserved memory is 582 MB, peak memory is 688 MB
RUN-1002 : start command "config_chipwatcher -sync cwc001.cwc -dir "
KIT-1004 : ChipWatcher: import watcher inst auto_chipwatcher_0 completed, there are 2 view nodes, 13 trigger nets, 13 data nets.
GUI-1001 : Import cwc001.cwc success!
RUN-1002 : start command "download -bit led_4s_Runs/phy_1/led_4s.bit -mode jtag_burst -spd 7 -cable 0 -total_dev 1 -cur_dev 1"
PRG-2014 : Chip validation success: EAGLE_S20_BG256
RUN-1002 : start command "bit_to_vec -chip EAGLE_S20_BG256 -m jtag_burst -freq 4 -bit led_4s_Runs/phy_1/led_4s.bit"
RUN-1002 : start command "program -cable 0 -mode svf -spd 7 -p"
RUN-1003 : finish command "program -cable 0 -mode svf -spd 7 -p" in  6.533262s wall, 0.031250s user + 0.109375s system = 0.140625s CPU (2.2%)

RUN-1004 : used memory is 667 MB, reserved memory is 593 MB, peak memory is 688 MB
RUN-1003 : finish command "download -bit led_4s_Runs/phy_1/led_4s.bit -mode jtag_burst -spd 7 -cable 0 -total_dev 1 -cur_dev 1" in  7.047469s wall, 0.046875s user + 0.125000s system = 0.171875s CPU (2.4%)

RUN-1004 : used memory is 667 MB, reserved memory is 593 MB, peak memory is 688 MB
GUI-1001 : Downloading succeeded!
KIT-1004 : ChipWatcher: write ctrl reg value: 00000000000000000000000000000000000000000000000000000000
KIT-1004 : ChipWatcher: write ctrl reg value: 01101111111111110000000000000000110010000000000000000001
KIT-1004 : ChipWatcher: the value of status register = 010000010001010011
KIT-1004 : ChipWatcher: the value of status register = 010001111111100110
KIT-1004 : ChipWatcher: the value of status register = 010000010101110010
KIT-1004 : ChipWatcher: the value of status register = 010000000101010010
KIT-1004 : ChipWatcher: the value of status register = 010001010000110010
KIT-1004 : ChipWatcher: the value of status register = 010001001011111011
KIT-1004 : ChipWatcher: the value of status register = 010001110100011010
KIT-1004 : ChipWatcher: the value of status register = 010001010000000000
KIT-1004 : ChipWatcher: the value of status register = 010000001011000101
KIT-1004 : ChipWatcher: the value of status register = 010001010000000100
KIT-1004 : ChipWatcher: the value of status register = 010000000101111110
KIT-1004 : ChipWatcher: the value of status register = 010000110100101011
KIT-1004 : ChipWatcher: the value of status register = 010001110000001011
KIT-1004 : ChipWatcher: the value of status register = 010000000100011110
KIT-1004 : ChipWatcher: the value of status register = 010001000100011001
KIT-1004 : ChipWatcher: the value of status register = 010000011001111010
KIT-1004 : ChipWatcher: the value of status register = 010001111100010010
KIT-1004 : ChipWatcher: the value of status register = 010000111000111011
KIT-1004 : ChipWatcher: the value of status register = 010000101001001010
KIT-1004 : ChipWatcher: the value of status register = 010001111101111110
KIT-1004 : ChipWatcher: the value of status register = 010001011000100010
KIT-1004 : ChipWatcher: write ctrl reg value: 01101111111111110000000000000000110010000000000000000011
KIT-1004 : ChipWatcher: the value of status register = 010000011110000100
RUN-1002 : start command "rdbk_bram -bram 0X0004 -cable 0 -total_dev 1 -cur_dev 1"
KIT-1001 : Read back data from BRAM 0X0004 successfully.
RUN-1002 : start command "rdbk_bram -bram 0X0005 -cable 0 -total_dev 1 -cur_dev 1"
KIT-1001 : Read back data from BRAM 0X0005 successfully.
RUN-1002 : start command "rdbk_bram -bram 0X0006 -cable 0 -total_dev 1 -cur_dev 1"
KIT-1001 : Read back data from BRAM 0X0006 successfully.
RUN-1002 : start command "rdbk_bram -bram 0X0007 -cable 0 -total_dev 1 -cur_dev 1"
KIT-1001 : Read back data from BRAM 0X0007 successfully.
RUN-1002 : start command "rdbk_bram -bram 0X0008 -cable 0 -total_dev 1 -cur_dev 1"
KIT-1001 : Read back data from BRAM 0X0008 successfully.
RUN-1002 : start command "rdbk_bram -bram 0X0009 -cable 0 -total_dev 1 -cur_dev 1"
KIT-1001 : Read back data from BRAM 0X0009 successfully.
RUN-1002 : start command "rdbk_bram -bram 0X000A -cable 0 -total_dev 1 -cur_dev 1"
KIT-1001 : Read back data from BRAM 0X000A successfully.
RUN-1002 : start command "rdbk_bram -bram 0X000B -cable 0 -total_dev 1 -cur_dev 1"
KIT-1001 : Read back data from BRAM 0X000B successfully.
RUN-1002 : start command "rdbk_bram -bram 0X000C -cable 0 -total_dev 1 -cur_dev 1"
KIT-1001 : Read back data from BRAM 0X000C successfully.
RUN-1002 : start command "rdbk_bram -bram 0X000D -cable 0 -total_dev 1 -cur_dev 1"
KIT-1001 : Read back data from BRAM 0X000D successfully.
RUN-1002 : start command "rdbk_bram -bram 0X000E -cable 0 -total_dev 1 -cur_dev 1"
KIT-1001 : Read back data from BRAM 0X000E successfully.
RUN-1002 : start command "rdbk_bram -bram 0X000F -cable 0 -total_dev 1 -cur_dev 1"
KIT-1001 : Read back data from BRAM 0X000F successfully.
SYN-2541 : Attrs-to-init for 12 logic bram(s)
SYN-2541 : Reading sub[0] auto_chipwatcher_0_logicbram_syn_1
SYN-2541 : Reading sub[1] auto_chipwatcher_0_logicbram_syn_11
SYN-2541 : Reading sub[2] auto_chipwatcher_0_logicbram_syn_21
SYN-2541 : Reading sub[3] auto_chipwatcher_0_logicbram_syn_31
SYN-2541 : Reading sub[4] auto_chipwatcher_0_logicbram_syn_41
SYN-2541 : Reading sub[5] auto_chipwatcher_0_logicbram_syn_51
SYN-2541 : Reading sub[6] auto_chipwatcher_0_logicbram_syn_61
SYN-2541 : Reading sub[7] auto_chipwatcher_0_logicbram_syn_71
SYN-2541 : Reading sub[8] auto_chipwatcher_0_logicbram_syn_81
SYN-2541 : Reading sub[9] auto_chipwatcher_0_logicbram_syn_83
SYN-2541 : Reading sub[10] auto_chipwatcher_0_logicbram_syn_85
SYN-2541 : Reading sub[11] auto_chipwatcher_0_logicbram_syn_87
KIT-1004 : ChipWatcher: write ctrl reg value: 01101111111111110000000000000000110010000000000000000000
GUI-001 : Delete u_ctrl_top/rd successfully
GUI-1001 : User closes ChipWatcher ...
RUN-1001 : open_run phy_1.
RUN-1002 : start command "import_db //wsl.localhost/Ubuntu-20.04/home/superior/LED/td/EG4S20_version1/led_4s_Runs/phy_1/led_4s_pr.db"
RUN-1001 : Importing database generated by Tang Dynasty, V5.6.71036.
RUN-1001 : Database version number 46146.
RUN-1001 : Import flow parameters
PHY-1001 : Generate detailed routing grids ...
PHY-1001 : Generate nets ...
PHY-1001 : clock net clk_150m will be merged with clock u_PLL_150M/clk0_buf
PHY-1001 : net clk_3m will be routed on clock mesh
PHY-1001 : net sysclk_i_dup_1 will be routed on clock mesh
PHY-1001 : net u_ctrl_top/u_LED_send/clk will be routed on clock mesh
PHY-1001 : clock net config_inst_syn_10 will be merged with clock config_inst_syn_9
PHY-1001 : eco open net = 0
PHY-1001 : 2 feed throughs used by 2 nets
RUN-1001 : Import IO constraints
RUN-1001 : Import Inst constraints
RUN-1001 : Import ChipWatcher
RUN-1001 : Import design success TD_VERSION=5.6.71036 , DB_VERSION=46146
RUN-1003 : finish command "import_db //wsl.localhost/Ubuntu-20.04/home/superior/LED/td/EG4S20_version1/led_4s_Runs/phy_1/led_4s_pr.db" in  1.299273s wall, 0.531250s user + 0.031250s system = 0.562500s CPU (43.3%)

RUN-1004 : used memory is 662 MB, reserved memory is 583 MB, peak memory is 709 MB
HDL-1007 : analyze verilog file ../../src/rtl/FPGA/fpga_eg4s.sv
HDL-1007 : undeclared symbol 'en', assumed default net type 'wire' in ../../src/rtl/FPGA/fpga_eg4s.sv(77)
HDL-1007 : undeclared symbol 'start', assumed default net type 'wire' in ../../src/rtl/FPGA/fpga_eg4s.sv(78)
RUN-1001 : reset_run syn_1.
RUN-1001 : launch_runs syn_1 -step opt_gate.
RUN-1001 : reset_run phy_1.
RUN-1001 : syn_1: run complete.
RUN-1001 : open_run syn_1.
RUN-1002 : start command "import_db //wsl.localhost/Ubuntu-20.04/home/superior/LED/td/EG4S20_version1/led_4s_Runs/syn_1/led_4s_gate.db"
RUN-1001 : Importing database generated by Tang Dynasty, V5.6.71036.
RUN-1001 : Database version number 46146.
RUN-1001 : Import flow parameters
RUN-1001 : Import IO constraints
RUN-1001 : Import Inst constraints
RUN-1001 : Import design success TD_VERSION=5.6.71036 , DB_VERSION=46146
RUN-1002 : start command "config_chipwatcher cwc001.cwc -dir "
KIT-1004 : ChipWatcher: import watcher inst auto_chipwatcher_0 completed, there are 2 view nodes, 13 trigger nets, 13 data nets.
KIT-1004 : Chipwatcher code = 0011001100010100
GUI-1001 : Import cwc001.cwc success!
GUI-1001 : User opens ChipWatcher ...
GUI-001 : Delete u_ctrl_top/rd successfully
GUI-1001 : Delete u_ctrl_top/fifo_data_out[11:0] successfully
PRG-1000 : <!-- HMAC is: 1262b54ec92cee94bf48e5105c9e1951af91f8b391be6926340e1132d20ee13c -->
RUN-1001 : launch_runs phy_1 -step bitgen.
RUN-1001 : phy_1: run complete.
RUN-1001 : open_run phy_1.
RUN-1002 : start command "import_db //wsl.localhost/Ubuntu-20.04/home/superior/LED/td/EG4S20_version1/led_4s_Runs/phy_1/led_4s_pr.db"
RUN-1001 : Importing database generated by Tang Dynasty, V5.6.71036.
RUN-1001 : Database version number 46146.
RUN-1001 : Import flow parameters
PHY-1001 : Generate detailed routing grids ...
PHY-1001 : Generate nets ...
PHY-1001 : net clk_10m will be routed on clock mesh
PHY-1001 : clock net clk_150m will be merged with clock u_PLL_150M/clk0_buf
PHY-5010 WARNING: Net clk_3m is skipped due to 0 input or output
PHY-1001 : net sysclk_i_dup_1 will be routed on clock mesh
PHY-1001 : clock net config_inst_syn_10 will be merged with clock config_inst_syn_9
PHY-5010 WARNING: Net clk_3m is skipped due to 0 input or output
PHY-1001 : eco open net = 0
PHY-1001 : 12 feed throughs used by 10 nets
RUN-1001 : Import IO constraints
RUN-1001 : Import Inst constraints
RUN-1001 : Import ChipWatcher
RUN-1001 : Import design success TD_VERSION=5.6.71036 , DB_VERSION=46146
RUN-1003 : finish command "import_db //wsl.localhost/Ubuntu-20.04/home/superior/LED/td/EG4S20_version1/led_4s_Runs/phy_1/led_4s_pr.db" in  1.327846s wall, 0.562500s user + 0.062500s system = 0.625000s CPU (47.1%)

RUN-1004 : used memory is 682 MB, reserved memory is 605 MB, peak memory is 709 MB
RUN-1002 : start command "config_chipwatcher -sync cwc001.cwc -dir "
KIT-1004 : ChipWatcher: import watcher inst auto_chipwatcher_0 completed, there are 6 view nodes, 30 trigger nets, 30 data nets.
GUI-1001 : Import cwc001.cwc success!
RUN-1002 : start command "download -bit led_4s_Runs/phy_1/led_4s.bit -mode jtag_burst -spd 7 -cable 0 -total_dev 1 -cur_dev 1"
PRG-2014 : Chip validation success: EAGLE_S20_BG256
RUN-1002 : start command "bit_to_vec -chip EAGLE_S20_BG256 -m jtag_burst -freq 4 -bit led_4s_Runs/phy_1/led_4s.bit"
RUN-1002 : start command "program -cable 0 -mode svf -spd 7 -p"
RUN-1003 : finish command "program -cable 0 -mode svf -spd 7 -p" in  6.695903s wall, 0.140625s user + 0.125000s system = 0.265625s CPU (4.0%)

RUN-1004 : used memory is 702 MB, reserved memory is 626 MB, peak memory is 720 MB
RUN-1003 : finish command "download -bit led_4s_Runs/phy_1/led_4s.bit -mode jtag_burst -spd 7 -cable 0 -total_dev 1 -cur_dev 1" in  7.207511s wall, 0.218750s user + 0.125000s system = 0.343750s CPU (4.8%)

RUN-1004 : used memory is 702 MB, reserved memory is 626 MB, peak memory is 720 MB
GUI-1001 : Downloading succeeded!
KIT-1004 : ChipWatcher: write ctrl reg value: 0000000000000000000000000000000000000000000000000000000000000000000000000000000000000000000000000000000000000000
KIT-1004 : ChipWatcher: write ctrl reg value: 0101110101110110111111111111000000000000011011110000000011011011111111111000000000000010000000000000000001000000
KIT-1004 : ChipWatcher: the value of status register = 110001100000000100
RUN-1002 : start command "rdbk_bram -bram 0X0004 -cable 0 -total_dev 1 -cur_dev 1"
KIT-1001 : Read back data from BRAM 0X0004 successfully.
RUN-1002 : start command "rdbk_bram -bram 0X0005 -cable 0 -total_dev 1 -cur_dev 1"
KIT-1001 : Read back data from BRAM 0X0005 successfully.
RUN-1002 : start command "rdbk_bram -bram 0X0006 -cable 0 -total_dev 1 -cur_dev 1"
KIT-1001 : Read back data from BRAM 0X0006 successfully.
RUN-1002 : start command "rdbk_bram -bram 0X0007 -cable 0 -total_dev 1 -cur_dev 1"
KIT-1001 : Read back data from BRAM 0X0007 successfully.
RUN-1002 : start command "rdbk_bram -bram 0X0008 -cable 0 -total_dev 1 -cur_dev 1"
KIT-1001 : Read back data from BRAM 0X0008 successfully.
RUN-1002 : start command "rdbk_bram -bram 0X0009 -cable 0 -total_dev 1 -cur_dev 1"
KIT-1001 : Read back data from BRAM 0X0009 successfully.
RUN-1002 : start command "rdbk_bram -bram 0X000A -cable 0 -total_dev 1 -cur_dev 1"
KIT-1001 : Read back data from BRAM 0X000A successfully.
RUN-1002 : start command "rdbk_bram -bram 0X000B -cable 0 -total_dev 1 -cur_dev 1"
KIT-1001 : Read back data from BRAM 0X000B successfully.
RUN-1002 : start command "rdbk_bram -bram 0X000C -cable 0 -total_dev 1 -cur_dev 1"
KIT-1001 : Read back data from BRAM 0X000C successfully.
RUN-1002 : start command "rdbk_bram -bram 0X000D -cable 0 -total_dev 1 -cur_dev 1"
KIT-1001 : Read back data from BRAM 0X000D successfully.
RUN-1002 : start command "rdbk_bram -bram 0X000E -cable 0 -total_dev 1 -cur_dev 1"
KIT-1001 : Read back data from BRAM 0X000E successfully.
RUN-1002 : start command "rdbk_bram -bram 0X000F -cable 0 -total_dev 1 -cur_dev 1"
KIT-1001 : Read back data from BRAM 0X000F successfully.
RUN-1002 : start command "rdbk_bram -bram 0X0010 -cable 0 -total_dev 1 -cur_dev 1"
KIT-1001 : Read back data from BRAM 0X0010 successfully.
RUN-1002 : start command "rdbk_bram -bram 0X0011 -cable 0 -total_dev 1 -cur_dev 1"
KIT-1001 : Read back data from BRAM 0X0011 successfully.
RUN-1002 : start command "rdbk_bram -bram 0X0012 -cable 0 -total_dev 1 -cur_dev 1"
KIT-1001 : Read back data from BRAM 0X0012 successfully.
RUN-1002 : start command "rdbk_bram -bram 0X0013 -cable 0 -total_dev 1 -cur_dev 1"
KIT-1001 : Read back data from BRAM 0X0013 successfully.
RUN-1002 : start command "rdbk_bram -bram 0X0014 -cable 0 -total_dev 1 -cur_dev 1"
KIT-1001 : Read back data from BRAM 0X0014 successfully.
RUN-1002 : start command "rdbk_bram -bram 0X0015 -cable 0 -total_dev 1 -cur_dev 1"
KIT-1001 : Read back data from BRAM 0X0015 successfully.
RUN-1002 : start command "rdbk_bram -bram 0X0016 -cable 0 -total_dev 1 -cur_dev 1"
KIT-1001 : Read back data from BRAM 0X0016 successfully.
RUN-1002 : start command "rdbk_bram -bram 0X0017 -cable 0 -total_dev 1 -cur_dev 1"
KIT-1001 : Read back data from BRAM 0X0017 successfully.
RUN-1002 : start command "rdbk_bram -bram 0X0018 -cable 0 -total_dev 1 -cur_dev 1"
KIT-1001 : Read back data from BRAM 0X0018 successfully.
RUN-1002 : start command "rdbk_bram -bram 0X0019 -cable 0 -total_dev 1 -cur_dev 1"
KIT-1001 : Read back data from BRAM 0X0019 successfully.
RUN-1002 : start command "rdbk_bram -bram 0X001A -cable 0 -total_dev 1 -cur_dev 1"
KIT-1001 : Read back data from BRAM 0X001A successfully.
RUN-1002 : start command "rdbk_bram -bram 0X001B -cable 0 -total_dev 1 -cur_dev 1"
KIT-1001 : Read back data from BRAM 0X001B successfully.
RUN-1002 : start command "rdbk_bram -bram 0X001C -cable 0 -total_dev 1 -cur_dev 1"
KIT-1001 : Read back data from BRAM 0X001C successfully.
RUN-1002 : start command "rdbk_bram -bram 0X001D -cable 0 -total_dev 1 -cur_dev 1"
KIT-1001 : Read back data from BRAM 0X001D successfully.
RUN-1002 : start command "rdbk_bram -bram 0X001E -cable 0 -total_dev 1 -cur_dev 1"
KIT-1001 : Read back data from BRAM 0X001E successfully.
SYN-2541 : Attrs-to-init for 27 logic bram(s)
SYN-2541 : Reading sub[0] auto_chipwatcher_0_logicbram_syn_1
SYN-2541 : Reading sub[1] auto_chipwatcher_0_logicbram_syn_11
SYN-2541 : Reading sub[2] auto_chipwatcher_0_logicbram_syn_21
SYN-2541 : Reading sub[3] auto_chipwatcher_0_logicbram_syn_31
SYN-2541 : Reading sub[4] auto_chipwatcher_0_logicbram_syn_41
SYN-2541 : Reading sub[5] auto_chipwatcher_0_logicbram_syn_51
SYN-2541 : Reading sub[6] auto_chipwatcher_0_logicbram_syn_61
SYN-2541 : Reading sub[7] auto_chipwatcher_0_logicbram_syn_71
SYN-2541 : Reading sub[8] auto_chipwatcher_0_logicbram_syn_81
SYN-2541 : Reading sub[9] auto_chipwatcher_0_logicbram_syn_91
SYN-2541 : Reading sub[10] auto_chipwatcher_0_logicbram_syn_101
SYN-2541 : Reading sub[11] auto_chipwatcher_0_logicbram_syn_111
SYN-2541 : Reading sub[12] auto_chipwatcher_0_logicbram_syn_121
SYN-2541 : Reading sub[13] auto_chipwatcher_0_logicbram_syn_131
SYN-2541 : Reading sub[14] auto_chipwatcher_0_logicbram_syn_141
SYN-2541 : Reading sub[15] auto_chipwatcher_0_logicbram_syn_151
SYN-2541 : Reading sub[16] auto_chipwatcher_0_logicbram_syn_161
SYN-2541 : Reading sub[17] auto_chipwatcher_0_logicbram_syn_171
SYN-2541 : Reading sub[18] auto_chipwatcher_0_logicbram_syn_181
SYN-2541 : Reading sub[19] auto_chipwatcher_0_logicbram_syn_191
SYN-2541 : Reading sub[20] auto_chipwatcher_0_logicbram_syn_201
SYN-2541 : Reading sub[21] auto_chipwatcher_0_logicbram_syn_211
SYN-2541 : Reading sub[22] auto_chipwatcher_0_logicbram_syn_221
SYN-2541 : Reading sub[23] auto_chipwatcher_0_logicbram_syn_231
SYN-2541 : Reading sub[24] auto_chipwatcher_0_logicbram_syn_241
SYN-2541 : Reading sub[25] auto_chipwatcher_0_logicbram_syn_243
SYN-2541 : Reading sub[26] auto_chipwatcher_0_logicbram_syn_245
KIT-1004 : ChipWatcher: write ctrl reg value: 0101110101110110111111111111000000000000011011110000000011011011111111111000000000000010000000000000000000000000
KIT-1004 : ChipWatcher: write ctrl reg value: 0000000000000000000000000000000000000000000000000000000000000000000000000000000000000000000000000000000000000000
KIT-1004 : ChipWatcher: write ctrl reg value: 0101110001110110111111111111000000000000011011110000010111011011111111111000000000000010000000000000000001000000
KIT-1004 : ChipWatcher: the value of status register = 110000001001001000
RUN-1002 : start command "rdbk_bram -bram 0X0004 -cable 0 -total_dev 1 -cur_dev 1"
KIT-1001 : Read back data from BRAM 0X0004 successfully.
RUN-1002 : start command "rdbk_bram -bram 0X0005 -cable 0 -total_dev 1 -cur_dev 1"
KIT-1001 : Read back data from BRAM 0X0005 successfully.
RUN-1002 : start command "rdbk_bram -bram 0X0006 -cable 0 -total_dev 1 -cur_dev 1"
KIT-1001 : Read back data from BRAM 0X0006 successfully.
RUN-1002 : start command "rdbk_bram -bram 0X0007 -cable 0 -total_dev 1 -cur_dev 1"
KIT-1001 : Read back data from BRAM 0X0007 successfully.
RUN-1002 : start command "rdbk_bram -bram 0X0008 -cable 0 -total_dev 1 -cur_dev 1"
KIT-1001 : Read back data from BRAM 0X0008 successfully.
RUN-1002 : start command "rdbk_bram -bram 0X0009 -cable 0 -total_dev 1 -cur_dev 1"
KIT-1001 : Read back data from BRAM 0X0009 successfully.
RUN-1002 : start command "rdbk_bram -bram 0X000A -cable 0 -total_dev 1 -cur_dev 1"
KIT-1001 : Read back data from BRAM 0X000A successfully.
RUN-1002 : start command "rdbk_bram -bram 0X000B -cable 0 -total_dev 1 -cur_dev 1"
KIT-1001 : Read back data from BRAM 0X000B successfully.
RUN-1002 : start command "rdbk_bram -bram 0X000C -cable 0 -total_dev 1 -cur_dev 1"
KIT-1001 : Read back data from BRAM 0X000C successfully.
RUN-1002 : start command "rdbk_bram -bram 0X000D -cable 0 -total_dev 1 -cur_dev 1"
KIT-1001 : Read back data from BRAM 0X000D successfully.
RUN-1002 : start command "rdbk_bram -bram 0X000E -cable 0 -total_dev 1 -cur_dev 1"
KIT-1001 : Read back data from BRAM 0X000E successfully.
RUN-1002 : start command "rdbk_bram -bram 0X000F -cable 0 -total_dev 1 -cur_dev 1"
KIT-1001 : Read back data from BRAM 0X000F successfully.
RUN-1002 : start command "rdbk_bram -bram 0X0010 -cable 0 -total_dev 1 -cur_dev 1"
KIT-1001 : Read back data from BRAM 0X0010 successfully.
RUN-1002 : start command "rdbk_bram -bram 0X0011 -cable 0 -total_dev 1 -cur_dev 1"
KIT-1001 : Read back data from BRAM 0X0011 successfully.
RUN-1002 : start command "rdbk_bram -bram 0X0012 -cable 0 -total_dev 1 -cur_dev 1"
KIT-1001 : Read back data from BRAM 0X0012 successfully.
RUN-1002 : start command "rdbk_bram -bram 0X0013 -cable 0 -total_dev 1 -cur_dev 1"
KIT-1001 : Read back data from BRAM 0X0013 successfully.
RUN-1002 : start command "rdbk_bram -bram 0X0014 -cable 0 -total_dev 1 -cur_dev 1"
KIT-1001 : Read back data from BRAM 0X0014 successfully.
RUN-1002 : start command "rdbk_bram -bram 0X0015 -cable 0 -total_dev 1 -cur_dev 1"
KIT-1001 : Read back data from BRAM 0X0015 successfully.
RUN-1002 : start command "rdbk_bram -bram 0X0016 -cable 0 -total_dev 1 -cur_dev 1"
KIT-1001 : Read back data from BRAM 0X0016 successfully.
RUN-1002 : start command "rdbk_bram -bram 0X0017 -cable 0 -total_dev 1 -cur_dev 1"
KIT-1001 : Read back data from BRAM 0X0017 successfully.
RUN-1002 : start command "rdbk_bram -bram 0X0018 -cable 0 -total_dev 1 -cur_dev 1"
KIT-1001 : Read back data from BRAM 0X0018 successfully.
RUN-1002 : start command "rdbk_bram -bram 0X0019 -cable 0 -total_dev 1 -cur_dev 1"
KIT-1001 : Read back data from BRAM 0X0019 successfully.
RUN-1002 : start command "rdbk_bram -bram 0X001A -cable 0 -total_dev 1 -cur_dev 1"
KIT-1001 : Read back data from BRAM 0X001A successfully.
RUN-1002 : start command "rdbk_bram -bram 0X001B -cable 0 -total_dev 1 -cur_dev 1"
KIT-1001 : Read back data from BRAM 0X001B successfully.
RUN-1002 : start command "rdbk_bram -bram 0X001C -cable 0 -total_dev 1 -cur_dev 1"
KIT-1001 : Read back data from BRAM 0X001C successfully.
RUN-1002 : start command "rdbk_bram -bram 0X001D -cable 0 -total_dev 1 -cur_dev 1"
KIT-1001 : Read back data from BRAM 0X001D successfully.
RUN-1002 : start command "rdbk_bram -bram 0X001E -cable 0 -total_dev 1 -cur_dev 1"
KIT-1001 : Read back data from BRAM 0X001E successfully.
SYN-2541 : Attrs-to-init for 27 logic bram(s)
SYN-2541 : Reading sub[0] auto_chipwatcher_0_logicbram_syn_1
SYN-2541 : Reading sub[1] auto_chipwatcher_0_logicbram_syn_11
SYN-2541 : Reading sub[2] auto_chipwatcher_0_logicbram_syn_21
SYN-2541 : Reading sub[3] auto_chipwatcher_0_logicbram_syn_31
SYN-2541 : Reading sub[4] auto_chipwatcher_0_logicbram_syn_41
SYN-2541 : Reading sub[5] auto_chipwatcher_0_logicbram_syn_51
SYN-2541 : Reading sub[6] auto_chipwatcher_0_logicbram_syn_61
SYN-2541 : Reading sub[7] auto_chipwatcher_0_logicbram_syn_71
SYN-2541 : Reading sub[8] auto_chipwatcher_0_logicbram_syn_81
SYN-2541 : Reading sub[9] auto_chipwatcher_0_logicbram_syn_91
SYN-2541 : Reading sub[10] auto_chipwatcher_0_logicbram_syn_101
SYN-2541 : Reading sub[11] auto_chipwatcher_0_logicbram_syn_111
SYN-2541 : Reading sub[12] auto_chipwatcher_0_logicbram_syn_121
SYN-2541 : Reading sub[13] auto_chipwatcher_0_logicbram_syn_131
SYN-2541 : Reading sub[14] auto_chipwatcher_0_logicbram_syn_141
SYN-2541 : Reading sub[15] auto_chipwatcher_0_logicbram_syn_151
SYN-2541 : Reading sub[16] auto_chipwatcher_0_logicbram_syn_161
SYN-2541 : Reading sub[17] auto_chipwatcher_0_logicbram_syn_171
SYN-2541 : Reading sub[18] auto_chipwatcher_0_logicbram_syn_181
SYN-2541 : Reading sub[19] auto_chipwatcher_0_logicbram_syn_191
SYN-2541 : Reading sub[20] auto_chipwatcher_0_logicbram_syn_201
SYN-2541 : Reading sub[21] auto_chipwatcher_0_logicbram_syn_211
SYN-2541 : Reading sub[22] auto_chipwatcher_0_logicbram_syn_221
SYN-2541 : Reading sub[23] auto_chipwatcher_0_logicbram_syn_231
SYN-2541 : Reading sub[24] auto_chipwatcher_0_logicbram_syn_241
SYN-2541 : Reading sub[25] auto_chipwatcher_0_logicbram_syn_243
SYN-2541 : Reading sub[26] auto_chipwatcher_0_logicbram_syn_245
KIT-1004 : ChipWatcher: write ctrl reg value: 0101110001110110111111111111000000000000011011110000010111011011111111111000000000000010000000000000000000000000
KIT-1004 : ChipWatcher: write ctrl reg value: 0000000000000000000000000000000000000000000000000000000000000000000000000000000000000000000000000000000000000000
KIT-1004 : ChipWatcher: write ctrl reg value: 0101110001110110111111111111000000000000011011110000010111011011111111111000000000000010000000000000000001000000
KIT-1004 : ChipWatcher: the value of status register = 110000100100101010
RUN-1002 : start command "rdbk_bram -bram 0X0004 -cable 0 -total_dev 1 -cur_dev 1"
KIT-1001 : Read back data from BRAM 0X0004 successfully.
RUN-1002 : start command "rdbk_bram -bram 0X0005 -cable 0 -total_dev 1 -cur_dev 1"
KIT-1001 : Read back data from BRAM 0X0005 successfully.
RUN-1002 : start command "rdbk_bram -bram 0X0006 -cable 0 -total_dev 1 -cur_dev 1"
KIT-1001 : Read back data from BRAM 0X0006 successfully.
RUN-1002 : start command "rdbk_bram -bram 0X0007 -cable 0 -total_dev 1 -cur_dev 1"
KIT-1001 : Read back data from BRAM 0X0007 successfully.
RUN-1002 : start command "rdbk_bram -bram 0X0008 -cable 0 -total_dev 1 -cur_dev 1"
KIT-1001 : Read back data from BRAM 0X0008 successfully.
RUN-1002 : start command "rdbk_bram -bram 0X0009 -cable 0 -total_dev 1 -cur_dev 1"
KIT-1001 : Read back data from BRAM 0X0009 successfully.
RUN-1002 : start command "rdbk_bram -bram 0X000A -cable 0 -total_dev 1 -cur_dev 1"
KIT-1001 : Read back data from BRAM 0X000A successfully.
RUN-1002 : start command "rdbk_bram -bram 0X000B -cable 0 -total_dev 1 -cur_dev 1"
KIT-1001 : Read back data from BRAM 0X000B successfully.
RUN-1002 : start command "rdbk_bram -bram 0X000C -cable 0 -total_dev 1 -cur_dev 1"
KIT-1001 : Read back data from BRAM 0X000C successfully.
RUN-1002 : start command "rdbk_bram -bram 0X000D -cable 0 -total_dev 1 -cur_dev 1"
KIT-1001 : Read back data from BRAM 0X000D successfully.
RUN-1002 : start command "rdbk_bram -bram 0X000E -cable 0 -total_dev 1 -cur_dev 1"
KIT-1001 : Read back data from BRAM 0X000E successfully.
RUN-1002 : start command "rdbk_bram -bram 0X000F -cable 0 -total_dev 1 -cur_dev 1"
KIT-1001 : Read back data from BRAM 0X000F successfully.
RUN-1002 : start command "rdbk_bram -bram 0X0010 -cable 0 -total_dev 1 -cur_dev 1"
KIT-1001 : Read back data from BRAM 0X0010 successfully.
RUN-1002 : start command "rdbk_bram -bram 0X0011 -cable 0 -total_dev 1 -cur_dev 1"
KIT-1001 : Read back data from BRAM 0X0011 successfully.
RUN-1002 : start command "rdbk_bram -bram 0X0012 -cable 0 -total_dev 1 -cur_dev 1"
KIT-1001 : Read back data from BRAM 0X0012 successfully.
RUN-1002 : start command "rdbk_bram -bram 0X0013 -cable 0 -total_dev 1 -cur_dev 1"
KIT-1001 : Read back data from BRAM 0X0013 successfully.
RUN-1002 : start command "rdbk_bram -bram 0X0014 -cable 0 -total_dev 1 -cur_dev 1"
KIT-1001 : Read back data from BRAM 0X0014 successfully.
RUN-1002 : start command "rdbk_bram -bram 0X0015 -cable 0 -total_dev 1 -cur_dev 1"
KIT-1001 : Read back data from BRAM 0X0015 successfully.
RUN-1002 : start command "rdbk_bram -bram 0X0016 -cable 0 -total_dev 1 -cur_dev 1"
KIT-1001 : Read back data from BRAM 0X0016 successfully.
RUN-1002 : start command "rdbk_bram -bram 0X0017 -cable 0 -total_dev 1 -cur_dev 1"
KIT-1001 : Read back data from BRAM 0X0017 successfully.
RUN-1002 : start command "rdbk_bram -bram 0X0018 -cable 0 -total_dev 1 -cur_dev 1"
KIT-1001 : Read back data from BRAM 0X0018 successfully.
RUN-1002 : start command "rdbk_bram -bram 0X0019 -cable 0 -total_dev 1 -cur_dev 1"
KIT-1001 : Read back data from BRAM 0X0019 successfully.
RUN-1002 : start command "rdbk_bram -bram 0X001A -cable 0 -total_dev 1 -cur_dev 1"
KIT-1001 : Read back data from BRAM 0X001A successfully.
RUN-1002 : start command "rdbk_bram -bram 0X001B -cable 0 -total_dev 1 -cur_dev 1"
KIT-1001 : Read back data from BRAM 0X001B successfully.
RUN-1002 : start command "rdbk_bram -bram 0X001C -cable 0 -total_dev 1 -cur_dev 1"
KIT-1001 : Read back data from BRAM 0X001C successfully.
RUN-1002 : start command "rdbk_bram -bram 0X001D -cable 0 -total_dev 1 -cur_dev 1"
KIT-1001 : Read back data from BRAM 0X001D successfully.
RUN-1002 : start command "rdbk_bram -bram 0X001E -cable 0 -total_dev 1 -cur_dev 1"
KIT-1001 : Read back data from BRAM 0X001E successfully.
SYN-2541 : Attrs-to-init for 27 logic bram(s)
SYN-2541 : Reading sub[0] auto_chipwatcher_0_logicbram_syn_1
SYN-2541 : Reading sub[1] auto_chipwatcher_0_logicbram_syn_11
SYN-2541 : Reading sub[2] auto_chipwatcher_0_logicbram_syn_21
SYN-2541 : Reading sub[3] auto_chipwatcher_0_logicbram_syn_31
SYN-2541 : Reading sub[4] auto_chipwatcher_0_logicbram_syn_41
SYN-2541 : Reading sub[5] auto_chipwatcher_0_logicbram_syn_51
SYN-2541 : Reading sub[6] auto_chipwatcher_0_logicbram_syn_61
SYN-2541 : Reading sub[7] auto_chipwatcher_0_logicbram_syn_71
SYN-2541 : Reading sub[8] auto_chipwatcher_0_logicbram_syn_81
SYN-2541 : Reading sub[9] auto_chipwatcher_0_logicbram_syn_91
SYN-2541 : Reading sub[10] auto_chipwatcher_0_logicbram_syn_101
SYN-2541 : Reading sub[11] auto_chipwatcher_0_logicbram_syn_111
SYN-2541 : Reading sub[12] auto_chipwatcher_0_logicbram_syn_121
SYN-2541 : Reading sub[13] auto_chipwatcher_0_logicbram_syn_131
SYN-2541 : Reading sub[14] auto_chipwatcher_0_logicbram_syn_141
SYN-2541 : Reading sub[15] auto_chipwatcher_0_logicbram_syn_151
SYN-2541 : Reading sub[16] auto_chipwatcher_0_logicbram_syn_161
SYN-2541 : Reading sub[17] auto_chipwatcher_0_logicbram_syn_171
SYN-2541 : Reading sub[18] auto_chipwatcher_0_logicbram_syn_181
SYN-2541 : Reading sub[19] auto_chipwatcher_0_logicbram_syn_191
SYN-2541 : Reading sub[20] auto_chipwatcher_0_logicbram_syn_201
SYN-2541 : Reading sub[21] auto_chipwatcher_0_logicbram_syn_211
SYN-2541 : Reading sub[22] auto_chipwatcher_0_logicbram_syn_221
SYN-2541 : Reading sub[23] auto_chipwatcher_0_logicbram_syn_231
SYN-2541 : Reading sub[24] auto_chipwatcher_0_logicbram_syn_241
SYN-2541 : Reading sub[25] auto_chipwatcher_0_logicbram_syn_243
SYN-2541 : Reading sub[26] auto_chipwatcher_0_logicbram_syn_245
KIT-1004 : ChipWatcher: write ctrl reg value: 0101110001110110111111111111000000000000011011110000010111011011111111111000000000000010000000000000000000000000
PRG-1000 : <!-- HMAC is: 6324137e0502887522e3841911bf290f93ef4c3e970d30735d26eed17e3935b6 -->
GUI-1001 : User closes ChipWatcher ...
