============================================================
   Tang Dynasty, V5.6.71036
      Copyright (c) 2012-2023 Anlogic Inc.
   Executable = D:/TD/bin/td.exe
   Built at =   20:34:38 Mar 21 2023
   Run by =     32863
   Run Date =   Wed Jul 10 15:14:18 2024

   Run on =     SUPERIOR-LEGION
============================================================
RUN-1001 : open_run phy_1.
RUN-1002 : start command "import_db //wsl.localhost/Ubuntu-20.04/home/superior/LED/td/EG4S20_version1/led_4s_Runs/phy_1/led_4s_pr.db"
RUN-1001 : Importing database generated by Tang Dynasty, V5.6.71036.
RUN-1001 : Database version number 46146.
RUN-1001 : Import flow parameters
PHY-1001 : Generate detailed routing grids ...
PHY-1001 : Generate nets ...
PHY-1001 : net clk_10m will be routed on clock mesh
PHY-1001 : clock net clk_150m will be merged with clock u_PLL_150M/clk0_buf
PHY-5010 WARNING: Net clk_3m is skipped due to 0 input or output
PHY-1001 : net sysclk_i_dup_1 will be routed on clock mesh
PHY-1001 : clock net config_inst_syn_10 will be merged with clock config_inst_syn_9
PHY-5010 WARNING: Net clk_3m is skipped due to 0 input or output
PHY-1001 : eco open net = 0
PHY-1001 : 8 feed throughs used by 6 nets
RUN-1001 : Import IO constraints
RUN-1001 : Import Inst constraints
RUN-1001 : Import ChipWatcher
RUN-1001 : Import design success TD_VERSION=5.6.71036 , DB_VERSION=46146
RUN-1003 : finish command "import_db //wsl.localhost/Ubuntu-20.04/home/superior/LED/td/EG4S20_version1/led_4s_Runs/phy_1/led_4s_pr.db" in  2.809723s wall, 2.468750s user + 0.046875s system = 2.515625s CPU (89.5%)

RUN-1004 : used memory is 505 MB, reserved memory is 466 MB, peak memory is 536 MB
RUN-1002 : start command "download -bit led_4s_Runs\phy_1\led_4s.bit -mode jtag -spd 7 -sec 64 -cable 0"
PRG-2014 : Chip validation success: EAGLE_S20_BG256
RUN-1002 : start command "bit_to_vec -chip EAGLE_S20_BG256 -m jtag_burst -freq 4 -bit led_4s_Runs/phy_1/led_4s.bit"
RUN-1002 : start command "program -cable 0 -mode svf -spd 7 -p"
RUN-1003 : finish command "program -cable 0 -mode svf -spd 7 -p" in  6.540851s wall, 3.921875s user + 0.015625s system = 3.937500s CPU (60.2%)

RUN-1004 : used memory is 578 MB, reserved memory is 517 MB, peak memory is 594 MB
RUN-1003 : finish command "download -bit led_4s_Runs\phy_1\led_4s.bit -mode jtag -spd 7 -sec 64 -cable 0" in  6.963068s wall, 4.062500s user + 0.031250s system = 4.093750s CPU (58.8%)

RUN-1004 : used memory is 578 MB, reserved memory is 517 MB, peak memory is 594 MB
GUI-1001 : Downloading succeeded!
HDL-1007 : analyze verilog file ../../src/rtl/FPGA/fpga_eg4s.sv
HDL-1007 : undeclared symbol 'en', assumed default net type 'wire' in ../../src/rtl/FPGA/fpga_eg4s.sv(77)
HDL-1007 : undeclared symbol 'start', assumed default net type 'wire' in ../../src/rtl/FPGA/fpga_eg4s.sv(78)
RUN-1001 : reset_run syn_1 phy_1.
RUN-6001 WARNING: Failed to reset phy_1: some files can't be removed in //wsl.localhost/Ubuntu-20.04/home/superior/LED/td/EG4S20_version1/led_4s_Runs/phy_1
GUI-6001 WARNING: File //wsl.localhost/Ubuntu-20.04/home/superior/LED/td/EG4S20_version1/led_4s_Runs/phy_1/led_4s.bit does not exist!
RUN-1001 : launch_runs syn_1 phy_1  -jobs 6.
RUN-1001 : syn_1: run complete.
RUN-1001 : phy_1: run complete.
RUN-1001 : open_run phy_1.
RUN-1002 : start command "import_db //wsl.localhost/Ubuntu-20.04/home/superior/LED/td/EG4S20_version1/led_4s_Runs/phy_1/led_4s_pr.db"
RUN-1001 : Importing database generated by Tang Dynasty, V5.6.71036.
RUN-1001 : Database version number 46146.
RUN-1001 : Import flow parameters
PHY-1001 : Generate detailed routing grids ...
PHY-1001 : Generate nets ...
PHY-1001 : net clk_10m will be routed on clock mesh
PHY-1001 : clock net clk_150m will be merged with clock u_PLL_150M/clk0_buf
PHY-5010 WARNING: Net clk_3m is skipped due to 0 input or output
PHY-1001 : net sysclk_i_dup_1 will be routed on clock mesh
PHY-1001 : clock net config_inst_syn_10 will be merged with clock config_inst_syn_9
PHY-5010 WARNING: Net clk_3m is skipped due to 0 input or output
PHY-1001 : eco open net = 0
PHY-1001 : 7 feed throughs used by 7 nets
RUN-1001 : Import IO constraints
RUN-1001 : Import Inst constraints
RUN-1001 : Import ChipWatcher
RUN-1001 : Import design success TD_VERSION=5.6.71036 , DB_VERSION=46146
RUN-1003 : finish command "import_db //wsl.localhost/Ubuntu-20.04/home/superior/LED/td/EG4S20_version1/led_4s_Runs/phy_1/led_4s_pr.db" in  1.655692s wall, 0.375000s user + 0.171875s system = 0.546875s CPU (33.0%)

RUN-1004 : used memory is 599 MB, reserved memory is 538 MB, peak memory is 622 MB
RUN-1002 : start command "download -bit led_4s_Runs\phy_1\led_4s.bit -mode jtag -spd 7 -sec 64 -cable 0"
PRG-2014 : Chip validation success: EAGLE_S20_BG256
RUN-1002 : start command "bit_to_vec -chip EAGLE_S20_BG256 -m jtag_burst -freq 4 -bit led_4s_Runs/phy_1/led_4s.bit"
RUN-1002 : start command "program -cable 0 -mode svf -spd 7 -p"
RUN-1003 : finish command "program -cable 0 -mode svf -spd 7 -p" in  6.531174s wall, 0.031250s user + 0.046875s system = 0.078125s CPU (1.2%)

RUN-1004 : used memory is 615 MB, reserved memory is 554 MB, peak memory is 630 MB
RUN-1003 : finish command "download -bit led_4s_Runs\phy_1\led_4s.bit -mode jtag -spd 7 -sec 64 -cable 0" in  6.955776s wall, 0.093750s user + 0.046875s system = 0.140625s CPU (2.0%)

RUN-1004 : used memory is 615 MB, reserved memory is 554 MB, peak memory is 630 MB
GUI-1001 : Downloading succeeded!
